<?xml version="1.0" encoding="utf-8"?>
<TestRun id="5a3a65f3-b6d8-4161-a4bd-aa7779635205" name="@jronehuynhs-MacBook-Pro 2026-07-20 11:30:26" xmlns="http://microsoft.com/schemas/VisualStudio/TeamTest/2010">
  <Times creation="2026-07-20T11:30:26.6704820+07:00" queuing="2026-07-20T11:30:26.6704820+07:00" start="2026-07-20T11:30:19.9499280+07:00" finish="2026-07-20T11:30:32.3104650+07:00" />
  <TestSettings name="default" id="a2380b52-012c-4b8e-b0c8-1cc8a26be027">
    <Deployment runDeploymentRoot="_jronehuynhs-MacBook-Pro_2026-07-20_11_30_26" />
  </TestSettings>
  <Results>
    <UnitTestResult executionId="0de29389-9a3b-4191-9a8e-0ee0ac7a6ae7" testId="2a658927-1306-7850-57b4-fed1b9eaf3ed" testName="TaskGenie.Tests.AI.RiskScoringEngineTests.GetRiskLevel_UsesDocumentedBoundaries(score: 59,990000000000002, expected: &quot;MEDIUM&quot;)" computerName="jronehuynhs-MacBook-Pro" duration="00:00:00.0000027" startTime="2026-07-20T11:30:26.5635290+07:00" endTime="2026-07-20T11:30:26.5635880+07:00" testType="13cdc9d9-ddb5-4fa4-a97d-d965ccfc6d4b" outcome="Passed" testListId="8c84fa94-04c1-424b-9868-57a2d4851a1d" relativeResultsDirectory="0de29389-9a3b-4191-9a8e-0ee0ac7a6ae7" />
    <UnitTestResult executionId="31037475-7f91-4d77-b784-550a1582a633" testId="1f8adff5-8c5b-fdc1-0eec-c7a6f1c60c38" testName="TaskGenie.Tests.Application.AnalyzeTaskRiskCommandHandlerTests.Handle_ProviderFailure_PersistsExplainableFallbackAndUpdatesTask" computerName="jronehuynhs-MacBook-Pro" duration="00:00:01.2375403" startTime="2026-07-20T11:30:26.1858920+07:00" endTime="2026-07-20T11:30:27.1880410+07:00" testType="13cdc9d9-ddb5-4fa4-a97d-d965ccfc6d4b" outcome="Passed" testListId="8c84fa94-04c1-424b-9868-57a2d4851a1d" relativeResultsDirectory="31037475-7f91-4d77-b784-550a1582a633" />
    <UnitTestResult executionId="88b89cfe-7aef-420e-9556-7784aaf6bb44" testId="2dc5d78b-93ef-0de2-517f-f6f8970d8ded" testName="TaskGenie.Tests.Application.GetAssignmentRecommendationsCommandHandlerTests.Handle_RanksCandidatesPersistsBreakdownAndExecutionLog" computerName="jronehuynhs-MacBook-Pro" duration="00:00:00.3560483" startTime="2026-07-20T11:30:26.7462730+07:00" endTime="2026-07-20T11:30:27.0953030+07:00" testType="13cdc9d9-ddb5-4fa4-a97d-d965ccfc6d4b" outcome="Passed" testListId="8c84fa94-04c1-424b-9868-57a2d4851a1d" relativeResultsDirectory="88b89cfe-7aef-420e-9556-7784aaf6bb44" />
    <UnitTestResult executionId="ca42f5f6-fbca-424a-8b40-b54e69060897" testId="816c58b9-f887-021a-7eff-f8192e5bcfcc" testName="TaskGenie.Tests.AI.RiskScoringEngineTests.Calculate_AlwaysReturnsFiveExplainableFactors" computerName="jronehuynhs-MacBook-Pro" duration="00:00:00.0156077" startTime="2026-07-20T11:30:26.5957530+07:00" endTime="2026-07-20T11:30:26.5999970+07:00" testType="13cdc9d9-ddb5-4fa4-a97d-d965ccfc6d4b" outcome="Passed" testListId="8c84fa94-04c1-424b-9868-57a2d4851a1d" relativeResultsDirectory="ca42f5f6-fbca-424a-8b40-b54e69060897" />
    <UnitTestResult executionId="6ff44530-aff2-4e9f-9a7c-b969af8ed74c" testId="780171ab-82bb-86e9-20b9-e29136de58b5" testName="TaskGenie.Tests.AI.RiskScoringEngineTests.GetRiskLevel_UsesDocumentedBoundaries(score: 100, expected: &quot;CRITICAL&quot;)" computerName="jronehuynhs-MacBook-Pro" duration="00:00:00.0058053" startTime="2026-07-20T11:30:26.5579580+07:00" endTime="2026-07-20T11:30:26.5580400+07:00" testType="13cdc9d9-ddb5-4fa4-a97d-d965ccfc6d4b" outcome="Passed" testListId="8c84fa94-04c1-424b-9868-57a2d4851a1d" relativeResultsDirectory="6ff44530-aff2-4e9f-9a7c-b969af8ed74c" />
    <UnitTestResult executionId="fccfe459-7ec3-45fa-8c88-fccd1ca6d22d" testId="1f447304-c512-24a7-11b2-312d77f6b7c7" testName="TaskGenie.Tests.Integration.AiCoreApiIntegrationTests.EvidenceEndpoint_ValidatesAndReturnsCreatedUrlEvidence" computerName="jronehuynhs-MacBook-Pro" duration="00:00:03.9412473" startTime="2026-07-20T11:30:26.1826220+07:00" endTime="2026-07-20T11:30:29.9003290+07:00" testType="13cdc9d9-ddb5-4fa4-a97d-d965ccfc6d4b" outcome="Passed" testListId="8c84fa94-04c1-424b-9868-57a2d4851a1d" relativeResultsDirectory="fccfe459-7ec3-45fa-8c88-fccd1ca6d22d" />
    <UnitTestResult executionId="fd54aba8-80a0-437f-8e51-9be063ef85ef" testId="b9c87edb-0357-bef3-d5e7-0e60f8ef5452" testName="TaskGenie.Tests.Application.CreateTaskEvidenceCommandHandlerTests.Handle_ValidUrlEvidence_PersistsAndReturnsDto" computerName="jronehuynhs-MacBook-Pro" duration="00:00:00.8046074" startTime="2026-07-20T11:30:26.1625640+07:00" endTime="2026-07-20T11:30:26.7554210+07:00" testType="13cdc9d9-ddb5-4fa4-a97d-d965ccfc6d4b" outcome="Passed" testListId="8c84fa94-04c1-424b-9868-57a2d4851a1d" relativeResultsDirectory="fd54aba8-80a0-437f-8e51-9be063ef85ef" />
    <UnitTestResult executionId="414f2ee6-9674-4941-abc9-3db7a2d35d38" testId="11b62da1-1640-149a-8fc9-cc296caad299" testName="TaskGenie.Tests.Domain.AiEvidenceDomainTests.Attachment_RejectsNegativeSize" computerName="jronehuynhs-MacBook-Pro" duration="00:00:00.0028769" startTime="2026-07-20T11:30:26.6070460+07:00" endTime="2026-07-20T11:30:26.6070980+07:00" testType="13cdc9d9-ddb5-4fa4-a97d-d965ccfc6d4b" outcome="Passed" testListId="8c84fa94-04c1-424b-9868-57a2d4851a1d" relativeResultsDirectory="414f2ee6-9674-4941-abc9-3db7a2d35d38" />
    <UnitTestResult executionId="a795bee5-abb3-40b1-af35-cd2ed7dbf3ad" testId="85d35fb7-4f9b-591a-d856-2a1b9a5fdee5" testName="TaskGenie.Tests.AI.RiskScoringEngineTests.Calculate_PoorDeadlineHistory_ProducesHighHistoricalFactor" computerName="jronehuynhs-MacBook-Pro" duration="00:00:00.1253455" startTime="2026-07-20T11:30:26.5871820+07:00" endTime="2026-07-20T11:30:26.5872800+07:00" testType="13cdc9d9-ddb5-4fa4-a97d-d965ccfc6d4b" outcome="Passed" testListId="8c84fa94-04c1-424b-9868-57a2d4851a1d" relativeResultsDirectory="a795bee5-abb3-40b1-af35-cd2ed7dbf3ad" />
    <UnitTestResult executionId="569a5066-439e-42d3-b6e1-438ea69cdd97" testId="ca20c685-295d-f817-9db3-ea124b023d2f" testName="TaskGenie.Tests.Infrastructure.AppDbContextModelTests.Model_SeedsFiveActiveRiskRules" computerName="jronehuynhs-MacBook-Pro" duration="00:00:00.5841548" startTime="2026-07-20T11:30:28.6165160+07:00" endTime="2026-07-20T11:30:29.1993280+07:00" testType="13cdc9d9-ddb5-4fa4-a97d-d965ccfc6d4b" outcome="Passed" testListId="8c84fa94-04c1-424b-9868-57a2d4851a1d" relativeResultsDirectory="569a5066-439e-42d3-b6e1-438ea69cdd97" />
    <UnitTestResult executionId="ac6a235a-c000-4cc0-a5cc-97d41c94c537" testId="e425c92c-aa8d-5ae2-b0ea-2bc152e39a24" testName="TaskGenie.Tests.AI.RiskScoringEngineTests.Calculate_NoAssignee_AppliesWorkloadPenalty" computerName="jronehuynhs-MacBook-Pro" duration="00:00:00.0017248" startTime="2026-07-20T11:30:26.5951650+07:00" endTime="2026-07-20T11:30:26.5952490+07:00" testType="13cdc9d9-ddb5-4fa4-a97d-d965ccfc6d4b" outcome="Passed" testListId="8c84fa94-04c1-424b-9868-57a2d4851a1d" relativeResultsDirectory="ac6a235a-c000-4cc0-a5cc-97d41c94c537" />
    <UnitTestResult executionId="03c2539a-2b13-4d8c-b92c-1a95612cb91d" testId="d3574e84-0f90-d2d9-defd-389165578fc8" testName="TaskGenie.Tests.AI.RiskScoringEngineTests.Calculate_CustomWeights_AreNormalizedToOne" computerName="jronehuynhs-MacBook-Pro" duration="00:00:00.0055571" startTime="2026-07-20T11:30:26.5942290+07:00" endTime="2026-07-20T11:30:26.5944030+07:00" testType="13cdc9d9-ddb5-4fa4-a97d-d965ccfc6d4b" outcome="Passed" testListId="8c84fa94-04c1-424b-9868-57a2d4851a1d" relativeResultsDirectory="03c2539a-2b13-4d8c-b92c-1a95612cb91d" />
    <UnitTestResult executionId="54242163-d9f9-4ec3-b61d-a98ba4a36ea4" testId="022fba4d-da5c-5074-9648-baa645d4a225" testName="TaskGenie.Tests.AI.RiskScoringEngineTests.Calculate_MissingDeadline_AppliesUncertaintyScore" computerName="jronehuynhs-MacBook-Pro" duration="00:00:00.0028254" startTime="2026-07-20T11:30:26.5899830+07:00" endTime="2026-07-20T11:30:26.5900370+07:00" testType="13cdc9d9-ddb5-4fa4-a97d-d965ccfc6d4b" outcome="Passed" testListId="8c84fa94-04c1-424b-9868-57a2d4851a1d" relativeResultsDirectory="54242163-d9f9-4ec3-b61d-a98ba4a36ea4" />
    <UnitTestResult executionId="3947216d-6a0f-45fd-8f8c-e980788a6586" testId="bc4a5ca0-eb7c-9a85-f9e7-90204ea6c38e" testName="TaskGenie.Tests.AI.RiskScoringEngineTests.Calculate_NoHistory_AppliesDocumentedBaseline" computerName="jronehuynhs-MacBook-Pro" duration="00:00:00.0085115" startTime="2026-07-20T11:30:26.5893680+07:00" endTime="2026-07-20T11:30:26.5894330+07:00" testType="13cdc9d9-ddb5-4fa4-a97d-d965ccfc6d4b" outcome="Passed" testListId="8c84fa94-04c1-424b-9868-57a2d4851a1d" relativeResultsDirectory="3947216d-6a0f-45fd-8f8c-e980788a6586" />
    <UnitTestResult executionId="894952cd-6941-44c7-a317-79e1bd6c2a11" testId="d1a9d34c-475f-5219-b0e6-b0074a066964" testName="TaskGenie.Tests.AI.AssignmentScoringEngineTests.Calculate_UsesDocumentedWeights" computerName="jronehuynhs-MacBook-Pro" duration="00:00:00.0018769" startTime="2026-07-20T11:30:26.3516050+07:00" endTime="2026-07-20T11:30:26.3516780+07:00" testType="13cdc9d9-ddb5-4fa4-a97d-d965ccfc6d4b" outcome="Passed" testListId="8c84fa94-04c1-424b-9868-57a2d4851a1d" relativeResultsDirectory="894952cd-6941-44c7-a317-79e1bd6c2a11" />
    <UnitTestResult executionId="0b7f770f-a928-461e-87cb-b89fab9cc207" testId="da1919b8-6a53-c48a-cfcd-a6d20c28954a" testName="TaskGenie.Tests.Domain.AiEvidenceDomainTests.RiskRule_RejectsInvalidWeight" computerName="jronehuynhs-MacBook-Pro" duration="00:00:00.0024219" startTime="2026-07-20T11:30:26.6133640+07:00" endTime="2026-07-20T11:30:26.6134700+07:00" testType="13cdc9d9-ddb5-4fa4-a97d-d965ccfc6d4b" outcome="Passed" testListId="8c84fa94-04c1-424b-9868-57a2d4851a1d" relativeResultsDirectory="0b7f770f-a928-461e-87cb-b89fab9cc207" />
    <UnitTestResult executionId="d0aace6f-0d5a-4961-887b-1511caf8e783" testId="97724db8-2291-13b9-0e83-9e4a96fca6db" testName="TaskGenie.Tests.Application.AnalyzeTaskRiskCommandHandlerTests.Handle_UnknownTask_ReturnsNullWithoutCallingAi" computerName="jronehuynhs-MacBook-Pro" duration="00:00:00.0109342" startTime="2026-07-20T11:30:27.1919890+07:00" endTime="2026-07-20T11:30:27.2003020+07:00" testType="13cdc9d9-ddb5-4fa4-a97d-d965ccfc6d4b" outcome="Passed" testListId="8c84fa94-04c1-424b-9868-57a2d4851a1d" relativeResultsDirectory="d0aace6f-0d5a-4961-887b-1511caf8e783" />
    <UnitTestResult executionId="2a3df9b2-77f7-40ee-9700-c86abaeceae5" testId="7f995055-99d4-13d2-5613-69293ff5ce84" testName="TaskGenie.Tests.Application.RecommendationDecisionTests.Accept_AlreadyAssigned_DoesNotToggleAssignmentOff" computerName="jronehuynhs-MacBook-Pro" duration="00:00:00.8407761" startTime="2026-07-20T11:30:26.1841730+07:00" endTime="2026-07-20T11:30:26.7932210+07:00" testType="13cdc9d9-ddb5-4fa4-a97d-d965ccfc6d4b" outcome="Passed" testListId="8c84fa94-04c1-424b-9868-57a2d4851a1d" relativeResultsDirectory="2a3df9b2-77f7-40ee-9700-c86abaeceae5" />
    <UnitTestResult executionId="72ea84f9-35dc-4678-b9a9-cc7b317128f3" testId="f0c9a006-e20e-9b05-e327-0fc43f2c152d" testName="TaskGenie.Tests.AI.AssignmentScoringEngineTests.Weights_SumToOne" computerName="jronehuynhs-MacBook-Pro" duration="00:00:00.0041183" startTime="2026-07-20T11:30:26.3198730+07:00" endTime="2026-07-20T11:30:26.3230390+07:00" testType="13cdc9d9-ddb5-4fa4-a97d-d965ccfc6d4b" outcome="Passed" testListId="8c84fa94-04c1-424b-9868-57a2d4851a1d" relativeResultsDirectory="72ea84f9-35dc-4678-b9a9-cc7b317128f3" />
    <UnitTestResult executionId="0b731825-576e-4cc4-8fff-4d178cbabbfb" testId="da6d9e8f-91cd-b1f3-b006-20cdbefd9f39" testName="TaskGenie.Tests.Domain.AiEvidenceDomainTests.Task_SetRiskAssessment_NormalizesLevel" computerName="jronehuynhs-MacBook-Pro" duration="00:00:00.0016451" startTime="2026-07-20T11:30:26.6143970+07:00" endTime="2026-07-20T11:30:26.6144660+07:00" testType="13cdc9d9-ddb5-4fa4-a97d-d965ccfc6d4b" outcome="Passed" testListId="8c84fa94-04c1-424b-9868-57a2d4851a1d" relativeResultsDirectory="0b731825-576e-4cc4-8fff-4d178cbabbfb" />
    <UnitTestResult executionId="3c250df9-b04b-4fed-a22b-afa0d25c8fb5" testId="7290fcdf-d1d6-cee8-dce0-04fc0bbf4be4" testName="TaskGenie.Tests.AI.RiskScoringEngineTests.GetRiskLevel_UsesDocumentedBoundaries(score: 80, expected: &quot;CRITICAL&quot;)" computerName="jronehuynhs-MacBook-Pro" duration="00:00:00.0000121" startTime="2026-07-20T11:30:26.5613810+07:00" endTime="2026-07-20T11:30:26.5614370+07:00" testType="13cdc9d9-ddb5-4fa4-a97d-d965ccfc6d4b" outcome="Passed" testListId="8c84fa94-04c1-424b-9868-57a2d4851a1d" relativeResultsDirectory="3c250df9-b04b-4fed-a22b-afa0d25c8fb5" />
    <UnitTestResult executionId="8d260fea-d6dc-406f-bb20-a577654a4e4b" testId="b61a4a90-fa2a-461e-7f14-9233d26ca01b" testName="TaskGenie.Tests.AI.RiskScoringEngineTests.GetRiskLevel_UsesDocumentedBoundaries(score: 0, expected: &quot;LOW&quot;)" computerName="jronehuynhs-MacBook-Pro" duration="00:00:00.0003276" startTime="2026-07-20T11:30:26.5619370+07:00" endTime="2026-07-20T11:30:26.5619900+07:00" testType="13cdc9d9-ddb5-4fa4-a97d-d965ccfc6d4b" outcome="Passed" testListId="8c84fa94-04c1-424b-9868-57a2d4851a1d" relativeResultsDirectory="8d260fea-d6dc-406f-bb20-a577654a4e4b" />
    <UnitTestResult executionId="0db0fe85-6ab5-4ec2-abd7-84ee803b061a" testId="ce80142a-bbfe-51d2-f003-39644233aeb4" testName="TaskGenie.Tests.Application.CoreCommandValidatorTests.EvidenceValidator_RequiresAuthenticatedSubmitterAndSource" computerName="jronehuynhs-MacBook-Pro" duration="00:00:00.2123304" startTime="2026-07-20T11:30:26.6182850+07:00" endTime="2026-07-20T11:30:26.6198130+07:00" testType="13cdc9d9-ddb5-4fa4-a97d-d965ccfc6d4b" outcome="Passed" testListId="8c84fa94-04c1-424b-9868-57a2d4851a1d" relativeResultsDirectory="0db0fe85-6ab5-4ec2-abd7-84ee803b061a" />
    <UnitTestResult executionId="00cb7456-deb5-44c5-aa67-024ff445d300" testId="23642089-a808-2511-97c1-00b67892ba70" testName="TaskGenie.Tests.AI.AssignmentScoringEngineTests.Calculate_WorkloadBreaksTieBetweenOtherwiseEqualCandidates" computerName="jronehuynhs-MacBook-Pro" duration="00:00:00.0002662" startTime="2026-07-20T11:30:26.5134120+07:00" endTime="2026-07-20T11:30:26.5276530+07:00" testType="13cdc9d9-ddb5-4fa4-a97d-d965ccfc6d4b" outcome="Passed" testListId="8c84fa94-04c1-424b-9868-57a2d4851a1d" relativeResultsDirectory="00cb7456-deb5-44c5-aa67-024ff445d300" />
    <UnitTestResult executionId="e3104733-9522-4680-b935-ee5da41c136a" testId="fdcec592-90da-192c-8000-1078aa647385" testName="TaskGenie.Tests.Infrastructure.AppDbContextModelTests.Model_MapsRequiredAiAndEvidenceTables(entityType: typeof(TaskGenie.Domain.Entities.RiskRule), expectedTable: &quot;risk_rules&quot;)" computerName="jronehuynhs-MacBook-Pro" duration="00:00:00.0005435" startTime="2026-07-20T11:30:28.6145080+07:00" endTime="2026-07-20T11:30:28.6145690+07:00" testType="13cdc9d9-ddb5-4fa4-a97d-d965ccfc6d4b" outcome="Passed" testListId="8c84fa94-04c1-424b-9868-57a2d4851a1d" relativeResultsDirectory="e3104733-9522-4680-b935-ee5da41c136a" />
    <UnitTestResult executionId="d9a9c0a2-fc65-4205-a7a2-97ea4e734ce0" testId="b26402a3-474a-96f0-8562-6ebf5fc70e97" testName="TaskGenie.Tests.AI.RiskScoringEngineTests.Calculate_ReportedBlocker_EscalatesDependencyFactor" computerName="jronehuynhs-MacBook-Pro" duration="00:00:00.0146919" startTime="2026-07-20T11:30:26.5912950+07:00" endTime="2026-07-20T11:30:26.5913570+07:00" testType="13cdc9d9-ddb5-4fa4-a97d-d965ccfc6d4b" outcome="Passed" testListId="8c84fa94-04c1-424b-9868-57a2d4851a1d" relativeResultsDirectory="d9a9c0a2-fc65-4205-a7a2-97ea4e734ce0" />
    <UnitTestResult executionId="e9436218-f154-4abc-a546-1b615bf6f58a" testId="6e92ff45-2c22-e038-d043-fd49168b8462" testName="TaskGenie.Tests.Integration.AiCorePersistenceIntegrationTests.Recommendation_PersistsRunBreakdownAndExecutionAudit" computerName="jronehuynhs-MacBook-Pro" duration="00:00:03.3614692" startTime="2026-07-20T11:30:26.6166180+07:00" endTime="2026-07-20T11:30:29.6997700+07:00" testType="13cdc9d9-ddb5-4fa4-a97d-d965ccfc6d4b" outcome="Passed" testListId="8c84fa94-04c1-424b-9868-57a2d4851a1d" relativeResultsDirectory="e9436218-f154-4abc-a546-1b615bf6f58a" />
    <UnitTestResult executionId="a5d26a5b-11ec-44bc-86db-2e2576f7cbe3" testId="14aff89c-4711-69bc-6507-12ede3808a80" testName="TaskGenie.Tests.Infrastructure.AppDbContextModelTests.Model_MapsRequiredAiAndEvidenceTables(entityType: typeof(TaskGenie.Domain.Entities.TaskEvidence), expectedTable: &quot;task_evidences&quot;)" computerName="jronehuynhs-MacBook-Pro" duration="00:00:00.0001777" startTime="2026-07-20T11:30:28.6156340+07:00" endTime="2026-07-20T11:30:28.6156840+07:00" testType="13cdc9d9-ddb5-4fa4-a97d-d965ccfc6d4b" outcome="Passed" testListId="8c84fa94-04c1-424b-9868-57a2d4851a1d" relativeResultsDirectory="a5d26a5b-11ec-44bc-86db-2e2576f7cbe3" />
    <UnitTestResult executionId="451d243e-5d74-4021-81cb-5616fa6ba3c2" testId="a88d0eb4-c3fb-ace5-8746-bb692d219e54" testName="TaskGenie.Tests.AI.RiskScoringEngineTests.GetRiskLevel_UsesDocumentedBoundaries(score: 30, expected: &quot;MEDIUM&quot;)" computerName="jronehuynhs-MacBook-Pro" duration="00:00:00.0053952" startTime="2026-07-20T11:30:26.5557810+07:00" endTime="2026-07-20T11:30:26.5560180+07:00" testType="13cdc9d9-ddb5-4fa4-a97d-d965ccfc6d4b" outcome="Passed" testListId="8c84fa94-04c1-424b-9868-57a2d4851a1d" relativeResultsDirectory="451d243e-5d74-4021-81cb-5616fa6ba3c2" />
    <UnitTestResult executionId="decd3b32-61de-4284-9586-90b606f13d14" testId="c830a69e-128b-1e9c-02df-3cda70933df7" testName="TaskGenie.Tests.Domain.AiEvidenceDomainTests.TaskEvidence_RejectsUnsafeOrRelativeUrls(url: &quot;javascript:alert(1)&quot;)" computerName="jronehuynhs-MacBook-Pro" duration="00:00:00.0005212" startTime="2026-07-20T11:30:26.6064740+07:00" endTime="2026-07-20T11:30:26.6065260+07:00" testType="13cdc9d9-ddb5-4fa4-a97d-d965ccfc6d4b" outcome="Passed" testListId="8c84fa94-04c1-424b-9868-57a2d4851a1d" relativeResultsDirectory="decd3b32-61de-4284-9586-90b606f13d14" />
    <UnitTestResult executionId="77ad772d-7797-4b47-83e7-afc2a97ea8e2" testId="e1633008-c891-2dbd-d71b-dcbe4274f498" testName="TaskGenie.Tests.AI.RiskScoringEngineTests.GetRiskLevel_UsesDocumentedBoundaries(score: 79,989999999999995, expected: &quot;HIGH&quot;)" computerName="jronehuynhs-MacBook-Pro" duration="00:00:00.0001161" startTime="2026-07-20T11:30:26.5606030+07:00" endTime="2026-07-20T11:30:26.5606980+07:00" testType="13cdc9d9-ddb5-4fa4-a97d-d965ccfc6d4b" outcome="Passed" testListId="8c84fa94-04c1-424b-9868-57a2d4851a1d" relativeResultsDirectory="77ad772d-7797-4b47-83e7-afc2a97ea8e2" />
    <UnitTestResult executionId="eebb90e2-efb7-4d8c-b835-c62b4fd66bd2" testId="0e3374fc-6f14-0a88-b184-43fb5c76ce3f" testName="TaskGenie.Tests.AI.AssignmentScoringEngineTests.Calculate_BetterSkillMatch_HasLargestSingleComponentImpact" computerName="jronehuynhs-MacBook-Pro" duration="00:00:00.0022772" startTime="2026-07-20T11:30:26.3454150+07:00" endTime="2026-07-20T11:30:26.3460820+07:00" testType="13cdc9d9-ddb5-4fa4-a97d-d965ccfc6d4b" outcome="Passed" testListId="8c84fa94-04c1-424b-9868-57a2d4851a1d" relativeResultsDirectory="eebb90e2-efb7-4d8c-b835-c62b4fd66bd2" />
    <UnitTestResult executionId="43a4807d-ed6e-4848-92b9-93d66e55c2a4" testId="d83c2dee-9fb1-1070-488c-4599e52d908f" testName="TaskGenie.Tests.Integration.AiCoreApiIntegrationTests.RecommendationEndpoint_ReturnsRankedCandidatesAndAuditLog" computerName="jronehuynhs-MacBook-Pro" duration="00:00:00.3314853" startTime="2026-07-20T11:30:30.3691630+07:00" endTime="2026-07-20T11:30:30.6862820+07:00" testType="13cdc9d9-ddb5-4fa4-a97d-d965ccfc6d4b" outcome="Passed" testListId="8c84fa94-04c1-424b-9868-57a2d4851a1d" relativeResultsDirectory="43a4807d-ed6e-4848-92b9-93d66e55c2a4" />
    <UnitTestResult executionId="31ae32ab-f5e4-4f8f-9925-35d794e90d58" testId="6ecce614-9bde-9507-a4f3-88bcde95b087" testName="TaskGenie.Tests.AI.RiskScoringEngineTests.Calculate_CompletedTask_ReturnsZeroLowRisk" computerName="jronehuynhs-MacBook-Pro" duration="00:00:00.0137861" startTime="2026-07-20T11:30:26.5905280+07:00" endTime="2026-07-20T11:30:26.5905790+07:00" testType="13cdc9d9-ddb5-4fa4-a97d-d965ccfc6d4b" outcome="Passed" testListId="8c84fa94-04c1-424b-9868-57a2d4851a1d" relativeResultsDirectory="31ae32ab-f5e4-4f8f-9925-35d794e90d58" />
    <UnitTestResult executionId="0ab6aea0-cb1a-4128-93db-6551b66cae8e" testId="64dbe7ef-03c6-c41e-19d0-b0cb3c129b1e" testName="TaskGenie.Tests.Domain.AiEvidenceDomainTests.TaskEvidence_RejectsUnsafeOrRelativeUrls(url: &quot;relative/path&quot;)" computerName="jronehuynhs-MacBook-Pro" duration="00:00:00.0016112" startTime="2026-07-20T11:30:26.6059150+07:00" endTime="2026-07-20T11:30:26.6059730+07:00" testType="13cdc9d9-ddb5-4fa4-a97d-d965ccfc6d4b" outcome="Passed" testListId="8c84fa94-04c1-424b-9868-57a2d4851a1d" relativeResultsDirectory="0ab6aea0-cb1a-4128-93db-6551b66cae8e" />
    <UnitTestResult executionId="d6d12af5-609d-4eff-84e6-ea618bf2e1fb" testId="fb6ee4f5-6a6e-a055-cd96-c0a8919b0701" testName="TaskGenie.Tests.Infrastructure.AppDbContextModelTests.Model_MapsRequiredAiAndEvidenceTables(entityType: typeof(TaskGenie.Domain.Entities.RiskFactor), expectedTable: &quot;risk_factors&quot;)" computerName="jronehuynhs-MacBook-Pro" duration="00:00:01.9110268" startTime="2026-07-20T11:30:26.6458650+07:00" endTime="2026-07-20T11:30:28.5562210+07:00" testType="13cdc9d9-ddb5-4fa4-a97d-d965ccfc6d4b" outcome="Passed" testListId="8c84fa94-04c1-424b-9868-57a2d4851a1d" relativeResultsDirectory="d6d12af5-609d-4eff-84e6-ea618bf2e1fb" />
    <UnitTestResult executionId="51e63462-f325-4036-bb72-e6c418084304" testId="f68d306d-0286-5b9b-35af-3ca8dc8eab66" testName="TaskGenie.Tests.Application.GetAssignmentRecommendationsCommandHandlerTests.Handle_WrongProject_RejectsRequestBeforeScoring" computerName="jronehuynhs-MacBook-Pro" duration="00:00:00.4522205" startTime="2026-07-20T11:30:26.5999140+07:00" endTime="2026-07-20T11:30:26.7351940+07:00" testType="13cdc9d9-ddb5-4fa4-a97d-d965ccfc6d4b" outcome="Passed" testListId="8c84fa94-04c1-424b-9868-57a2d4851a1d" relativeResultsDirectory="51e63462-f325-4036-bb72-e6c418084304" />
    <UnitTestResult executionId="2c9e8163-abc3-47ae-99f1-68a334758f01" testId="0fba9406-c120-0a8c-5926-7a75abb31506" testName="TaskGenie.Tests.Infrastructure.AppDbContextModelTests.Model_MapsRequiredAiAndEvidenceTables(entityType: typeof(TaskGenie.Domain.Entities.Attachment), expectedTable: &quot;attachments&quot;)" computerName="jronehuynhs-MacBook-Pro" duration="00:00:00.0031908" startTime="2026-07-20T11:30:28.6132340+07:00" endTime="2026-07-20T11:30:28.6135650+07:00" testType="13cdc9d9-ddb5-4fa4-a97d-d965ccfc6d4b" outcome="Passed" testListId="8c84fa94-04c1-424b-9868-57a2d4851a1d" relativeResultsDirectory="2c9e8163-abc3-47ae-99f1-68a334758f01" />
    <UnitTestResult executionId="57314730-3c87-4fd3-a97c-905a6a4a6270" testId="441541e7-4993-4353-f01c-d3f92625ef16" testName="TaskGenie.Tests.Domain.AiEvidenceDomainTests.TaskEvidence_AcceptsHttpsUrl" computerName="jronehuynhs-MacBook-Pro" duration="00:00:00.0044130" startTime="2026-07-20T11:30:26.6081450+07:00" endTime="2026-07-20T11:30:26.6081950+07:00" testType="13cdc9d9-ddb5-4fa4-a97d-d965ccfc6d4b" outcome="Passed" testListId="8c84fa94-04c1-424b-9868-57a2d4851a1d" relativeResultsDirectory="57314730-3c87-4fd3-a97c-905a6a4a6270" />
    <UnitTestResult executionId="3b70a896-6486-4e70-8550-01becdee3b54" testId="6180deb2-915a-17c8-9098-52901640b576" testName="TaskGenie.Tests.Domain.AiEvidenceDomainTests.TaskEvidence_RequiresAttachmentOrUrl" computerName="jronehuynhs-MacBook-Pro" duration="00:00:00.0016675" startTime="2026-07-20T11:30:26.6075990+07:00" endTime="2026-07-20T11:30:26.6076490+07:00" testType="13cdc9d9-ddb5-4fa4-a97d-d965ccfc6d4b" outcome="Passed" testListId="8c84fa94-04c1-424b-9868-57a2d4851a1d" relativeResultsDirectory="3b70a896-6486-4e70-8550-01becdee3b54" />
    <UnitTestResult executionId="83ca9fae-c62c-4519-ad96-009480fa9a55" testId="33a0039c-bfaa-bca8-2800-fecf80a8f7e8" testName="TaskGenie.Tests.Integration.AiCorePersistenceIntegrationTests.UrlEvidence_PersistsAndCanBeQueried" computerName="jronehuynhs-MacBook-Pro" duration="00:00:00.0083329" startTime="2026-07-20T11:30:29.9635890+07:00" endTime="2026-07-20T11:30:29.9708640+07:00" testType="13cdc9d9-ddb5-4fa4-a97d-d965ccfc6d4b" outcome="Passed" testListId="8c84fa94-04c1-424b-9868-57a2d4851a1d" relativeResultsDirectory="83ca9fae-c62c-4519-ad96-009480fa9a55" />
    <UnitTestResult executionId="0c644a88-034a-4de6-b24f-3b8d33d5f04a" testId="dd2d9444-1fa8-9c9d-9a6f-53d2040e04c2" testName="TaskGenie.Tests.AI.AssignmentScoringEngineTests.Calculate_ClampsProviderValuesToValidRange" computerName="jronehuynhs-MacBook-Pro" duration="00:00:00.0509647" startTime="2026-07-20T11:30:26.1859720+07:00" endTime="2026-07-20T11:30:26.2059190+07:00" testType="13cdc9d9-ddb5-4fa4-a97d-d965ccfc6d4b" outcome="Passed" testListId="8c84fa94-04c1-424b-9868-57a2d4851a1d" relativeResultsDirectory="0c644a88-034a-4de6-b24f-3b8d33d5f04a" />
    <UnitTestResult executionId="d795731d-1149-4b38-8f91-341f252516c0" testId="c5652504-f09b-8a71-8865-7469edbe8e1b" testName="TaskGenie.Tests.AI.RiskScoringEngineTests.GetRiskLevel_UsesDocumentedBoundaries(score: 29,989999999999998, expected: &quot;LOW&quot;)" computerName="jronehuynhs-MacBook-Pro" duration="00:00:00.0000117" startTime="2026-07-20T11:30:26.5629420+07:00" endTime="2026-07-20T11:30:26.5629940+07:00" testType="13cdc9d9-ddb5-4fa4-a97d-d965ccfc6d4b" outcome="Passed" testListId="8c84fa94-04c1-424b-9868-57a2d4851a1d" relativeResultsDirectory="d795731d-1149-4b38-8f91-341f252516c0" />
    <UnitTestResult executionId="357c7178-75c2-4254-ba46-de8918ee7dc0" testId="7e955ce8-8d51-25af-eb8a-dee5c5a79c8b" testName="TaskGenie.Tests.Application.CreateTaskEvidenceCommandHandlerTests.Handle_OversizedAttachment_IsRejected" computerName="jronehuynhs-MacBook-Pro" duration="00:00:00.0125510" startTime="2026-07-20T11:30:26.7854570+07:00" endTime="2026-07-20T11:30:26.7901640+07:00" testType="13cdc9d9-ddb5-4fa4-a97d-d965ccfc6d4b" outcome="Passed" testListId="8c84fa94-04c1-424b-9868-57a2d4851a1d" relativeResultsDirectory="357c7178-75c2-4254-ba46-de8918ee7dc0" />
    <UnitTestResult executionId="17d243a2-4431-4a5a-8cc8-31beb3b8a0a3" testId="5d7a63bf-a727-a38f-9eb2-4d61c2432297" testName="TaskGenie.Tests.AI.RiskScoringEngineTests.Calculate_OverdueTask_DeadlineFactorIsMaximum" computerName="jronehuynhs-MacBook-Pro" duration="00:00:00.0024047" startTime="2026-07-20T11:30:26.6006350+07:00" endTime="2026-07-20T11:30:26.6006900+07:00" testType="13cdc9d9-ddb5-4fa4-a97d-d965ccfc6d4b" outcome="Passed" testListId="8c84fa94-04c1-424b-9868-57a2d4851a1d" relativeResultsDirectory="17d243a2-4431-4a5a-8cc8-31beb3b8a0a3" />
    <UnitTestResult executionId="fc595e3e-4b42-4bf0-9ea6-105d9cb1352c" testId="9540abcb-2aab-9f94-738b-1f0a2570982f" testName="TaskGenie.Tests.Integration.AiCoreApiIntegrationTests.RiskEndpoint_ReturnsAssessmentAndPersistsHistory" computerName="jronehuynhs-MacBook-Pro" duration="00:00:00.4369701" startTime="2026-07-20T11:30:29.9046910+07:00" endTime="2026-07-20T11:30:30.3515700+07:00" testType="13cdc9d9-ddb5-4fa4-a97d-d965ccfc6d4b" outcome="Passed" testListId="8c84fa94-04c1-424b-9868-57a2d4851a1d" relativeResultsDirectory="fc595e3e-4b42-4bf0-9ea6-105d9cb1352c" />
    <UnitTestResult executionId="ae76690d-f22c-4897-a9c5-be8ed383efae" testId="4a21f389-3eac-d26d-63a8-709c0f989ee7" testName="TaskGenie.Tests.Application.CreateTaskEvidenceCommandHandlerTests.Handle_DisallowedMimeType_IsRejected" computerName="jronehuynhs-MacBook-Pro" duration="00:00:00.0216797" startTime="2026-07-20T11:30:26.7563450+07:00" endTime="2026-07-20T11:30:26.7773460+07:00" testType="13cdc9d9-ddb5-4fa4-a97d-d965ccfc6d4b" outcome="Passed" testListId="8c84fa94-04c1-424b-9868-57a2d4851a1d" relativeResultsDirectory="ae76690d-f22c-4897-a9c5-be8ed383efae" />
    <UnitTestResult executionId="f2ee7ca4-7f1d-47ca-8b47-2fe6ae9ef7b0" testId="ee6c371a-13f8-f5b3-601e-0eb06d7909fc" testName="TaskGenie.Tests.Application.RecommendationDecisionTests.Accept_UserOutsideLatestRun_IsRejectedBeforeChangingAssignment" computerName="jronehuynhs-MacBook-Pro" duration="00:00:00.0156284" startTime="2026-07-20T11:30:26.7964150+07:00" endTime="2026-07-20T11:30:26.8074600+07:00" testType="13cdc9d9-ddb5-4fa4-a97d-d965ccfc6d4b" outcome="Passed" testListId="8c84fa94-04c1-424b-9868-57a2d4851a1d" relativeResultsDirectory="f2ee7ca4-7f1d-47ca-8b47-2fe6ae9ef7b0" />
    <UnitTestResult executionId="d1f2ccf2-a3f6-4dd2-bea3-a2f33daf43e6" testId="f84fcad3-75ec-2565-ff54-2b70ec6b7203" testName="TaskGenie.Tests.Application.CoreCommandValidatorTests.RecommendationValidator_RequiresTaskAndProject" computerName="jronehuynhs-MacBook-Pro" duration="00:00:00.4552500" startTime="2026-07-20T11:30:26.1859500+07:00" endTime="2026-07-20T11:30:26.6166910+07:00" testType="13cdc9d9-ddb5-4fa4-a97d-d965ccfc6d4b" outcome="Passed" testListId="8c84fa94-04c1-424b-9868-57a2d4851a1d" relativeResultsDirectory="d1f2ccf2-a3f6-4dd2-bea3-a2f33daf43e6" />
    <UnitTestResult executionId="283bbda3-afd1-4103-8cbd-f360a411faf6" testId="88adb2ee-113b-3f50-89d4-cea8d94cec3c" testName="TaskGenie.Tests.Infrastructure.AppDbContextModelTests.Model_MapsRequiredAiAndEvidenceTables(entityType: typeof(TaskGenie.Domain.Entities.AiExecutionLog), expectedTable: &quot;ai_execution_logs&quot;)" computerName="jronehuynhs-MacBook-Pro" duration="00:00:00.0003815" startTime="2026-07-20T11:30:28.6151060+07:00" endTime="2026-07-20T11:30:28.6151570+07:00" testType="13cdc9d9-ddb5-4fa4-a97d-d965ccfc6d4b" outcome="Passed" testListId="8c84fa94-04c1-424b-9868-57a2d4851a1d" relativeResultsDirectory="283bbda3-afd1-4103-8cbd-f360a411faf6" />
    <UnitTestResult executionId="6e9f08db-f049-49af-aea2-00d151731fd4" testId="b14739f2-7b58-8cd9-dddc-3afd3d8dd794" testName="TaskGenie.Tests.AI.RiskScoringEngineTests.Calculate_StaleProgressUpdate_IncreasesProgressRisk" computerName="jronehuynhs-MacBook-Pro" duration="00:00:00.0014127" startTime="2026-07-20T11:30:26.5918790+07:00" endTime="2026-07-20T11:30:26.5919330+07:00" testType="13cdc9d9-ddb5-4fa4-a97d-d965ccfc6d4b" outcome="Passed" testListId="8c84fa94-04c1-424b-9868-57a2d4851a1d" relativeResultsDirectory="6e9f08db-f049-49af-aea2-00d151731fd4" />
    <UnitTestResult executionId="bd110ded-9f3c-4496-95a4-59a7e86e926d" testId="c7b40c4a-5091-2dee-48be-d764bb6a2ac7" testName="TaskGenie.Tests.Application.CoreCommandValidatorTests.EvidenceValidator_AcceptsHttpsEvidence" computerName="jronehuynhs-MacBook-Pro" duration="00:00:00.0138253" startTime="2026-07-20T11:30:26.6302940+07:00" endTime="2026-07-20T11:30:26.6439800+07:00" testType="13cdc9d9-ddb5-4fa4-a97d-d965ccfc6d4b" outcome="Passed" testListId="8c84fa94-04c1-424b-9868-57a2d4851a1d" relativeResultsDirectory="bd110ded-9f3c-4496-95a4-59a7e86e926d" />
    <UnitTestResult executionId="bad0d8fe-93e3-43c5-8cbb-74a6ecca65b8" testId="c21a9b8e-79ce-462b-c8b4-1f218b20e120" testName="TaskGenie.Tests.AI.RiskScoringEngineTests.GetRiskLevel_UsesDocumentedBoundaries(score: 60, expected: &quot;HIGH&quot;)" computerName="jronehuynhs-MacBook-Pro" duration="00:00:00.0008586" startTime="2026-07-20T11:30:26.5624490+07:00" endTime="2026-07-20T11:30:26.5624990+07:00" testType="13cdc9d9-ddb5-4fa4-a97d-d965ccfc6d4b" outcome="Passed" testListId="8c84fa94-04c1-424b-9868-57a2d4851a1d" relativeResultsDirectory="bad0d8fe-93e3-43c5-8cbb-74a6ecca65b8" />
    <UnitTestResult executionId="6268369b-f7fb-40e8-82e9-4722f2cdb001" testId="2246fae0-6616-efd3-ffe3-f1bbfd28edd3" testName="TaskGenie.Tests.Integration.AiCorePersistenceIntegrationTests.RiskAnalysis_PersistsHistoryFactorsLogAndTaskLevel" computerName="jronehuynhs-MacBook-Pro" duration="00:00:00.2620652" startTime="2026-07-20T11:30:29.7009650+07:00" endTime="2026-07-20T11:30:29.9622590+07:00" testType="13cdc9d9-ddb5-4fa4-a97d-d965ccfc6d4b" outcome="Passed" testListId="8c84fa94-04c1-424b-9868-57a2d4851a1d" relativeResultsDirectory="6268369b-f7fb-40e8-82e9-4722f2cdb001" />
    <UnitTestResult executionId="d618c627-ee73-4463-80a7-20213cdeba70" testId="f0ee0a8c-1a4d-7c83-4560-29a746947783" testName="TaskGenie.Tests.Application.CoreCommandValidatorTests.RiskValidator_RejectsNonPositiveTaskId" computerName="jronehuynhs-MacBook-Pro" duration="00:00:00.0093217" startTime="2026-07-20T11:30:26.6207800+07:00" endTime="2026-07-20T11:30:26.6292190+07:00" testType="13cdc9d9-ddb5-4fa4-a97d-d965ccfc6d4b" outcome="Passed" testListId="8c84fa94-04c1-424b-9868-57a2d4851a1d" relativeResultsDirectory="d618c627-ee73-4463-80a7-20213cdeba70" />
    <UnitTestResult executionId="340bb2fb-1fcd-4b86-85fd-071647c472de" testId="bfb568b0-a15f-c961-4cc9-83fa4965bc93" testName="TaskGenie.Tests.Domain.AiEvidenceDomainTests.TaskEvidence_RejectsUnsafeOrRelativeUrls(url: &quot;ftp://example.com/file&quot;)" computerName="jronehuynhs-MacBook-Pro" duration="00:00:00.0067198" startTime="2026-07-20T11:30:26.6052600+07:00" endTime="2026-07-20T11:30:26.6053240+07:00" testType="13cdc9d9-ddb5-4fa4-a97d-d965ccfc6d4b" outcome="Passed" testListId="8c84fa94-04c1-424b-9868-57a2d4851a1d" relativeResultsDirectory="340bb2fb-1fcd-4b86-85fd-071647c472de" />
    <UnitTestResult executionId="c2b39d98-40c2-4a17-862e-7c86d2d7f60a" testId="03293b4b-554a-73c6-aeda-676046cd6517" testName="TaskGenie.Tests.Domain.AiEvidenceDomainTests.Recommendation_RecordsAcceptDecision" computerName="jronehuynhs-MacBook-Pro" duration="00:00:00.0109509" startTime="2026-07-20T11:30:26.6043280+07:00" endTime="2026-07-20T11:30:26.6044040+07:00" testType="13cdc9d9-ddb5-4fa4-a97d-d965ccfc6d4b" outcome="Passed" testListId="8c84fa94-04c1-424b-9868-57a2d4851a1d" relativeResultsDirectory="c2b39d98-40c2-4a17-862e-7c86d2d7f60a" />
    <UnitTestResult executionId="c663926e-3fad-455c-b63f-0c3a7221bfff" testId="53c04a3a-2855-e4ce-ec76-bfecd6e6694c" testName="TaskGenie.Tests.Infrastructure.AppDbContextModelTests.Model_MapsRequiredAiAndEvidenceTables(entityType: typeof(TaskGenie.Domain.Entities.RiskScoreHistory), expectedTable: &quot;risk_score_history&quot;)" computerName="jronehuynhs-MacBook-Pro" duration="00:00:00.0538093" startTime="2026-07-20T11:30:28.5616530+07:00" endTime="2026-07-20T11:30:28.6103060+07:00" testType="13cdc9d9-ddb5-4fa4-a97d-d965ccfc6d4b" outcome="Passed" testListId="8c84fa94-04c1-424b-9868-57a2d4851a1d" relativeResultsDirectory="c663926e-3fad-455c-b63f-0c3a7221bfff" />
  </Results>
  <TestDefinitions>
    <UnitTest name="TaskGenie.Tests.Integration.AiCorePersistenceIntegrationTests.UrlEvidence_PersistsAndCanBeQueried" storage="/users/jronehuynh/downloads/taskgeniev2-main/tests/taskgenie.tests/bin/release/net10.0/taskgenie.tests.dll" id="33a0039c-bfaa-bca8-2800-fecf80a8f7e8">
      <Execution id="83ca9fae-c62c-4519-ad96-009480fa9a55" />
      <TestMethod codeBase="/Users/jronehuynh/Downloads/TaskGenieV2-main/tests/TaskGenie.Tests/bin/Release/net10.0/TaskGenie.Tests.dll" adapterTypeName="executor://xunit/VsTestRunner3/netcore/" className="TaskGenie.Tests.Integration.AiCorePersistenceIntegrationTests" name="UrlEvidence_PersistsAndCanBeQueried" />
    </UnitTest>
    <UnitTest name="TaskGenie.Tests.Integration.AiCorePersistenceIntegrationTests.RiskAnalysis_PersistsHistoryFactorsLogAndTaskLevel" storage="/users/jronehuynh/downloads/taskgeniev2-main/tests/taskgenie.tests/bin/release/net10.0/taskgenie.tests.dll" id="2246fae0-6616-efd3-ffe3-f1bbfd28edd3">
      <Execution id="6268369b-f7fb-40e8-82e9-4722f2cdb001" />
      <TestMethod codeBase="/Users/jronehuynh/Downloads/TaskGenieV2-main/tests/TaskGenie.Tests/bin/Release/net10.0/TaskGenie.Tests.dll" adapterTypeName="executor://xunit/VsTestRunner3/netcore/" className="TaskGenie.Tests.Integration.AiCorePersistenceIntegrationTests" name="RiskAnalysis_PersistsHistoryFactorsLogAndTaskLevel" />
    </UnitTest>
    <UnitTest name="TaskGenie.Tests.AI.RiskScoringEngineTests.Calculate_PoorDeadlineHistory_ProducesHighHistoricalFactor" storage="/users/jronehuynh/downloads/taskgeniev2-main/tests/taskgenie.tests/bin/release/net10.0/taskgenie.tests.dll" id="85d35fb7-4f9b-591a-d856-2a1b9a5fdee5">
      <Execution id="a795bee5-abb3-40b1-af35-cd2ed7dbf3ad" />
      <TestMethod codeBase="/Users/jronehuynh/Downloads/TaskGenieV2-main/tests/TaskGenie.Tests/bin/Release/net10.0/TaskGenie.Tests.dll" adapterTypeName="executor://xunit/VsTestRunner3/netcore/" className="TaskGenie.Tests.AI.RiskScoringEngineTests" name="Calculate_PoorDeadlineHistory_ProducesHighHistoricalFactor" />
    </UnitTest>
    <UnitTest name="TaskGenie.Tests.AI.RiskScoringEngineTests.GetRiskLevel_UsesDocumentedBoundaries(score: 30, expected: &quot;MEDIUM&quot;)" storage="/users/jronehuynh/downloads/taskgeniev2-main/tests/taskgenie.tests/bin/release/net10.0/taskgenie.tests.dll" id="a88d0eb4-c3fb-ace5-8746-bb692d219e54">
      <Execution id="451d243e-5d74-4021-81cb-5616fa6ba3c2" />
      <TestMethod codeBase="/Users/jronehuynh/Downloads/TaskGenieV2-main/tests/TaskGenie.Tests/bin/Release/net10.0/TaskGenie.Tests.dll" adapterTypeName="executor://xunit/VsTestRunner3/netcore/" className="TaskGenie.Tests.AI.RiskScoringEngineTests" name="GetRiskLevel_UsesDocumentedBoundaries" />
    </UnitTest>
    <UnitTest name="TaskGenie.Tests.Infrastructure.AppDbContextModelTests.Model_MapsRequiredAiAndEvidenceTables(entityType: typeof(TaskGenie.Domain.Entities.RiskFactor), expectedTable: &quot;risk_factors&quot;)" storage="/users/jronehuynh/downloads/taskgeniev2-main/tests/taskgenie.tests/bin/release/net10.0/taskgenie.tests.dll" id="fb6ee4f5-6a6e-a055-cd96-c0a8919b0701">
      <Execution id="d6d12af5-609d-4eff-84e6-ea618bf2e1fb" />
      <TestMethod codeBase="/Users/jronehuynh/Downloads/TaskGenieV2-main/tests/TaskGenie.Tests/bin/Release/net10.0/TaskGenie.Tests.dll" adapterTypeName="executor://xunit/VsTestRunner3/netcore/" className="TaskGenie.Tests.Infrastructure.AppDbContextModelTests" name="Model_MapsRequiredAiAndEvidenceTables" />
    </UnitTest>
    <UnitTest name="TaskGenie.Tests.Application.CreateTaskEvidenceCommandHandlerTests.Handle_ValidUrlEvidence_PersistsAndReturnsDto" storage="/users/jronehuynh/downloads/taskgeniev2-main/tests/taskgenie.tests/bin/release/net10.0/taskgenie.tests.dll" id="b9c87edb-0357-bef3-d5e7-0e60f8ef5452">
      <Execution id="fd54aba8-80a0-437f-8e51-9be063ef85ef" />
      <TestMethod codeBase="/Users/jronehuynh/Downloads/TaskGenieV2-main/tests/TaskGenie.Tests/bin/Release/net10.0/TaskGenie.Tests.dll" adapterTypeName="executor://xunit/VsTestRunner3/netcore/" className="TaskGenie.Tests.Application.CreateTaskEvidenceCommandHandlerTests" name="Handle_ValidUrlEvidence_PersistsAndReturnsDto" />
    </UnitTest>
    <UnitTest name="TaskGenie.Tests.Infrastructure.AppDbContextModelTests.Model_MapsRequiredAiAndEvidenceTables(entityType: typeof(TaskGenie.Domain.Entities.Attachment), expectedTable: &quot;attachments&quot;)" storage="/users/jronehuynh/downloads/taskgeniev2-main/tests/taskgenie.tests/bin/release/net10.0/taskgenie.tests.dll" id="0fba9406-c120-0a8c-5926-7a75abb31506">
      <Execution id="2c9e8163-abc3-47ae-99f1-68a334758f01" />
      <TestMethod codeBase="/Users/jronehuynh/Downloads/TaskGenieV2-main/tests/TaskGenie.Tests/bin/Release/net10.0/TaskGenie.Tests.dll" adapterTypeName="executor://xunit/VsTestRunner3/netcore/" className="TaskGenie.Tests.Infrastructure.AppDbContextModelTests" name="Model_MapsRequiredAiAndEvidenceTables" />
    </UnitTest>
    <UnitTest name="TaskGenie.Tests.Integration.AiCoreApiIntegrationTests.EvidenceEndpoint_ValidatesAndReturnsCreatedUrlEvidence" storage="/users/jronehuynh/downloads/taskgeniev2-main/tests/taskgenie.tests/bin/release/net10.0/taskgenie.tests.dll" id="1f447304-c512-24a7-11b2-312d77f6b7c7">
      <Execution id="fccfe459-7ec3-45fa-8c88-fccd1ca6d22d" />
      <TestMethod codeBase="/Users/jronehuynh/Downloads/TaskGenieV2-main/tests/TaskGenie.Tests/bin/Release/net10.0/TaskGenie.Tests.dll" adapterTypeName="executor://xunit/VsTestRunner3/netcore/" className="TaskGenie.Tests.Integration.AiCoreApiIntegrationTests" name="EvidenceEndpoint_ValidatesAndReturnsCreatedUrlEvidence" />
    </UnitTest>
    <UnitTest name="TaskGenie.Tests.AI.RiskScoringEngineTests.Calculate_CompletedTask_ReturnsZeroLowRisk" storage="/users/jronehuynh/downloads/taskgeniev2-main/tests/taskgenie.tests/bin/release/net10.0/taskgenie.tests.dll" id="6ecce614-9bde-9507-a4f3-88bcde95b087">
      <Execution id="31ae32ab-f5e4-4f8f-9925-35d794e90d58" />
      <TestMethod codeBase="/Users/jronehuynh/Downloads/TaskGenieV2-main/tests/TaskGenie.Tests/bin/Release/net10.0/TaskGenie.Tests.dll" adapterTypeName="executor://xunit/VsTestRunner3/netcore/" className="TaskGenie.Tests.AI.RiskScoringEngineTests" name="Calculate_CompletedTask_ReturnsZeroLowRisk" />
    </UnitTest>
    <UnitTest name="TaskGenie.Tests.AI.RiskScoringEngineTests.Calculate_AlwaysReturnsFiveExplainableFactors" storage="/users/jronehuynh/downloads/taskgeniev2-main/tests/taskgenie.tests/bin/release/net10.0/taskgenie.tests.dll" id="816c58b9-f887-021a-7eff-f8192e5bcfcc">
      <Execution id="ca42f5f6-fbca-424a-8b40-b54e69060897" />
      <TestMethod codeBase="/Users/jronehuynh/Downloads/TaskGenieV2-main/tests/TaskGenie.Tests/bin/Release/net10.0/TaskGenie.Tests.dll" adapterTypeName="executor://xunit/VsTestRunner3/netcore/" className="TaskGenie.Tests.AI.RiskScoringEngineTests" name="Calculate_AlwaysReturnsFiveExplainableFactors" />
    </UnitTest>
    <UnitTest name="TaskGenie.Tests.AI.AssignmentScoringEngineTests.Calculate_WorkloadBreaksTieBetweenOtherwiseEqualCandidates" storage="/users/jronehuynh/downloads/taskgeniev2-main/tests/taskgenie.tests/bin/release/net10.0/taskgenie.tests.dll" id="23642089-a808-2511-97c1-00b67892ba70">
      <Execution id="00cb7456-deb5-44c5-aa67-024ff445d300" />
      <TestMethod codeBase="/Users/jronehuynh/Downloads/TaskGenieV2-main/tests/TaskGenie.Tests/bin/Release/net10.0/TaskGenie.Tests.dll" adapterTypeName="executor://xunit/VsTestRunner3/netcore/" className="TaskGenie.Tests.AI.AssignmentScoringEngineTests" name="Calculate_WorkloadBreaksTieBetweenOtherwiseEqualCandidates" />
    </UnitTest>
    <UnitTest name="TaskGenie.Tests.Integration.AiCorePersistenceIntegrationTests.Recommendation_PersistsRunBreakdownAndExecutionAudit" storage="/users/jronehuynh/downloads/taskgeniev2-main/tests/taskgenie.tests/bin/release/net10.0/taskgenie.tests.dll" id="6e92ff45-2c22-e038-d043-fd49168b8462">
      <Execution id="e9436218-f154-4abc-a546-1b615bf6f58a" />
      <TestMethod codeBase="/Users/jronehuynh/Downloads/TaskGenieV2-main/tests/TaskGenie.Tests/bin/Release/net10.0/TaskGenie.Tests.dll" adapterTypeName="executor://xunit/VsTestRunner3/netcore/" className="TaskGenie.Tests.Integration.AiCorePersistenceIntegrationTests" name="Recommendation_PersistsRunBreakdownAndExecutionAudit" />
    </UnitTest>
    <UnitTest name="TaskGenie.Tests.AI.RiskScoringEngineTests.Calculate_ReportedBlocker_EscalatesDependencyFactor" storage="/users/jronehuynh/downloads/taskgeniev2-main/tests/taskgenie.tests/bin/release/net10.0/taskgenie.tests.dll" id="b26402a3-474a-96f0-8562-6ebf5fc70e97">
      <Execution id="d9a9c0a2-fc65-4205-a7a2-97ea4e734ce0" />
      <TestMethod codeBase="/Users/jronehuynh/Downloads/TaskGenieV2-main/tests/TaskGenie.Tests/bin/Release/net10.0/TaskGenie.Tests.dll" adapterTypeName="executor://xunit/VsTestRunner3/netcore/" className="TaskGenie.Tests.AI.RiskScoringEngineTests" name="Calculate_ReportedBlocker_EscalatesDependencyFactor" />
    </UnitTest>
    <UnitTest name="TaskGenie.Tests.AI.RiskScoringEngineTests.Calculate_NoHistory_AppliesDocumentedBaseline" storage="/users/jronehuynh/downloads/taskgeniev2-main/tests/taskgenie.tests/bin/release/net10.0/taskgenie.tests.dll" id="bc4a5ca0-eb7c-9a85-f9e7-90204ea6c38e">
      <Execution id="3947216d-6a0f-45fd-8f8c-e980788a6586" />
      <TestMethod codeBase="/Users/jronehuynh/Downloads/TaskGenieV2-main/tests/TaskGenie.Tests/bin/Release/net10.0/TaskGenie.Tests.dll" adapterTypeName="executor://xunit/VsTestRunner3/netcore/" className="TaskGenie.Tests.AI.RiskScoringEngineTests" name="Calculate_NoHistory_AppliesDocumentedBaseline" />
    </UnitTest>
    <UnitTest name="TaskGenie.Tests.Application.CoreCommandValidatorTests.EvidenceValidator_RequiresAuthenticatedSubmitterAndSource" storage="/users/jronehuynh/downloads/taskgeniev2-main/tests/taskgenie.tests/bin/release/net10.0/taskgenie.tests.dll" id="ce80142a-bbfe-51d2-f003-39644233aeb4">
      <Execution id="0db0fe85-6ab5-4ec2-abd7-84ee803b061a" />
      <TestMethod codeBase="/Users/jronehuynh/Downloads/TaskGenieV2-main/tests/TaskGenie.Tests/bin/Release/net10.0/TaskGenie.Tests.dll" adapterTypeName="executor://xunit/VsTestRunner3/netcore/" className="TaskGenie.Tests.Application.CoreCommandValidatorTests" name="EvidenceValidator_RequiresAuthenticatedSubmitterAndSource" />
    </UnitTest>
    <UnitTest name="TaskGenie.Tests.Application.RecommendationDecisionTests.Accept_AlreadyAssigned_DoesNotToggleAssignmentOff" storage="/users/jronehuynh/downloads/taskgeniev2-main/tests/taskgenie.tests/bin/release/net10.0/taskgenie.tests.dll" id="7f995055-99d4-13d2-5613-69293ff5ce84">
      <Execution id="2a3df9b2-77f7-40ee-9700-c86abaeceae5" />
      <TestMethod codeBase="/Users/jronehuynh/Downloads/TaskGenieV2-main/tests/TaskGenie.Tests/bin/Release/net10.0/TaskGenie.Tests.dll" adapterTypeName="executor://xunit/VsTestRunner3/netcore/" className="TaskGenie.Tests.Application.RecommendationDecisionTests" name="Accept_AlreadyAssigned_DoesNotToggleAssignmentOff" />
    </UnitTest>
    <UnitTest name="TaskGenie.Tests.Domain.AiEvidenceDomainTests.TaskEvidence_RejectsUnsafeOrRelativeUrls(url: &quot;relative/path&quot;)" storage="/users/jronehuynh/downloads/taskgeniev2-main/tests/taskgenie.tests/bin/release/net10.0/taskgenie.tests.dll" id="64dbe7ef-03c6-c41e-19d0-b0cb3c129b1e">
      <Execution id="0ab6aea0-cb1a-4128-93db-6551b66cae8e" />
      <TestMethod codeBase="/Users/jronehuynh/Downloads/TaskGenieV2-main/tests/TaskGenie.Tests/bin/Release/net10.0/TaskGenie.Tests.dll" adapterTypeName="executor://xunit/VsTestRunner3/netcore/" className="TaskGenie.Tests.Domain.AiEvidenceDomainTests" name="TaskEvidence_RejectsUnsafeOrRelativeUrls" />
    </UnitTest>
    <UnitTest name="TaskGenie.Tests.Infrastructure.AppDbContextModelTests.Model_SeedsFiveActiveRiskRules" storage="/users/jronehuynh/downloads/taskgeniev2-main/tests/taskgenie.tests/bin/release/net10.0/taskgenie.tests.dll" id="ca20c685-295d-f817-9db3-ea124b023d2f">
      <Execution id="569a5066-439e-42d3-b6e1-438ea69cdd97" />
      <TestMethod codeBase="/Users/jronehuynh/Downloads/TaskGenieV2-main/tests/TaskGenie.Tests/bin/Release/net10.0/TaskGenie.Tests.dll" adapterTypeName="executor://xunit/VsTestRunner3/netcore/" className="TaskGenie.Tests.Infrastructure.AppDbContextModelTests" name="Model_SeedsFiveActiveRiskRules" />
    </UnitTest>
    <UnitTest name="TaskGenie.Tests.Domain.AiEvidenceDomainTests.Task_SetRiskAssessment_NormalizesLevel" storage="/users/jronehuynh/downloads/taskgeniev2-main/tests/taskgenie.tests/bin/release/net10.0/taskgenie.tests.dll" id="da6d9e8f-91cd-b1f3-b006-20cdbefd9f39">
      <Execution id="0b731825-576e-4cc4-8fff-4d178cbabbfb" />
      <TestMethod codeBase="/Users/jronehuynh/Downloads/TaskGenieV2-main/tests/TaskGenie.Tests/bin/Release/net10.0/TaskGenie.Tests.dll" adapterTypeName="executor://xunit/VsTestRunner3/netcore/" className="TaskGenie.Tests.Domain.AiEvidenceDomainTests" name="Task_SetRiskAssessment_NormalizesLevel" />
    </UnitTest>
    <UnitTest name="TaskGenie.Tests.AI.RiskScoringEngineTests.Calculate_OverdueTask_DeadlineFactorIsMaximum" storage="/users/jronehuynh/downloads/taskgeniev2-main/tests/taskgenie.tests/bin/release/net10.0/taskgenie.tests.dll" id="5d7a63bf-a727-a38f-9eb2-4d61c2432297">
      <Execution id="17d243a2-4431-4a5a-8cc8-31beb3b8a0a3" />
      <TestMethod codeBase="/Users/jronehuynh/Downloads/TaskGenieV2-main/tests/TaskGenie.Tests/bin/Release/net10.0/TaskGenie.Tests.dll" adapterTypeName="executor://xunit/VsTestRunner3/netcore/" className="TaskGenie.Tests.AI.RiskScoringEngineTests" name="Calculate_OverdueTask_DeadlineFactorIsMaximum" />
    </UnitTest>
    <UnitTest name="TaskGenie.Tests.AI.RiskScoringEngineTests.GetRiskLevel_UsesDocumentedBoundaries(score: 0, expected: &quot;LOW&quot;)" storage="/users/jronehuynh/downloads/taskgeniev2-main/tests/taskgenie.tests/bin/release/net10.0/taskgenie.tests.dll" id="b61a4a90-fa2a-461e-7f14-9233d26ca01b">
      <Execution id="8d260fea-d6dc-406f-bb20-a577654a4e4b" />
      <TestMethod codeBase="/Users/jronehuynh/Downloads/TaskGenieV2-main/tests/TaskGenie.Tests/bin/Release/net10.0/TaskGenie.Tests.dll" adapterTypeName="executor://xunit/VsTestRunner3/netcore/" className="TaskGenie.Tests.AI.RiskScoringEngineTests" name="GetRiskLevel_UsesDocumentedBoundaries" />
    </UnitTest>
    <UnitTest name="TaskGenie.Tests.AI.AssignmentScoringEngineTests.Calculate_BetterSkillMatch_HasLargestSingleComponentImpact" storage="/users/jronehuynh/downloads/taskgeniev2-main/tests/taskgenie.tests/bin/release/net10.0/taskgenie.tests.dll" id="0e3374fc-6f14-0a88-b184-43fb5c76ce3f">
      <Execution id="eebb90e2-efb7-4d8c-b835-c62b4fd66bd2" />
      <TestMethod codeBase="/Users/jronehuynh/Downloads/TaskGenieV2-main/tests/TaskGenie.Tests/bin/Release/net10.0/TaskGenie.Tests.dll" adapterTypeName="executor://xunit/VsTestRunner3/netcore/" className="TaskGenie.Tests.AI.AssignmentScoringEngineTests" name="Calculate_BetterSkillMatch_HasLargestSingleComponentImpact" />
    </UnitTest>
    <UnitTest name="TaskGenie.Tests.Domain.AiEvidenceDomainTests.Attachment_RejectsNegativeSize" storage="/users/jronehuynh/downloads/taskgeniev2-main/tests/taskgenie.tests/bin/release/net10.0/taskgenie.tests.dll" id="11b62da1-1640-149a-8fc9-cc296caad299">
      <Execution id="414f2ee6-9674-4941-abc9-3db7a2d35d38" />
      <TestMethod codeBase="/Users/jronehuynh/Downloads/TaskGenieV2-main/tests/TaskGenie.Tests/bin/Release/net10.0/TaskGenie.Tests.dll" adapterTypeName="executor://xunit/VsTestRunner3/netcore/" className="TaskGenie.Tests.Domain.AiEvidenceDomainTests" name="Attachment_RejectsNegativeSize" />
    </UnitTest>
    <UnitTest name="TaskGenie.Tests.Application.CoreCommandValidatorTests.RecommendationValidator_RequiresTaskAndProject" storage="/users/jronehuynh/downloads/taskgeniev2-main/tests/taskgenie.tests/bin/release/net10.0/taskgenie.tests.dll" id="f84fcad3-75ec-2565-ff54-2b70ec6b7203">
      <Execution id="d1f2ccf2-a3f6-4dd2-bea3-a2f33daf43e6" />
      <TestMethod codeBase="/Users/jronehuynh/Downloads/TaskGenieV2-main/tests/TaskGenie.Tests/bin/Release/net10.0/TaskGenie.Tests.dll" adapterTypeName="executor://xunit/VsTestRunner3/netcore/" className="TaskGenie.Tests.Application.CoreCommandValidatorTests" name="RecommendationValidator_RequiresTaskAndProject" />
    </UnitTest>
    <UnitTest name="TaskGenie.Tests.AI.RiskScoringEngineTests.Calculate_CustomWeights_AreNormalizedToOne" storage="/users/jronehuynh/downloads/taskgeniev2-main/tests/taskgenie.tests/bin/release/net10.0/taskgenie.tests.dll" id="d3574e84-0f90-d2d9-defd-389165578fc8">
      <Execution id="03c2539a-2b13-4d8c-b92c-1a95612cb91d" />
      <TestMethod codeBase="/Users/jronehuynh/Downloads/TaskGenieV2-main/tests/TaskGenie.Tests/bin/Release/net10.0/TaskGenie.Tests.dll" adapterTypeName="executor://xunit/VsTestRunner3/netcore/" className="TaskGenie.Tests.AI.RiskScoringEngineTests" name="Calculate_CustomWeights_AreNormalizedToOne" />
    </UnitTest>
    <UnitTest name="TaskGenie.Tests.Application.RecommendationDecisionTests.Accept_UserOutsideLatestRun_IsRejectedBeforeChangingAssignment" storage="/users/jronehuynh/downloads/taskgeniev2-main/tests/taskgenie.tests/bin/release/net10.0/taskgenie.tests.dll" id="ee6c371a-13f8-f5b3-601e-0eb06d7909fc">
      <Execution id="f2ee7ca4-7f1d-47ca-8b47-2fe6ae9ef7b0" />
      <TestMethod codeBase="/Users/jronehuynh/Downloads/TaskGenieV2-main/tests/TaskGenie.Tests/bin/Release/net10.0/TaskGenie.Tests.dll" adapterTypeName="executor://xunit/VsTestRunner3/netcore/" className="TaskGenie.Tests.Application.RecommendationDecisionTests" name="Accept_UserOutsideLatestRun_IsRejectedBeforeChangingAssignment" />
    </UnitTest>
    <UnitTest name="TaskGenie.Tests.Infrastructure.AppDbContextModelTests.Model_MapsRequiredAiAndEvidenceTables(entityType: typeof(TaskGenie.Domain.Entities.AiExecutionLog), expectedTable: &quot;ai_execution_logs&quot;)" storage="/users/jronehuynh/downloads/taskgeniev2-main/tests/taskgenie.tests/bin/release/net10.0/taskgenie.tests.dll" id="88adb2ee-113b-3f50-89d4-cea8d94cec3c">
      <Execution id="283bbda3-afd1-4103-8cbd-f360a411faf6" />
      <TestMethod codeBase="/Users/jronehuynh/Downloads/TaskGenieV2-main/tests/TaskGenie.Tests/bin/Release/net10.0/TaskGenie.Tests.dll" adapterTypeName="executor://xunit/VsTestRunner3/netcore/" className="TaskGenie.Tests.Infrastructure.AppDbContextModelTests" name="Model_MapsRequiredAiAndEvidenceTables" />
    </UnitTest>
    <UnitTest name="TaskGenie.Tests.Domain.AiEvidenceDomainTests.TaskEvidence_RejectsUnsafeOrRelativeUrls(url: &quot;ftp://example.com/file&quot;)" storage="/users/jronehuynh/downloads/taskgeniev2-main/tests/taskgenie.tests/bin/release/net10.0/taskgenie.tests.dll" id="bfb568b0-a15f-c961-4cc9-83fa4965bc93">
      <Execution id="340bb2fb-1fcd-4b86-85fd-071647c472de" />
      <TestMethod codeBase="/Users/jronehuynh/Downloads/TaskGenieV2-main/tests/TaskGenie.Tests/bin/Release/net10.0/TaskGenie.Tests.dll" adapterTypeName="executor://xunit/VsTestRunner3/netcore/" className="TaskGenie.Tests.Domain.AiEvidenceDomainTests" name="TaskEvidence_RejectsUnsafeOrRelativeUrls" />
    </UnitTest>
    <UnitTest name="TaskGenie.Tests.AI.RiskScoringEngineTests.GetRiskLevel_UsesDocumentedBoundaries(score: 29,989999999999998, expected: &quot;LOW&quot;)" storage="/users/jronehuynh/downloads/taskgeniev2-main/tests/taskgenie.tests/bin/release/net10.0/taskgenie.tests.dll" id="c5652504-f09b-8a71-8865-7469edbe8e1b">
      <Execution id="d795731d-1149-4b38-8f91-341f252516c0" />
      <TestMethod codeBase="/Users/jronehuynh/Downloads/TaskGenieV2-main/tests/TaskGenie.Tests/bin/Release/net10.0/TaskGenie.Tests.dll" adapterTypeName="executor://xunit/VsTestRunner3/netcore/" className="TaskGenie.Tests.AI.RiskScoringEngineTests" name="GetRiskLevel_UsesDocumentedBoundaries" />
    </UnitTest>
    <UnitTest name="TaskGenie.Tests.Integration.AiCoreApiIntegrationTests.RiskEndpoint_ReturnsAssessmentAndPersistsHistory" storage="/users/jronehuynh/downloads/taskgeniev2-main/tests/taskgenie.tests/bin/release/net10.0/taskgenie.tests.dll" id="9540abcb-2aab-9f94-738b-1f0a2570982f">
      <Execution id="fc595e3e-4b42-4bf0-9ea6-105d9cb1352c" />
      <TestMethod codeBase="/Users/jronehuynh/Downloads/TaskGenieV2-main/tests/TaskGenie.Tests/bin/Release/net10.0/TaskGenie.Tests.dll" adapterTypeName="executor://xunit/VsTestRunner3/netcore/" className="TaskGenie.Tests.Integration.AiCoreApiIntegrationTests" name="RiskEndpoint_ReturnsAssessmentAndPersistsHistory" />
    </UnitTest>
    <UnitTest name="TaskGenie.Tests.Infrastructure.AppDbContextModelTests.Model_MapsRequiredAiAndEvidenceTables(entityType: typeof(TaskGenie.Domain.Entities.TaskEvidence), expectedTable: &quot;task_evidences&quot;)" storage="/users/jronehuynh/downloads/taskgeniev2-main/tests/taskgenie.tests/bin/release/net10.0/taskgenie.tests.dll" id="14aff89c-4711-69bc-6507-12ede3808a80">
      <Execution id="a5d26a5b-11ec-44bc-86db-2e2576f7cbe3" />
      <TestMethod codeBase="/Users/jronehuynh/Downloads/TaskGenieV2-main/tests/TaskGenie.Tests/bin/Release/net10.0/TaskGenie.Tests.dll" adapterTypeName="executor://xunit/VsTestRunner3/netcore/" className="TaskGenie.Tests.Infrastructure.AppDbContextModelTests" name="Model_MapsRequiredAiAndEvidenceTables" />
    </UnitTest>
    <UnitTest name="TaskGenie.Tests.AI.RiskScoringEngineTests.GetRiskLevel_UsesDocumentedBoundaries(score: 100, expected: &quot;CRITICAL&quot;)" storage="/users/jronehuynh/downloads/taskgeniev2-main/tests/taskgenie.tests/bin/release/net10.0/taskgenie.tests.dll" id="780171ab-82bb-86e9-20b9-e29136de58b5">
      <Execution id="6ff44530-aff2-4e9f-9a7c-b969af8ed74c" />
      <TestMethod codeBase="/Users/jronehuynh/Downloads/TaskGenieV2-main/tests/TaskGenie.Tests/bin/Release/net10.0/TaskGenie.Tests.dll" adapterTypeName="executor://xunit/VsTestRunner3/netcore/" className="TaskGenie.Tests.AI.RiskScoringEngineTests" name="GetRiskLevel_UsesDocumentedBoundaries" />
    </UnitTest>
    <UnitTest name="TaskGenie.Tests.Domain.AiEvidenceDomainTests.TaskEvidence_RejectsUnsafeOrRelativeUrls(url: &quot;javascript:alert(1)&quot;)" storage="/users/jronehuynh/downloads/taskgeniev2-main/tests/taskgenie.tests/bin/release/net10.0/taskgenie.tests.dll" id="c830a69e-128b-1e9c-02df-3cda70933df7">
      <Execution id="decd3b32-61de-4284-9586-90b606f13d14" />
      <TestMethod codeBase="/Users/jronehuynh/Downloads/TaskGenieV2-main/tests/TaskGenie.Tests/bin/Release/net10.0/TaskGenie.Tests.dll" adapterTypeName="executor://xunit/VsTestRunner3/netcore/" className="TaskGenie.Tests.Domain.AiEvidenceDomainTests" name="TaskEvidence_RejectsUnsafeOrRelativeUrls" />
    </UnitTest>
    <UnitTest name="TaskGenie.Tests.Application.AnalyzeTaskRiskCommandHandlerTests.Handle_ProviderFailure_PersistsExplainableFallbackAndUpdatesTask" storage="/users/jronehuynh/downloads/taskgeniev2-main/tests/taskgenie.tests/bin/release/net10.0/taskgenie.tests.dll" id="1f8adff5-8c5b-fdc1-0eec-c7a6f1c60c38">
      <Execution id="31037475-7f91-4d77-b784-550a1582a633" />
      <TestMethod codeBase="/Users/jronehuynh/Downloads/TaskGenieV2-main/tests/TaskGenie.Tests/bin/Release/net10.0/TaskGenie.Tests.dll" adapterTypeName="executor://xunit/VsTestRunner3/netcore/" className="TaskGenie.Tests.Application.AnalyzeTaskRiskCommandHandlerTests" name="Handle_ProviderFailure_PersistsExplainableFallbackAndUpdatesTask" />
    </UnitTest>
    <UnitTest name="TaskGenie.Tests.AI.RiskScoringEngineTests.GetRiskLevel_UsesDocumentedBoundaries(score: 80, expected: &quot;CRITICAL&quot;)" storage="/users/jronehuynh/downloads/taskgeniev2-main/tests/taskgenie.tests/bin/release/net10.0/taskgenie.tests.dll" id="7290fcdf-d1d6-cee8-dce0-04fc0bbf4be4">
      <Execution id="3c250df9-b04b-4fed-a22b-afa0d25c8fb5" />
      <TestMethod codeBase="/Users/jronehuynh/Downloads/TaskGenieV2-main/tests/TaskGenie.Tests/bin/Release/net10.0/TaskGenie.Tests.dll" adapterTypeName="executor://xunit/VsTestRunner3/netcore/" className="TaskGenie.Tests.AI.RiskScoringEngineTests" name="GetRiskLevel_UsesDocumentedBoundaries" />
    </UnitTest>
    <UnitTest name="TaskGenie.Tests.AI.AssignmentScoringEngineTests.Calculate_ClampsProviderValuesToValidRange" storage="/users/jronehuynh/downloads/taskgeniev2-main/tests/taskgenie.tests/bin/release/net10.0/taskgenie.tests.dll" id="dd2d9444-1fa8-9c9d-9a6f-53d2040e04c2">
      <Execution id="0c644a88-034a-4de6-b24f-3b8d33d5f04a" />
      <TestMethod codeBase="/Users/jronehuynh/Downloads/TaskGenieV2-main/tests/TaskGenie.Tests/bin/Release/net10.0/TaskGenie.Tests.dll" adapterTypeName="executor://xunit/VsTestRunner3/netcore/" className="TaskGenie.Tests.AI.AssignmentScoringEngineTests" name="Calculate_ClampsProviderValuesToValidRange" />
    </UnitTest>
    <UnitTest name="TaskGenie.Tests.AI.AssignmentScoringEngineTests.Weights_SumToOne" storage="/users/jronehuynh/downloads/taskgeniev2-main/tests/taskgenie.tests/bin/release/net10.0/taskgenie.tests.dll" id="f0c9a006-e20e-9b05-e327-0fc43f2c152d">
      <Execution id="72ea84f9-35dc-4678-b9a9-cc7b317128f3" />
      <TestMethod codeBase="/Users/jronehuynh/Downloads/TaskGenieV2-main/tests/TaskGenie.Tests/bin/Release/net10.0/TaskGenie.Tests.dll" adapterTypeName="executor://xunit/VsTestRunner3/netcore/" className="TaskGenie.Tests.AI.AssignmentScoringEngineTests" name="Weights_SumToOne" />
    </UnitTest>
    <UnitTest name="TaskGenie.Tests.AI.RiskScoringEngineTests.Calculate_NoAssignee_AppliesWorkloadPenalty" storage="/users/jronehuynh/downloads/taskgeniev2-main/tests/taskgenie.tests/bin/release/net10.0/taskgenie.tests.dll" id="e425c92c-aa8d-5ae2-b0ea-2bc152e39a24">
      <Execution id="ac6a235a-c000-4cc0-a5cc-97d41c94c537" />
      <TestMethod codeBase="/Users/jronehuynh/Downloads/TaskGenieV2-main/tests/TaskGenie.Tests/bin/Release/net10.0/TaskGenie.Tests.dll" adapterTypeName="executor://xunit/VsTestRunner3/netcore/" className="TaskGenie.Tests.AI.RiskScoringEngineTests" name="Calculate_NoAssignee_AppliesWorkloadPenalty" />
    </UnitTest>
    <UnitTest name="TaskGenie.Tests.AI.AssignmentScoringEngineTests.Calculate_UsesDocumentedWeights" storage="/users/jronehuynh/downloads/taskgeniev2-main/tests/taskgenie.tests/bin/release/net10.0/taskgenie.tests.dll" id="d1a9d34c-475f-5219-b0e6-b0074a066964">
      <Execution id="894952cd-6941-44c7-a317-79e1bd6c2a11" />
      <TestMethod codeBase="/Users/jronehuynh/Downloads/TaskGenieV2-main/tests/TaskGenie.Tests/bin/Release/net10.0/TaskGenie.Tests.dll" adapterTypeName="executor://xunit/VsTestRunner3/netcore/" className="TaskGenie.Tests.AI.AssignmentScoringEngineTests" name="Calculate_UsesDocumentedWeights" />
    </UnitTest>
    <UnitTest name="TaskGenie.Tests.Application.CreateTaskEvidenceCommandHandlerTests.Handle_DisallowedMimeType_IsRejected" storage="/users/jronehuynh/downloads/taskgeniev2-main/tests/taskgenie.tests/bin/release/net10.0/taskgenie.tests.dll" id="4a21f389-3eac-d26d-63a8-709c0f989ee7">
      <Execution id="ae76690d-f22c-4897-a9c5-be8ed383efae" />
      <TestMethod codeBase="/Users/jronehuynh/Downloads/TaskGenieV2-main/tests/TaskGenie.Tests/bin/Release/net10.0/TaskGenie.Tests.dll" adapterTypeName="executor://xunit/VsTestRunner3/netcore/" className="TaskGenie.Tests.Application.CreateTaskEvidenceCommandHandlerTests" name="Handle_DisallowedMimeType_IsRejected" />
    </UnitTest>
    <UnitTest name="TaskGenie.Tests.Application.AnalyzeTaskRiskCommandHandlerTests.Handle_UnknownTask_ReturnsNullWithoutCallingAi" storage="/users/jronehuynh/downloads/taskgeniev2-main/tests/taskgenie.tests/bin/release/net10.0/taskgenie.tests.dll" id="97724db8-2291-13b9-0e83-9e4a96fca6db">
      <Execution id="d0aace6f-0d5a-4961-887b-1511caf8e783" />
      <TestMethod codeBase="/Users/jronehuynh/Downloads/TaskGenieV2-main/tests/TaskGenie.Tests/bin/Release/net10.0/TaskGenie.Tests.dll" adapterTypeName="executor://xunit/VsTestRunner3/netcore/" className="TaskGenie.Tests.Application.AnalyzeTaskRiskCommandHandlerTests" name="Handle_UnknownTask_ReturnsNullWithoutCallingAi" />
    </UnitTest>
    <UnitTest name="TaskGenie.Tests.Application.CoreCommandValidatorTests.EvidenceValidator_AcceptsHttpsEvidence" storage="/users/jronehuynh/downloads/taskgeniev2-main/tests/taskgenie.tests/bin/release/net10.0/taskgenie.tests.dll" id="c7b40c4a-5091-2dee-48be-d764bb6a2ac7">
      <Execution id="bd110ded-9f3c-4496-95a4-59a7e86e926d" />
      <TestMethod codeBase="/Users/jronehuynh/Downloads/TaskGenieV2-main/tests/TaskGenie.Tests/bin/Release/net10.0/TaskGenie.Tests.dll" adapterTypeName="executor://xunit/VsTestRunner3/netcore/" className="TaskGenie.Tests.Application.CoreCommandValidatorTests" name="EvidenceValidator_AcceptsHttpsEvidence" />
    </UnitTest>
    <UnitTest name="TaskGenie.Tests.AI.RiskScoringEngineTests.Calculate_MissingDeadline_AppliesUncertaintyScore" storage="/users/jronehuynh/downloads/taskgeniev2-main/tests/taskgenie.tests/bin/release/net10.0/taskgenie.tests.dll" id="022fba4d-da5c-5074-9648-baa645d4a225">
      <Execution id="54242163-d9f9-4ec3-b61d-a98ba4a36ea4" />
      <TestMethod codeBase="/Users/jronehuynh/Downloads/TaskGenieV2-main/tests/TaskGenie.Tests/bin/Release/net10.0/TaskGenie.Tests.dll" adapterTypeName="executor://xunit/VsTestRunner3/netcore/" className="TaskGenie.Tests.AI.RiskScoringEngineTests" name="Calculate_MissingDeadline_AppliesUncertaintyScore" />
    </UnitTest>
    <UnitTest name="TaskGenie.Tests.Domain.AiEvidenceDomainTests.RiskRule_RejectsInvalidWeight" storage="/users/jronehuynh/downloads/taskgeniev2-main/tests/taskgenie.tests/bin/release/net10.0/taskgenie.tests.dll" id="da1919b8-6a53-c48a-cfcd-a6d20c28954a">
      <Execution id="0b7f770f-a928-461e-87cb-b89fab9cc207" />
      <TestMethod codeBase="/Users/jronehuynh/Downloads/TaskGenieV2-main/tests/TaskGenie.Tests/bin/Release/net10.0/TaskGenie.Tests.dll" adapterTypeName="executor://xunit/VsTestRunner3/netcore/" className="TaskGenie.Tests.Domain.AiEvidenceDomainTests" name="RiskRule_RejectsInvalidWeight" />
    </UnitTest>
    <UnitTest name="TaskGenie.Tests.Integration.AiCoreApiIntegrationTests.RecommendationEndpoint_ReturnsRankedCandidatesAndAuditLog" storage="/users/jronehuynh/downloads/taskgeniev2-main/tests/taskgenie.tests/bin/release/net10.0/taskgenie.tests.dll" id="d83c2dee-9fb1-1070-488c-4599e52d908f">
      <Execution id="43a4807d-ed6e-4848-92b9-93d66e55c2a4" />
      <TestMethod codeBase="/Users/jronehuynh/Downloads/TaskGenieV2-main/tests/TaskGenie.Tests/bin/Release/net10.0/TaskGenie.Tests.dll" adapterTypeName="executor://xunit/VsTestRunner3/netcore/" className="TaskGenie.Tests.Integration.AiCoreApiIntegrationTests" name="RecommendationEndpoint_ReturnsRankedCandidatesAndAuditLog" />
    </UnitTest>
    <UnitTest name="TaskGenie.Tests.Domain.AiEvidenceDomainTests.TaskEvidence_RequiresAttachmentOrUrl" storage="/users/jronehuynh/downloads/taskgeniev2-main/tests/taskgenie.tests/bin/release/net10.0/taskgenie.tests.dll" id="6180deb2-915a-17c8-9098-52901640b576">
      <Execution id="3b70a896-6486-4e70-8550-01becdee3b54" />
      <TestMethod codeBase="/Users/jronehuynh/Downloads/TaskGenieV2-main/tests/TaskGenie.Tests/bin/Release/net10.0/TaskGenie.Tests.dll" adapterTypeName="executor://xunit/VsTestRunner3/netcore/" className="TaskGenie.Tests.Domain.AiEvidenceDomainTests" name="TaskEvidence_RequiresAttachmentOrUrl" />
    </UnitTest>
    <UnitTest name="TaskGenie.Tests.AI.RiskScoringEngineTests.GetRiskLevel_UsesDocumentedBoundaries(score: 79,989999999999995, expected: &quot;HIGH&quot;)" storage="/users/jronehuynh/downloads/taskgeniev2-main/tests/taskgenie.tests/bin/release/net10.0/taskgenie.tests.dll" id="e1633008-c891-2dbd-d71b-dcbe4274f498">
      <Execution id="77ad772d-7797-4b47-83e7-afc2a97ea8e2" />
      <TestMethod codeBase="/Users/jronehuynh/Downloads/TaskGenieV2-main/tests/TaskGenie.Tests/bin/Release/net10.0/TaskGenie.Tests.dll" adapterTypeName="executor://xunit/VsTestRunner3/netcore/" className="TaskGenie.Tests.AI.RiskScoringEngineTests" name="GetRiskLevel_UsesDocumentedBoundaries" />
    </UnitTest>
    <UnitTest name="TaskGenie.Tests.Application.GetAssignmentRecommendationsCommandHandlerTests.Handle_RanksCandidatesPersistsBreakdownAndExecutionLog" storage="/users/jronehuynh/downloads/taskgeniev2-main/tests/taskgenie.tests/bin/release/net10.0/taskgenie.tests.dll" id="2dc5d78b-93ef-0de2-517f-f6f8970d8ded">
      <Execution id="88b89cfe-7aef-420e-9556-7784aaf6bb44" />
      <TestMethod codeBase="/Users/jronehuynh/Downloads/TaskGenieV2-main/tests/TaskGenie.Tests/bin/Release/net10.0/TaskGenie.Tests.dll" adapterTypeName="executor://xunit/VsTestRunner3/netcore/" className="TaskGenie.Tests.Application.GetAssignmentRecommendationsCommandHandlerTests" name="Handle_RanksCandidatesPersistsBreakdownAndExecutionLog" />
    </UnitTest>
    <UnitTest name="TaskGenie.Tests.AI.RiskScoringEngineTests.Calculate_StaleProgressUpdate_IncreasesProgressRisk" storage="/users/jronehuynh/downloads/taskgeniev2-main/tests/taskgenie.tests/bin/release/net10.0/taskgenie.tests.dll" id="b14739f2-7b58-8cd9-dddc-3afd3d8dd794">
      <Execution id="6e9f08db-f049-49af-aea2-00d151731fd4" />
      <TestMethod codeBase="/Users/jronehuynh/Downloads/TaskGenieV2-main/tests/TaskGenie.Tests/bin/Release/net10.0/TaskGenie.Tests.dll" adapterTypeName="executor://xunit/VsTestRunner3/netcore/" className="TaskGenie.Tests.AI.RiskScoringEngineTests" name="Calculate_StaleProgressUpdate_IncreasesProgressRisk" />
    </UnitTest>
    <UnitTest name="TaskGenie.Tests.Application.CreateTaskEvidenceCommandHandlerTests.Handle_OversizedAttachment_IsRejected" storage="/users/jronehuynh/downloads/taskgeniev2-main/tests/taskgenie.tests/bin/release/net10.0/taskgenie.tests.dll" id="7e955ce8-8d51-25af-eb8a-dee5c5a79c8b">
      <Execution id="357c7178-75c2-4254-ba46-de8918ee7dc0" />
      <TestMethod codeBase="/Users/jronehuynh/Downloads/TaskGenieV2-main/tests/TaskGenie.Tests/bin/Release/net10.0/TaskGenie.Tests.dll" adapterTypeName="executor://xunit/VsTestRunner3/netcore/" className="TaskGenie.Tests.Application.CreateTaskEvidenceCommandHandlerTests" name="Handle_OversizedAttachment_IsRejected" />
    </UnitTest>
    <UnitTest name="TaskGenie.Tests.Infrastructure.AppDbContextModelTests.Model_MapsRequiredAiAndEvidenceTables(entityType: typeof(TaskGenie.Domain.Entities.RiskScoreHistory), expectedTable: &quot;risk_score_history&quot;)" storage="/users/jronehuynh/downloads/taskgeniev2-main/tests/taskgenie.tests/bin/release/net10.0/taskgenie.tests.dll" id="53c04a3a-2855-e4ce-ec76-bfecd6e6694c">
      <Execution id="c663926e-3fad-455c-b63f-0c3a7221bfff" />
      <TestMethod codeBase="/Users/jronehuynh/Downloads/TaskGenieV2-main/tests/TaskGenie.Tests/bin/Release/net10.0/TaskGenie.Tests.dll" adapterTypeName="executor://xunit/VsTestRunner3/netcore/" className="TaskGenie.Tests.Infrastructure.AppDbContextModelTests" name="Model_MapsRequiredAiAndEvidenceTables" />
    </UnitTest>
    <UnitTest name="TaskGenie.Tests.Domain.AiEvidenceDomainTests.TaskEvidence_AcceptsHttpsUrl" storage="/users/jronehuynh/downloads/taskgeniev2-main/tests/taskgenie.tests/bin/release/net10.0/taskgenie.tests.dll" id="441541e7-4993-4353-f01c-d3f92625ef16">
      <Execution id="57314730-3c87-4fd3-a97c-905a6a4a6270" />
      <TestMethod codeBase="/Users/jronehuynh/Downloads/TaskGenieV2-main/tests/TaskGenie.Tests/bin/Release/net10.0/TaskGenie.Tests.dll" adapterTypeName="executor://xunit/VsTestRunner3/netcore/" className="TaskGenie.Tests.Domain.AiEvidenceDomainTests" name="TaskEvidence_AcceptsHttpsUrl" />
    </UnitTest>
    <UnitTest name="TaskGenie.Tests.Application.GetAssignmentRecommendationsCommandHandlerTests.Handle_WrongProject_RejectsRequestBeforeScoring" storage="/users/jronehuynh/downloads/taskgeniev2-main/tests/taskgenie.tests/bin/release/net10.0/taskgenie.tests.dll" id="f68d306d-0286-5b9b-35af-3ca8dc8eab66">
      <Execution id="51e63462-f325-4036-bb72-e6c418084304" />
      <TestMethod codeBase="/Users/jronehuynh/Downloads/TaskGenieV2-main/tests/TaskGenie.Tests/bin/Release/net10.0/TaskGenie.Tests.dll" adapterTypeName="executor://xunit/VsTestRunner3/netcore/" className="TaskGenie.Tests.Application.GetAssignmentRecommendationsCommandHandlerTests" name="Handle_WrongProject_RejectsRequestBeforeScoring" />
    </UnitTest>
    <UnitTest name="TaskGenie.Tests.AI.RiskScoringEngineTests.GetRiskLevel_UsesDocumentedBoundaries(score: 59,990000000000002, expected: &quot;MEDIUM&quot;)" storage="/users/jronehuynh/downloads/taskgeniev2-main/tests/taskgenie.tests/bin/release/net10.0/taskgenie.tests.dll" id="2a658927-1306-7850-57b4-fed1b9eaf3ed">
      <Execution id="0de29389-9a3b-4191-9a8e-0ee0ac7a6ae7" />
      <TestMethod codeBase="/Users/jronehuynh/Downloads/TaskGenieV2-main/tests/TaskGenie.Tests/bin/Release/net10.0/TaskGenie.Tests.dll" adapterTypeName="executor://xunit/VsTestRunner3/netcore/" className="TaskGenie.Tests.AI.RiskScoringEngineTests" name="GetRiskLevel_UsesDocumentedBoundaries" />
    </UnitTest>
    <UnitTest name="TaskGenie.Tests.Infrastructure.AppDbContextModelTests.Model_MapsRequiredAiAndEvidenceTables(entityType: typeof(TaskGenie.Domain.Entities.RiskRule), expectedTable: &quot;risk_rules&quot;)" storage="/users/jronehuynh/downloads/taskgeniev2-main/tests/taskgenie.tests/bin/release/net10.0/taskgenie.tests.dll" id="fdcec592-90da-192c-8000-1078aa647385">
      <Execution id="e3104733-9522-4680-b935-ee5da41c136a" />
      <TestMethod codeBase="/Users/jronehuynh/Downloads/TaskGenieV2-main/tests/TaskGenie.Tests/bin/Release/net10.0/TaskGenie.Tests.dll" adapterTypeName="executor://xunit/VsTestRunner3/netcore/" className="TaskGenie.Tests.Infrastructure.AppDbContextModelTests" name="Model_MapsRequiredAiAndEvidenceTables" />
    </UnitTest>
    <UnitTest name="TaskGenie.Tests.AI.RiskScoringEngineTests.GetRiskLevel_UsesDocumentedBoundaries(score: 60, expected: &quot;HIGH&quot;)" storage="/users/jronehuynh/downloads/taskgeniev2-main/tests/taskgenie.tests/bin/release/net10.0/taskgenie.tests.dll" id="c21a9b8e-79ce-462b-c8b4-1f218b20e120">
      <Execution id="bad0d8fe-93e3-43c5-8cbb-74a6ecca65b8" />
      <TestMethod codeBase="/Users/jronehuynh/Downloads/TaskGenieV2-main/tests/TaskGenie.Tests/bin/Release/net10.0/TaskGenie.Tests.dll" adapterTypeName="executor://xunit/VsTestRunner3/netcore/" className="TaskGenie.Tests.AI.RiskScoringEngineTests" name="GetRiskLevel_UsesDocumentedBoundaries" />
    </UnitTest>
    <UnitTest name="TaskGenie.Tests.Domain.AiEvidenceDomainTests.Recommendation_RecordsAcceptDecision" storage="/users/jronehuynh/downloads/taskgeniev2-main/tests/taskgenie.tests/bin/release/net10.0/taskgenie.tests.dll" id="03293b4b-554a-73c6-aeda-676046cd6517">
      <Execution id="c2b39d98-40c2-4a17-862e-7c86d2d7f60a" />
      <TestMethod codeBase="/Users/jronehuynh/Downloads/TaskGenieV2-main/tests/TaskGenie.Tests/bin/Release/net10.0/TaskGenie.Tests.dll" adapterTypeName="executor://xunit/VsTestRunner3/netcore/" className="TaskGenie.Tests.Domain.AiEvidenceDomainTests" name="Recommendation_RecordsAcceptDecision" />
    </UnitTest>
    <UnitTest name="TaskGenie.Tests.Application.CoreCommandValidatorTests.RiskValidator_RejectsNonPositiveTaskId" storage="/users/jronehuynh/downloads/taskgeniev2-main/tests/taskgenie.tests/bin/release/net10.0/taskgenie.tests.dll" id="f0ee0a8c-1a4d-7c83-4560-29a746947783">
      <Execution id="d618c627-ee73-4463-80a7-20213cdeba70" />
      <TestMethod codeBase="/Users/jronehuynh/Downloads/TaskGenieV2-main/tests/TaskGenie.Tests/bin/Release/net10.0/TaskGenie.Tests.dll" adapterTypeName="executor://xunit/VsTestRunner3/netcore/" className="TaskGenie.Tests.Application.CoreCommandValidatorTests" name="RiskValidator_RejectsNonPositiveTaskId" />
    </UnitTest>
  </TestDefinitions>
  <TestEntries>
    <TestEntry testId="2a658927-1306-7850-57b4-fed1b9eaf3ed" executionId="0de29389-9a3b-4191-9a8e-0ee0ac7a6ae7" testListId="8c84fa94-04c1-424b-9868-57a2d4851a1d" />
    <TestEntry testId="1f8adff5-8c5b-fdc1-0eec-c7a6f1c60c38" executionId="31037475-7f91-4d77-b784-550a1582a633" testListId="8c84fa94-04c1-424b-9868-57a2d4851a1d" />
    <TestEntry testId="2dc5d78b-93ef-0de2-517f-f6f8970d8ded" executionId="88b89cfe-7aef-420e-9556-7784aaf6bb44" testListId="8c84fa94-04c1-424b-9868-57a2d4851a1d" />
    <TestEntry testId="816c58b9-f887-021a-7eff-f8192e5bcfcc" executionId="ca42f5f6-fbca-424a-8b40-b54e69060897" testListId="8c84fa94-04c1-424b-9868-57a2d4851a1d" />
    <TestEntry testId="780171ab-82bb-86e9-20b9-e29136de58b5" executionId="6ff44530-aff2-4e9f-9a7c-b969af8ed74c" testListId="8c84fa94-04c1-424b-9868-57a2d4851a1d" />
    <TestEntry testId="1f447304-c512-24a7-11b2-312d77f6b7c7" executionId="fccfe459-7ec3-45fa-8c88-fccd1ca6d22d" testListId="8c84fa94-04c1-424b-9868-57a2d4851a1d" />
    <TestEntry testId="b9c87edb-0357-bef3-d5e7-0e60f8ef5452" executionId="fd54aba8-80a0-437f-8e51-9be063ef85ef" testListId="8c84fa94-04c1-424b-9868-57a2d4851a1d" />
    <TestEntry testId="11b62da1-1640-149a-8fc9-cc296caad299" executionId="414f2ee6-9674-4941-abc9-3db7a2d35d38" testListId="8c84fa94-04c1-424b-9868-57a2d4851a1d" />
    <TestEntry testId="85d35fb7-4f9b-591a-d856-2a1b9a5fdee5" executionId="a795bee5-abb3-40b1-af35-cd2ed7dbf3ad" testListId="8c84fa94-04c1-424b-9868-57a2d4851a1d" />
    <TestEntry testId="ca20c685-295d-f817-9db3-ea124b023d2f" executionId="569a5066-439e-42d3-b6e1-438ea69cdd97" testListId="8c84fa94-04c1-424b-9868-57a2d4851a1d" />
    <TestEntry testId="e425c92c-aa8d-5ae2-b0ea-2bc152e39a24" executionId="ac6a235a-c000-4cc0-a5cc-97d41c94c537" testListId="8c84fa94-04c1-424b-9868-57a2d4851a1d" />
    <TestEntry testId="d3574e84-0f90-d2d9-defd-389165578fc8" executionId="03c2539a-2b13-4d8c-b92c-1a95612cb91d" testListId="8c84fa94-04c1-424b-9868-57a2d4851a1d" />
    <TestEntry testId="022fba4d-da5c-5074-9648-baa645d4a225" executionId="54242163-d9f9-4ec3-b61d-a98ba4a36ea4" testListId="8c84fa94-04c1-424b-9868-57a2d4851a1d" />
    <TestEntry testId="bc4a5ca0-eb7c-9a85-f9e7-90204ea6c38e" executionId="3947216d-6a0f-45fd-8f8c-e980788a6586" testListId="8c84fa94-04c1-424b-9868-57a2d4851a1d" />
    <TestEntry testId="d1a9d34c-475f-5219-b0e6-b0074a066964" executionId="894952cd-6941-44c7-a317-79e1bd6c2a11" testListId="8c84fa94-04c1-424b-9868-57a2d4851a1d" />
    <TestEntry testId="da1919b8-6a53-c48a-cfcd-a6d20c28954a" executionId="0b7f770f-a928-461e-87cb-b89fab9cc207" testListId="8c84fa94-04c1-424b-9868-57a2d4851a1d" />
    <TestEntry testId="97724db8-2291-13b9-0e83-9e4a96fca6db" executionId="d0aace6f-0d5a-4961-887b-1511caf8e783" testListId="8c84fa94-04c1-424b-9868-57a2d4851a1d" />
    <TestEntry testId="7f995055-99d4-13d2-5613-69293ff5ce84" executionId="2a3df9b2-77f7-40ee-9700-c86abaeceae5" testListId="8c84fa94-04c1-424b-9868-57a2d4851a1d" />
    <TestEntry testId="f0c9a006-e20e-9b05-e327-0fc43f2c152d" executionId="72ea84f9-35dc-4678-b9a9-cc7b317128f3" testListId="8c84fa94-04c1-424b-9868-57a2d4851a1d" />
    <TestEntry testId="da6d9e8f-91cd-b1f3-b006-20cdbefd9f39" executionId="0b731825-576e-4cc4-8fff-4d178cbabbfb" testListId="8c84fa94-04c1-424b-9868-57a2d4851a1d" />
    <TestEntry testId="7290fcdf-d1d6-cee8-dce0-04fc0bbf4be4" executionId="3c250df9-b04b-4fed-a22b-afa0d25c8fb5" testListId="8c84fa94-04c1-424b-9868-57a2d4851a1d" />
    <TestEntry testId="b61a4a90-fa2a-461e-7f14-9233d26ca01b" executionId="8d260fea-d6dc-406f-bb20-a577654a4e4b" testListId="8c84fa94-04c1-424b-9868-57a2d4851a1d" />
    <TestEntry testId="ce80142a-bbfe-51d2-f003-39644233aeb4" executionId="0db0fe85-6ab5-4ec2-abd7-84ee803b061a" testListId="8c84fa94-04c1-424b-9868-57a2d4851a1d" />
    <TestEntry testId="23642089-a808-2511-97c1-00b67892ba70" executionId="00cb7456-deb5-44c5-aa67-024ff445d300" testListId="8c84fa94-04c1-424b-9868-57a2d4851a1d" />
    <TestEntry testId="fdcec592-90da-192c-8000-1078aa647385" executionId="e3104733-9522-4680-b935-ee5da41c136a" testListId="8c84fa94-04c1-424b-9868-57a2d4851a1d" />
    <TestEntry testId="b26402a3-474a-96f0-8562-6ebf5fc70e97" executionId="d9a9c0a2-fc65-4205-a7a2-97ea4e734ce0" testListId="8c84fa94-04c1-424b-9868-57a2d4851a1d" />
    <TestEntry testId="6e92ff45-2c22-e038-d043-fd49168b8462" executionId="e9436218-f154-4abc-a546-1b615bf6f58a" testListId="8c84fa94-04c1-424b-9868-57a2d4851a1d" />
    <TestEntry testId="14aff89c-4711-69bc-6507-12ede3808a80" executionId="a5d26a5b-11ec-44bc-86db-2e2576f7cbe3" testListId="8c84fa94-04c1-424b-9868-57a2d4851a1d" />
    <TestEntry testId="a88d0eb4-c3fb-ace5-8746-bb692d219e54" executionId="451d243e-5d74-4021-81cb-5616fa6ba3c2" testListId="8c84fa94-04c1-424b-9868-57a2d4851a1d" />
    <TestEntry testId="c830a69e-128b-1e9c-02df-3cda70933df7" executionId="decd3b32-61de-4284-9586-90b606f13d14" testListId="8c84fa94-04c1-424b-9868-57a2d4851a1d" />
    <TestEntry testId="e1633008-c891-2dbd-d71b-dcbe4274f498" executionId="77ad772d-7797-4b47-83e7-afc2a97ea8e2" testListId="8c84fa94-04c1-424b-9868-57a2d4851a1d" />
    <TestEntry testId="0e3374fc-6f14-0a88-b184-43fb5c76ce3f" executionId="eebb90e2-efb7-4d8c-b835-c62b4fd66bd2" testListId="8c84fa94-04c1-424b-9868-57a2d4851a1d" />
    <TestEntry testId="d83c2dee-9fb1-1070-488c-4599e52d908f" executionId="43a4807d-ed6e-4848-92b9-93d66e55c2a4" testListId="8c84fa94-04c1-424b-9868-57a2d4851a1d" />
    <TestEntry testId="6ecce614-9bde-9507-a4f3-88bcde95b087" executionId="31ae32ab-f5e4-4f8f-9925-35d794e90d58" testListId="8c84fa94-04c1-424b-9868-57a2d4851a1d" />
    <TestEntry testId="64dbe7ef-03c6-c41e-19d0-b0cb3c129b1e" executionId="0ab6aea0-cb1a-4128-93db-6551b66cae8e" testListId="8c84fa94-04c1-424b-9868-57a2d4851a1d" />
    <TestEntry testId="fb6ee4f5-6a6e-a055-cd96-c0a8919b0701" executionId="d6d12af5-609d-4eff-84e6-ea618bf2e1fb" testListId="8c84fa94-04c1-424b-9868-57a2d4851a1d" />
    <TestEntry testId="f68d306d-0286-5b9b-35af-3ca8dc8eab66" executionId="51e63462-f325-4036-bb72-e6c418084304" testListId="8c84fa94-04c1-424b-9868-57a2d4851a1d" />
    <TestEntry testId="0fba9406-c120-0a8c-5926-7a75abb31506" executionId="2c9e8163-abc3-47ae-99f1-68a334758f01" testListId="8c84fa94-04c1-424b-9868-57a2d4851a1d" />
    <TestEntry testId="441541e7-4993-4353-f01c-d3f92625ef16" executionId="57314730-3c87-4fd3-a97c-905a6a4a6270" testListId="8c84fa94-04c1-424b-9868-57a2d4851a1d" />
    <TestEntry testId="6180deb2-915a-17c8-9098-52901640b576" executionId="3b70a896-6486-4e70-8550-01becdee3b54" testListId="8c84fa94-04c1-424b-9868-57a2d4851a1d" />
    <TestEntry testId="33a0039c-bfaa-bca8-2800-fecf80a8f7e8" executionId="83ca9fae-c62c-4519-ad96-009480fa9a55" testListId="8c84fa94-04c1-424b-9868-57a2d4851a1d" />
    <TestEntry testId="dd2d9444-1fa8-9c9d-9a6f-53d2040e04c2" executionId="0c644a88-034a-4de6-b24f-3b8d33d5f04a" testListId="8c84fa94-04c1-424b-9868-57a2d4851a1d" />
    <TestEntry testId="c5652504-f09b-8a71-8865-7469edbe8e1b" executionId="d795731d-1149-4b38-8f91-341f252516c0" testListId="8c84fa94-04c1-424b-9868-57a2d4851a1d" />
    <TestEntry testId="7e955ce8-8d51-25af-eb8a-dee5c5a79c8b" executionId="357c7178-75c2-4254-ba46-de8918ee7dc0" testListId="8c84fa94-04c1-424b-9868-57a2d4851a1d" />
    <TestEntry testId="5d7a63bf-a727-a38f-9eb2-4d61c2432297" executionId="17d243a2-4431-4a5a-8cc8-31beb3b8a0a3" testListId="8c84fa94-04c1-424b-9868-57a2d4851a1d" />
    <TestEntry testId="9540abcb-2aab-9f94-738b-1f0a2570982f" executionId="fc595e3e-4b42-4bf0-9ea6-105d9cb1352c" testListId="8c84fa94-04c1-424b-9868-57a2d4851a1d" />
    <TestEntry testId="4a21f389-3eac-d26d-63a8-709c0f989ee7" executionId="ae76690d-f22c-4897-a9c5-be8ed383efae" testListId="8c84fa94-04c1-424b-9868-57a2d4851a1d" />
    <TestEntry testId="ee6c371a-13f8-f5b3-601e-0eb06d7909fc" executionId="f2ee7ca4-7f1d-47ca-8b47-2fe6ae9ef7b0" testListId="8c84fa94-04c1-424b-9868-57a2d4851a1d" />
    <TestEntry testId="f84fcad3-75ec-2565-ff54-2b70ec6b7203" executionId="d1f2ccf2-a3f6-4dd2-bea3-a2f33daf43e6" testListId="8c84fa94-04c1-424b-9868-57a2d4851a1d" />
    <TestEntry testId="88adb2ee-113b-3f50-89d4-cea8d94cec3c" executionId="283bbda3-afd1-4103-8cbd-f360a411faf6" testListId="8c84fa94-04c1-424b-9868-57a2d4851a1d" />
    <TestEntry testId="b14739f2-7b58-8cd9-dddc-3afd3d8dd794" executionId="6e9f08db-f049-49af-aea2-00d151731fd4" testListId="8c84fa94-04c1-424b-9868-57a2d4851a1d" />
    <TestEntry testId="c7b40c4a-5091-2dee-48be-d764bb6a2ac7" executionId="bd110ded-9f3c-4496-95a4-59a7e86e926d" testListId="8c84fa94-04c1-424b-9868-57a2d4851a1d" />
    <TestEntry testId="c21a9b8e-79ce-462b-c8b4-1f218b20e120" executionId="bad0d8fe-93e3-43c5-8cbb-74a6ecca65b8" testListId="8c84fa94-04c1-424b-9868-57a2d4851a1d" />
    <TestEntry testId="2246fae0-6616-efd3-ffe3-f1bbfd28edd3" executionId="6268369b-f7fb-40e8-82e9-4722f2cdb001" testListId="8c84fa94-04c1-424b-9868-57a2d4851a1d" />
    <TestEntry testId="f0ee0a8c-1a4d-7c83-4560-29a746947783" executionId="d618c627-ee73-4463-80a7-20213cdeba70" testListId="8c84fa94-04c1-424b-9868-57a2d4851a1d" />
    <TestEntry testId="bfb568b0-a15f-c961-4cc9-83fa4965bc93" executionId="340bb2fb-1fcd-4b86-85fd-071647c472de" testListId="8c84fa94-04c1-424b-9868-57a2d4851a1d" />
    <TestEntry testId="03293b4b-554a-73c6-aeda-676046cd6517" executionId="c2b39d98-40c2-4a17-862e-7c86d2d7f60a" testListId="8c84fa94-04c1-424b-9868-57a2d4851a1d" />
    <TestEntry testId="53c04a3a-2855-e4ce-ec76-bfecd6e6694c" executionId="c663926e-3fad-455c-b63f-0c3a7221bfff" testListId="8c84fa94-04c1-424b-9868-57a2d4851a1d" />
  </TestEntries>
  <TestLists>
    <TestList name="Results Not in a List" id="8c84fa94-04c1-424b-9868-57a2d4851a1d" />
    <TestList name="All Loaded Results" id="19431567-8539-422a-85d7-44ee4e166bda" />
  </TestLists>
  <ResultSummary outcome="Completed">
    <Counters total="58" executed="58" passed="58" failed="0" error="0" timeout="0" aborted="0" inconclusive="0" passedButRunAborted="0" notRunnable="0" notExecuted="0" disconnected="0" warning="0" completed="0" inProgress="0" pending="0" />
    <Output>
      <StdOut>[xUnit.net 00:00:00.00] xUnit.net VSTest Adapter v3.1.5+1b188a7b0a (64-bit .NET 10.0.10)
[xUnit.net 00:00:00.27]   Discovering: TaskGenie.Tests
[xUnit.net 00:00:00.42]   Discovered:  TaskGenie.Tests
[xUnit.net 00:00:00.50]   Starting:    TaskGenie.Tests
warn: Microsoft.AspNetCore.StaticFiles.StaticFileMiddleware[16]
      The WebRootPath was not found: /Users/jronehuynh/Downloads/TaskGenieV2-main/src/TaskGenie.API/wwwroot. Static files may be unavailable.
info: Microsoft.Hosting.Lifetime[0]
      Application started. Press Ctrl+C to shut down.
info: Microsoft.Hosting.Lifetime[0]
      Hosting environment: Testing
info: Microsoft.Hosting.Lifetime[0]
      Content root path: /Users/jronehuynh/Downloads/TaskGenieV2-main/src/TaskGenie.API
info: Microsoft.EntityFrameworkCore.Update[30100]
      Saved 5 entities to in-memory store.
info: Microsoft.EntityFrameworkCore.Update[30100]
      Saved 2 entities to in-memory store.
warn: Microsoft.AspNetCore.HttpsPolicy.HttpsRedirectionMiddleware[3]
      Failed to determine the https port for redirect.
info: TaskGenie.Application.Common.Behaviors.LoggingBehavior[0]
      Handling CreateTaskEvidenceCommand
info: Microsoft.EntityFrameworkCore.Update[30100]
      Saved 1 entities to in-memory store.
info: TaskGenie.Application.Common.Behaviors.LoggingBehavior[0]
      Handled CreateTaskEvidenceCommand
info: TaskGenie.Application.Common.Behaviors.LoggingBehavior[0]
      Handling GetTaskEvidenceQuery
info: TaskGenie.Application.Common.Behaviors.LoggingBehavior[0]
      Handled GetTaskEvidenceQuery
info: Microsoft.Hosting.Lifetime[0]
      Application is shutting down...
warn: Microsoft.AspNetCore.StaticFiles.StaticFileMiddleware[16]
      The WebRootPath was not found: /Users/jronehuynh/Downloads/TaskGenieV2-main/src/TaskGenie.API/wwwroot. Static files may be unavailable.
info: Microsoft.Hosting.Lifetime[0]
      Application started. Press Ctrl+C to shut down.
info: Microsoft.Hosting.Lifetime[0]
      Hosting environment: Testing
info: Microsoft.Hosting.Lifetime[0]
      Content root path: /Users/jronehuynh/Downloads/TaskGenieV2-main/src/TaskGenie.API
info: Microsoft.EntityFrameworkCore.Update[30100]
      Saved 5 entities to in-memory store.
info: Microsoft.EntityFrameworkCore.Update[30100]
      Saved 2 entities to in-memory store.
warn: Microsoft.AspNetCore.HttpsPolicy.HttpsRedirectionMiddleware[3]
      Failed to determine the https port for redirect.
info: TaskGenie.Application.Common.Behaviors.LoggingBehavior[0]
      Handling AnalyzeTaskRiskCommand
info: Microsoft.EntityFrameworkCore.Update[30100]
      Saved 1 entities to in-memory store.
info: Microsoft.EntityFrameworkCore.Update[30100]
      Saved 7 entities to in-memory store.
info: TaskGenie.Application.Common.Behaviors.LoggingBehavior[0]
      Handled AnalyzeTaskRiskCommand
info: Microsoft.Hosting.Lifetime[0]
      Application is shutting down...
warn: Microsoft.AspNetCore.StaticFiles.StaticFileMiddleware[16]
      The WebRootPath was not found: /Users/jronehuynh/Downloads/TaskGenieV2-main/src/TaskGenie.API/wwwroot. Static files may be unavailable.
info: Microsoft.Hosting.Lifetime[0]
      Application started. Press Ctrl+C to shut down.
info: Microsoft.Hosting.Lifetime[0]
      Hosting environment: Testing
info: Microsoft.Hosting.Lifetime[0]
      Content root path: /Users/jronehuynh/Downloads/TaskGenieV2-main/src/TaskGenie.API
info: Microsoft.EntityFrameworkCore.Update[30100]
      Saved 5 entities to in-memory store.
info: Microsoft.EntityFrameworkCore.Update[30100]
      Saved 4 entities to in-memory store.
warn: Microsoft.AspNetCore.HttpsPolicy.HttpsRedirectionMiddleware[3]
      Failed to determine the https port for redirect.
info: TaskGenie.Application.Common.Behaviors.LoggingBehavior[0]
      Handling GetAssignmentRecommendationsCommand
info: Microsoft.EntityFrameworkCore.Update[30100]
      Saved 3 entities to in-memory store.
info: Microsoft.EntityFrameworkCore.Update[30100]
      Saved 1 entities to in-memory store.
info: TaskGenie.Application.Common.Behaviors.LoggingBehavior[0]
      Handled GetAssignmentRecommendationsCommand
info: Microsoft.Hosting.Lifetime[0]
      Application is shutting down...
[xUnit.net 00:00:05.36]   Finished:    TaskGenie.Tests
</StdOut>
    </Output>
    <CollectorDataEntries>
      <Collector agentName="jronehuynhs-MacBook-Pro" uri="datacollector://microsoft/CoverletCodeCoverage/1.0" collectorDisplayName="XPlat code coverage">
        <UriAttachments>
          <UriAttachment>
            <A href="jronehuynhs-MacBook-Pro/coverage.cobertura.xml"></A>
          </UriAttachment>
        </UriAttachments>
      </Collector>
    </CollectorDataEntries>
  </ResultSummary>
</TestRun>