<?xml version="1.0" encoding="utf-8"?>
<TestRun id="9151e395-b430-407f-8fad-2d2626891671" name="@jronehuynhs-MacBook-Pro 2026-07-20 11:15:41" xmlns="http://microsoft.com/schemas/VisualStudio/TeamTest/2010">
  <Times creation="2026-07-20T11:15:41.3185430+07:00" queuing="2026-07-20T11:15:41.3185430+07:00" start="2026-07-20T11:15:35.3315940+07:00" finish="2026-07-20T11:15:44.6143090+07:00" />
  <TestSettings name="default" id="c5d4ad32-cd01-4bd3-b2eb-9f754d13444c">
    <Deployment runDeploymentRoot="_jronehuynhs-MacBook-Pro_2026-07-20_11_15_41" />
  </TestSettings>
  <Results>
    <UnitTestResult executionId="8acac41b-c306-4ed6-9cb8-430345cc9bbb" testId="f0c9a006-e20e-9b05-e327-0fc43f2c152d" testName="TaskGenie.Tests.AI.AssignmentScoringEngineTests.Weights_SumToOne" computerName="jronehuynhs-MacBook-Pro" duration="00:00:00.0053806" startTime="2026-07-20T11:15:41.0971070+07:00" endTime="2026-07-20T11:15:41.0974440+07:00" testType="13cdc9d9-ddb5-4fa4-a97d-d965ccfc6d4b" outcome="Passed" testListId="8c84fa94-04c1-424b-9868-57a2d4851a1d" relativeResultsDirectory="8acac41b-c306-4ed6-9cb8-430345cc9bbb" />
    <UnitTestResult executionId="d35d4848-2344-4d3b-92a6-aac20f6135be" testId="11b62da1-1640-149a-8fc9-cc296caad299" testName="TaskGenie.Tests.Domain.AiEvidenceDomainTests.Attachment_RejectsNegativeSize" computerName="jronehuynhs-MacBook-Pro" duration="00:00:00.0037490" startTime="2026-07-20T11:15:41.2258410+07:00" endTime="2026-07-20T11:15:41.2270600+07:00" testType="13cdc9d9-ddb5-4fa4-a97d-d965ccfc6d4b" outcome="Passed" testListId="8c84fa94-04c1-424b-9868-57a2d4851a1d" relativeResultsDirectory="d35d4848-2344-4d3b-92a6-aac20f6135be" />
    <UnitTestResult executionId="1c336e3a-321a-4c81-9299-9a3cdbc91e35" testId="022fba4d-da5c-5074-9648-baa645d4a225" testName="TaskGenie.Tests.AI.RiskScoringEngineTests.Calculate_MissingDeadline_AppliesUncertaintyScore" computerName="jronehuynhs-MacBook-Pro" duration="00:00:00.0017494" startTime="2026-07-20T11:15:41.2492890+07:00" endTime="2026-07-20T11:15:41.2493400+07:00" testType="13cdc9d9-ddb5-4fa4-a97d-d965ccfc6d4b" outcome="Passed" testListId="8c84fa94-04c1-424b-9868-57a2d4851a1d" relativeResultsDirectory="1c336e3a-321a-4c81-9299-9a3cdbc91e35" />
    <UnitTestResult executionId="dc1235a3-8624-4d84-b7d2-993f1662547e" testId="ca20c685-295d-f817-9db3-ea124b023d2f" testName="TaskGenie.Tests.Infrastructure.AppDbContextModelTests.Model_SeedsFiveActiveRiskRules" computerName="jronehuynhs-MacBook-Pro" duration="00:00:00.4394331" startTime="2026-07-20T11:15:42.8726380+07:00" endTime="2026-07-20T11:15:43.3111570+07:00" testType="13cdc9d9-ddb5-4fa4-a97d-d965ccfc6d4b" outcome="Passed" testListId="8c84fa94-04c1-424b-9868-57a2d4851a1d" relativeResultsDirectory="dc1235a3-8624-4d84-b7d2-993f1662547e" />
    <UnitTestResult executionId="b8e56b8b-75c0-41fc-8427-f24c9e71d0a1" testId="53c04a3a-2855-e4ce-ec76-bfecd6e6694c" testName="TaskGenie.Tests.Infrastructure.AppDbContextModelTests.Model_MapsRequiredAiAndEvidenceTables(entityType: typeof(TaskGenie.Domain.Entities.RiskScoreHistory), expectedTable: &quot;risk_score_history&quot;)" computerName="jronehuynhs-MacBook-Pro" duration="00:00:00.0301484" startTime="2026-07-20T11:15:42.8008680+07:00" endTime="2026-07-20T11:15:42.8280270+07:00" testType="13cdc9d9-ddb5-4fa4-a97d-d965ccfc6d4b" outcome="Passed" testListId="8c84fa94-04c1-424b-9868-57a2d4851a1d" relativeResultsDirectory="b8e56b8b-75c0-41fc-8427-f24c9e71d0a1" />
    <UnitTestResult executionId="a92a2a89-d040-4472-aff5-b89d427e6ee4" testId="441541e7-4993-4353-f01c-d3f92625ef16" testName="TaskGenie.Tests.Domain.AiEvidenceDomainTests.TaskEvidence_AcceptsHttpsUrl" computerName="jronehuynhs-MacBook-Pro" duration="00:00:00.0062633" startTime="2026-07-20T11:15:41.2283660+07:00" endTime="2026-07-20T11:15:41.2284200+07:00" testType="13cdc9d9-ddb5-4fa4-a97d-d965ccfc6d4b" outcome="Passed" testListId="8c84fa94-04c1-424b-9868-57a2d4851a1d" relativeResultsDirectory="a92a2a89-d040-4472-aff5-b89d427e6ee4" />
    <UnitTestResult executionId="278cc951-1877-43e4-ad42-3273b8f5d9ef" testId="fb6ee4f5-6a6e-a055-cd96-c0a8919b0701" testName="TaskGenie.Tests.Infrastructure.AppDbContextModelTests.Model_MapsRequiredAiAndEvidenceTables(entityType: typeof(TaskGenie.Domain.Entities.RiskFactor), expectedTable: &quot;risk_factors&quot;)" computerName="jronehuynhs-MacBook-Pro" duration="00:00:02.0083191" startTime="2026-07-20T11:15:40.9785230+07:00" endTime="2026-07-20T11:15:42.7977530+07:00" testType="13cdc9d9-ddb5-4fa4-a97d-d965ccfc6d4b" outcome="Passed" testListId="8c84fa94-04c1-424b-9868-57a2d4851a1d" relativeResultsDirectory="278cc951-1877-43e4-ad42-3273b8f5d9ef" />
    <UnitTestResult executionId="71a3efb4-4087-4dc0-b9a9-8b3e0a8b0ed6" testId="c830a69e-128b-1e9c-02df-3cda70933df7" testName="TaskGenie.Tests.Domain.AiEvidenceDomainTests.TaskEvidence_RejectsUnsafeOrRelativeUrls(url: &quot;javascript:alert(1)&quot;)" computerName="jronehuynhs-MacBook-Pro" duration="00:00:00.0012815" startTime="2026-07-20T11:15:41.2241710+07:00" endTime="2026-07-20T11:15:41.2250830+07:00" testType="13cdc9d9-ddb5-4fa4-a97d-d965ccfc6d4b" outcome="Passed" testListId="8c84fa94-04c1-424b-9868-57a2d4851a1d" relativeResultsDirectory="71a3efb4-4087-4dc0-b9a9-8b3e0a8b0ed6" />
    <UnitTestResult executionId="c796a190-15cc-4965-b512-babc3fdb06ef" testId="bc4a5ca0-eb7c-9a85-f9e7-90204ea6c38e" testName="TaskGenie.Tests.AI.RiskScoringEngineTests.Calculate_NoHistory_AppliesDocumentedBaseline" computerName="jronehuynhs-MacBook-Pro" duration="00:00:00.0072640" startTime="2026-07-20T11:15:41.2486120+07:00" endTime="2026-07-20T11:15:41.2486850+07:00" testType="13cdc9d9-ddb5-4fa4-a97d-d965ccfc6d4b" outcome="Passed" testListId="8c84fa94-04c1-424b-9868-57a2d4851a1d" relativeResultsDirectory="c796a190-15cc-4965-b512-babc3fdb06ef" />
    <UnitTestResult executionId="7cf3046d-8389-4dd5-b678-0b641cba6bc2" testId="da1919b8-6a53-c48a-cfcd-a6d20c28954a" testName="TaskGenie.Tests.Domain.AiEvidenceDomainTests.RiskRule_RejectsInvalidWeight" computerName="jronehuynhs-MacBook-Pro" duration="00:00:00.0037237" startTime="2026-07-20T11:15:41.2288740+07:00" endTime="2026-07-20T11:15:41.2340830+07:00" testType="13cdc9d9-ddb5-4fa4-a97d-d965ccfc6d4b" outcome="Passed" testListId="8c84fa94-04c1-424b-9868-57a2d4851a1d" relativeResultsDirectory="7cf3046d-8389-4dd5-b678-0b641cba6bc2" />
    <UnitTestResult executionId="7d46ae11-daea-47ab-8a06-16cf0be330df" testId="e1633008-c891-2dbd-d71b-dcbe4274f498" testName="TaskGenie.Tests.AI.RiskScoringEngineTests.GetRiskLevel_UsesDocumentedBoundaries(score: 79,989999999999995, expected: &quot;HIGH&quot;)" computerName="jronehuynhs-MacBook-Pro" duration="00:00:00.0000598" startTime="2026-07-20T11:15:41.1922130+07:00" endTime="2026-07-20T11:15:41.1930930+07:00" testType="13cdc9d9-ddb5-4fa4-a97d-d965ccfc6d4b" outcome="Passed" testListId="8c84fa94-04c1-424b-9868-57a2d4851a1d" relativeResultsDirectory="7d46ae11-daea-47ab-8a06-16cf0be330df" />
    <UnitTestResult executionId="a5b3b93a-a26b-4c20-906c-f958a297c9c7" testId="97724db8-2291-13b9-0e83-9e4a96fca6db" testName="TaskGenie.Tests.Application.AnalyzeTaskRiskCommandHandlerTests.Handle_UnknownTask_ReturnsNullWithoutCallingAi" computerName="jronehuynhs-MacBook-Pro" duration="00:00:00.0140956" startTime="2026-07-20T11:15:41.6923270+07:00" endTime="2026-07-20T11:15:41.6942160+07:00" testType="13cdc9d9-ddb5-4fa4-a97d-d965ccfc6d4b" outcome="Passed" testListId="8c84fa94-04c1-424b-9868-57a2d4851a1d" relativeResultsDirectory="a5b3b93a-a26b-4c20-906c-f958a297c9c7" />
    <UnitTestResult executionId="c65593f8-0730-4f4b-9da6-b5267bb45b80" testId="dd2d9444-1fa8-9c9d-9a6f-53d2040e04c2" testName="TaskGenie.Tests.AI.AssignmentScoringEngineTests.Calculate_ClampsProviderValuesToValidRange" computerName="jronehuynhs-MacBook-Pro" duration="00:00:00.0405215" startTime="2026-07-20T11:15:40.9933060+07:00" endTime="2026-07-20T11:15:41.0231020+07:00" testType="13cdc9d9-ddb5-4fa4-a97d-d965ccfc6d4b" outcome="Passed" testListId="8c84fa94-04c1-424b-9868-57a2d4851a1d" relativeResultsDirectory="c65593f8-0730-4f4b-9da6-b5267bb45b80" />
    <UnitTestResult executionId="9b50547e-48a9-4c7b-b410-965fc5eff217" testId="d1a9d34c-475f-5219-b0e6-b0074a066964" testName="TaskGenie.Tests.AI.AssignmentScoringEngineTests.Calculate_UsesDocumentedWeights" computerName="jronehuynhs-MacBook-Pro" duration="00:00:00.0007666" startTime="2026-07-20T11:15:41.2249240+07:00" endTime="2026-07-20T11:15:41.2258950+07:00" testType="13cdc9d9-ddb5-4fa4-a97d-d965ccfc6d4b" outcome="Passed" testListId="8c84fa94-04c1-424b-9868-57a2d4851a1d" relativeResultsDirectory="9b50547e-48a9-4c7b-b410-965fc5eff217" />
    <UnitTestResult executionId="e96f111d-b35e-4d0d-a9d3-04c5c689e9aa" testId="b14739f2-7b58-8cd9-dddc-3afd3d8dd794" testName="TaskGenie.Tests.AI.RiskScoringEngineTests.Calculate_StaleProgressUpdate_IncreasesProgressRisk" computerName="jronehuynhs-MacBook-Pro" duration="00:00:00.0017974" startTime="2026-07-20T11:15:41.2515480+07:00" endTime="2026-07-20T11:15:41.2516060+07:00" testType="13cdc9d9-ddb5-4fa4-a97d-d965ccfc6d4b" outcome="Passed" testListId="8c84fa94-04c1-424b-9868-57a2d4851a1d" relativeResultsDirectory="e96f111d-b35e-4d0d-a9d3-04c5c689e9aa" />
    <UnitTestResult executionId="cba00551-b259-4658-aeb6-4b886cc478ec" testId="6180deb2-915a-17c8-9098-52901640b576" testName="TaskGenie.Tests.Domain.AiEvidenceDomainTests.TaskEvidence_RequiresAttachmentOrUrl" computerName="jronehuynhs-MacBook-Pro" duration="00:00:00.0025280" startTime="2026-07-20T11:15:41.2277960+07:00" endTime="2026-07-20T11:15:41.2278540+07:00" testType="13cdc9d9-ddb5-4fa4-a97d-d965ccfc6d4b" outcome="Passed" testListId="8c84fa94-04c1-424b-9868-57a2d4851a1d" relativeResultsDirectory="cba00551-b259-4658-aeb6-4b886cc478ec" />
    <UnitTestResult executionId="d2052358-3601-4e36-bf13-66ec8aef09f3" testId="c5652504-f09b-8a71-8865-7469edbe8e1b" testName="TaskGenie.Tests.AI.RiskScoringEngineTests.GetRiskLevel_UsesDocumentedBoundaries(score: 29,989999999999998, expected: &quot;LOW&quot;)" computerName="jronehuynhs-MacBook-Pro" duration="00:00:00.0000062" startTime="2026-07-20T11:15:41.1991710+07:00" endTime="2026-07-20T11:15:41.1992400+07:00" testType="13cdc9d9-ddb5-4fa4-a97d-d965ccfc6d4b" outcome="Passed" testListId="8c84fa94-04c1-424b-9868-57a2d4851a1d" relativeResultsDirectory="d2052358-3601-4e36-bf13-66ec8aef09f3" />
    <UnitTestResult executionId="9d3b2aab-8383-4f17-8bb5-851e83136963" testId="23642089-a808-2511-97c1-00b67892ba70" testName="TaskGenie.Tests.AI.AssignmentScoringEngineTests.Calculate_WorkloadBreaksTieBetweenOtherwiseEqualCandidates" computerName="jronehuynhs-MacBook-Pro" duration="00:00:00.0013733" startTime="2026-07-20T11:15:41.2265670+07:00" endTime="2026-07-20T11:15:41.2266470+07:00" testType="13cdc9d9-ddb5-4fa4-a97d-d965ccfc6d4b" outcome="Passed" testListId="8c84fa94-04c1-424b-9868-57a2d4851a1d" relativeResultsDirectory="9d3b2aab-8383-4f17-8bb5-851e83136963" />
    <UnitTestResult executionId="f1e87276-7902-4654-b787-51ca7bd79e08" testId="88adb2ee-113b-3f50-89d4-cea8d94cec3c" testName="TaskGenie.Tests.Infrastructure.AppDbContextModelTests.Model_MapsRequiredAiAndEvidenceTables(entityType: typeof(TaskGenie.Domain.Entities.AiExecutionLog), expectedTable: &quot;ai_execution_logs&quot;)" computerName="jronehuynhs-MacBook-Pro" duration="00:00:00.0003144" startTime="2026-07-20T11:15:42.8716070+07:00" endTime="2026-07-20T11:15:42.8716600+07:00" testType="13cdc9d9-ddb5-4fa4-a97d-d965ccfc6d4b" outcome="Passed" testListId="8c84fa94-04c1-424b-9868-57a2d4851a1d" relativeResultsDirectory="f1e87276-7902-4654-b787-51ca7bd79e08" />
    <UnitTestResult executionId="c07e5aac-fa4a-428f-8960-170e034ba2e2" testId="b26402a3-474a-96f0-8562-6ebf5fc70e97" testName="TaskGenie.Tests.AI.RiskScoringEngineTests.Calculate_ReportedBlocker_EscalatesDependencyFactor" computerName="jronehuynhs-MacBook-Pro" duration="00:00:00.0122120" startTime="2026-07-20T11:15:41.2503470+07:00" endTime="2026-07-20T11:15:41.2503960+07:00" testType="13cdc9d9-ddb5-4fa4-a97d-d965ccfc6d4b" outcome="Passed" testListId="8c84fa94-04c1-424b-9868-57a2d4851a1d" relativeResultsDirectory="c07e5aac-fa4a-428f-8960-170e034ba2e2" />
    <UnitTestResult executionId="d45da598-9ea0-41d4-a33b-1817c5da6ad9" testId="14aff89c-4711-69bc-6507-12ede3808a80" testName="TaskGenie.Tests.Infrastructure.AppDbContextModelTests.Model_MapsRequiredAiAndEvidenceTables(entityType: typeof(TaskGenie.Domain.Entities.TaskEvidence), expectedTable: &quot;task_evidences&quot;)" computerName="jronehuynhs-MacBook-Pro" duration="00:00:00.0001622" startTime="2026-07-20T11:15:42.8721100+07:00" endTime="2026-07-20T11:15:42.8721560+07:00" testType="13cdc9d9-ddb5-4fa4-a97d-d965ccfc6d4b" outcome="Passed" testListId="8c84fa94-04c1-424b-9868-57a2d4851a1d" relativeResultsDirectory="d45da598-9ea0-41d4-a33b-1817c5da6ad9" />
    <UnitTestResult executionId="33416215-2d20-4ab7-9528-d561535e8dd5" testId="2dc5d78b-93ef-0de2-517f-f6f8970d8ded" testName="TaskGenie.Tests.Application.GetAssignmentRecommendationsCommandHandlerTests.Handle_RanksCandidatesPersistsBreakdownAndExecutionLog" computerName="jronehuynhs-MacBook-Pro" duration="00:00:00.3051040" startTime="2026-07-20T11:15:41.3252310+07:00" endTime="2026-07-20T11:15:41.6291670+07:00" testType="13cdc9d9-ddb5-4fa4-a97d-d965ccfc6d4b" outcome="Passed" testListId="8c84fa94-04c1-424b-9868-57a2d4851a1d" relativeResultsDirectory="33416215-2d20-4ab7-9528-d561535e8dd5" />
    <UnitTestResult executionId="24e5acf4-9531-45ce-97c1-72153909604e" testId="c21a9b8e-79ce-462b-c8b4-1f218b20e120" testName="TaskGenie.Tests.AI.RiskScoringEngineTests.GetRiskLevel_UsesDocumentedBoundaries(score: 60, expected: &quot;HIGH&quot;)" computerName="jronehuynhs-MacBook-Pro" duration="00:00:00.0000022" startTime="2026-07-20T11:15:41.1982600+07:00" endTime="2026-07-20T11:15:41.1983300+07:00" testType="13cdc9d9-ddb5-4fa4-a97d-d965ccfc6d4b" outcome="Passed" testListId="8c84fa94-04c1-424b-9868-57a2d4851a1d" relativeResultsDirectory="24e5acf4-9531-45ce-97c1-72153909604e" />
    <UnitTestResult executionId="c7566f2b-ff02-4502-90d1-8ced605aa704" testId="85d35fb7-4f9b-591a-d856-2a1b9a5fdee5" testName="TaskGenie.Tests.AI.RiskScoringEngineTests.Calculate_PoorDeadlineHistory_ProducesHighHistoricalFactor" computerName="jronehuynhs-MacBook-Pro" duration="00:00:00.0892301" startTime="2026-07-20T11:15:41.2014540+07:00" endTime="2026-07-20T11:15:41.2476400+07:00" testType="13cdc9d9-ddb5-4fa4-a97d-d965ccfc6d4b" outcome="Passed" testListId="8c84fa94-04c1-424b-9868-57a2d4851a1d" relativeResultsDirectory="c7566f2b-ff02-4502-90d1-8ced605aa704" />
    <UnitTestResult executionId="74a3b289-7d20-4d28-aa68-548875deab16" testId="da6d9e8f-91cd-b1f3-b006-20cdbefd9f39" testName="TaskGenie.Tests.Domain.AiEvidenceDomainTests.Task_SetRiskAssessment_NormalizesLevel" computerName="jronehuynhs-MacBook-Pro" duration="00:00:00.0026937" startTime="2026-07-20T11:15:41.2387290+07:00" endTime="2026-07-20T11:15:41.2388260+07:00" testType="13cdc9d9-ddb5-4fa4-a97d-d965ccfc6d4b" outcome="Passed" testListId="8c84fa94-04c1-424b-9868-57a2d4851a1d" relativeResultsDirectory="74a3b289-7d20-4d28-aa68-548875deab16" />
    <UnitTestResult executionId="b761039b-cc12-4bac-9aa1-41f0db80f53e" testId="bfb568b0-a15f-c961-4cc9-83fa4965bc93" testName="TaskGenie.Tests.Domain.AiEvidenceDomainTests.TaskEvidence_RejectsUnsafeOrRelativeUrls(url: &quot;ftp://example.com/file&quot;)" computerName="jronehuynhs-MacBook-Pro" duration="00:00:00.0087212" startTime="2026-07-20T11:15:41.0966830+07:00" endTime="2026-07-20T11:15:41.2015340+07:00" testType="13cdc9d9-ddb5-4fa4-a97d-d965ccfc6d4b" outcome="Passed" testListId="8c84fa94-04c1-424b-9868-57a2d4851a1d" relativeResultsDirectory="b761039b-cc12-4bac-9aa1-41f0db80f53e" />
    <UnitTestResult executionId="9ed24613-14f4-4c5d-8855-90fbf37d6cbd" testId="6ecce614-9bde-9507-a4f3-88bcde95b087" testName="TaskGenie.Tests.AI.RiskScoringEngineTests.Calculate_CompletedTask_ReturnsZeroLowRisk" computerName="jronehuynhs-MacBook-Pro" duration="00:00:00.0144457" startTime="2026-07-20T11:15:41.2498180+07:00" endTime="2026-07-20T11:15:41.2498680+07:00" testType="13cdc9d9-ddb5-4fa4-a97d-d965ccfc6d4b" outcome="Passed" testListId="8c84fa94-04c1-424b-9868-57a2d4851a1d" relativeResultsDirectory="9ed24613-14f4-4c5d-8855-90fbf37d6cbd" />
    <UnitTestResult executionId="dc0d8264-cfdb-48c8-b44c-5be6b13a2985" testId="b61a4a90-fa2a-461e-7f14-9233d26ca01b" testName="TaskGenie.Tests.AI.RiskScoringEngineTests.GetRiskLevel_UsesDocumentedBoundaries(score: 0, expected: &quot;LOW&quot;)" computerName="jronehuynhs-MacBook-Pro" duration="00:00:00.0000033" startTime="2026-07-20T11:15:41.1972670+07:00" endTime="2026-07-20T11:15:41.1973400+07:00" testType="13cdc9d9-ddb5-4fa4-a97d-d965ccfc6d4b" outcome="Passed" testListId="8c84fa94-04c1-424b-9868-57a2d4851a1d" relativeResultsDirectory="dc0d8264-cfdb-48c8-b44c-5be6b13a2985" />
    <UnitTestResult executionId="ecf81a92-b501-4335-9145-b327f332a431" testId="64dbe7ef-03c6-c41e-19d0-b0cb3c129b1e" testName="TaskGenie.Tests.Domain.AiEvidenceDomainTests.TaskEvidence_RejectsUnsafeOrRelativeUrls(url: &quot;relative/path&quot;)" computerName="jronehuynhs-MacBook-Pro" duration="00:00:00.0016891" startTime="2026-07-20T11:15:41.2216560+07:00" endTime="2026-07-20T11:15:41.2218930+07:00" testType="13cdc9d9-ddb5-4fa4-a97d-d965ccfc6d4b" outcome="Passed" testListId="8c84fa94-04c1-424b-9868-57a2d4851a1d" relativeResultsDirectory="ecf81a92-b501-4335-9145-b327f332a431" />
    <UnitTestResult executionId="d914452c-b9e3-4ca7-8f91-0b845fd70db3" testId="0e3374fc-6f14-0a88-b184-43fb5c76ce3f" testName="TaskGenie.Tests.AI.AssignmentScoringEngineTests.Calculate_BetterSkillMatch_HasLargestSingleComponentImpact" computerName="jronehuynhs-MacBook-Pro" duration="00:00:00.0034213" startTime="2026-07-20T11:15:41.1929210+07:00" endTime="2026-07-20T11:15:41.2240270+07:00" testType="13cdc9d9-ddb5-4fa4-a97d-d965ccfc6d4b" outcome="Passed" testListId="8c84fa94-04c1-424b-9868-57a2d4851a1d" relativeResultsDirectory="d914452c-b9e3-4ca7-8f91-0b845fd70db3" />
    <UnitTestResult executionId="148f6b75-9eaa-4614-8399-998df9121582" testId="03293b4b-554a-73c6-aeda-676046cd6517" testName="TaskGenie.Tests.Domain.AiEvidenceDomainTests.Recommendation_RecordsAcceptDecision" computerName="jronehuynhs-MacBook-Pro" duration="00:00:00.0396109" startTime="2026-07-20T11:15:40.9932590+07:00" endTime="2026-07-20T11:15:41.0274750+07:00" testType="13cdc9d9-ddb5-4fa4-a97d-d965ccfc6d4b" outcome="Passed" testListId="8c84fa94-04c1-424b-9868-57a2d4851a1d" relativeResultsDirectory="148f6b75-9eaa-4614-8399-998df9121582" />
    <UnitTestResult executionId="e5633fef-73f7-49cc-a70e-61f65f52e1bf" testId="a88d0eb4-c3fb-ace5-8746-bb692d219e54" testName="TaskGenie.Tests.AI.RiskScoringEngineTests.GetRiskLevel_UsesDocumentedBoundaries(score: 30, expected: &quot;MEDIUM&quot;)" computerName="jronehuynhs-MacBook-Pro" duration="00:00:00.0226908" startTime="2026-07-20T11:15:40.9908070+07:00" endTime="2026-07-20T11:15:41.0031950+07:00" testType="13cdc9d9-ddb5-4fa4-a97d-d965ccfc6d4b" outcome="Passed" testListId="8c84fa94-04c1-424b-9868-57a2d4851a1d" relativeResultsDirectory="e5633fef-73f7-49cc-a70e-61f65f52e1bf" />
    <UnitTestResult executionId="e2359e8d-128d-449d-801f-6581c99d7037" testId="780171ab-82bb-86e9-20b9-e29136de58b5" testName="TaskGenie.Tests.AI.RiskScoringEngineTests.GetRiskLevel_UsesDocumentedBoundaries(score: 100, expected: &quot;CRITICAL&quot;)" computerName="jronehuynhs-MacBook-Pro" duration="00:00:00.0046676" startTime="2026-07-20T11:15:41.0955500+07:00" endTime="2026-07-20T11:15:41.0976510+07:00" testType="13cdc9d9-ddb5-4fa4-a97d-d965ccfc6d4b" outcome="Passed" testListId="8c84fa94-04c1-424b-9868-57a2d4851a1d" relativeResultsDirectory="e2359e8d-128d-449d-801f-6581c99d7037" />
    <UnitTestResult executionId="100fe631-9f95-41f2-9a2a-500fb9213688" testId="2a658927-1306-7850-57b4-fed1b9eaf3ed" testName="TaskGenie.Tests.AI.RiskScoringEngineTests.GetRiskLevel_UsesDocumentedBoundaries(score: 59,990000000000002, expected: &quot;MEDIUM&quot;)" computerName="jronehuynhs-MacBook-Pro" duration="00:00:00.0000028" startTime="2026-07-20T11:15:41.2001770+07:00" endTime="2026-07-20T11:15:41.2002610+07:00" testType="13cdc9d9-ddb5-4fa4-a97d-d965ccfc6d4b" outcome="Passed" testListId="8c84fa94-04c1-424b-9868-57a2d4851a1d" relativeResultsDirectory="100fe631-9f95-41f2-9a2a-500fb9213688" />
    <UnitTestResult executionId="4255a7de-3a8d-45e7-94a7-5e274f4cadc9" testId="e425c92c-aa8d-5ae2-b0ea-2bc152e39a24" testName="TaskGenie.Tests.AI.RiskScoringEngineTests.Calculate_NoAssignee_AppliesWorkloadPenalty" computerName="jronehuynhs-MacBook-Pro" duration="00:00:00.0004069" startTime="2026-07-20T11:15:41.2552670+07:00" endTime="2026-07-20T11:15:41.2553450+07:00" testType="13cdc9d9-ddb5-4fa4-a97d-d965ccfc6d4b" outcome="Passed" testListId="8c84fa94-04c1-424b-9868-57a2d4851a1d" relativeResultsDirectory="4255a7de-3a8d-45e7-94a7-5e274f4cadc9" />
    <UnitTestResult executionId="0b09aafa-53fe-4da5-bb87-f6bcb63de8fa" testId="5d7a63bf-a727-a38f-9eb2-4d61c2432297" testName="TaskGenie.Tests.AI.RiskScoringEngineTests.Calculate_OverdueTask_DeadlineFactorIsMaximum" computerName="jronehuynhs-MacBook-Pro" duration="00:00:00.0030591" startTime="2026-07-20T11:15:41.2565710+07:00" endTime="2026-07-20T11:15:41.2566210+07:00" testType="13cdc9d9-ddb5-4fa4-a97d-d965ccfc6d4b" outcome="Passed" testListId="8c84fa94-04c1-424b-9868-57a2d4851a1d" relativeResultsDirectory="0b09aafa-53fe-4da5-bb87-f6bcb63de8fa" />
    <UnitTestResult executionId="7342e4d0-28d4-43d4-afee-e9f7036082f7" testId="7e955ce8-8d51-25af-eb8a-dee5c5a79c8b" testName="TaskGenie.Tests.Application.CreateTaskEvidenceCommandHandlerTests.Handle_OversizedAttachment_IsRejected" computerName="jronehuynhs-MacBook-Pro" duration="00:00:00.0076046" startTime="2026-07-20T11:15:41.3395860+07:00" endTime="2026-07-20T11:15:41.3467660+07:00" testType="13cdc9d9-ddb5-4fa4-a97d-d965ccfc6d4b" outcome="Passed" testListId="8c84fa94-04c1-424b-9868-57a2d4851a1d" relativeResultsDirectory="7342e4d0-28d4-43d4-afee-e9f7036082f7" />
    <UnitTestResult executionId="d237bfc7-fe69-4df2-ab80-bc5703ae0b22" testId="f68d306d-0286-5b9b-35af-3ca8dc8eab66" testName="TaskGenie.Tests.Application.GetAssignmentRecommendationsCommandHandlerTests.Handle_WrongProject_RejectsRequestBeforeScoring" computerName="jronehuynhs-MacBook-Pro" duration="00:00:00.5339189" startTime="2026-07-20T11:15:40.9932840+07:00" endTime="2026-07-20T11:15:41.3234410+07:00" testType="13cdc9d9-ddb5-4fa4-a97d-d965ccfc6d4b" outcome="Passed" testListId="8c84fa94-04c1-424b-9868-57a2d4851a1d" relativeResultsDirectory="d237bfc7-fe69-4df2-ab80-bc5703ae0b22" />
    <UnitTestResult executionId="90251af1-c092-4db1-abdd-988e71ba38ef" testId="7290fcdf-d1d6-cee8-dce0-04fc0bbf4be4" testName="TaskGenie.Tests.AI.RiskScoringEngineTests.GetRiskLevel_UsesDocumentedBoundaries(score: 80, expected: &quot;CRITICAL&quot;)" computerName="jronehuynhs-MacBook-Pro" duration="00:00:00.0000121" startTime="2026-07-20T11:15:41.1959540+07:00" endTime="2026-07-20T11:15:41.1960430+07:00" testType="13cdc9d9-ddb5-4fa4-a97d-d965ccfc6d4b" outcome="Passed" testListId="8c84fa94-04c1-424b-9868-57a2d4851a1d" relativeResultsDirectory="90251af1-c092-4db1-abdd-988e71ba38ef" />
    <UnitTestResult executionId="85bac901-2010-4ad9-ae92-418158299d69" testId="b9c87edb-0357-bef3-d5e7-0e60f8ef5452" testName="TaskGenie.Tests.Application.CreateTaskEvidenceCommandHandlerTests.Handle_ValidUrlEvidence_PersistsAndReturnsDto" computerName="jronehuynhs-MacBook-Pro" duration="00:00:00.5377718" startTime="2026-07-20T11:15:40.9931330+07:00" endTime="2026-07-20T11:15:41.3265830+07:00" testType="13cdc9d9-ddb5-4fa4-a97d-d965ccfc6d4b" outcome="Passed" testListId="8c84fa94-04c1-424b-9868-57a2d4851a1d" relativeResultsDirectory="85bac901-2010-4ad9-ae92-418158299d69" />
    <UnitTestResult executionId="dd82cbde-08ce-4e3a-a7c0-7ed123f72afc" testId="1f8adff5-8c5b-fdc1-0eec-c7a6f1c60c38" testName="TaskGenie.Tests.Application.AnalyzeTaskRiskCommandHandlerTests.Handle_ProviderFailure_PersistsExplainableFallbackAndUpdatesTask" computerName="jronehuynhs-MacBook-Pro" duration="00:00:00.7840746" startTime="2026-07-20T11:15:41.2475680+07:00" endTime="2026-07-20T11:15:41.6792910+07:00" testType="13cdc9d9-ddb5-4fa4-a97d-d965ccfc6d4b" outcome="Passed" testListId="8c84fa94-04c1-424b-9868-57a2d4851a1d" relativeResultsDirectory="dd82cbde-08ce-4e3a-a7c0-7ed123f72afc" />
    <UnitTestResult executionId="9e5024db-99c0-4404-804b-9480eae67ed6" testId="4a21f389-3eac-d26d-63a8-709c0f989ee7" testName="TaskGenie.Tests.Application.CreateTaskEvidenceCommandHandlerTests.Handle_DisallowedMimeType_IsRejected" computerName="jronehuynhs-MacBook-Pro" duration="00:00:00.0109056" startTime="2026-07-20T11:15:41.3273270+07:00" endTime="2026-07-20T11:15:41.3383480+07:00" testType="13cdc9d9-ddb5-4fa4-a97d-d965ccfc6d4b" outcome="Passed" testListId="8c84fa94-04c1-424b-9868-57a2d4851a1d" relativeResultsDirectory="9e5024db-99c0-4404-804b-9480eae67ed6" />
    <UnitTestResult executionId="98075628-19ac-4255-b726-1f26989b8cb2" testId="fdcec592-90da-192c-8000-1078aa647385" testName="TaskGenie.Tests.Infrastructure.AppDbContextModelTests.Model_MapsRequiredAiAndEvidenceTables(entityType: typeof(TaskGenie.Domain.Entities.RiskRule), expectedTable: &quot;risk_rules&quot;)" computerName="jronehuynhs-MacBook-Pro" duration="00:00:00.0023434" startTime="2026-07-20T11:15:42.8696610+07:00" endTime="2026-07-20T11:15:42.8710560+07:00" testType="13cdc9d9-ddb5-4fa4-a97d-d965ccfc6d4b" outcome="Passed" testListId="8c84fa94-04c1-424b-9868-57a2d4851a1d" relativeResultsDirectory="98075628-19ac-4255-b726-1f26989b8cb2" />
    <UnitTestResult executionId="c75480eb-0502-490f-8695-a7af5c20df07" testId="816c58b9-f887-021a-7eff-f8192e5bcfcc" testName="TaskGenie.Tests.AI.RiskScoringEngineTests.Calculate_AlwaysReturnsFiveExplainableFactors" computerName="jronehuynhs-MacBook-Pro" duration="00:00:00.0095413" startTime="2026-07-20T11:15:41.2560090+07:00" endTime="2026-07-20T11:15:41.2560610+07:00" testType="13cdc9d9-ddb5-4fa4-a97d-d965ccfc6d4b" outcome="Passed" testListId="8c84fa94-04c1-424b-9868-57a2d4851a1d" relativeResultsDirectory="c75480eb-0502-490f-8695-a7af5c20df07" />
    <UnitTestResult executionId="e191a8cb-09c2-4384-857e-a9f3afe1f6f8" testId="d3574e84-0f90-d2d9-defd-389165578fc8" testName="TaskGenie.Tests.AI.RiskScoringEngineTests.Calculate_CustomWeights_AreNormalizedToOne" computerName="jronehuynhs-MacBook-Pro" duration="00:00:00.0076976" startTime="2026-07-20T11:15:41.2529030+07:00" endTime="2026-07-20T11:15:41.2529770+07:00" testType="13cdc9d9-ddb5-4fa4-a97d-d965ccfc6d4b" outcome="Passed" testListId="8c84fa94-04c1-424b-9868-57a2d4851a1d" relativeResultsDirectory="e191a8cb-09c2-4384-857e-a9f3afe1f6f8" />
    <UnitTestResult executionId="cb4753b5-13f8-4842-a8d7-00e8d0018eda" testId="0fba9406-c120-0a8c-5926-7a75abb31506" testName="TaskGenie.Tests.Infrastructure.AppDbContextModelTests.Model_MapsRequiredAiAndEvidenceTables(entityType: typeof(TaskGenie.Domain.Entities.Attachment), expectedTable: &quot;attachments&quot;)" computerName="jronehuynhs-MacBook-Pro" duration="00:00:00.0403255" startTime="2026-07-20T11:15:42.8301450+07:00" endTime="2026-07-20T11:15:42.8685550+07:00" testType="13cdc9d9-ddb5-4fa4-a97d-d965ccfc6d4b" outcome="Passed" testListId="8c84fa94-04c1-424b-9868-57a2d4851a1d" relativeResultsDirectory="cb4753b5-13f8-4842-a8d7-00e8d0018eda" />
  </Results>
  <TestDefinitions>
    <UnitTest name="TaskGenie.Tests.Application.CreateTaskEvidenceCommandHandlerTests.Handle_DisallowedMimeType_IsRejected" storage="/users/jronehuynh/downloads/taskgeniev2-main/tests/taskgenie.tests/bin/debug/net10.0/taskgenie.tests.dll" id="4a21f389-3eac-d26d-63a8-709c0f989ee7">
      <Execution id="9e5024db-99c0-4404-804b-9480eae67ed6" />
      <TestMethod codeBase="/Users/jronehuynh/Downloads/TaskGenieV2-main/tests/TaskGenie.Tests/bin/Debug/net10.0/TaskGenie.Tests.dll" adapterTypeName="executor://xunit/VsTestRunner3/netcore/" className="TaskGenie.Tests.Application.CreateTaskEvidenceCommandHandlerTests" name="Handle_DisallowedMimeType_IsRejected" />
    </UnitTest>
    <UnitTest name="TaskGenie.Tests.AI.RiskScoringEngineTests.Calculate_NoHistory_AppliesDocumentedBaseline" storage="/users/jronehuynh/downloads/taskgeniev2-main/tests/taskgenie.tests/bin/debug/net10.0/taskgenie.tests.dll" id="bc4a5ca0-eb7c-9a85-f9e7-90204ea6c38e">
      <Execution id="c796a190-15cc-4965-b512-babc3fdb06ef" />
      <TestMethod codeBase="/Users/jronehuynh/Downloads/TaskGenieV2-main/tests/TaskGenie.Tests/bin/Debug/net10.0/TaskGenie.Tests.dll" adapterTypeName="executor://xunit/VsTestRunner3/netcore/" className="TaskGenie.Tests.AI.RiskScoringEngineTests" name="Calculate_NoHistory_AppliesDocumentedBaseline" />
    </UnitTest>
    <UnitTest name="TaskGenie.Tests.Domain.AiEvidenceDomainTests.TaskEvidence_RejectsUnsafeOrRelativeUrls(url: &quot;ftp://example.com/file&quot;)" storage="/users/jronehuynh/downloads/taskgeniev2-main/tests/taskgenie.tests/bin/debug/net10.0/taskgenie.tests.dll" id="bfb568b0-a15f-c961-4cc9-83fa4965bc93">
      <Execution id="b761039b-cc12-4bac-9aa1-41f0db80f53e" />
      <TestMethod codeBase="/Users/jronehuynh/Downloads/TaskGenieV2-main/tests/TaskGenie.Tests/bin/Debug/net10.0/TaskGenie.Tests.dll" adapterTypeName="executor://xunit/VsTestRunner3/netcore/" className="TaskGenie.Tests.Domain.AiEvidenceDomainTests" name="TaskEvidence_RejectsUnsafeOrRelativeUrls" />
    </UnitTest>
    <UnitTest name="TaskGenie.Tests.Domain.AiEvidenceDomainTests.TaskEvidence_AcceptsHttpsUrl" storage="/users/jronehuynh/downloads/taskgeniev2-main/tests/taskgenie.tests/bin/debug/net10.0/taskgenie.tests.dll" id="441541e7-4993-4353-f01c-d3f92625ef16">
      <Execution id="a92a2a89-d040-4472-aff5-b89d427e6ee4" />
      <TestMethod codeBase="/Users/jronehuynh/Downloads/TaskGenieV2-main/tests/TaskGenie.Tests/bin/Debug/net10.0/TaskGenie.Tests.dll" adapterTypeName="executor://xunit/VsTestRunner3/netcore/" className="TaskGenie.Tests.Domain.AiEvidenceDomainTests" name="TaskEvidence_AcceptsHttpsUrl" />
    </UnitTest>
    <UnitTest name="TaskGenie.Tests.AI.AssignmentScoringEngineTests.Calculate_ClampsProviderValuesToValidRange" storage="/users/jronehuynh/downloads/taskgeniev2-main/tests/taskgenie.tests/bin/debug/net10.0/taskgenie.tests.dll" id="dd2d9444-1fa8-9c9d-9a6f-53d2040e04c2">
      <Execution id="c65593f8-0730-4f4b-9da6-b5267bb45b80" />
      <TestMethod codeBase="/Users/jronehuynh/Downloads/TaskGenieV2-main/tests/TaskGenie.Tests/bin/Debug/net10.0/TaskGenie.Tests.dll" adapterTypeName="executor://xunit/VsTestRunner3/netcore/" className="TaskGenie.Tests.AI.AssignmentScoringEngineTests" name="Calculate_ClampsProviderValuesToValidRange" />
    </UnitTest>
    <UnitTest name="TaskGenie.Tests.AI.RiskScoringEngineTests.GetRiskLevel_UsesDocumentedBoundaries(score: 100, expected: &quot;CRITICAL&quot;)" storage="/users/jronehuynh/downloads/taskgeniev2-main/tests/taskgenie.tests/bin/debug/net10.0/taskgenie.tests.dll" id="780171ab-82bb-86e9-20b9-e29136de58b5">
      <Execution id="e2359e8d-128d-449d-801f-6581c99d7037" />
      <TestMethod codeBase="/Users/jronehuynh/Downloads/TaskGenieV2-main/tests/TaskGenie.Tests/bin/Debug/net10.0/TaskGenie.Tests.dll" adapterTypeName="executor://xunit/VsTestRunner3/netcore/" className="TaskGenie.Tests.AI.RiskScoringEngineTests" name="GetRiskLevel_UsesDocumentedBoundaries" />
    </UnitTest>
    <UnitTest name="TaskGenie.Tests.Application.CreateTaskEvidenceCommandHandlerTests.Handle_OversizedAttachment_IsRejected" storage="/users/jronehuynh/downloads/taskgeniev2-main/tests/taskgenie.tests/bin/debug/net10.0/taskgenie.tests.dll" id="7e955ce8-8d51-25af-eb8a-dee5c5a79c8b">
      <Execution id="7342e4d0-28d4-43d4-afee-e9f7036082f7" />
      <TestMethod codeBase="/Users/jronehuynh/Downloads/TaskGenieV2-main/tests/TaskGenie.Tests/bin/Debug/net10.0/TaskGenie.Tests.dll" adapterTypeName="executor://xunit/VsTestRunner3/netcore/" className="TaskGenie.Tests.Application.CreateTaskEvidenceCommandHandlerTests" name="Handle_OversizedAttachment_IsRejected" />
    </UnitTest>
    <UnitTest name="TaskGenie.Tests.AI.AssignmentScoringEngineTests.Calculate_UsesDocumentedWeights" storage="/users/jronehuynh/downloads/taskgeniev2-main/tests/taskgenie.tests/bin/debug/net10.0/taskgenie.tests.dll" id="d1a9d34c-475f-5219-b0e6-b0074a066964">
      <Execution id="9b50547e-48a9-4c7b-b410-965fc5eff217" />
      <TestMethod codeBase="/Users/jronehuynh/Downloads/TaskGenieV2-main/tests/TaskGenie.Tests/bin/Debug/net10.0/TaskGenie.Tests.dll" adapterTypeName="executor://xunit/VsTestRunner3/netcore/" className="TaskGenie.Tests.AI.AssignmentScoringEngineTests" name="Calculate_UsesDocumentedWeights" />
    </UnitTest>
    <UnitTest name="TaskGenie.Tests.AI.AssignmentScoringEngineTests.Weights_SumToOne" storage="/users/jronehuynh/downloads/taskgeniev2-main/tests/taskgenie.tests/bin/debug/net10.0/taskgenie.tests.dll" id="f0c9a006-e20e-9b05-e327-0fc43f2c152d">
      <Execution id="8acac41b-c306-4ed6-9cb8-430345cc9bbb" />
      <TestMethod codeBase="/Users/jronehuynh/Downloads/TaskGenieV2-main/tests/TaskGenie.Tests/bin/Debug/net10.0/TaskGenie.Tests.dll" adapterTypeName="executor://xunit/VsTestRunner3/netcore/" className="TaskGenie.Tests.AI.AssignmentScoringEngineTests" name="Weights_SumToOne" />
    </UnitTest>
    <UnitTest name="TaskGenie.Tests.AI.RiskScoringEngineTests.Calculate_ReportedBlocker_EscalatesDependencyFactor" storage="/users/jronehuynh/downloads/taskgeniev2-main/tests/taskgenie.tests/bin/debug/net10.0/taskgenie.tests.dll" id="b26402a3-474a-96f0-8562-6ebf5fc70e97">
      <Execution id="c07e5aac-fa4a-428f-8960-170e034ba2e2" />
      <TestMethod codeBase="/Users/jronehuynh/Downloads/TaskGenieV2-main/tests/TaskGenie.Tests/bin/Debug/net10.0/TaskGenie.Tests.dll" adapterTypeName="executor://xunit/VsTestRunner3/netcore/" className="TaskGenie.Tests.AI.RiskScoringEngineTests" name="Calculate_ReportedBlocker_EscalatesDependencyFactor" />
    </UnitTest>
    <UnitTest name="TaskGenie.Tests.AI.RiskScoringEngineTests.Calculate_NoAssignee_AppliesWorkloadPenalty" storage="/users/jronehuynh/downloads/taskgeniev2-main/tests/taskgenie.tests/bin/debug/net10.0/taskgenie.tests.dll" id="e425c92c-aa8d-5ae2-b0ea-2bc152e39a24">
      <Execution id="4255a7de-3a8d-45e7-94a7-5e274f4cadc9" />
      <TestMethod codeBase="/Users/jronehuynh/Downloads/TaskGenieV2-main/tests/TaskGenie.Tests/bin/Debug/net10.0/TaskGenie.Tests.dll" adapterTypeName="executor://xunit/VsTestRunner3/netcore/" className="TaskGenie.Tests.AI.RiskScoringEngineTests" name="Calculate_NoAssignee_AppliesWorkloadPenalty" />
    </UnitTest>
    <UnitTest name="TaskGenie.Tests.AI.RiskScoringEngineTests.GetRiskLevel_UsesDocumentedBoundaries(score: 59,990000000000002, expected: &quot;MEDIUM&quot;)" storage="/users/jronehuynh/downloads/taskgeniev2-main/tests/taskgenie.tests/bin/debug/net10.0/taskgenie.tests.dll" id="2a658927-1306-7850-57b4-fed1b9eaf3ed">
      <Execution id="100fe631-9f95-41f2-9a2a-500fb9213688" />
      <TestMethod codeBase="/Users/jronehuynh/Downloads/TaskGenieV2-main/tests/TaskGenie.Tests/bin/Debug/net10.0/TaskGenie.Tests.dll" adapterTypeName="executor://xunit/VsTestRunner3/netcore/" className="TaskGenie.Tests.AI.RiskScoringEngineTests" name="GetRiskLevel_UsesDocumentedBoundaries" />
    </UnitTest>
    <UnitTest name="TaskGenie.Tests.Domain.AiEvidenceDomainTests.Recommendation_RecordsAcceptDecision" storage="/users/jronehuynh/downloads/taskgeniev2-main/tests/taskgenie.tests/bin/debug/net10.0/taskgenie.tests.dll" id="03293b4b-554a-73c6-aeda-676046cd6517">
      <Execution id="148f6b75-9eaa-4614-8399-998df9121582" />
      <TestMethod codeBase="/Users/jronehuynh/Downloads/TaskGenieV2-main/tests/TaskGenie.Tests/bin/Debug/net10.0/TaskGenie.Tests.dll" adapterTypeName="executor://xunit/VsTestRunner3/netcore/" className="TaskGenie.Tests.Domain.AiEvidenceDomainTests" name="Recommendation_RecordsAcceptDecision" />
    </UnitTest>
    <UnitTest name="TaskGenie.Tests.AI.AssignmentScoringEngineTests.Calculate_WorkloadBreaksTieBetweenOtherwiseEqualCandidates" storage="/users/jronehuynh/downloads/taskgeniev2-main/tests/taskgenie.tests/bin/debug/net10.0/taskgenie.tests.dll" id="23642089-a808-2511-97c1-00b67892ba70">
      <Execution id="9d3b2aab-8383-4f17-8bb5-851e83136963" />
      <TestMethod codeBase="/Users/jronehuynh/Downloads/TaskGenieV2-main/tests/TaskGenie.Tests/bin/Debug/net10.0/TaskGenie.Tests.dll" adapterTypeName="executor://xunit/VsTestRunner3/netcore/" className="TaskGenie.Tests.AI.AssignmentScoringEngineTests" name="Calculate_WorkloadBreaksTieBetweenOtherwiseEqualCandidates" />
    </UnitTest>
    <UnitTest name="TaskGenie.Tests.Domain.AiEvidenceDomainTests.Attachment_RejectsNegativeSize" storage="/users/jronehuynh/downloads/taskgeniev2-main/tests/taskgenie.tests/bin/debug/net10.0/taskgenie.tests.dll" id="11b62da1-1640-149a-8fc9-cc296caad299">
      <Execution id="d35d4848-2344-4d3b-92a6-aac20f6135be" />
      <TestMethod codeBase="/Users/jronehuynh/Downloads/TaskGenieV2-main/tests/TaskGenie.Tests/bin/Debug/net10.0/TaskGenie.Tests.dll" adapterTypeName="executor://xunit/VsTestRunner3/netcore/" className="TaskGenie.Tests.Domain.AiEvidenceDomainTests" name="Attachment_RejectsNegativeSize" />
    </UnitTest>
    <UnitTest name="TaskGenie.Tests.Domain.AiEvidenceDomainTests.TaskEvidence_RejectsUnsafeOrRelativeUrls(url: &quot;relative/path&quot;)" storage="/users/jronehuynh/downloads/taskgeniev2-main/tests/taskgenie.tests/bin/debug/net10.0/taskgenie.tests.dll" id="64dbe7ef-03c6-c41e-19d0-b0cb3c129b1e">
      <Execution id="ecf81a92-b501-4335-9145-b327f332a431" />
      <TestMethod codeBase="/Users/jronehuynh/Downloads/TaskGenieV2-main/tests/TaskGenie.Tests/bin/Debug/net10.0/TaskGenie.Tests.dll" adapterTypeName="executor://xunit/VsTestRunner3/netcore/" className="TaskGenie.Tests.Domain.AiEvidenceDomainTests" name="TaskEvidence_RejectsUnsafeOrRelativeUrls" />
    </UnitTest>
    <UnitTest name="TaskGenie.Tests.AI.AssignmentScoringEngineTests.Calculate_BetterSkillMatch_HasLargestSingleComponentImpact" storage="/users/jronehuynh/downloads/taskgeniev2-main/tests/taskgenie.tests/bin/debug/net10.0/taskgenie.tests.dll" id="0e3374fc-6f14-0a88-b184-43fb5c76ce3f">
      <Execution id="d914452c-b9e3-4ca7-8f91-0b845fd70db3" />
      <TestMethod codeBase="/Users/jronehuynh/Downloads/TaskGenieV2-main/tests/TaskGenie.Tests/bin/Debug/net10.0/TaskGenie.Tests.dll" adapterTypeName="executor://xunit/VsTestRunner3/netcore/" className="TaskGenie.Tests.AI.AssignmentScoringEngineTests" name="Calculate_BetterSkillMatch_HasLargestSingleComponentImpact" />
    </UnitTest>
    <UnitTest name="TaskGenie.Tests.Application.AnalyzeTaskRiskCommandHandlerTests.Handle_UnknownTask_ReturnsNullWithoutCallingAi" storage="/users/jronehuynh/downloads/taskgeniev2-main/tests/taskgenie.tests/bin/debug/net10.0/taskgenie.tests.dll" id="97724db8-2291-13b9-0e83-9e4a96fca6db">
      <Execution id="a5b3b93a-a26b-4c20-906c-f958a297c9c7" />
      <TestMethod codeBase="/Users/jronehuynh/Downloads/TaskGenieV2-main/tests/TaskGenie.Tests/bin/Debug/net10.0/TaskGenie.Tests.dll" adapterTypeName="executor://xunit/VsTestRunner3/netcore/" className="TaskGenie.Tests.Application.AnalyzeTaskRiskCommandHandlerTests" name="Handle_UnknownTask_ReturnsNullWithoutCallingAi" />
    </UnitTest>
    <UnitTest name="TaskGenie.Tests.AI.RiskScoringEngineTests.Calculate_CustomWeights_AreNormalizedToOne" storage="/users/jronehuynh/downloads/taskgeniev2-main/tests/taskgenie.tests/bin/debug/net10.0/taskgenie.tests.dll" id="d3574e84-0f90-d2d9-defd-389165578fc8">
      <Execution id="e191a8cb-09c2-4384-857e-a9f3afe1f6f8" />
      <TestMethod codeBase="/Users/jronehuynh/Downloads/TaskGenieV2-main/tests/TaskGenie.Tests/bin/Debug/net10.0/TaskGenie.Tests.dll" adapterTypeName="executor://xunit/VsTestRunner3/netcore/" className="TaskGenie.Tests.AI.RiskScoringEngineTests" name="Calculate_CustomWeights_AreNormalizedToOne" />
    </UnitTest>
    <UnitTest name="TaskGenie.Tests.AI.RiskScoringEngineTests.Calculate_OverdueTask_DeadlineFactorIsMaximum" storage="/users/jronehuynh/downloads/taskgeniev2-main/tests/taskgenie.tests/bin/debug/net10.0/taskgenie.tests.dll" id="5d7a63bf-a727-a38f-9eb2-4d61c2432297">
      <Execution id="0b09aafa-53fe-4da5-bb87-f6bcb63de8fa" />
      <TestMethod codeBase="/Users/jronehuynh/Downloads/TaskGenieV2-main/tests/TaskGenie.Tests/bin/Debug/net10.0/TaskGenie.Tests.dll" adapterTypeName="executor://xunit/VsTestRunner3/netcore/" className="TaskGenie.Tests.AI.RiskScoringEngineTests" name="Calculate_OverdueTask_DeadlineFactorIsMaximum" />
    </UnitTest>
    <UnitTest name="TaskGenie.Tests.AI.RiskScoringEngineTests.GetRiskLevel_UsesDocumentedBoundaries(score: 29,989999999999998, expected: &quot;LOW&quot;)" storage="/users/jronehuynh/downloads/taskgeniev2-main/tests/taskgenie.tests/bin/debug/net10.0/taskgenie.tests.dll" id="c5652504-f09b-8a71-8865-7469edbe8e1b">
      <Execution id="d2052358-3601-4e36-bf13-66ec8aef09f3" />
      <TestMethod codeBase="/Users/jronehuynh/Downloads/TaskGenieV2-main/tests/TaskGenie.Tests/bin/Debug/net10.0/TaskGenie.Tests.dll" adapterTypeName="executor://xunit/VsTestRunner3/netcore/" className="TaskGenie.Tests.AI.RiskScoringEngineTests" name="GetRiskLevel_UsesDocumentedBoundaries" />
    </UnitTest>
    <UnitTest name="TaskGenie.Tests.AI.RiskScoringEngineTests.GetRiskLevel_UsesDocumentedBoundaries(score: 79,989999999999995, expected: &quot;HIGH&quot;)" storage="/users/jronehuynh/downloads/taskgeniev2-main/tests/taskgenie.tests/bin/debug/net10.0/taskgenie.tests.dll" id="e1633008-c891-2dbd-d71b-dcbe4274f498">
      <Execution id="7d46ae11-daea-47ab-8a06-16cf0be330df" />
      <TestMethod codeBase="/Users/jronehuynh/Downloads/TaskGenieV2-main/tests/TaskGenie.Tests/bin/Debug/net10.0/TaskGenie.Tests.dll" adapterTypeName="executor://xunit/VsTestRunner3/netcore/" className="TaskGenie.Tests.AI.RiskScoringEngineTests" name="GetRiskLevel_UsesDocumentedBoundaries" />
    </UnitTest>
    <UnitTest name="TaskGenie.Tests.Domain.AiEvidenceDomainTests.RiskRule_RejectsInvalidWeight" storage="/users/jronehuynh/downloads/taskgeniev2-main/tests/taskgenie.tests/bin/debug/net10.0/taskgenie.tests.dll" id="da1919b8-6a53-c48a-cfcd-a6d20c28954a">
      <Execution id="7cf3046d-8389-4dd5-b678-0b641cba6bc2" />
      <TestMethod codeBase="/Users/jronehuynh/Downloads/TaskGenieV2-main/tests/TaskGenie.Tests/bin/Debug/net10.0/TaskGenie.Tests.dll" adapterTypeName="executor://xunit/VsTestRunner3/netcore/" className="TaskGenie.Tests.Domain.AiEvidenceDomainTests" name="RiskRule_RejectsInvalidWeight" />
    </UnitTest>
    <UnitTest name="TaskGenie.Tests.Application.GetAssignmentRecommendationsCommandHandlerTests.Handle_WrongProject_RejectsRequestBeforeScoring" storage="/users/jronehuynh/downloads/taskgeniev2-main/tests/taskgenie.tests/bin/debug/net10.0/taskgenie.tests.dll" id="f68d306d-0286-5b9b-35af-3ca8dc8eab66">
      <Execution id="d237bfc7-fe69-4df2-ab80-bc5703ae0b22" />
      <TestMethod codeBase="/Users/jronehuynh/Downloads/TaskGenieV2-main/tests/TaskGenie.Tests/bin/Debug/net10.0/TaskGenie.Tests.dll" adapterTypeName="executor://xunit/VsTestRunner3/netcore/" className="TaskGenie.Tests.Application.GetAssignmentRecommendationsCommandHandlerTests" name="Handle_WrongProject_RejectsRequestBeforeScoring" />
    </UnitTest>
    <UnitTest name="TaskGenie.Tests.AI.RiskScoringEngineTests.Calculate_MissingDeadline_AppliesUncertaintyScore" storage="/users/jronehuynh/downloads/taskgeniev2-main/tests/taskgenie.tests/bin/debug/net10.0/taskgenie.tests.dll" id="022fba4d-da5c-5074-9648-baa645d4a225">
      <Execution id="1c336e3a-321a-4c81-9299-9a3cdbc91e35" />
      <TestMethod codeBase="/Users/jronehuynh/Downloads/TaskGenieV2-main/tests/TaskGenie.Tests/bin/Debug/net10.0/TaskGenie.Tests.dll" adapterTypeName="executor://xunit/VsTestRunner3/netcore/" className="TaskGenie.Tests.AI.RiskScoringEngineTests" name="Calculate_MissingDeadline_AppliesUncertaintyScore" />
    </UnitTest>
    <UnitTest name="TaskGenie.Tests.Infrastructure.AppDbContextModelTests.Model_MapsRequiredAiAndEvidenceTables(entityType: typeof(TaskGenie.Domain.Entities.RiskFactor), expectedTable: &quot;risk_factors&quot;)" storage="/users/jronehuynh/downloads/taskgeniev2-main/tests/taskgenie.tests/bin/debug/net10.0/taskgenie.tests.dll" id="fb6ee4f5-6a6e-a055-cd96-c0a8919b0701">
      <Execution id="278cc951-1877-43e4-ad42-3273b8f5d9ef" />
      <TestMethod codeBase="/Users/jronehuynh/Downloads/TaskGenieV2-main/tests/TaskGenie.Tests/bin/Debug/net10.0/TaskGenie.Tests.dll" adapterTypeName="executor://xunit/VsTestRunner3/netcore/" className="TaskGenie.Tests.Infrastructure.AppDbContextModelTests" name="Model_MapsRequiredAiAndEvidenceTables" />
    </UnitTest>
    <UnitTest name="TaskGenie.Tests.Infrastructure.AppDbContextModelTests.Model_MapsRequiredAiAndEvidenceTables(entityType: typeof(TaskGenie.Domain.Entities.RiskRule), expectedTable: &quot;risk_rules&quot;)" storage="/users/jronehuynh/downloads/taskgeniev2-main/tests/taskgenie.tests/bin/debug/net10.0/taskgenie.tests.dll" id="fdcec592-90da-192c-8000-1078aa647385">
      <Execution id="98075628-19ac-4255-b726-1f26989b8cb2" />
      <TestMethod codeBase="/Users/jronehuynh/Downloads/TaskGenieV2-main/tests/TaskGenie.Tests/bin/Debug/net10.0/TaskGenie.Tests.dll" adapterTypeName="executor://xunit/VsTestRunner3/netcore/" className="TaskGenie.Tests.Infrastructure.AppDbContextModelTests" name="Model_MapsRequiredAiAndEvidenceTables" />
    </UnitTest>
    <UnitTest name="TaskGenie.Tests.Application.AnalyzeTaskRiskCommandHandlerTests.Handle_ProviderFailure_PersistsExplainableFallbackAndUpdatesTask" storage="/users/jronehuynh/downloads/taskgeniev2-main/tests/taskgenie.tests/bin/debug/net10.0/taskgenie.tests.dll" id="1f8adff5-8c5b-fdc1-0eec-c7a6f1c60c38">
      <Execution id="dd82cbde-08ce-4e3a-a7c0-7ed123f72afc" />
      <TestMethod codeBase="/Users/jronehuynh/Downloads/TaskGenieV2-main/tests/TaskGenie.Tests/bin/Debug/net10.0/TaskGenie.Tests.dll" adapterTypeName="executor://xunit/VsTestRunner3/netcore/" className="TaskGenie.Tests.Application.AnalyzeTaskRiskCommandHandlerTests" name="Handle_ProviderFailure_PersistsExplainableFallbackAndUpdatesTask" />
    </UnitTest>
    <UnitTest name="TaskGenie.Tests.AI.RiskScoringEngineTests.GetRiskLevel_UsesDocumentedBoundaries(score: 80, expected: &quot;CRITICAL&quot;)" storage="/users/jronehuynh/downloads/taskgeniev2-main/tests/taskgenie.tests/bin/debug/net10.0/taskgenie.tests.dll" id="7290fcdf-d1d6-cee8-dce0-04fc0bbf4be4">
      <Execution id="90251af1-c092-4db1-abdd-988e71ba38ef" />
      <TestMethod codeBase="/Users/jronehuynh/Downloads/TaskGenieV2-main/tests/TaskGenie.Tests/bin/Debug/net10.0/TaskGenie.Tests.dll" adapterTypeName="executor://xunit/VsTestRunner3/netcore/" className="TaskGenie.Tests.AI.RiskScoringEngineTests" name="GetRiskLevel_UsesDocumentedBoundaries" />
    </UnitTest>
    <UnitTest name="TaskGenie.Tests.Application.GetAssignmentRecommendationsCommandHandlerTests.Handle_RanksCandidatesPersistsBreakdownAndExecutionLog" storage="/users/jronehuynh/downloads/taskgeniev2-main/tests/taskgenie.tests/bin/debug/net10.0/taskgenie.tests.dll" id="2dc5d78b-93ef-0de2-517f-f6f8970d8ded">
      <Execution id="33416215-2d20-4ab7-9528-d561535e8dd5" />
      <TestMethod codeBase="/Users/jronehuynh/Downloads/TaskGenieV2-main/tests/TaskGenie.Tests/bin/Debug/net10.0/TaskGenie.Tests.dll" adapterTypeName="executor://xunit/VsTestRunner3/netcore/" className="TaskGenie.Tests.Application.GetAssignmentRecommendationsCommandHandlerTests" name="Handle_RanksCandidatesPersistsBreakdownAndExecutionLog" />
    </UnitTest>
    <UnitTest name="TaskGenie.Tests.Application.CreateTaskEvidenceCommandHandlerTests.Handle_ValidUrlEvidence_PersistsAndReturnsDto" storage="/users/jronehuynh/downloads/taskgeniev2-main/tests/taskgenie.tests/bin/debug/net10.0/taskgenie.tests.dll" id="b9c87edb-0357-bef3-d5e7-0e60f8ef5452">
      <Execution id="85bac901-2010-4ad9-ae92-418158299d69" />
      <TestMethod codeBase="/Users/jronehuynh/Downloads/TaskGenieV2-main/tests/TaskGenie.Tests/bin/Debug/net10.0/TaskGenie.Tests.dll" adapterTypeName="executor://xunit/VsTestRunner3/netcore/" className="TaskGenie.Tests.Application.CreateTaskEvidenceCommandHandlerTests" name="Handle_ValidUrlEvidence_PersistsAndReturnsDto" />
    </UnitTest>
    <UnitTest name="TaskGenie.Tests.AI.RiskScoringEngineTests.Calculate_StaleProgressUpdate_IncreasesProgressRisk" storage="/users/jronehuynh/downloads/taskgeniev2-main/tests/taskgenie.tests/bin/debug/net10.0/taskgenie.tests.dll" id="b14739f2-7b58-8cd9-dddc-3afd3d8dd794">
      <Execution id="e96f111d-b35e-4d0d-a9d3-04c5c689e9aa" />
      <TestMethod codeBase="/Users/jronehuynh/Downloads/TaskGenieV2-main/tests/TaskGenie.Tests/bin/Debug/net10.0/TaskGenie.Tests.dll" adapterTypeName="executor://xunit/VsTestRunner3/netcore/" className="TaskGenie.Tests.AI.RiskScoringEngineTests" name="Calculate_StaleProgressUpdate_IncreasesProgressRisk" />
    </UnitTest>
    <UnitTest name="TaskGenie.Tests.AI.RiskScoringEngineTests.Calculate_PoorDeadlineHistory_ProducesHighHistoricalFactor" storage="/users/jronehuynh/downloads/taskgeniev2-main/tests/taskgenie.tests/bin/debug/net10.0/taskgenie.tests.dll" id="85d35fb7-4f9b-591a-d856-2a1b9a5fdee5">
      <Execution id="c7566f2b-ff02-4502-90d1-8ced605aa704" />
      <TestMethod codeBase="/Users/jronehuynh/Downloads/TaskGenieV2-main/tests/TaskGenie.Tests/bin/Debug/net10.0/TaskGenie.Tests.dll" adapterTypeName="executor://xunit/VsTestRunner3/netcore/" className="TaskGenie.Tests.AI.RiskScoringEngineTests" name="Calculate_PoorDeadlineHistory_ProducesHighHistoricalFactor" />
    </UnitTest>
    <UnitTest name="TaskGenie.Tests.AI.RiskScoringEngineTests.Calculate_CompletedTask_ReturnsZeroLowRisk" storage="/users/jronehuynh/downloads/taskgeniev2-main/tests/taskgenie.tests/bin/debug/net10.0/taskgenie.tests.dll" id="6ecce614-9bde-9507-a4f3-88bcde95b087">
      <Execution id="9ed24613-14f4-4c5d-8855-90fbf37d6cbd" />
      <TestMethod codeBase="/Users/jronehuynh/Downloads/TaskGenieV2-main/tests/TaskGenie.Tests/bin/Debug/net10.0/TaskGenie.Tests.dll" adapterTypeName="executor://xunit/VsTestRunner3/netcore/" className="TaskGenie.Tests.AI.RiskScoringEngineTests" name="Calculate_CompletedTask_ReturnsZeroLowRisk" />
    </UnitTest>
    <UnitTest name="TaskGenie.Tests.AI.RiskScoringEngineTests.GetRiskLevel_UsesDocumentedBoundaries(score: 0, expected: &quot;LOW&quot;)" storage="/users/jronehuynh/downloads/taskgeniev2-main/tests/taskgenie.tests/bin/debug/net10.0/taskgenie.tests.dll" id="b61a4a90-fa2a-461e-7f14-9233d26ca01b">
      <Execution id="dc0d8264-cfdb-48c8-b44c-5be6b13a2985" />
      <TestMethod codeBase="/Users/jronehuynh/Downloads/TaskGenieV2-main/tests/TaskGenie.Tests/bin/Debug/net10.0/TaskGenie.Tests.dll" adapterTypeName="executor://xunit/VsTestRunner3/netcore/" className="TaskGenie.Tests.AI.RiskScoringEngineTests" name="GetRiskLevel_UsesDocumentedBoundaries" />
    </UnitTest>
    <UnitTest name="TaskGenie.Tests.Domain.AiEvidenceDomainTests.Task_SetRiskAssessment_NormalizesLevel" storage="/users/jronehuynh/downloads/taskgeniev2-main/tests/taskgenie.tests/bin/debug/net10.0/taskgenie.tests.dll" id="da6d9e8f-91cd-b1f3-b006-20cdbefd9f39">
      <Execution id="74a3b289-7d20-4d28-aa68-548875deab16" />
      <TestMethod codeBase="/Users/jronehuynh/Downloads/TaskGenieV2-main/tests/TaskGenie.Tests/bin/Debug/net10.0/TaskGenie.Tests.dll" adapterTypeName="executor://xunit/VsTestRunner3/netcore/" className="TaskGenie.Tests.Domain.AiEvidenceDomainTests" name="Task_SetRiskAssessment_NormalizesLevel" />
    </UnitTest>
    <UnitTest name="TaskGenie.Tests.Infrastructure.AppDbContextModelTests.Model_MapsRequiredAiAndEvidenceTables(entityType: typeof(TaskGenie.Domain.Entities.RiskScoreHistory), expectedTable: &quot;risk_score_history&quot;)" storage="/users/jronehuynh/downloads/taskgeniev2-main/tests/taskgenie.tests/bin/debug/net10.0/taskgenie.tests.dll" id="53c04a3a-2855-e4ce-ec76-bfecd6e6694c">
      <Execution id="b8e56b8b-75c0-41fc-8427-f24c9e71d0a1" />
      <TestMethod codeBase="/Users/jronehuynh/Downloads/TaskGenieV2-main/tests/TaskGenie.Tests/bin/Debug/net10.0/TaskGenie.Tests.dll" adapterTypeName="executor://xunit/VsTestRunner3/netcore/" className="TaskGenie.Tests.Infrastructure.AppDbContextModelTests" name="Model_MapsRequiredAiAndEvidenceTables" />
    </UnitTest>
    <UnitTest name="TaskGenie.Tests.Infrastructure.AppDbContextModelTests.Model_SeedsFiveActiveRiskRules" storage="/users/jronehuynh/downloads/taskgeniev2-main/tests/taskgenie.tests/bin/debug/net10.0/taskgenie.tests.dll" id="ca20c685-295d-f817-9db3-ea124b023d2f">
      <Execution id="dc1235a3-8624-4d84-b7d2-993f1662547e" />
      <TestMethod codeBase="/Users/jronehuynh/Downloads/TaskGenieV2-main/tests/TaskGenie.Tests/bin/Debug/net10.0/TaskGenie.Tests.dll" adapterTypeName="executor://xunit/VsTestRunner3/netcore/" className="TaskGenie.Tests.Infrastructure.AppDbContextModelTests" name="Model_SeedsFiveActiveRiskRules" />
    </UnitTest>
    <UnitTest name="TaskGenie.Tests.AI.RiskScoringEngineTests.GetRiskLevel_UsesDocumentedBoundaries(score: 30, expected: &quot;MEDIUM&quot;)" storage="/users/jronehuynh/downloads/taskgeniev2-main/tests/taskgenie.tests/bin/debug/net10.0/taskgenie.tests.dll" id="a88d0eb4-c3fb-ace5-8746-bb692d219e54">
      <Execution id="e5633fef-73f7-49cc-a70e-61f65f52e1bf" />
      <TestMethod codeBase="/Users/jronehuynh/Downloads/TaskGenieV2-main/tests/TaskGenie.Tests/bin/Debug/net10.0/TaskGenie.Tests.dll" adapterTypeName="executor://xunit/VsTestRunner3/netcore/" className="TaskGenie.Tests.AI.RiskScoringEngineTests" name="GetRiskLevel_UsesDocumentedBoundaries" />
    </UnitTest>
    <UnitTest name="TaskGenie.Tests.AI.RiskScoringEngineTests.GetRiskLevel_UsesDocumentedBoundaries(score: 60, expected: &quot;HIGH&quot;)" storage="/users/jronehuynh/downloads/taskgeniev2-main/tests/taskgenie.tests/bin/debug/net10.0/taskgenie.tests.dll" id="c21a9b8e-79ce-462b-c8b4-1f218b20e120">
      <Execution id="24e5acf4-9531-45ce-97c1-72153909604e" />
      <TestMethod codeBase="/Users/jronehuynh/Downloads/TaskGenieV2-main/tests/TaskGenie.Tests/bin/Debug/net10.0/TaskGenie.Tests.dll" adapterTypeName="executor://xunit/VsTestRunner3/netcore/" className="TaskGenie.Tests.AI.RiskScoringEngineTests" name="GetRiskLevel_UsesDocumentedBoundaries" />
    </UnitTest>
    <UnitTest name="TaskGenie.Tests.Infrastructure.AppDbContextModelTests.Model_MapsRequiredAiAndEvidenceTables(entityType: typeof(TaskGenie.Domain.Entities.TaskEvidence), expectedTable: &quot;task_evidences&quot;)" storage="/users/jronehuynh/downloads/taskgeniev2-main/tests/taskgenie.tests/bin/debug/net10.0/taskgenie.tests.dll" id="14aff89c-4711-69bc-6507-12ede3808a80">
      <Execution id="d45da598-9ea0-41d4-a33b-1817c5da6ad9" />
      <TestMethod codeBase="/Users/jronehuynh/Downloads/TaskGenieV2-main/tests/TaskGenie.Tests/bin/Debug/net10.0/TaskGenie.Tests.dll" adapterTypeName="executor://xunit/VsTestRunner3/netcore/" className="TaskGenie.Tests.Infrastructure.AppDbContextModelTests" name="Model_MapsRequiredAiAndEvidenceTables" />
    </UnitTest>
    <UnitTest name="TaskGenie.Tests.Infrastructure.AppDbContextModelTests.Model_MapsRequiredAiAndEvidenceTables(entityType: typeof(TaskGenie.Domain.Entities.AiExecutionLog), expectedTable: &quot;ai_execution_logs&quot;)" storage="/users/jronehuynh/downloads/taskgeniev2-main/tests/taskgenie.tests/bin/debug/net10.0/taskgenie.tests.dll" id="88adb2ee-113b-3f50-89d4-cea8d94cec3c">
      <Execution id="f1e87276-7902-4654-b787-51ca7bd79e08" />
      <TestMethod codeBase="/Users/jronehuynh/Downloads/TaskGenieV2-main/tests/TaskGenie.Tests/bin/Debug/net10.0/TaskGenie.Tests.dll" adapterTypeName="executor://xunit/VsTestRunner3/netcore/" className="TaskGenie.Tests.Infrastructure.AppDbContextModelTests" name="Model_MapsRequiredAiAndEvidenceTables" />
    </UnitTest>
    <UnitTest name="TaskGenie.Tests.Infrastructure.AppDbContextModelTests.Model_MapsRequiredAiAndEvidenceTables(entityType: typeof(TaskGenie.Domain.Entities.Attachment), expectedTable: &quot;attachments&quot;)" storage="/users/jronehuynh/downloads/taskgeniev2-main/tests/taskgenie.tests/bin/debug/net10.0/taskgenie.tests.dll" id="0fba9406-c120-0a8c-5926-7a75abb31506">
      <Execution id="cb4753b5-13f8-4842-a8d7-00e8d0018eda" />
      <TestMethod codeBase="/Users/jronehuynh/Downloads/TaskGenieV2-main/tests/TaskGenie.Tests/bin/Debug/net10.0/TaskGenie.Tests.dll" adapterTypeName="executor://xunit/VsTestRunner3/netcore/" className="TaskGenie.Tests.Infrastructure.AppDbContextModelTests" name="Model_MapsRequiredAiAndEvidenceTables" />
    </UnitTest>
    <UnitTest name="TaskGenie.Tests.Domain.AiEvidenceDomainTests.TaskEvidence_RequiresAttachmentOrUrl" storage="/users/jronehuynh/downloads/taskgeniev2-main/tests/taskgenie.tests/bin/debug/net10.0/taskgenie.tests.dll" id="6180deb2-915a-17c8-9098-52901640b576">
      <Execution id="cba00551-b259-4658-aeb6-4b886cc478ec" />
      <TestMethod codeBase="/Users/jronehuynh/Downloads/TaskGenieV2-main/tests/TaskGenie.Tests/bin/Debug/net10.0/TaskGenie.Tests.dll" adapterTypeName="executor://xunit/VsTestRunner3/netcore/" className="TaskGenie.Tests.Domain.AiEvidenceDomainTests" name="TaskEvidence_RequiresAttachmentOrUrl" />
    </UnitTest>
    <UnitTest name="TaskGenie.Tests.AI.RiskScoringEngineTests.Calculate_AlwaysReturnsFiveExplainableFactors" storage="/users/jronehuynh/downloads/taskgeniev2-main/tests/taskgenie.tests/bin/debug/net10.0/taskgenie.tests.dll" id="816c58b9-f887-021a-7eff-f8192e5bcfcc">
      <Execution id="c75480eb-0502-490f-8695-a7af5c20df07" />
      <TestMethod codeBase="/Users/jronehuynh/Downloads/TaskGenieV2-main/tests/TaskGenie.Tests/bin/Debug/net10.0/TaskGenie.Tests.dll" adapterTypeName="executor://xunit/VsTestRunner3/netcore/" className="TaskGenie.Tests.AI.RiskScoringEngineTests" name="Calculate_AlwaysReturnsFiveExplainableFactors" />
    </UnitTest>
    <UnitTest name="TaskGenie.Tests.Domain.AiEvidenceDomainTests.TaskEvidence_RejectsUnsafeOrRelativeUrls(url: &quot;javascript:alert(1)&quot;)" storage="/users/jronehuynh/downloads/taskgeniev2-main/tests/taskgenie.tests/bin/debug/net10.0/taskgenie.tests.dll" id="c830a69e-128b-1e9c-02df-3cda70933df7">
      <Execution id="71a3efb4-4087-4dc0-b9a9-8b3e0a8b0ed6" />
      <TestMethod codeBase="/Users/jronehuynh/Downloads/TaskGenieV2-main/tests/TaskGenie.Tests/bin/Debug/net10.0/TaskGenie.Tests.dll" adapterTypeName="executor://xunit/VsTestRunner3/netcore/" className="TaskGenie.Tests.Domain.AiEvidenceDomainTests" name="TaskEvidence_RejectsUnsafeOrRelativeUrls" />
    </UnitTest>
  </TestDefinitions>
  <TestEntries>
    <TestEntry testId="f0c9a006-e20e-9b05-e327-0fc43f2c152d" executionId="8acac41b-c306-4ed6-9cb8-430345cc9bbb" testListId="8c84fa94-04c1-424b-9868-57a2d4851a1d" />
    <TestEntry testId="11b62da1-1640-149a-8fc9-cc296caad299" executionId="d35d4848-2344-4d3b-92a6-aac20f6135be" testListId="8c84fa94-04c1-424b-9868-57a2d4851a1d" />
    <TestEntry testId="022fba4d-da5c-5074-9648-baa645d4a225" executionId="1c336e3a-321a-4c81-9299-9a3cdbc91e35" testListId="8c84fa94-04c1-424b-9868-57a2d4851a1d" />
    <TestEntry testId="ca20c685-295d-f817-9db3-ea124b023d2f" executionId="dc1235a3-8624-4d84-b7d2-993f1662547e" testListId="8c84fa94-04c1-424b-9868-57a2d4851a1d" />
    <TestEntry testId="53c04a3a-2855-e4ce-ec76-bfecd6e6694c" executionId="b8e56b8b-75c0-41fc-8427-f24c9e71d0a1" testListId="8c84fa94-04c1-424b-9868-57a2d4851a1d" />
    <TestEntry testId="441541e7-4993-4353-f01c-d3f92625ef16" executionId="a92a2a89-d040-4472-aff5-b89d427e6ee4" testListId="8c84fa94-04c1-424b-9868-57a2d4851a1d" />
    <TestEntry testId="fb6ee4f5-6a6e-a055-cd96-c0a8919b0701" executionId="278cc951-1877-43e4-ad42-3273b8f5d9ef" testListId="8c84fa94-04c1-424b-9868-57a2d4851a1d" />
    <TestEntry testId="c830a69e-128b-1e9c-02df-3cda70933df7" executionId="71a3efb4-4087-4dc0-b9a9-8b3e0a8b0ed6" testListId="8c84fa94-04c1-424b-9868-57a2d4851a1d" />
    <TestEntry testId="bc4a5ca0-eb7c-9a85-f9e7-90204ea6c38e" executionId="c796a190-15cc-4965-b512-babc3fdb06ef" testListId="8c84fa94-04c1-424b-9868-57a2d4851a1d" />
    <TestEntry testId="da1919b8-6a53-c48a-cfcd-a6d20c28954a" executionId="7cf3046d-8389-4dd5-b678-0b641cba6bc2" testListId="8c84fa94-04c1-424b-9868-57a2d4851a1d" />
    <TestEntry testId="e1633008-c891-2dbd-d71b-dcbe4274f498" executionId="7d46ae11-daea-47ab-8a06-16cf0be330df" testListId="8c84fa94-04c1-424b-9868-57a2d4851a1d" />
    <TestEntry testId="97724db8-2291-13b9-0e83-9e4a96fca6db" executionId="a5b3b93a-a26b-4c20-906c-f958a297c9c7" testListId="8c84fa94-04c1-424b-9868-57a2d4851a1d" />
    <TestEntry testId="dd2d9444-1fa8-9c9d-9a6f-53d2040e04c2" executionId="c65593f8-0730-4f4b-9da6-b5267bb45b80" testListId="8c84fa94-04c1-424b-9868-57a2d4851a1d" />
    <TestEntry testId="d1a9d34c-475f-5219-b0e6-b0074a066964" executionId="9b50547e-48a9-4c7b-b410-965fc5eff217" testListId="8c84fa94-04c1-424b-9868-57a2d4851a1d" />
    <TestEntry testId="b14739f2-7b58-8cd9-dddc-3afd3d8dd794" executionId="e96f111d-b35e-4d0d-a9d3-04c5c689e9aa" testListId="8c84fa94-04c1-424b-9868-57a2d4851a1d" />
    <TestEntry testId="6180deb2-915a-17c8-9098-52901640b576" executionId="cba00551-b259-4658-aeb6-4b886cc478ec" testListId="8c84fa94-04c1-424b-9868-57a2d4851a1d" />
    <TestEntry testId="c5652504-f09b-8a71-8865-7469edbe8e1b" executionId="d2052358-3601-4e36-bf13-66ec8aef09f3" testListId="8c84fa94-04c1-424b-9868-57a2d4851a1d" />
    <TestEntry testId="23642089-a808-2511-97c1-00b67892ba70" executionId="9d3b2aab-8383-4f17-8bb5-851e83136963" testListId="8c84fa94-04c1-424b-9868-57a2d4851a1d" />
    <TestEntry testId="88adb2ee-113b-3f50-89d4-cea8d94cec3c" executionId="f1e87276-7902-4654-b787-51ca7bd79e08" testListId="8c84fa94-04c1-424b-9868-57a2d4851a1d" />
    <TestEntry testId="b26402a3-474a-96f0-8562-6ebf5fc70e97" executionId="c07e5aac-fa4a-428f-8960-170e034ba2e2" testListId="8c84fa94-04c1-424b-9868-57a2d4851a1d" />
    <TestEntry testId="14aff89c-4711-69bc-6507-12ede3808a80" executionId="d45da598-9ea0-41d4-a33b-1817c5da6ad9" testListId="8c84fa94-04c1-424b-9868-57a2d4851a1d" />
    <TestEntry testId="2dc5d78b-93ef-0de2-517f-f6f8970d8ded" executionId="33416215-2d20-4ab7-9528-d561535e8dd5" testListId="8c84fa94-04c1-424b-9868-57a2d4851a1d" />
    <TestEntry testId="c21a9b8e-79ce-462b-c8b4-1f218b20e120" executionId="24e5acf4-9531-45ce-97c1-72153909604e" testListId="8c84fa94-04c1-424b-9868-57a2d4851a1d" />
    <TestEntry testId="85d35fb7-4f9b-591a-d856-2a1b9a5fdee5" executionId="c7566f2b-ff02-4502-90d1-8ced605aa704" testListId="8c84fa94-04c1-424b-9868-57a2d4851a1d" />
    <TestEntry testId="da6d9e8f-91cd-b1f3-b006-20cdbefd9f39" executionId="74a3b289-7d20-4d28-aa68-548875deab16" testListId="8c84fa94-04c1-424b-9868-57a2d4851a1d" />
    <TestEntry testId="bfb568b0-a15f-c961-4cc9-83fa4965bc93" executionId="b761039b-cc12-4bac-9aa1-41f0db80f53e" testListId="8c84fa94-04c1-424b-9868-57a2d4851a1d" />
    <TestEntry testId="6ecce614-9bde-9507-a4f3-88bcde95b087" executionId="9ed24613-14f4-4c5d-8855-90fbf37d6cbd" testListId="8c84fa94-04c1-424b-9868-57a2d4851a1d" />
    <TestEntry testId="b61a4a90-fa2a-461e-7f14-9233d26ca01b" executionId="dc0d8264-cfdb-48c8-b44c-5be6b13a2985" testListId="8c84fa94-04c1-424b-9868-57a2d4851a1d" />
    <TestEntry testId="64dbe7ef-03c6-c41e-19d0-b0cb3c129b1e" executionId="ecf81a92-b501-4335-9145-b327f332a431" testListId="8c84fa94-04c1-424b-9868-57a2d4851a1d" />
    <TestEntry testId="0e3374fc-6f14-0a88-b184-43fb5c76ce3f" executionId="d914452c-b9e3-4ca7-8f91-0b845fd70db3" testListId="8c84fa94-04c1-424b-9868-57a2d4851a1d" />
    <TestEntry testId="03293b4b-554a-73c6-aeda-676046cd6517" executionId="148f6b75-9eaa-4614-8399-998df9121582" testListId="8c84fa94-04c1-424b-9868-57a2d4851a1d" />
    <TestEntry testId="a88d0eb4-c3fb-ace5-8746-bb692d219e54" executionId="e5633fef-73f7-49cc-a70e-61f65f52e1bf" testListId="8c84fa94-04c1-424b-9868-57a2d4851a1d" />
    <TestEntry testId="780171ab-82bb-86e9-20b9-e29136de58b5" executionId="e2359e8d-128d-449d-801f-6581c99d7037" testListId="8c84fa94-04c1-424b-9868-57a2d4851a1d" />
    <TestEntry testId="2a658927-1306-7850-57b4-fed1b9eaf3ed" executionId="100fe631-9f95-41f2-9a2a-500fb9213688" testListId="8c84fa94-04c1-424b-9868-57a2d4851a1d" />
    <TestEntry testId="e425c92c-aa8d-5ae2-b0ea-2bc152e39a24" executionId="4255a7de-3a8d-45e7-94a7-5e274f4cadc9" testListId="8c84fa94-04c1-424b-9868-57a2d4851a1d" />
    <TestEntry testId="5d7a63bf-a727-a38f-9eb2-4d61c2432297" executionId="0b09aafa-53fe-4da5-bb87-f6bcb63de8fa" testListId="8c84fa94-04c1-424b-9868-57a2d4851a1d" />
    <TestEntry testId="7e955ce8-8d51-25af-eb8a-dee5c5a79c8b" executionId="7342e4d0-28d4-43d4-afee-e9f7036082f7" testListId="8c84fa94-04c1-424b-9868-57a2d4851a1d" />
    <TestEntry testId="f68d306d-0286-5b9b-35af-3ca8dc8eab66" executionId="d237bfc7-fe69-4df2-ab80-bc5703ae0b22" testListId="8c84fa94-04c1-424b-9868-57a2d4851a1d" />
    <TestEntry testId="7290fcdf-d1d6-cee8-dce0-04fc0bbf4be4" executionId="90251af1-c092-4db1-abdd-988e71ba38ef" testListId="8c84fa94-04c1-424b-9868-57a2d4851a1d" />
    <TestEntry testId="b9c87edb-0357-bef3-d5e7-0e60f8ef5452" executionId="85bac901-2010-4ad9-ae92-418158299d69" testListId="8c84fa94-04c1-424b-9868-57a2d4851a1d" />
    <TestEntry testId="1f8adff5-8c5b-fdc1-0eec-c7a6f1c60c38" executionId="dd82cbde-08ce-4e3a-a7c0-7ed123f72afc" testListId="8c84fa94-04c1-424b-9868-57a2d4851a1d" />
    <TestEntry testId="4a21f389-3eac-d26d-63a8-709c0f989ee7" executionId="9e5024db-99c0-4404-804b-9480eae67ed6" testListId="8c84fa94-04c1-424b-9868-57a2d4851a1d" />
    <TestEntry testId="fdcec592-90da-192c-8000-1078aa647385" executionId="98075628-19ac-4255-b726-1f26989b8cb2" testListId="8c84fa94-04c1-424b-9868-57a2d4851a1d" />
    <TestEntry testId="816c58b9-f887-021a-7eff-f8192e5bcfcc" executionId="c75480eb-0502-490f-8695-a7af5c20df07" testListId="8c84fa94-04c1-424b-9868-57a2d4851a1d" />
    <TestEntry testId="d3574e84-0f90-d2d9-defd-389165578fc8" executionId="e191a8cb-09c2-4384-857e-a9f3afe1f6f8" testListId="8c84fa94-04c1-424b-9868-57a2d4851a1d" />
    <TestEntry testId="0fba9406-c120-0a8c-5926-7a75abb31506" executionId="cb4753b5-13f8-4842-a8d7-00e8d0018eda" testListId="8c84fa94-04c1-424b-9868-57a2d4851a1d" />
  </TestEntries>
  <TestLists>
    <TestList name="Results Not in a List" id="8c84fa94-04c1-424b-9868-57a2d4851a1d" />
    <TestList name="All Loaded Results" id="19431567-8539-422a-85d7-44ee4e166bda" />
  </TestLists>
  <ResultSummary outcome="Completed">
    <Counters total="46" executed="46" passed="46" failed="0" error="0" timeout="0" aborted="0" inconclusive="0" passedButRunAborted="0" notRunnable="0" notExecuted="0" disconnected="0" warning="0" completed="0" inProgress="0" pending="0" />
    <Output>
      <StdOut>[xUnit.net 00:00:00.00] xUnit.net VSTest Adapter v3.1.5+1b188a7b0a (64-bit .NET 10.0.10)
[xUnit.net 00:00:00.21]   Discovering: TaskGenie.Tests
[xUnit.net 00:00:00.36]   Discovered:  TaskGenie.Tests
[xUnit.net 00:00:00.43]   Starting:    TaskGenie.Tests
[xUnit.net 00:00:03.07]   Finished:    TaskGenie.Tests
</StdOut>
    </Output>
    <CollectorDataEntries>
      <Collector agentName="jronehuynhs-MacBook-Pro" uri="datacollector://microsoft/CoverletCodeCoverage/1.0" collectorDisplayName="XPlat code coverage">
        <UriAttachments>
          <UriAttachment>
            <A href="jronehuynhs-MacBook-Pro/coverage.cobertura.xml"></A>
          </UriAttachment>
        </UriAttachments>
      </Collector>
    </CollectorDataEntries>
  </ResultSummary>
</TestRun>