<?xml version="1.0" encoding="utf-8"?>
<TestRun id="6137e285-43db-481f-bf24-91fb217ad43d" name="@jronehuynhs-MacBook-Pro 2026-07-20 11:15:08" xmlns="http://microsoft.com/schemas/VisualStudio/TeamTest/2010">
  <Times creation="2026-07-20T11:15:08.4433550+07:00" queuing="2026-07-20T11:15:08.4433550+07:00" start="2026-07-20T11:15:01.3430510+07:00" finish="2026-07-20T11:15:11.6903620+07:00" />
  <TestSettings name="default" id="da70b7b5-9859-4d21-99a1-1f03940d92d4">
    <Deployment runDeploymentRoot="_jronehuynhs-MacBook-Pro_2026-07-20_11_15_08" />
  </TestSettings>
  <Results>
    <UnitTestResult executionId="c0247cd6-0371-4eaa-a944-2cc2b46e9f5a" testId="bc4a5ca0-eb7c-9a85-f9e7-90204ea6c38e" testName="TaskGenie.Tests.AI.RiskScoringEngineTests.Calculate_NoHistory_AppliesDocumentedBaseline" computerName="jronehuynhs-MacBook-Pro" duration="00:00:00.0101372" startTime="2026-07-20T11:15:08.3339190+07:00" endTime="2026-07-20T11:15:08.3340270+07:00" testType="13cdc9d9-ddb5-4fa4-a97d-d965ccfc6d4b" outcome="Passed" testListId="8c84fa94-04c1-424b-9868-57a2d4851a1d" relativeResultsDirectory="c0247cd6-0371-4eaa-a944-2cc2b46e9f5a" />
    <UnitTestResult executionId="dc632ead-d316-4a01-b2a5-aa302fde3b8f" testId="d1a9d34c-475f-5219-b0e6-b0074a066964" testName="TaskGenie.Tests.AI.AssignmentScoringEngineTests.Calculate_UsesDocumentedWeights" computerName="jronehuynhs-MacBook-Pro" duration="00:00:00.0359606" startTime="2026-07-20T11:15:08.3061900+07:00" endTime="2026-07-20T11:15:08.3382050+07:00" testType="13cdc9d9-ddb5-4fa4-a97d-d965ccfc6d4b" outcome="Failed" testListId="8c84fa94-04c1-424b-9868-57a2d4851a1d" relativeResultsDirectory="dc632ead-d316-4a01-b2a5-aa302fde3b8f">
      <Output>
        <ErrorInfo>
          <Message>Assert.Equal() Failure: Values are not within 6 decimal places
Expected: 0,77000000000000002 (rounded from 0,77000000000000002)
Actual:   0,78000000000000003 (rounded from 0,78000000000000003)</Message>
          <StackTrace>   at TaskGenie.Tests.AI.AssignmentScoringEngineTests.Calculate_UsesDocumentedWeights() in /Users/jronehuynh/Downloads/TaskGenieV2-main/tests/TaskGenie.Tests/AI/AssignmentScoringEngineTests.cs:line 14
   at System.Reflection.MethodBaseInvoker.InterpretedInvoke_Method(Object obj, IntPtr* args)
   at System.Reflection.MethodBaseInvoker.InvokeWithNoArgs(Object obj, BindingFlags invokeAttr)</StackTrace>
        </ErrorInfo>
      </Output>
    </UnitTestResult>
    <UnitTestResult executionId="71a05072-0a26-464b-bec5-1aef9b5e3388" testId="5d7a63bf-a727-a38f-9eb2-4d61c2432297" testName="TaskGenie.Tests.AI.RiskScoringEngineTests.Calculate_OverdueTask_DeadlineFactorIsMaximum" computerName="jronehuynhs-MacBook-Pro" duration="00:00:00.0028925" startTime="2026-07-20T11:15:08.4001030+07:00" endTime="2026-07-20T11:15:08.4001580+07:00" testType="13cdc9d9-ddb5-4fa4-a97d-d965ccfc6d4b" outcome="Passed" testListId="8c84fa94-04c1-424b-9868-57a2d4851a1d" relativeResultsDirectory="71a05072-0a26-464b-bec5-1aef9b5e3388" />
    <UnitTestResult executionId="e9cb9f1b-f84d-4518-9c58-8b719bafb081" testId="2a658927-1306-7850-57b4-fed1b9eaf3ed" testName="TaskGenie.Tests.AI.RiskScoringEngineTests.GetRiskLevel_UsesDocumentedBoundaries(score: 59,990000000000002, expected: &quot;MEDIUM&quot;)" computerName="jronehuynhs-MacBook-Pro" duration="00:00:00.0000020" startTime="2026-07-20T11:15:08.2774040+07:00" endTime="2026-07-20T11:15:08.2774720+07:00" testType="13cdc9d9-ddb5-4fa4-a97d-d965ccfc6d4b" outcome="Passed" testListId="8c84fa94-04c1-424b-9868-57a2d4851a1d" relativeResultsDirectory="e9cb9f1b-f84d-4518-9c58-8b719bafb081" />
    <UnitTestResult executionId="3a531c0a-2041-402a-8db8-5868b39d514a" testId="6ecce614-9bde-9507-a4f3-88bcde95b087" testName="TaskGenie.Tests.AI.RiskScoringEngineTests.Calculate_CompletedTask_ReturnsZeroLowRisk" computerName="jronehuynhs-MacBook-Pro" duration="00:00:00.0169269" startTime="2026-07-20T11:15:08.3350920+07:00" endTime="2026-07-20T11:15:08.3911960+07:00" testType="13cdc9d9-ddb5-4fa4-a97d-d965ccfc6d4b" outcome="Passed" testListId="8c84fa94-04c1-424b-9868-57a2d4851a1d" relativeResultsDirectory="3a531c0a-2041-402a-8db8-5868b39d514a" />
    <UnitTestResult executionId="97e8ba60-5ac2-4a94-9374-3392c9e339d5" testId="441541e7-4993-4353-f01c-d3f92625ef16" testName="TaskGenie.Tests.Domain.AiEvidenceDomainTests.TaskEvidence_AcceptsHttpsUrl" computerName="jronehuynhs-MacBook-Pro" duration="00:00:00.0080234" startTime="2026-07-20T11:15:08.3107680+07:00" endTime="2026-07-20T11:15:08.3108170+07:00" testType="13cdc9d9-ddb5-4fa4-a97d-d965ccfc6d4b" outcome="Passed" testListId="8c84fa94-04c1-424b-9868-57a2d4851a1d" relativeResultsDirectory="97e8ba60-5ac2-4a94-9374-3392c9e339d5" />
    <UnitTestResult executionId="b2e5ed59-f522-4d2e-9526-500455738b4a" testId="b9c87edb-0357-bef3-d5e7-0e60f8ef5452" testName="TaskGenie.Tests.Application.CreateTaskEvidenceCommandHandlerTests.Handle_ValidUrlEvidence_PersistsAndReturnsDto" computerName="jronehuynhs-MacBook-Pro" duration="00:00:00.4980712" startTime="2026-07-20T11:15:08.3323500+07:00" endTime="2026-07-20T11:15:08.4653110+07:00" testType="13cdc9d9-ddb5-4fa4-a97d-d965ccfc6d4b" outcome="Passed" testListId="8c84fa94-04c1-424b-9868-57a2d4851a1d" relativeResultsDirectory="b2e5ed59-f522-4d2e-9526-500455738b4a" />
    <UnitTestResult executionId="66413ac2-6b15-4a9d-8e67-87b2bdcb8bca" testId="e425c92c-aa8d-5ae2-b0ea-2bc152e39a24" testName="TaskGenie.Tests.AI.RiskScoringEngineTests.Calculate_NoAssignee_AppliesWorkloadPenalty" computerName="jronehuynhs-MacBook-Pro" duration="00:00:00.0007677" startTime="2026-07-20T11:15:08.3980000+07:00" endTime="2026-07-20T11:15:08.3981020+07:00" testType="13cdc9d9-ddb5-4fa4-a97d-d965ccfc6d4b" outcome="Passed" testListId="8c84fa94-04c1-424b-9868-57a2d4851a1d" relativeResultsDirectory="66413ac2-6b15-4a9d-8e67-87b2bdcb8bca" />
    <UnitTestResult executionId="d85df13e-809b-4e59-a354-719081c234dd" testId="7290fcdf-d1d6-cee8-dce0-04fc0bbf4be4" testName="TaskGenie.Tests.AI.RiskScoringEngineTests.GetRiskLevel_UsesDocumentedBoundaries(score: 80, expected: &quot;CRITICAL&quot;)" computerName="jronehuynhs-MacBook-Pro" duration="00:00:00.0003640" startTime="2026-07-20T11:15:08.2735060+07:00" endTime="2026-07-20T11:15:08.2736490+07:00" testType="13cdc9d9-ddb5-4fa4-a97d-d965ccfc6d4b" outcome="Passed" testListId="8c84fa94-04c1-424b-9868-57a2d4851a1d" relativeResultsDirectory="d85df13e-809b-4e59-a354-719081c234dd" />
    <UnitTestResult executionId="20cceb49-6bad-4607-a4cd-d6eda6953f78" testId="f68d306d-0286-5b9b-35af-3ca8dc8eab66" testName="TaskGenie.Tests.Application.GetAssignmentRecommendationsCommandHandlerTests.Handle_WrongProject_RejectsRequestBeforeScoring" computerName="jronehuynhs-MacBook-Pro" duration="00:00:00.6678577" startTime="2026-07-20T11:15:08.0514450+07:00" endTime="2026-07-20T11:15:08.4557450+07:00" testType="13cdc9d9-ddb5-4fa4-a97d-d965ccfc6d4b" outcome="Passed" testListId="8c84fa94-04c1-424b-9868-57a2d4851a1d" relativeResultsDirectory="20cceb49-6bad-4607-a4cd-d6eda6953f78" />
    <UnitTestResult executionId="697ceb89-a0ec-4137-a901-e4502cca39a2" testId="a88d0eb4-c3fb-ace5-8746-bb692d219e54" testName="TaskGenie.Tests.AI.RiskScoringEngineTests.GetRiskLevel_UsesDocumentedBoundaries(score: 30, expected: &quot;MEDIUM&quot;)" computerName="jronehuynhs-MacBook-Pro" duration="00:00:00.0220020" startTime="2026-07-20T11:15:08.0495010+07:00" endTime="2026-07-20T11:15:08.0642630+07:00" testType="13cdc9d9-ddb5-4fa4-a97d-d965ccfc6d4b" outcome="Passed" testListId="8c84fa94-04c1-424b-9868-57a2d4851a1d" relativeResultsDirectory="697ceb89-a0ec-4137-a901-e4502cca39a2" />
    <UnitTestResult executionId="3d2f97f1-c7cc-454c-a128-bfead3f67ed1" testId="53c04a3a-2855-e4ce-ec76-bfecd6e6694c" testName="TaskGenie.Tests.Infrastructure.AppDbContextModelTests.Model_MapsRequiredAiAndEvidenceTables(entityType: typeof(TaskGenie.Domain.Entities.RiskScoreHistory), expectedTable: &quot;risk_score_history&quot;)" computerName="jronehuynhs-MacBook-Pro" duration="00:00:00.0365164" startTime="2026-07-20T11:15:09.8624050+07:00" endTime="2026-07-20T11:15:09.8954310+07:00" testType="13cdc9d9-ddb5-4fa4-a97d-d965ccfc6d4b" outcome="Passed" testListId="8c84fa94-04c1-424b-9868-57a2d4851a1d" relativeResultsDirectory="3d2f97f1-c7cc-454c-a128-bfead3f67ed1" />
    <UnitTestResult executionId="a44495ba-d8eb-4789-87d1-3195c837c95c" testId="b14739f2-7b58-8cd9-dddc-3afd3d8dd794" testName="TaskGenie.Tests.AI.RiskScoringEngineTests.Calculate_StaleProgressUpdate_IncreasesProgressRisk" computerName="jronehuynhs-MacBook-Pro" duration="00:00:00.0009589" startTime="2026-07-20T11:15:08.3926610+07:00" endTime="2026-07-20T11:15:08.3927730+07:00" testType="13cdc9d9-ddb5-4fa4-a97d-d965ccfc6d4b" outcome="Passed" testListId="8c84fa94-04c1-424b-9868-57a2d4851a1d" relativeResultsDirectory="a44495ba-d8eb-4789-87d1-3195c837c95c" />
    <UnitTestResult executionId="39379903-9431-41a3-acff-261af4877604" testId="11b62da1-1640-149a-8fc9-cc296caad299" testName="TaskGenie.Tests.Domain.AiEvidenceDomainTests.Attachment_RejectsNegativeSize" computerName="jronehuynhs-MacBook-Pro" duration="00:00:00.0080073" startTime="2026-07-20T11:15:08.3096200+07:00" endTime="2026-07-20T11:15:08.3096800+07:00" testType="13cdc9d9-ddb5-4fa4-a97d-d965ccfc6d4b" outcome="Passed" testListId="8c84fa94-04c1-424b-9868-57a2d4851a1d" relativeResultsDirectory="39379903-9431-41a3-acff-261af4877604" />
    <UnitTestResult executionId="3e88713e-c91d-41be-8134-ebc24b5cd7e3" testId="f0c9a006-e20e-9b05-e327-0fc43f2c152d" testName="TaskGenie.Tests.AI.AssignmentScoringEngineTests.Weights_SumToOne" computerName="jronehuynhs-MacBook-Pro" duration="00:00:00.0064639" startTime="2026-07-20T11:15:08.1739190+07:00" endTime="2026-07-20T11:15:08.2659900+07:00" testType="13cdc9d9-ddb5-4fa4-a97d-d965ccfc6d4b" outcome="Passed" testListId="8c84fa94-04c1-424b-9868-57a2d4851a1d" relativeResultsDirectory="3e88713e-c91d-41be-8134-ebc24b5cd7e3" />
    <UnitTestResult executionId="c9e6cf6d-8d35-420c-a35f-322fdcf2cb05" testId="0e3374fc-6f14-0a88-b184-43fb5c76ce3f" testName="TaskGenie.Tests.AI.AssignmentScoringEngineTests.Calculate_BetterSkillMatch_HasLargestSingleComponentImpact" computerName="jronehuynhs-MacBook-Pro" duration="00:00:00.0060337" startTime="2026-07-20T11:15:08.2709600+07:00" endTime="2026-07-20T11:15:08.2787450+07:00" testType="13cdc9d9-ddb5-4fa4-a97d-d965ccfc6d4b" outcome="Passed" testListId="8c84fa94-04c1-424b-9868-57a2d4851a1d" relativeResultsDirectory="c9e6cf6d-8d35-420c-a35f-322fdcf2cb05" />
    <UnitTestResult executionId="4377a8f9-6d6d-42f7-b2da-b3f7dc232345" testId="fb6ee4f5-6a6e-a055-cd96-c0a8919b0701" testName="TaskGenie.Tests.Infrastructure.AppDbContextModelTests.Model_MapsRequiredAiAndEvidenceTables(entityType: typeof(TaskGenie.Domain.Entities.RiskFactor), expectedTable: &quot;risk_factors&quot;)" computerName="jronehuynhs-MacBook-Pro" duration="00:00:02.0712842" startTime="2026-07-20T11:15:08.0514740+07:00" endTime="2026-07-20T11:15:09.8587340+07:00" testType="13cdc9d9-ddb5-4fa4-a97d-d965ccfc6d4b" outcome="Passed" testListId="8c84fa94-04c1-424b-9868-57a2d4851a1d" relativeResultsDirectory="4377a8f9-6d6d-42f7-b2da-b3f7dc232345" />
    <UnitTestResult executionId="9faf08d6-b387-4b95-902d-91a002faedac" testId="e1633008-c891-2dbd-d71b-dcbe4274f498" testName="TaskGenie.Tests.AI.RiskScoringEngineTests.GetRiskLevel_UsesDocumentedBoundaries(score: 79,989999999999995, expected: &quot;HIGH&quot;)" computerName="jronehuynhs-MacBook-Pro" duration="00:00:00.0000490" startTime="2026-07-20T11:15:08.2678560+07:00" endTime="2026-07-20T11:15:08.2679490+07:00" testType="13cdc9d9-ddb5-4fa4-a97d-d965ccfc6d4b" outcome="Passed" testListId="8c84fa94-04c1-424b-9868-57a2d4851a1d" relativeResultsDirectory="9faf08d6-b387-4b95-902d-91a002faedac" />
    <UnitTestResult executionId="0f350f49-2105-4b56-992a-f8fb002f499a" testId="23642089-a808-2511-97c1-00b67892ba70" testName="TaskGenie.Tests.AI.AssignmentScoringEngineTests.Calculate_WorkloadBreaksTieBetweenOtherwiseEqualCandidates" computerName="jronehuynhs-MacBook-Pro" duration="00:00:00.0006208" startTime="2026-07-20T11:15:08.3883510+07:00" endTime="2026-07-20T11:15:08.3895540+07:00" testType="13cdc9d9-ddb5-4fa4-a97d-d965ccfc6d4b" outcome="Passed" testListId="8c84fa94-04c1-424b-9868-57a2d4851a1d" relativeResultsDirectory="0f350f49-2105-4b56-992a-f8fb002f499a" />
    <UnitTestResult executionId="a0a4bfdb-e678-4ce6-829a-4445412ca474" testId="c21a9b8e-79ce-462b-c8b4-1f218b20e120" testName="TaskGenie.Tests.AI.RiskScoringEngineTests.GetRiskLevel_UsesDocumentedBoundaries(score: 60, expected: &quot;HIGH&quot;)" computerName="jronehuynhs-MacBook-Pro" duration="00:00:00.0000029" startTime="2026-07-20T11:15:08.2759640+07:00" endTime="2026-07-20T11:15:08.2761020+07:00" testType="13cdc9d9-ddb5-4fa4-a97d-d965ccfc6d4b" outcome="Passed" testListId="8c84fa94-04c1-424b-9868-57a2d4851a1d" relativeResultsDirectory="a0a4bfdb-e678-4ce6-829a-4445412ca474" />
    <UnitTestResult executionId="43a9b76f-7e17-437b-873f-fb0773e624bb" testId="4a21f389-3eac-d26d-63a8-709c0f989ee7" testName="TaskGenie.Tests.Application.CreateTaskEvidenceCommandHandlerTests.Handle_DisallowedMimeType_IsRejected" computerName="jronehuynhs-MacBook-Pro" duration="00:00:00.0121841" startTime="2026-07-20T11:15:08.4662800+07:00" endTime="2026-07-20T11:15:08.4776690+07:00" testType="13cdc9d9-ddb5-4fa4-a97d-d965ccfc6d4b" outcome="Passed" testListId="8c84fa94-04c1-424b-9868-57a2d4851a1d" relativeResultsDirectory="43a9b76f-7e17-437b-873f-fb0773e624bb" />
    <UnitTestResult executionId="44ecb91f-1c27-4d6b-8b40-f659495d500a" testId="6180deb2-915a-17c8-9098-52901640b576" testName="TaskGenie.Tests.Domain.AiEvidenceDomainTests.TaskEvidence_RequiresAttachmentOrUrl" computerName="jronehuynhs-MacBook-Pro" duration="00:00:00.0027562" startTime="2026-07-20T11:15:08.3102670+07:00" endTime="2026-07-20T11:15:08.3103250+07:00" testType="13cdc9d9-ddb5-4fa4-a97d-d965ccfc6d4b" outcome="Passed" testListId="8c84fa94-04c1-424b-9868-57a2d4851a1d" relativeResultsDirectory="44ecb91f-1c27-4d6b-8b40-f659495d500a" />
    <UnitTestResult executionId="c0e5548f-fa7f-4027-a76f-4d73c60fe96e" testId="dd2d9444-1fa8-9c9d-9a6f-53d2040e04c2" testName="TaskGenie.Tests.AI.AssignmentScoringEngineTests.Calculate_ClampsProviderValuesToValidRange" computerName="jronehuynhs-MacBook-Pro" duration="00:00:00.0551136" startTime="2026-07-20T11:15:08.0514160+07:00" endTime="2026-07-20T11:15:08.0961520+07:00" testType="13cdc9d9-ddb5-4fa4-a97d-d965ccfc6d4b" outcome="Passed" testListId="8c84fa94-04c1-424b-9868-57a2d4851a1d" relativeResultsDirectory="c0e5548f-fa7f-4027-a76f-4d73c60fe96e" />
    <UnitTestResult executionId="c1c74592-41d0-4cf6-8764-16cee986ea4c" testId="2dc5d78b-93ef-0de2-517f-f6f8970d8ded" testName="TaskGenie.Tests.Application.GetAssignmentRecommendationsCommandHandlerTests.Handle_RanksCandidatesPersistsBreakdownAndExecutionLog" computerName="jronehuynhs-MacBook-Pro" duration="00:00:00.2687146" startTime="2026-07-20T11:15:08.4572000+07:00" endTime="2026-07-20T11:15:08.7253160+07:00" testType="13cdc9d9-ddb5-4fa4-a97d-d965ccfc6d4b" outcome="Passed" testListId="8c84fa94-04c1-424b-9868-57a2d4851a1d" relativeResultsDirectory="c1c74592-41d0-4cf6-8764-16cee986ea4c" />
    <UnitTestResult executionId="5066aa37-775d-4af7-af6a-e83e942dc024" testId="022fba4d-da5c-5074-9648-baa645d4a225" testName="TaskGenie.Tests.AI.RiskScoringEngineTests.Calculate_MissingDeadline_AppliesUncertaintyScore" computerName="jronehuynhs-MacBook-Pro" duration="00:00:00.0041949" startTime="2026-07-20T11:15:08.3345570+07:00" endTime="2026-07-20T11:15:08.3346110+07:00" testType="13cdc9d9-ddb5-4fa4-a97d-d965ccfc6d4b" outcome="Passed" testListId="8c84fa94-04c1-424b-9868-57a2d4851a1d" relativeResultsDirectory="5066aa37-775d-4af7-af6a-e83e942dc024" />
    <UnitTestResult executionId="a7f51de8-a6b3-448d-bba7-8a874a124704" testId="b26402a3-474a-96f0-8562-6ebf5fc70e97" testName="TaskGenie.Tests.AI.RiskScoringEngineTests.Calculate_ReportedBlocker_EscalatesDependencyFactor" computerName="jronehuynhs-MacBook-Pro" duration="00:00:00.0114185" startTime="2026-07-20T11:15:08.3920600+07:00" endTime="2026-07-20T11:15:08.3921260+07:00" testType="13cdc9d9-ddb5-4fa4-a97d-d965ccfc6d4b" outcome="Passed" testListId="8c84fa94-04c1-424b-9868-57a2d4851a1d" relativeResultsDirectory="a7f51de8-a6b3-448d-bba7-8a874a124704" />
    <UnitTestResult executionId="55af072e-97a2-4ce6-8ab8-180291f7a2a1" testId="da1919b8-6a53-c48a-cfcd-a6d20c28954a" testName="TaskGenie.Tests.Domain.AiEvidenceDomainTests.RiskRule_RejectsInvalidWeight" computerName="jronehuynhs-MacBook-Pro" duration="00:00:00.0027482" startTime="2026-07-20T11:15:08.3112590+07:00" endTime="2026-07-20T11:15:08.3113080+07:00" testType="13cdc9d9-ddb5-4fa4-a97d-d965ccfc6d4b" outcome="Passed" testListId="8c84fa94-04c1-424b-9868-57a2d4851a1d" relativeResultsDirectory="55af072e-97a2-4ce6-8ab8-180291f7a2a1" />
    <UnitTestResult executionId="a98ea2cd-b669-40ec-8990-cf9564c01e77" testId="816c58b9-f887-021a-7eff-f8192e5bcfcc" testName="TaskGenie.Tests.AI.RiskScoringEngineTests.Calculate_AlwaysReturnsFiveExplainableFactors" computerName="jronehuynhs-MacBook-Pro" duration="00:00:00.0126735" startTime="2026-07-20T11:15:08.3994950+07:00" endTime="2026-07-20T11:15:08.3995600+07:00" testType="13cdc9d9-ddb5-4fa4-a97d-d965ccfc6d4b" outcome="Passed" testListId="8c84fa94-04c1-424b-9868-57a2d4851a1d" relativeResultsDirectory="a98ea2cd-b669-40ec-8990-cf9564c01e77" />
    <UnitTestResult executionId="c34e2813-1f43-4462-a336-d3896bb44995" testId="ca20c685-295d-f817-9db3-ea124b023d2f" testName="TaskGenie.Tests.Infrastructure.AppDbContextModelTests.Model_SeedsFiveActiveRiskRules" computerName="jronehuynhs-MacBook-Pro" duration="00:00:00.4481561" startTime="2026-07-20T11:15:09.9485730+07:00" endTime="2026-07-20T11:15:10.3958890+07:00" testType="13cdc9d9-ddb5-4fa4-a97d-d965ccfc6d4b" outcome="Passed" testListId="8c84fa94-04c1-424b-9868-57a2d4851a1d" relativeResultsDirectory="c34e2813-1f43-4462-a336-d3896bb44995" />
    <UnitTestResult executionId="1134e65c-ca22-45fb-bb23-9e19a2cee1cf" testId="85d35fb7-4f9b-591a-d856-2a1b9a5fdee5" testName="TaskGenie.Tests.AI.RiskScoringEngineTests.Calculate_PoorDeadlineHistory_ProducesHighHistoricalFactor" computerName="jronehuynhs-MacBook-Pro" duration="00:00:00.1182348" startTime="2026-07-20T11:15:08.2786330+07:00" endTime="2026-07-20T11:15:08.3330700+07:00" testType="13cdc9d9-ddb5-4fa4-a97d-d965ccfc6d4b" outcome="Passed" testListId="8c84fa94-04c1-424b-9868-57a2d4851a1d" relativeResultsDirectory="1134e65c-ca22-45fb-bb23-9e19a2cee1cf" />
    <UnitTestResult executionId="ca5f431c-1f05-4c2f-b108-3a9eb513c6d8" testId="c830a69e-128b-1e9c-02df-3cda70933df7" testName="TaskGenie.Tests.Domain.AiEvidenceDomainTests.TaskEvidence_RejectsUnsafeOrRelativeUrls(url: &quot;javascript:alert(1)&quot;)" computerName="jronehuynhs-MacBook-Pro" duration="00:00:00.0001006" startTime="2026-07-20T11:15:08.3088720+07:00" endTime="2026-07-20T11:15:08.3089570+07:00" testType="13cdc9d9-ddb5-4fa4-a97d-d965ccfc6d4b" outcome="Passed" testListId="8c84fa94-04c1-424b-9868-57a2d4851a1d" relativeResultsDirectory="ca5f431c-1f05-4c2f-b108-3a9eb513c6d8" />
    <UnitTestResult executionId="cb5dd528-e7fb-477b-88b9-fc581c8db02a" testId="d3574e84-0f90-d2d9-defd-389165578fc8" testName="TaskGenie.Tests.AI.RiskScoringEngineTests.Calculate_CustomWeights_AreNormalizedToOne" computerName="jronehuynhs-MacBook-Pro" duration="00:00:00.0077130" startTime="2026-07-20T11:15:08.3939180+07:00" endTime="2026-07-20T11:15:08.3939760+07:00" testType="13cdc9d9-ddb5-4fa4-a97d-d965ccfc6d4b" outcome="Passed" testListId="8c84fa94-04c1-424b-9868-57a2d4851a1d" relativeResultsDirectory="cb5dd528-e7fb-477b-88b9-fc581c8db02a" />
    <UnitTestResult executionId="d4932ff4-38e3-4890-8886-225991ca56f8" testId="97724db8-2291-13b9-0e83-9e4a96fca6db" testName="TaskGenie.Tests.Application.AnalyzeTaskRiskCommandHandlerTests.Handle_UnknownTask_ReturnsNullWithoutCallingAi" computerName="jronehuynhs-MacBook-Pro" duration="00:00:00.0083858" startTime="2026-07-20T11:15:08.7673350+07:00" endTime="2026-07-20T11:15:08.7687080+07:00" testType="13cdc9d9-ddb5-4fa4-a97d-d965ccfc6d4b" outcome="Passed" testListId="8c84fa94-04c1-424b-9868-57a2d4851a1d" relativeResultsDirectory="d4932ff4-38e3-4890-8886-225991ca56f8" />
    <UnitTestResult executionId="e1aebb06-62b4-4ef8-b512-71c3de7b32d1" testId="0fba9406-c120-0a8c-5926-7a75abb31506" testName="TaskGenie.Tests.Infrastructure.AppDbContextModelTests.Model_MapsRequiredAiAndEvidenceTables(entityType: typeof(TaskGenie.Domain.Entities.Attachment), expectedTable: &quot;attachments&quot;)" computerName="jronehuynhs-MacBook-Pro" duration="00:00:00.0477651" startTime="2026-07-20T11:15:09.8990900+07:00" endTime="2026-07-20T11:15:09.9433930+07:00" testType="13cdc9d9-ddb5-4fa4-a97d-d965ccfc6d4b" outcome="Passed" testListId="8c84fa94-04c1-424b-9868-57a2d4851a1d" relativeResultsDirectory="e1aebb06-62b4-4ef8-b512-71c3de7b32d1" />
    <UnitTestResult executionId="fa39adf7-36a6-455d-8a5b-73bce56199b7" testId="b61a4a90-fa2a-461e-7f14-9233d26ca01b" testName="TaskGenie.Tests.AI.RiskScoringEngineTests.GetRiskLevel_UsesDocumentedBoundaries(score: 0, expected: &quot;LOW&quot;)" computerName="jronehuynhs-MacBook-Pro" duration="00:00:00.0000069" startTime="2026-07-20T11:15:08.2751020+07:00" endTime="2026-07-20T11:15:08.2751790+07:00" testType="13cdc9d9-ddb5-4fa4-a97d-d965ccfc6d4b" outcome="Passed" testListId="8c84fa94-04c1-424b-9868-57a2d4851a1d" relativeResultsDirectory="fa39adf7-36a6-455d-8a5b-73bce56199b7" />
    <UnitTestResult executionId="e5b2b49c-6ed4-408a-b199-b7b23640bb41" testId="780171ab-82bb-86e9-20b9-e29136de58b5" testName="TaskGenie.Tests.AI.RiskScoringEngineTests.GetRiskLevel_UsesDocumentedBoundaries(score: 100, expected: &quot;CRITICAL&quot;)" computerName="jronehuynhs-MacBook-Pro" duration="00:00:00.0059934" startTime="2026-07-20T11:15:08.1739470+07:00" endTime="2026-07-20T11:15:08.1746050+07:00" testType="13cdc9d9-ddb5-4fa4-a97d-d965ccfc6d4b" outcome="Passed" testListId="8c84fa94-04c1-424b-9868-57a2d4851a1d" relativeResultsDirectory="e5b2b49c-6ed4-408a-b199-b7b23640bb41" />
    <UnitTestResult executionId="73075816-1eec-408d-b950-402ba2568787" testId="88adb2ee-113b-3f50-89d4-cea8d94cec3c" testName="TaskGenie.Tests.Infrastructure.AppDbContextModelTests.Model_MapsRequiredAiAndEvidenceTables(entityType: typeof(TaskGenie.Domain.Entities.AiExecutionLog), expectedTable: &quot;ai_execution_logs&quot;)" computerName="jronehuynhs-MacBook-Pro" duration="00:00:00.0003445" startTime="2026-07-20T11:15:09.9473600+07:00" endTime="2026-07-20T11:15:09.9474400+07:00" testType="13cdc9d9-ddb5-4fa4-a97d-d965ccfc6d4b" outcome="Passed" testListId="8c84fa94-04c1-424b-9868-57a2d4851a1d" relativeResultsDirectory="73075816-1eec-408d-b950-402ba2568787" />
    <UnitTestResult executionId="7ac16777-454a-4952-8352-127b21f0731f" testId="c5652504-f09b-8a71-8865-7469edbe8e1b" testName="TaskGenie.Tests.AI.RiskScoringEngineTests.GetRiskLevel_UsesDocumentedBoundaries(score: 29,989999999999998, expected: &quot;LOW&quot;)" computerName="jronehuynhs-MacBook-Pro" duration="00:00:00.0000022" startTime="2026-07-20T11:15:08.2766780+07:00" endTime="2026-07-20T11:15:08.2767510+07:00" testType="13cdc9d9-ddb5-4fa4-a97d-d965ccfc6d4b" outcome="Passed" testListId="8c84fa94-04c1-424b-9868-57a2d4851a1d" relativeResultsDirectory="7ac16777-454a-4952-8352-127b21f0731f" />
    <UnitTestResult executionId="5555ea29-c361-46a0-b865-f68b38c695fd" testId="1f8adff5-8c5b-fdc1-0eec-c7a6f1c60c38" testName="TaskGenie.Tests.Application.AnalyzeTaskRiskCommandHandlerTests.Handle_ProviderFailure_PersistsExplainableFallbackAndUpdatesTask" computerName="jronehuynhs-MacBook-Pro" duration="00:00:00.9725827" startTime="2026-07-20T11:15:08.0512200+07:00" endTime="2026-07-20T11:15:08.7601530+07:00" testType="13cdc9d9-ddb5-4fa4-a97d-d965ccfc6d4b" outcome="Passed" testListId="8c84fa94-04c1-424b-9868-57a2d4851a1d" relativeResultsDirectory="5555ea29-c361-46a0-b865-f68b38c695fd" />
    <UnitTestResult executionId="32e33229-ee08-4314-9299-031bd8d8b6ed" testId="bfb568b0-a15f-c961-4cc9-83fa4965bc93" testName="TaskGenie.Tests.Domain.AiEvidenceDomainTests.TaskEvidence_RejectsUnsafeOrRelativeUrls(url: &quot;ftp://example.com/file&quot;)" computerName="jronehuynhs-MacBook-Pro" duration="00:00:00.0123385" startTime="2026-07-20T11:15:08.1734410+07:00" endTime="2026-07-20T11:15:08.2787010+07:00" testType="13cdc9d9-ddb5-4fa4-a97d-d965ccfc6d4b" outcome="Passed" testListId="8c84fa94-04c1-424b-9868-57a2d4851a1d" relativeResultsDirectory="32e33229-ee08-4314-9299-031bd8d8b6ed" />
    <UnitTestResult executionId="ba430037-65fa-4142-b02a-98cf570ac623" testId="03293b4b-554a-73c6-aeda-676046cd6517" testName="TaskGenie.Tests.Domain.AiEvidenceDomainTests.Recommendation_RecordsAcceptDecision" computerName="jronehuynhs-MacBook-Pro" duration="00:00:00.0607904" startTime="2026-07-20T11:15:08.0366140+07:00" endTime="2026-07-20T11:15:08.0919920+07:00" testType="13cdc9d9-ddb5-4fa4-a97d-d965ccfc6d4b" outcome="Passed" testListId="8c84fa94-04c1-424b-9868-57a2d4851a1d" relativeResultsDirectory="ba430037-65fa-4142-b02a-98cf570ac623" />
    <UnitTestResult executionId="f3e9686d-4f96-4da8-8b62-09909a17a095" testId="7e955ce8-8d51-25af-eb8a-dee5c5a79c8b" testName="TaskGenie.Tests.Application.CreateTaskEvidenceCommandHandlerTests.Handle_OversizedAttachment_IsRejected" computerName="jronehuynhs-MacBook-Pro" duration="00:00:00.0138398" startTime="2026-07-20T11:15:08.4817180+07:00" endTime="2026-07-20T11:15:08.4917120+07:00" testType="13cdc9d9-ddb5-4fa4-a97d-d965ccfc6d4b" outcome="Passed" testListId="8c84fa94-04c1-424b-9868-57a2d4851a1d" relativeResultsDirectory="f3e9686d-4f96-4da8-8b62-09909a17a095" />
    <UnitTestResult executionId="4e3a1506-11bf-448e-b5f1-f8c5e4f04c04" testId="da6d9e8f-91cd-b1f3-b006-20cdbefd9f39" testName="TaskGenie.Tests.Domain.AiEvidenceDomainTests.Task_SetRiskAssessment_NormalizesLevel" computerName="jronehuynhs-MacBook-Pro" duration="00:00:00.0025743" startTime="2026-07-20T11:15:08.3117820+07:00" endTime="2026-07-20T11:15:08.3118310+07:00" testType="13cdc9d9-ddb5-4fa4-a97d-d965ccfc6d4b" outcome="Passed" testListId="8c84fa94-04c1-424b-9868-57a2d4851a1d" relativeResultsDirectory="4e3a1506-11bf-448e-b5f1-f8c5e4f04c04" />
    <UnitTestResult executionId="f454835b-a1e7-42a8-887b-6c2d1251fa34" testId="64dbe7ef-03c6-c41e-19d0-b0cb3c129b1e" testName="TaskGenie.Tests.Domain.AiEvidenceDomainTests.TaskEvidence_RejectsUnsafeOrRelativeUrls(url: &quot;relative/path&quot;)" computerName="jronehuynhs-MacBook-Pro" duration="00:00:00.0037463" startTime="2026-07-20T11:15:08.3036060+07:00" endTime="2026-07-20T11:15:08.3064150+07:00" testType="13cdc9d9-ddb5-4fa4-a97d-d965ccfc6d4b" outcome="Passed" testListId="8c84fa94-04c1-424b-9868-57a2d4851a1d" relativeResultsDirectory="f454835b-a1e7-42a8-887b-6c2d1251fa34" />
    <UnitTestResult executionId="e9e501b6-cf66-4d6c-8ed6-f13f019df483" testId="14aff89c-4711-69bc-6507-12ede3808a80" testName="TaskGenie.Tests.Infrastructure.AppDbContextModelTests.Model_MapsRequiredAiAndEvidenceTables(entityType: typeof(TaskGenie.Domain.Entities.TaskEvidence), expectedTable: &quot;task_evidences&quot;)" computerName="jronehuynhs-MacBook-Pro" duration="00:00:00.0012492" startTime="2026-07-20T11:15:09.9480390+07:00" endTime="2026-07-20T11:15:09.9480930+07:00" testType="13cdc9d9-ddb5-4fa4-a97d-d965ccfc6d4b" outcome="Passed" testListId="8c84fa94-04c1-424b-9868-57a2d4851a1d" relativeResultsDirectory="e9e501b6-cf66-4d6c-8ed6-f13f019df483" />
    <UnitTestResult executionId="b04e7fc7-07b3-4cff-b00d-d6ccd3b01442" testId="fdcec592-90da-192c-8000-1078aa647385" testName="TaskGenie.Tests.Infrastructure.AppDbContextModelTests.Model_MapsRequiredAiAndEvidenceTables(entityType: typeof(TaskGenie.Domain.Entities.RiskRule), expectedTable: &quot;risk_rules&quot;)" computerName="jronehuynhs-MacBook-Pro" duration="00:00:00.0023070" startTime="2026-07-20T11:15:09.9454770+07:00" endTime="2026-07-20T11:15:09.9457170+07:00" testType="13cdc9d9-ddb5-4fa4-a97d-d965ccfc6d4b" outcome="Passed" testListId="8c84fa94-04c1-424b-9868-57a2d4851a1d" relativeResultsDirectory="b04e7fc7-07b3-4cff-b00d-d6ccd3b01442" />
  </Results>
  <TestDefinitions>
    <UnitTest name="TaskGenie.Tests.Application.CreateTaskEvidenceCommandHandlerTests.Handle_DisallowedMimeType_IsRejected" storage="/users/jronehuynh/downloads/taskgeniev2-main/tests/taskgenie.tests/bin/debug/net10.0/taskgenie.tests.dll" id="4a21f389-3eac-d26d-63a8-709c0f989ee7">
      <Execution id="43a9b76f-7e17-437b-873f-fb0773e624bb" />
      <TestMethod codeBase="/Users/jronehuynh/Downloads/TaskGenieV2-main/tests/TaskGenie.Tests/bin/Debug/net10.0/TaskGenie.Tests.dll" adapterTypeName="executor://xunit/VsTestRunner3/netcore/" className="TaskGenie.Tests.Application.CreateTaskEvidenceCommandHandlerTests" name="Handle_DisallowedMimeType_IsRejected" />
    </UnitTest>
    <UnitTest name="TaskGenie.Tests.AI.RiskScoringEngineTests.Calculate_NoHistory_AppliesDocumentedBaseline" storage="/users/jronehuynh/downloads/taskgeniev2-main/tests/taskgenie.tests/bin/debug/net10.0/taskgenie.tests.dll" id="bc4a5ca0-eb7c-9a85-f9e7-90204ea6c38e">
      <Execution id="c0247cd6-0371-4eaa-a944-2cc2b46e9f5a" />
      <TestMethod codeBase="/Users/jronehuynh/Downloads/TaskGenieV2-main/tests/TaskGenie.Tests/bin/Debug/net10.0/TaskGenie.Tests.dll" adapterTypeName="executor://xunit/VsTestRunner3/netcore/" className="TaskGenie.Tests.AI.RiskScoringEngineTests" name="Calculate_NoHistory_AppliesDocumentedBaseline" />
    </UnitTest>
    <UnitTest name="TaskGenie.Tests.Domain.AiEvidenceDomainTests.TaskEvidence_RejectsUnsafeOrRelativeUrls(url: &quot;ftp://example.com/file&quot;)" storage="/users/jronehuynh/downloads/taskgeniev2-main/tests/taskgenie.tests/bin/debug/net10.0/taskgenie.tests.dll" id="bfb568b0-a15f-c961-4cc9-83fa4965bc93">
      <Execution id="32e33229-ee08-4314-9299-031bd8d8b6ed" />
      <TestMethod codeBase="/Users/jronehuynh/Downloads/TaskGenieV2-main/tests/TaskGenie.Tests/bin/Debug/net10.0/TaskGenie.Tests.dll" adapterTypeName="executor://xunit/VsTestRunner3/netcore/" className="TaskGenie.Tests.Domain.AiEvidenceDomainTests" name="TaskEvidence_RejectsUnsafeOrRelativeUrls" />
    </UnitTest>
    <UnitTest name="TaskGenie.Tests.Domain.AiEvidenceDomainTests.TaskEvidence_AcceptsHttpsUrl" storage="/users/jronehuynh/downloads/taskgeniev2-main/tests/taskgenie.tests/bin/debug/net10.0/taskgenie.tests.dll" id="441541e7-4993-4353-f01c-d3f92625ef16">
      <Execution id="97e8ba60-5ac2-4a94-9374-3392c9e339d5" />
      <TestMethod codeBase="/Users/jronehuynh/Downloads/TaskGenieV2-main/tests/TaskGenie.Tests/bin/Debug/net10.0/TaskGenie.Tests.dll" adapterTypeName="executor://xunit/VsTestRunner3/netcore/" className="TaskGenie.Tests.Domain.AiEvidenceDomainTests" name="TaskEvidence_AcceptsHttpsUrl" />
    </UnitTest>
    <UnitTest name="TaskGenie.Tests.AI.AssignmentScoringEngineTests.Calculate_ClampsProviderValuesToValidRange" storage="/users/jronehuynh/downloads/taskgeniev2-main/tests/taskgenie.tests/bin/debug/net10.0/taskgenie.tests.dll" id="dd2d9444-1fa8-9c9d-9a6f-53d2040e04c2">
      <Execution id="c0e5548f-fa7f-4027-a76f-4d73c60fe96e" />
      <TestMethod codeBase="/Users/jronehuynh/Downloads/TaskGenieV2-main/tests/TaskGenie.Tests/bin/Debug/net10.0/TaskGenie.Tests.dll" adapterTypeName="executor://xunit/VsTestRunner3/netcore/" className="TaskGenie.Tests.AI.AssignmentScoringEngineTests" name="Calculate_ClampsProviderValuesToValidRange" />
    </UnitTest>
    <UnitTest name="TaskGenie.Tests.AI.RiskScoringEngineTests.GetRiskLevel_UsesDocumentedBoundaries(score: 100, expected: &quot;CRITICAL&quot;)" storage="/users/jronehuynh/downloads/taskgeniev2-main/tests/taskgenie.tests/bin/debug/net10.0/taskgenie.tests.dll" id="780171ab-82bb-86e9-20b9-e29136de58b5">
      <Execution id="e5b2b49c-6ed4-408a-b199-b7b23640bb41" />
      <TestMethod codeBase="/Users/jronehuynh/Downloads/TaskGenieV2-main/tests/TaskGenie.Tests/bin/Debug/net10.0/TaskGenie.Tests.dll" adapterTypeName="executor://xunit/VsTestRunner3/netcore/" className="TaskGenie.Tests.AI.RiskScoringEngineTests" name="GetRiskLevel_UsesDocumentedBoundaries" />
    </UnitTest>
    <UnitTest name="TaskGenie.Tests.Application.CreateTaskEvidenceCommandHandlerTests.Handle_OversizedAttachment_IsRejected" storage="/users/jronehuynh/downloads/taskgeniev2-main/tests/taskgenie.tests/bin/debug/net10.0/taskgenie.tests.dll" id="7e955ce8-8d51-25af-eb8a-dee5c5a79c8b">
      <Execution id="f3e9686d-4f96-4da8-8b62-09909a17a095" />
      <TestMethod codeBase="/Users/jronehuynh/Downloads/TaskGenieV2-main/tests/TaskGenie.Tests/bin/Debug/net10.0/TaskGenie.Tests.dll" adapterTypeName="executor://xunit/VsTestRunner3/netcore/" className="TaskGenie.Tests.Application.CreateTaskEvidenceCommandHandlerTests" name="Handle_OversizedAttachment_IsRejected" />
    </UnitTest>
    <UnitTest name="TaskGenie.Tests.AI.AssignmentScoringEngineTests.Calculate_UsesDocumentedWeights" storage="/users/jronehuynh/downloads/taskgeniev2-main/tests/taskgenie.tests/bin/debug/net10.0/taskgenie.tests.dll" id="d1a9d34c-475f-5219-b0e6-b0074a066964">
      <Execution id="dc632ead-d316-4a01-b2a5-aa302fde3b8f" />
      <TestMethod codeBase="/Users/jronehuynh/Downloads/TaskGenieV2-main/tests/TaskGenie.Tests/bin/Debug/net10.0/TaskGenie.Tests.dll" adapterTypeName="executor://xunit/VsTestRunner3/netcore/" className="TaskGenie.Tests.AI.AssignmentScoringEngineTests" name="Calculate_UsesDocumentedWeights" />
    </UnitTest>
    <UnitTest name="TaskGenie.Tests.AI.AssignmentScoringEngineTests.Weights_SumToOne" storage="/users/jronehuynh/downloads/taskgeniev2-main/tests/taskgenie.tests/bin/debug/net10.0/taskgenie.tests.dll" id="f0c9a006-e20e-9b05-e327-0fc43f2c152d">
      <Execution id="3e88713e-c91d-41be-8134-ebc24b5cd7e3" />
      <TestMethod codeBase="/Users/jronehuynh/Downloads/TaskGenieV2-main/tests/TaskGenie.Tests/bin/Debug/net10.0/TaskGenie.Tests.dll" adapterTypeName="executor://xunit/VsTestRunner3/netcore/" className="TaskGenie.Tests.AI.AssignmentScoringEngineTests" name="Weights_SumToOne" />
    </UnitTest>
    <UnitTest name="TaskGenie.Tests.AI.RiskScoringEngineTests.Calculate_ReportedBlocker_EscalatesDependencyFactor" storage="/users/jronehuynh/downloads/taskgeniev2-main/tests/taskgenie.tests/bin/debug/net10.0/taskgenie.tests.dll" id="b26402a3-474a-96f0-8562-6ebf5fc70e97">
      <Execution id="a7f51de8-a6b3-448d-bba7-8a874a124704" />
      <TestMethod codeBase="/Users/jronehuynh/Downloads/TaskGenieV2-main/tests/TaskGenie.Tests/bin/Debug/net10.0/TaskGenie.Tests.dll" adapterTypeName="executor://xunit/VsTestRunner3/netcore/" className="TaskGenie.Tests.AI.RiskScoringEngineTests" name="Calculate_ReportedBlocker_EscalatesDependencyFactor" />
    </UnitTest>
    <UnitTest name="TaskGenie.Tests.AI.RiskScoringEngineTests.Calculate_NoAssignee_AppliesWorkloadPenalty" storage="/users/jronehuynh/downloads/taskgeniev2-main/tests/taskgenie.tests/bin/debug/net10.0/taskgenie.tests.dll" id="e425c92c-aa8d-5ae2-b0ea-2bc152e39a24">
      <Execution id="66413ac2-6b15-4a9d-8e67-87b2bdcb8bca" />
      <TestMethod codeBase="/Users/jronehuynh/Downloads/TaskGenieV2-main/tests/TaskGenie.Tests/bin/Debug/net10.0/TaskGenie.Tests.dll" adapterTypeName="executor://xunit/VsTestRunner3/netcore/" className="TaskGenie.Tests.AI.RiskScoringEngineTests" name="Calculate_NoAssignee_AppliesWorkloadPenalty" />
    </UnitTest>
    <UnitTest name="TaskGenie.Tests.AI.RiskScoringEngineTests.GetRiskLevel_UsesDocumentedBoundaries(score: 59,990000000000002, expected: &quot;MEDIUM&quot;)" storage="/users/jronehuynh/downloads/taskgeniev2-main/tests/taskgenie.tests/bin/debug/net10.0/taskgenie.tests.dll" id="2a658927-1306-7850-57b4-fed1b9eaf3ed">
      <Execution id="e9cb9f1b-f84d-4518-9c58-8b719bafb081" />
      <TestMethod codeBase="/Users/jronehuynh/Downloads/TaskGenieV2-main/tests/TaskGenie.Tests/bin/Debug/net10.0/TaskGenie.Tests.dll" adapterTypeName="executor://xunit/VsTestRunner3/netcore/" className="TaskGenie.Tests.AI.RiskScoringEngineTests" name="GetRiskLevel_UsesDocumentedBoundaries" />
    </UnitTest>
    <UnitTest name="TaskGenie.Tests.Domain.AiEvidenceDomainTests.Recommendation_RecordsAcceptDecision" storage="/users/jronehuynh/downloads/taskgeniev2-main/tests/taskgenie.tests/bin/debug/net10.0/taskgenie.tests.dll" id="03293b4b-554a-73c6-aeda-676046cd6517">
      <Execution id="ba430037-65fa-4142-b02a-98cf570ac623" />
      <TestMethod codeBase="/Users/jronehuynh/Downloads/TaskGenieV2-main/tests/TaskGenie.Tests/bin/Debug/net10.0/TaskGenie.Tests.dll" adapterTypeName="executor://xunit/VsTestRunner3/netcore/" className="TaskGenie.Tests.Domain.AiEvidenceDomainTests" name="Recommendation_RecordsAcceptDecision" />
    </UnitTest>
    <UnitTest name="TaskGenie.Tests.AI.AssignmentScoringEngineTests.Calculate_WorkloadBreaksTieBetweenOtherwiseEqualCandidates" storage="/users/jronehuynh/downloads/taskgeniev2-main/tests/taskgenie.tests/bin/debug/net10.0/taskgenie.tests.dll" id="23642089-a808-2511-97c1-00b67892ba70">
      <Execution id="0f350f49-2105-4b56-992a-f8fb002f499a" />
      <TestMethod codeBase="/Users/jronehuynh/Downloads/TaskGenieV2-main/tests/TaskGenie.Tests/bin/Debug/net10.0/TaskGenie.Tests.dll" adapterTypeName="executor://xunit/VsTestRunner3/netcore/" className="TaskGenie.Tests.AI.AssignmentScoringEngineTests" name="Calculate_WorkloadBreaksTieBetweenOtherwiseEqualCandidates" />
    </UnitTest>
    <UnitTest name="TaskGenie.Tests.Domain.AiEvidenceDomainTests.Attachment_RejectsNegativeSize" storage="/users/jronehuynh/downloads/taskgeniev2-main/tests/taskgenie.tests/bin/debug/net10.0/taskgenie.tests.dll" id="11b62da1-1640-149a-8fc9-cc296caad299">
      <Execution id="39379903-9431-41a3-acff-261af4877604" />
      <TestMethod codeBase="/Users/jronehuynh/Downloads/TaskGenieV2-main/tests/TaskGenie.Tests/bin/Debug/net10.0/TaskGenie.Tests.dll" adapterTypeName="executor://xunit/VsTestRunner3/netcore/" className="TaskGenie.Tests.Domain.AiEvidenceDomainTests" name="Attachment_RejectsNegativeSize" />
    </UnitTest>
    <UnitTest name="TaskGenie.Tests.Domain.AiEvidenceDomainTests.TaskEvidence_RejectsUnsafeOrRelativeUrls(url: &quot;relative/path&quot;)" storage="/users/jronehuynh/downloads/taskgeniev2-main/tests/taskgenie.tests/bin/debug/net10.0/taskgenie.tests.dll" id="64dbe7ef-03c6-c41e-19d0-b0cb3c129b1e">
      <Execution id="f454835b-a1e7-42a8-887b-6c2d1251fa34" />
      <TestMethod codeBase="/Users/jronehuynh/Downloads/TaskGenieV2-main/tests/TaskGenie.Tests/bin/Debug/net10.0/TaskGenie.Tests.dll" adapterTypeName="executor://xunit/VsTestRunner3/netcore/" className="TaskGenie.Tests.Domain.AiEvidenceDomainTests" name="TaskEvidence_RejectsUnsafeOrRelativeUrls" />
    </UnitTest>
    <UnitTest name="TaskGenie.Tests.AI.AssignmentScoringEngineTests.Calculate_BetterSkillMatch_HasLargestSingleComponentImpact" storage="/users/jronehuynh/downloads/taskgeniev2-main/tests/taskgenie.tests/bin/debug/net10.0/taskgenie.tests.dll" id="0e3374fc-6f14-0a88-b184-43fb5c76ce3f">
      <Execution id="c9e6cf6d-8d35-420c-a35f-322fdcf2cb05" />
      <TestMethod codeBase="/Users/jronehuynh/Downloads/TaskGenieV2-main/tests/TaskGenie.Tests/bin/Debug/net10.0/TaskGenie.Tests.dll" adapterTypeName="executor://xunit/VsTestRunner3/netcore/" className="TaskGenie.Tests.AI.AssignmentScoringEngineTests" name="Calculate_BetterSkillMatch_HasLargestSingleComponentImpact" />
    </UnitTest>
    <UnitTest name="TaskGenie.Tests.Application.AnalyzeTaskRiskCommandHandlerTests.Handle_UnknownTask_ReturnsNullWithoutCallingAi" storage="/users/jronehuynh/downloads/taskgeniev2-main/tests/taskgenie.tests/bin/debug/net10.0/taskgenie.tests.dll" id="97724db8-2291-13b9-0e83-9e4a96fca6db">
      <Execution id="d4932ff4-38e3-4890-8886-225991ca56f8" />
      <TestMethod codeBase="/Users/jronehuynh/Downloads/TaskGenieV2-main/tests/TaskGenie.Tests/bin/Debug/net10.0/TaskGenie.Tests.dll" adapterTypeName="executor://xunit/VsTestRunner3/netcore/" className="TaskGenie.Tests.Application.AnalyzeTaskRiskCommandHandlerTests" name="Handle_UnknownTask_ReturnsNullWithoutCallingAi" />
    </UnitTest>
    <UnitTest name="TaskGenie.Tests.AI.RiskScoringEngineTests.Calculate_CustomWeights_AreNormalizedToOne" storage="/users/jronehuynh/downloads/taskgeniev2-main/tests/taskgenie.tests/bin/debug/net10.0/taskgenie.tests.dll" id="d3574e84-0f90-d2d9-defd-389165578fc8">
      <Execution id="cb5dd528-e7fb-477b-88b9-fc581c8db02a" />
      <TestMethod codeBase="/Users/jronehuynh/Downloads/TaskGenieV2-main/tests/TaskGenie.Tests/bin/Debug/net10.0/TaskGenie.Tests.dll" adapterTypeName="executor://xunit/VsTestRunner3/netcore/" className="TaskGenie.Tests.AI.RiskScoringEngineTests" name="Calculate_CustomWeights_AreNormalizedToOne" />
    </UnitTest>
    <UnitTest name="TaskGenie.Tests.AI.RiskScoringEngineTests.Calculate_OverdueTask_DeadlineFactorIsMaximum" storage="/users/jronehuynh/downloads/taskgeniev2-main/tests/taskgenie.tests/bin/debug/net10.0/taskgenie.tests.dll" id="5d7a63bf-a727-a38f-9eb2-4d61c2432297">
      <Execution id="71a05072-0a26-464b-bec5-1aef9b5e3388" />
      <TestMethod codeBase="/Users/jronehuynh/Downloads/TaskGenieV2-main/tests/TaskGenie.Tests/bin/Debug/net10.0/TaskGenie.Tests.dll" adapterTypeName="executor://xunit/VsTestRunner3/netcore/" className="TaskGenie.Tests.AI.RiskScoringEngineTests" name="Calculate_OverdueTask_DeadlineFactorIsMaximum" />
    </UnitTest>
    <UnitTest name="TaskGenie.Tests.AI.RiskScoringEngineTests.GetRiskLevel_UsesDocumentedBoundaries(score: 29,989999999999998, expected: &quot;LOW&quot;)" storage="/users/jronehuynh/downloads/taskgeniev2-main/tests/taskgenie.tests/bin/debug/net10.0/taskgenie.tests.dll" id="c5652504-f09b-8a71-8865-7469edbe8e1b">
      <Execution id="7ac16777-454a-4952-8352-127b21f0731f" />
      <TestMethod codeBase="/Users/jronehuynh/Downloads/TaskGenieV2-main/tests/TaskGenie.Tests/bin/Debug/net10.0/TaskGenie.Tests.dll" adapterTypeName="executor://xunit/VsTestRunner3/netcore/" className="TaskGenie.Tests.AI.RiskScoringEngineTests" name="GetRiskLevel_UsesDocumentedBoundaries" />
    </UnitTest>
    <UnitTest name="TaskGenie.Tests.AI.RiskScoringEngineTests.GetRiskLevel_UsesDocumentedBoundaries(score: 79,989999999999995, expected: &quot;HIGH&quot;)" storage="/users/jronehuynh/downloads/taskgeniev2-main/tests/taskgenie.tests/bin/debug/net10.0/taskgenie.tests.dll" id="e1633008-c891-2dbd-d71b-dcbe4274f498">
      <Execution id="9faf08d6-b387-4b95-902d-91a002faedac" />
      <TestMethod codeBase="/Users/jronehuynh/Downloads/TaskGenieV2-main/tests/TaskGenie.Tests/bin/Debug/net10.0/TaskGenie.Tests.dll" adapterTypeName="executor://xunit/VsTestRunner3/netcore/" className="TaskGenie.Tests.AI.RiskScoringEngineTests" name="GetRiskLevel_UsesDocumentedBoundaries" />
    </UnitTest>
    <UnitTest name="TaskGenie.Tests.Domain.AiEvidenceDomainTests.RiskRule_RejectsInvalidWeight" storage="/users/jronehuynh/downloads/taskgeniev2-main/tests/taskgenie.tests/bin/debug/net10.0/taskgenie.tests.dll" id="da1919b8-6a53-c48a-cfcd-a6d20c28954a">
      <Execution id="55af072e-97a2-4ce6-8ab8-180291f7a2a1" />
      <TestMethod codeBase="/Users/jronehuynh/Downloads/TaskGenieV2-main/tests/TaskGenie.Tests/bin/Debug/net10.0/TaskGenie.Tests.dll" adapterTypeName="executor://xunit/VsTestRunner3/netcore/" className="TaskGenie.Tests.Domain.AiEvidenceDomainTests" name="RiskRule_RejectsInvalidWeight" />
    </UnitTest>
    <UnitTest name="TaskGenie.Tests.Application.GetAssignmentRecommendationsCommandHandlerTests.Handle_WrongProject_RejectsRequestBeforeScoring" storage="/users/jronehuynh/downloads/taskgeniev2-main/tests/taskgenie.tests/bin/debug/net10.0/taskgenie.tests.dll" id="f68d306d-0286-5b9b-35af-3ca8dc8eab66">
      <Execution id="20cceb49-6bad-4607-a4cd-d6eda6953f78" />
      <TestMethod codeBase="/Users/jronehuynh/Downloads/TaskGenieV2-main/tests/TaskGenie.Tests/bin/Debug/net10.0/TaskGenie.Tests.dll" adapterTypeName="executor://xunit/VsTestRunner3/netcore/" className="TaskGenie.Tests.Application.GetAssignmentRecommendationsCommandHandlerTests" name="Handle_WrongProject_RejectsRequestBeforeScoring" />
    </UnitTest>
    <UnitTest name="TaskGenie.Tests.AI.RiskScoringEngineTests.Calculate_MissingDeadline_AppliesUncertaintyScore" storage="/users/jronehuynh/downloads/taskgeniev2-main/tests/taskgenie.tests/bin/debug/net10.0/taskgenie.tests.dll" id="022fba4d-da5c-5074-9648-baa645d4a225">
      <Execution id="5066aa37-775d-4af7-af6a-e83e942dc024" />
      <TestMethod codeBase="/Users/jronehuynh/Downloads/TaskGenieV2-main/tests/TaskGenie.Tests/bin/Debug/net10.0/TaskGenie.Tests.dll" adapterTypeName="executor://xunit/VsTestRunner3/netcore/" className="TaskGenie.Tests.AI.RiskScoringEngineTests" name="Calculate_MissingDeadline_AppliesUncertaintyScore" />
    </UnitTest>
    <UnitTest name="TaskGenie.Tests.Infrastructure.AppDbContextModelTests.Model_MapsRequiredAiAndEvidenceTables(entityType: typeof(TaskGenie.Domain.Entities.RiskFactor), expectedTable: &quot;risk_factors&quot;)" storage="/users/jronehuynh/downloads/taskgeniev2-main/tests/taskgenie.tests/bin/debug/net10.0/taskgenie.tests.dll" id="fb6ee4f5-6a6e-a055-cd96-c0a8919b0701">
      <Execution id="4377a8f9-6d6d-42f7-b2da-b3f7dc232345" />
      <TestMethod codeBase="/Users/jronehuynh/Downloads/TaskGenieV2-main/tests/TaskGenie.Tests/bin/Debug/net10.0/TaskGenie.Tests.dll" adapterTypeName="executor://xunit/VsTestRunner3/netcore/" className="TaskGenie.Tests.Infrastructure.AppDbContextModelTests" name="Model_MapsRequiredAiAndEvidenceTables" />
    </UnitTest>
    <UnitTest name="TaskGenie.Tests.Infrastructure.AppDbContextModelTests.Model_MapsRequiredAiAndEvidenceTables(entityType: typeof(TaskGenie.Domain.Entities.RiskRule), expectedTable: &quot;risk_rules&quot;)" storage="/users/jronehuynh/downloads/taskgeniev2-main/tests/taskgenie.tests/bin/debug/net10.0/taskgenie.tests.dll" id="fdcec592-90da-192c-8000-1078aa647385">
      <Execution id="b04e7fc7-07b3-4cff-b00d-d6ccd3b01442" />
      <TestMethod codeBase="/Users/jronehuynh/Downloads/TaskGenieV2-main/tests/TaskGenie.Tests/bin/Debug/net10.0/TaskGenie.Tests.dll" adapterTypeName="executor://xunit/VsTestRunner3/netcore/" className="TaskGenie.Tests.Infrastructure.AppDbContextModelTests" name="Model_MapsRequiredAiAndEvidenceTables" />
    </UnitTest>
    <UnitTest name="TaskGenie.Tests.Application.AnalyzeTaskRiskCommandHandlerTests.Handle_ProviderFailure_PersistsExplainableFallbackAndUpdatesTask" storage="/users/jronehuynh/downloads/taskgeniev2-main/tests/taskgenie.tests/bin/debug/net10.0/taskgenie.tests.dll" id="1f8adff5-8c5b-fdc1-0eec-c7a6f1c60c38">
      <Execution id="5555ea29-c361-46a0-b865-f68b38c695fd" />
      <TestMethod codeBase="/Users/jronehuynh/Downloads/TaskGenieV2-main/tests/TaskGenie.Tests/bin/Debug/net10.0/TaskGenie.Tests.dll" adapterTypeName="executor://xunit/VsTestRunner3/netcore/" className="TaskGenie.Tests.Application.AnalyzeTaskRiskCommandHandlerTests" name="Handle_ProviderFailure_PersistsExplainableFallbackAndUpdatesTask" />
    </UnitTest>
    <UnitTest name="TaskGenie.Tests.AI.RiskScoringEngineTests.GetRiskLevel_UsesDocumentedBoundaries(score: 80, expected: &quot;CRITICAL&quot;)" storage="/users/jronehuynh/downloads/taskgeniev2-main/tests/taskgenie.tests/bin/debug/net10.0/taskgenie.tests.dll" id="7290fcdf-d1d6-cee8-dce0-04fc0bbf4be4">
      <Execution id="d85df13e-809b-4e59-a354-719081c234dd" />
      <TestMethod codeBase="/Users/jronehuynh/Downloads/TaskGenieV2-main/tests/TaskGenie.Tests/bin/Debug/net10.0/TaskGenie.Tests.dll" adapterTypeName="executor://xunit/VsTestRunner3/netcore/" className="TaskGenie.Tests.AI.RiskScoringEngineTests" name="GetRiskLevel_UsesDocumentedBoundaries" />
    </UnitTest>
    <UnitTest name="TaskGenie.Tests.Application.GetAssignmentRecommendationsCommandHandlerTests.Handle_RanksCandidatesPersistsBreakdownAndExecutionLog" storage="/users/jronehuynh/downloads/taskgeniev2-main/tests/taskgenie.tests/bin/debug/net10.0/taskgenie.tests.dll" id="2dc5d78b-93ef-0de2-517f-f6f8970d8ded">
      <Execution id="c1c74592-41d0-4cf6-8764-16cee986ea4c" />
      <TestMethod codeBase="/Users/jronehuynh/Downloads/TaskGenieV2-main/tests/TaskGenie.Tests/bin/Debug/net10.0/TaskGenie.Tests.dll" adapterTypeName="executor://xunit/VsTestRunner3/netcore/" className="TaskGenie.Tests.Application.GetAssignmentRecommendationsCommandHandlerTests" name="Handle_RanksCandidatesPersistsBreakdownAndExecutionLog" />
    </UnitTest>
    <UnitTest name="TaskGenie.Tests.Application.CreateTaskEvidenceCommandHandlerTests.Handle_ValidUrlEvidence_PersistsAndReturnsDto" storage="/users/jronehuynh/downloads/taskgeniev2-main/tests/taskgenie.tests/bin/debug/net10.0/taskgenie.tests.dll" id="b9c87edb-0357-bef3-d5e7-0e60f8ef5452">
      <Execution id="b2e5ed59-f522-4d2e-9526-500455738b4a" />
      <TestMethod codeBase="/Users/jronehuynh/Downloads/TaskGenieV2-main/tests/TaskGenie.Tests/bin/Debug/net10.0/TaskGenie.Tests.dll" adapterTypeName="executor://xunit/VsTestRunner3/netcore/" className="TaskGenie.Tests.Application.CreateTaskEvidenceCommandHandlerTests" name="Handle_ValidUrlEvidence_PersistsAndReturnsDto" />
    </UnitTest>
    <UnitTest name="TaskGenie.Tests.AI.RiskScoringEngineTests.Calculate_StaleProgressUpdate_IncreasesProgressRisk" storage="/users/jronehuynh/downloads/taskgeniev2-main/tests/taskgenie.tests/bin/debug/net10.0/taskgenie.tests.dll" id="b14739f2-7b58-8cd9-dddc-3afd3d8dd794">
      <Execution id="a44495ba-d8eb-4789-87d1-3195c837c95c" />
      <TestMethod codeBase="/Users/jronehuynh/Downloads/TaskGenieV2-main/tests/TaskGenie.Tests/bin/Debug/net10.0/TaskGenie.Tests.dll" adapterTypeName="executor://xunit/VsTestRunner3/netcore/" className="TaskGenie.Tests.AI.RiskScoringEngineTests" name="Calculate_StaleProgressUpdate_IncreasesProgressRisk" />
    </UnitTest>
    <UnitTest name="TaskGenie.Tests.AI.RiskScoringEngineTests.Calculate_PoorDeadlineHistory_ProducesHighHistoricalFactor" storage="/users/jronehuynh/downloads/taskgeniev2-main/tests/taskgenie.tests/bin/debug/net10.0/taskgenie.tests.dll" id="85d35fb7-4f9b-591a-d856-2a1b9a5fdee5">
      <Execution id="1134e65c-ca22-45fb-bb23-9e19a2cee1cf" />
      <TestMethod codeBase="/Users/jronehuynh/Downloads/TaskGenieV2-main/tests/TaskGenie.Tests/bin/Debug/net10.0/TaskGenie.Tests.dll" adapterTypeName="executor://xunit/VsTestRunner3/netcore/" className="TaskGenie.Tests.AI.RiskScoringEngineTests" name="Calculate_PoorDeadlineHistory_ProducesHighHistoricalFactor" />
    </UnitTest>
    <UnitTest name="TaskGenie.Tests.AI.RiskScoringEngineTests.Calculate_CompletedTask_ReturnsZeroLowRisk" storage="/users/jronehuynh/downloads/taskgeniev2-main/tests/taskgenie.tests/bin/debug/net10.0/taskgenie.tests.dll" id="6ecce614-9bde-9507-a4f3-88bcde95b087">
      <Execution id="3a531c0a-2041-402a-8db8-5868b39d514a" />
      <TestMethod codeBase="/Users/jronehuynh/Downloads/TaskGenieV2-main/tests/TaskGenie.Tests/bin/Debug/net10.0/TaskGenie.Tests.dll" adapterTypeName="executor://xunit/VsTestRunner3/netcore/" className="TaskGenie.Tests.AI.RiskScoringEngineTests" name="Calculate_CompletedTask_ReturnsZeroLowRisk" />
    </UnitTest>
    <UnitTest name="TaskGenie.Tests.AI.RiskScoringEngineTests.GetRiskLevel_UsesDocumentedBoundaries(score: 0, expected: &quot;LOW&quot;)" storage="/users/jronehuynh/downloads/taskgeniev2-main/tests/taskgenie.tests/bin/debug/net10.0/taskgenie.tests.dll" id="b61a4a90-fa2a-461e-7f14-9233d26ca01b">
      <Execution id="fa39adf7-36a6-455d-8a5b-73bce56199b7" />
      <TestMethod codeBase="/Users/jronehuynh/Downloads/TaskGenieV2-main/tests/TaskGenie.Tests/bin/Debug/net10.0/TaskGenie.Tests.dll" adapterTypeName="executor://xunit/VsTestRunner3/netcore/" className="TaskGenie.Tests.AI.RiskScoringEngineTests" name="GetRiskLevel_UsesDocumentedBoundaries" />
    </UnitTest>
    <UnitTest name="TaskGenie.Tests.Domain.AiEvidenceDomainTests.Task_SetRiskAssessment_NormalizesLevel" storage="/users/jronehuynh/downloads/taskgeniev2-main/tests/taskgenie.tests/bin/debug/net10.0/taskgenie.tests.dll" id="da6d9e8f-91cd-b1f3-b006-20cdbefd9f39">
      <Execution id="4e3a1506-11bf-448e-b5f1-f8c5e4f04c04" />
      <TestMethod codeBase="/Users/jronehuynh/Downloads/TaskGenieV2-main/tests/TaskGenie.Tests/bin/Debug/net10.0/TaskGenie.Tests.dll" adapterTypeName="executor://xunit/VsTestRunner3/netcore/" className="TaskGenie.Tests.Domain.AiEvidenceDomainTests" name="Task_SetRiskAssessment_NormalizesLevel" />
    </UnitTest>
    <UnitTest name="TaskGenie.Tests.Infrastructure.AppDbContextModelTests.Model_MapsRequiredAiAndEvidenceTables(entityType: typeof(TaskGenie.Domain.Entities.RiskScoreHistory), expectedTable: &quot;risk_score_history&quot;)" storage="/users/jronehuynh/downloads/taskgeniev2-main/tests/taskgenie.tests/bin/debug/net10.0/taskgenie.tests.dll" id="53c04a3a-2855-e4ce-ec76-bfecd6e6694c">
      <Execution id="3d2f97f1-c7cc-454c-a128-bfead3f67ed1" />
      <TestMethod codeBase="/Users/jronehuynh/Downloads/TaskGenieV2-main/tests/TaskGenie.Tests/bin/Debug/net10.0/TaskGenie.Tests.dll" adapterTypeName="executor://xunit/VsTestRunner3/netcore/" className="TaskGenie.Tests.Infrastructure.AppDbContextModelTests" name="Model_MapsRequiredAiAndEvidenceTables" />
    </UnitTest>
    <UnitTest name="TaskGenie.Tests.Infrastructure.AppDbContextModelTests.Model_SeedsFiveActiveRiskRules" storage="/users/jronehuynh/downloads/taskgeniev2-main/tests/taskgenie.tests/bin/debug/net10.0/taskgenie.tests.dll" id="ca20c685-295d-f817-9db3-ea124b023d2f">
      <Execution id="c34e2813-1f43-4462-a336-d3896bb44995" />
      <TestMethod codeBase="/Users/jronehuynh/Downloads/TaskGenieV2-main/tests/TaskGenie.Tests/bin/Debug/net10.0/TaskGenie.Tests.dll" adapterTypeName="executor://xunit/VsTestRunner3/netcore/" className="TaskGenie.Tests.Infrastructure.AppDbContextModelTests" name="Model_SeedsFiveActiveRiskRules" />
    </UnitTest>
    <UnitTest name="TaskGenie.Tests.AI.RiskScoringEngineTests.GetRiskLevel_UsesDocumentedBoundaries(score: 30, expected: &quot;MEDIUM&quot;)" storage="/users/jronehuynh/downloads/taskgeniev2-main/tests/taskgenie.tests/bin/debug/net10.0/taskgenie.tests.dll" id="a88d0eb4-c3fb-ace5-8746-bb692d219e54">
      <Execution id="697ceb89-a0ec-4137-a901-e4502cca39a2" />
      <TestMethod codeBase="/Users/jronehuynh/Downloads/TaskGenieV2-main/tests/TaskGenie.Tests/bin/Debug/net10.0/TaskGenie.Tests.dll" adapterTypeName="executor://xunit/VsTestRunner3/netcore/" className="TaskGenie.Tests.AI.RiskScoringEngineTests" name="GetRiskLevel_UsesDocumentedBoundaries" />
    </UnitTest>
    <UnitTest name="TaskGenie.Tests.AI.RiskScoringEngineTests.GetRiskLevel_UsesDocumentedBoundaries(score: 60, expected: &quot;HIGH&quot;)" storage="/users/jronehuynh/downloads/taskgeniev2-main/tests/taskgenie.tests/bin/debug/net10.0/taskgenie.tests.dll" id="c21a9b8e-79ce-462b-c8b4-1f218b20e120">
      <Execution id="a0a4bfdb-e678-4ce6-829a-4445412ca474" />
      <TestMethod codeBase="/Users/jronehuynh/Downloads/TaskGenieV2-main/tests/TaskGenie.Tests/bin/Debug/net10.0/TaskGenie.Tests.dll" adapterTypeName="executor://xunit/VsTestRunner3/netcore/" className="TaskGenie.Tests.AI.RiskScoringEngineTests" name="GetRiskLevel_UsesDocumentedBoundaries" />
    </UnitTest>
    <UnitTest name="TaskGenie.Tests.Infrastructure.AppDbContextModelTests.Model_MapsRequiredAiAndEvidenceTables(entityType: typeof(TaskGenie.Domain.Entities.TaskEvidence), expectedTable: &quot;task_evidences&quot;)" storage="/users/jronehuynh/downloads/taskgeniev2-main/tests/taskgenie.tests/bin/debug/net10.0/taskgenie.tests.dll" id="14aff89c-4711-69bc-6507-12ede3808a80">
      <Execution id="e9e501b6-cf66-4d6c-8ed6-f13f019df483" />
      <TestMethod codeBase="/Users/jronehuynh/Downloads/TaskGenieV2-main/tests/TaskGenie.Tests/bin/Debug/net10.0/TaskGenie.Tests.dll" adapterTypeName="executor://xunit/VsTestRunner3/netcore/" className="TaskGenie.Tests.Infrastructure.AppDbContextModelTests" name="Model_MapsRequiredAiAndEvidenceTables" />
    </UnitTest>
    <UnitTest name="TaskGenie.Tests.Infrastructure.AppDbContextModelTests.Model_MapsRequiredAiAndEvidenceTables(entityType: typeof(TaskGenie.Domain.Entities.AiExecutionLog), expectedTable: &quot;ai_execution_logs&quot;)" storage="/users/jronehuynh/downloads/taskgeniev2-main/tests/taskgenie.tests/bin/debug/net10.0/taskgenie.tests.dll" id="88adb2ee-113b-3f50-89d4-cea8d94cec3c">
      <Execution id="73075816-1eec-408d-b950-402ba2568787" />
      <TestMethod codeBase="/Users/jronehuynh/Downloads/TaskGenieV2-main/tests/TaskGenie.Tests/bin/Debug/net10.0/TaskGenie.Tests.dll" adapterTypeName="executor://xunit/VsTestRunner3/netcore/" className="TaskGenie.Tests.Infrastructure.AppDbContextModelTests" name="Model_MapsRequiredAiAndEvidenceTables" />
    </UnitTest>
    <UnitTest name="TaskGenie.Tests.Infrastructure.AppDbContextModelTests.Model_MapsRequiredAiAndEvidenceTables(entityType: typeof(TaskGenie.Domain.Entities.Attachment), expectedTable: &quot;attachments&quot;)" storage="/users/jronehuynh/downloads/taskgeniev2-main/tests/taskgenie.tests/bin/debug/net10.0/taskgenie.tests.dll" id="0fba9406-c120-0a8c-5926-7a75abb31506">
      <Execution id="e1aebb06-62b4-4ef8-b512-71c3de7b32d1" />
      <TestMethod codeBase="/Users/jronehuynh/Downloads/TaskGenieV2-main/tests/TaskGenie.Tests/bin/Debug/net10.0/TaskGenie.Tests.dll" adapterTypeName="executor://xunit/VsTestRunner3/netcore/" className="TaskGenie.Tests.Infrastructure.AppDbContextModelTests" name="Model_MapsRequiredAiAndEvidenceTables" />
    </UnitTest>
    <UnitTest name="TaskGenie.Tests.Domain.AiEvidenceDomainTests.TaskEvidence_RequiresAttachmentOrUrl" storage="/users/jronehuynh/downloads/taskgeniev2-main/tests/taskgenie.tests/bin/debug/net10.0/taskgenie.tests.dll" id="6180deb2-915a-17c8-9098-52901640b576">
      <Execution id="44ecb91f-1c27-4d6b-8b40-f659495d500a" />
      <TestMethod codeBase="/Users/jronehuynh/Downloads/TaskGenieV2-main/tests/TaskGenie.Tests/bin/Debug/net10.0/TaskGenie.Tests.dll" adapterTypeName="executor://xunit/VsTestRunner3/netcore/" className="TaskGenie.Tests.Domain.AiEvidenceDomainTests" name="TaskEvidence_RequiresAttachmentOrUrl" />
    </UnitTest>
    <UnitTest name="TaskGenie.Tests.AI.RiskScoringEngineTests.Calculate_AlwaysReturnsFiveExplainableFactors" storage="/users/jronehuynh/downloads/taskgeniev2-main/tests/taskgenie.tests/bin/debug/net10.0/taskgenie.tests.dll" id="816c58b9-f887-021a-7eff-f8192e5bcfcc">
      <Execution id="a98ea2cd-b669-40ec-8990-cf9564c01e77" />
      <TestMethod codeBase="/Users/jronehuynh/Downloads/TaskGenieV2-main/tests/TaskGenie.Tests/bin/Debug/net10.0/TaskGenie.Tests.dll" adapterTypeName="executor://xunit/VsTestRunner3/netcore/" className="TaskGenie.Tests.AI.RiskScoringEngineTests" name="Calculate_AlwaysReturnsFiveExplainableFactors" />
    </UnitTest>
    <UnitTest name="TaskGenie.Tests.Domain.AiEvidenceDomainTests.TaskEvidence_RejectsUnsafeOrRelativeUrls(url: &quot;javascript:alert(1)&quot;)" storage="/users/jronehuynh/downloads/taskgeniev2-main/tests/taskgenie.tests/bin/debug/net10.0/taskgenie.tests.dll" id="c830a69e-128b-1e9c-02df-3cda70933df7">
      <Execution id="ca5f431c-1f05-4c2f-b108-3a9eb513c6d8" />
      <TestMethod codeBase="/Users/jronehuynh/Downloads/TaskGenieV2-main/tests/TaskGenie.Tests/bin/Debug/net10.0/TaskGenie.Tests.dll" adapterTypeName="executor://xunit/VsTestRunner3/netcore/" className="TaskGenie.Tests.Domain.AiEvidenceDomainTests" name="TaskEvidence_RejectsUnsafeOrRelativeUrls" />
    </UnitTest>
  </TestDefinitions>
  <TestEntries>
    <TestEntry testId="bc4a5ca0-eb7c-9a85-f9e7-90204ea6c38e" executionId="c0247cd6-0371-4eaa-a944-2cc2b46e9f5a" testListId="8c84fa94-04c1-424b-9868-57a2d4851a1d" />
    <TestEntry testId="d1a9d34c-475f-5219-b0e6-b0074a066964" executionId="dc632ead-d316-4a01-b2a5-aa302fde3b8f" testListId="8c84fa94-04c1-424b-9868-57a2d4851a1d" />
    <TestEntry testId="5d7a63bf-a727-a38f-9eb2-4d61c2432297" executionId="71a05072-0a26-464b-bec5-1aef9b5e3388" testListId="8c84fa94-04c1-424b-9868-57a2d4851a1d" />
    <TestEntry testId="2a658927-1306-7850-57b4-fed1b9eaf3ed" executionId="e9cb9f1b-f84d-4518-9c58-8b719bafb081" testListId="8c84fa94-04c1-424b-9868-57a2d4851a1d" />
    <TestEntry testId="6ecce614-9bde-9507-a4f3-88bcde95b087" executionId="3a531c0a-2041-402a-8db8-5868b39d514a" testListId="8c84fa94-04c1-424b-9868-57a2d4851a1d" />
    <TestEntry testId="441541e7-4993-4353-f01c-d3f92625ef16" executionId="97e8ba60-5ac2-4a94-9374-3392c9e339d5" testListId="8c84fa94-04c1-424b-9868-57a2d4851a1d" />
    <TestEntry testId="b9c87edb-0357-bef3-d5e7-0e60f8ef5452" executionId="b2e5ed59-f522-4d2e-9526-500455738b4a" testListId="8c84fa94-04c1-424b-9868-57a2d4851a1d" />
    <TestEntry testId="e425c92c-aa8d-5ae2-b0ea-2bc152e39a24" executionId="66413ac2-6b15-4a9d-8e67-87b2bdcb8bca" testListId="8c84fa94-04c1-424b-9868-57a2d4851a1d" />
    <TestEntry testId="7290fcdf-d1d6-cee8-dce0-04fc0bbf4be4" executionId="d85df13e-809b-4e59-a354-719081c234dd" testListId="8c84fa94-04c1-424b-9868-57a2d4851a1d" />
    <TestEntry testId="f68d306d-0286-5b9b-35af-3ca8dc8eab66" executionId="20cceb49-6bad-4607-a4cd-d6eda6953f78" testListId="8c84fa94-04c1-424b-9868-57a2d4851a1d" />
    <TestEntry testId="a88d0eb4-c3fb-ace5-8746-bb692d219e54" executionId="697ceb89-a0ec-4137-a901-e4502cca39a2" testListId="8c84fa94-04c1-424b-9868-57a2d4851a1d" />
    <TestEntry testId="53c04a3a-2855-e4ce-ec76-bfecd6e6694c" executionId="3d2f97f1-c7cc-454c-a128-bfead3f67ed1" testListId="8c84fa94-04c1-424b-9868-57a2d4851a1d" />
    <TestEntry testId="b14739f2-7b58-8cd9-dddc-3afd3d8dd794" executionId="a44495ba-d8eb-4789-87d1-3195c837c95c" testListId="8c84fa94-04c1-424b-9868-57a2d4851a1d" />
    <TestEntry testId="11b62da1-1640-149a-8fc9-cc296caad299" executionId="39379903-9431-41a3-acff-261af4877604" testListId="8c84fa94-04c1-424b-9868-57a2d4851a1d" />
    <TestEntry testId="f0c9a006-e20e-9b05-e327-0fc43f2c152d" executionId="3e88713e-c91d-41be-8134-ebc24b5cd7e3" testListId="8c84fa94-04c1-424b-9868-57a2d4851a1d" />
    <TestEntry testId="0e3374fc-6f14-0a88-b184-43fb5c76ce3f" executionId="c9e6cf6d-8d35-420c-a35f-322fdcf2cb05" testListId="8c84fa94-04c1-424b-9868-57a2d4851a1d" />
    <TestEntry testId="fb6ee4f5-6a6e-a055-cd96-c0a8919b0701" executionId="4377a8f9-6d6d-42f7-b2da-b3f7dc232345" testListId="8c84fa94-04c1-424b-9868-57a2d4851a1d" />
    <TestEntry testId="e1633008-c891-2dbd-d71b-dcbe4274f498" executionId="9faf08d6-b387-4b95-902d-91a002faedac" testListId="8c84fa94-04c1-424b-9868-57a2d4851a1d" />
    <TestEntry testId="23642089-a808-2511-97c1-00b67892ba70" executionId="0f350f49-2105-4b56-992a-f8fb002f499a" testListId="8c84fa94-04c1-424b-9868-57a2d4851a1d" />
    <TestEntry testId="c21a9b8e-79ce-462b-c8b4-1f218b20e120" executionId="a0a4bfdb-e678-4ce6-829a-4445412ca474" testListId="8c84fa94-04c1-424b-9868-57a2d4851a1d" />
    <TestEntry testId="4a21f389-3eac-d26d-63a8-709c0f989ee7" executionId="43a9b76f-7e17-437b-873f-fb0773e624bb" testListId="8c84fa94-04c1-424b-9868-57a2d4851a1d" />
    <TestEntry testId="6180deb2-915a-17c8-9098-52901640b576" executionId="44ecb91f-1c27-4d6b-8b40-f659495d500a" testListId="8c84fa94-04c1-424b-9868-57a2d4851a1d" />
    <TestEntry testId="dd2d9444-1fa8-9c9d-9a6f-53d2040e04c2" executionId="c0e5548f-fa7f-4027-a76f-4d73c60fe96e" testListId="8c84fa94-04c1-424b-9868-57a2d4851a1d" />
    <TestEntry testId="2dc5d78b-93ef-0de2-517f-f6f8970d8ded" executionId="c1c74592-41d0-4cf6-8764-16cee986ea4c" testListId="8c84fa94-04c1-424b-9868-57a2d4851a1d" />
    <TestEntry testId="022fba4d-da5c-5074-9648-baa645d4a225" executionId="5066aa37-775d-4af7-af6a-e83e942dc024" testListId="8c84fa94-04c1-424b-9868-57a2d4851a1d" />
    <TestEntry testId="b26402a3-474a-96f0-8562-6ebf5fc70e97" executionId="a7f51de8-a6b3-448d-bba7-8a874a124704" testListId="8c84fa94-04c1-424b-9868-57a2d4851a1d" />
    <TestEntry testId="da1919b8-6a53-c48a-cfcd-a6d20c28954a" executionId="55af072e-97a2-4ce6-8ab8-180291f7a2a1" testListId="8c84fa94-04c1-424b-9868-57a2d4851a1d" />
    <TestEntry testId="816c58b9-f887-021a-7eff-f8192e5bcfcc" executionId="a98ea2cd-b669-40ec-8990-cf9564c01e77" testListId="8c84fa94-04c1-424b-9868-57a2d4851a1d" />
    <TestEntry testId="ca20c685-295d-f817-9db3-ea124b023d2f" executionId="c34e2813-1f43-4462-a336-d3896bb44995" testListId="8c84fa94-04c1-424b-9868-57a2d4851a1d" />
    <TestEntry testId="85d35fb7-4f9b-591a-d856-2a1b9a5fdee5" executionId="1134e65c-ca22-45fb-bb23-9e19a2cee1cf" testListId="8c84fa94-04c1-424b-9868-57a2d4851a1d" />
    <TestEntry testId="c830a69e-128b-1e9c-02df-3cda70933df7" executionId="ca5f431c-1f05-4c2f-b108-3a9eb513c6d8" testListId="8c84fa94-04c1-424b-9868-57a2d4851a1d" />
    <TestEntry testId="d3574e84-0f90-d2d9-defd-389165578fc8" executionId="cb5dd528-e7fb-477b-88b9-fc581c8db02a" testListId="8c84fa94-04c1-424b-9868-57a2d4851a1d" />
    <TestEntry testId="97724db8-2291-13b9-0e83-9e4a96fca6db" executionId="d4932ff4-38e3-4890-8886-225991ca56f8" testListId="8c84fa94-04c1-424b-9868-57a2d4851a1d" />
    <TestEntry testId="0fba9406-c120-0a8c-5926-7a75abb31506" executionId="e1aebb06-62b4-4ef8-b512-71c3de7b32d1" testListId="8c84fa94-04c1-424b-9868-57a2d4851a1d" />
    <TestEntry testId="b61a4a90-fa2a-461e-7f14-9233d26ca01b" executionId="fa39adf7-36a6-455d-8a5b-73bce56199b7" testListId="8c84fa94-04c1-424b-9868-57a2d4851a1d" />
    <TestEntry testId="780171ab-82bb-86e9-20b9-e29136de58b5" executionId="e5b2b49c-6ed4-408a-b199-b7b23640bb41" testListId="8c84fa94-04c1-424b-9868-57a2d4851a1d" />
    <TestEntry testId="88adb2ee-113b-3f50-89d4-cea8d94cec3c" executionId="73075816-1eec-408d-b950-402ba2568787" testListId="8c84fa94-04c1-424b-9868-57a2d4851a1d" />
    <TestEntry testId="c5652504-f09b-8a71-8865-7469edbe8e1b" executionId="7ac16777-454a-4952-8352-127b21f0731f" testListId="8c84fa94-04c1-424b-9868-57a2d4851a1d" />
    <TestEntry testId="1f8adff5-8c5b-fdc1-0eec-c7a6f1c60c38" executionId="5555ea29-c361-46a0-b865-f68b38c695fd" testListId="8c84fa94-04c1-424b-9868-57a2d4851a1d" />
    <TestEntry testId="bfb568b0-a15f-c961-4cc9-83fa4965bc93" executionId="32e33229-ee08-4314-9299-031bd8d8b6ed" testListId="8c84fa94-04c1-424b-9868-57a2d4851a1d" />
    <TestEntry testId="03293b4b-554a-73c6-aeda-676046cd6517" executionId="ba430037-65fa-4142-b02a-98cf570ac623" testListId="8c84fa94-04c1-424b-9868-57a2d4851a1d" />
    <TestEntry testId="7e955ce8-8d51-25af-eb8a-dee5c5a79c8b" executionId="f3e9686d-4f96-4da8-8b62-09909a17a095" testListId="8c84fa94-04c1-424b-9868-57a2d4851a1d" />
    <TestEntry testId="da6d9e8f-91cd-b1f3-b006-20cdbefd9f39" executionId="4e3a1506-11bf-448e-b5f1-f8c5e4f04c04" testListId="8c84fa94-04c1-424b-9868-57a2d4851a1d" />
    <TestEntry testId="64dbe7ef-03c6-c41e-19d0-b0cb3c129b1e" executionId="f454835b-a1e7-42a8-887b-6c2d1251fa34" testListId="8c84fa94-04c1-424b-9868-57a2d4851a1d" />
    <TestEntry testId="14aff89c-4711-69bc-6507-12ede3808a80" executionId="e9e501b6-cf66-4d6c-8ed6-f13f019df483" testListId="8c84fa94-04c1-424b-9868-57a2d4851a1d" />
    <TestEntry testId="fdcec592-90da-192c-8000-1078aa647385" executionId="b04e7fc7-07b3-4cff-b00d-d6ccd3b01442" testListId="8c84fa94-04c1-424b-9868-57a2d4851a1d" />
  </TestEntries>
  <TestLists>
    <TestList name="Results Not in a List" id="8c84fa94-04c1-424b-9868-57a2d4851a1d" />
    <TestList name="All Loaded Results" id="19431567-8539-422a-85d7-44ee4e166bda" />
  </TestLists>
  <ResultSummary outcome="Failed">
    <Counters total="46" executed="46" passed="45" failed="1" error="0" timeout="0" aborted="0" inconclusive="0" passedButRunAborted="0" notRunnable="0" notExecuted="0" disconnected="0" warning="0" completed="0" inProgress="0" pending="0" />
    <Output>
      <StdOut>[xUnit.net 00:00:00.00] xUnit.net VSTest Adapter v3.1.5+1b188a7b0a (64-bit .NET 10.0.10)
[xUnit.net 00:00:00.21]   Discovering: TaskGenie.Tests
[xUnit.net 00:00:00.36]   Discovered:  TaskGenie.Tests
[xUnit.net 00:00:00.43]   Starting:    TaskGenie.Tests
[xUnit.net 00:00:01.11]       Assert.Equal() Failure: Values are not within 6 decimal places
[xUnit.net 00:00:01.11]       Expected: 0,77000000000000002 (rounded from 0,77000000000000002)
[xUnit.net 00:00:01.11]       Actual:   0,78000000000000003 (rounded from 0,78000000000000003)
[xUnit.net 00:00:01.11]       Stack Trace:
[xUnit.net 00:00:01.12]         /Users/jronehuynh/Downloads/TaskGenieV2-main/tests/TaskGenie.Tests/AI/AssignmentScoringEngineTests.cs(14,0): at TaskGenie.Tests.AI.AssignmentScoringEngineTests.Calculate_UsesDocumentedWeights()
[xUnit.net 00:00:01.12]            at System.Reflection.MethodBaseInvoker.InterpretedInvoke_Method(Object obj, IntPtr* args)
[xUnit.net 00:00:01.12]            at System.Reflection.MethodBaseInvoker.InvokeWithNoArgs(Object obj, BindingFlags invokeAttr)
[xUnit.net 00:00:03.14]   Finished:    TaskGenie.Tests
</StdOut>
    </Output>
    <RunInfos>
      <RunInfo computerName="jronehuynhs-MacBook-Pro" outcome="Error" timestamp="2026-07-20T11:15:08.4762170+07:00">
        <Text>[xUnit.net 00:00:01.10]     TaskGenie.Tests.AI.AssignmentScoringEngineTests.Calculate_UsesDocumentedWeights [FAIL]</Text>
      </RunInfo>
    </RunInfos>
    <CollectorDataEntries>
      <Collector agentName="jronehuynhs-MacBook-Pro" uri="datacollector://microsoft/CoverletCodeCoverage/1.0" collectorDisplayName="XPlat code coverage">
        <UriAttachments>
          <UriAttachment>
            <A href="jronehuynhs-MacBook-Pro/coverage.cobertura.xml"></A>
          </UriAttachment>
        </UriAttachments>
      </Collector>
    </CollectorDataEntries>
  </ResultSummary>
</TestRun>