<?xml version="1.0" encoding="utf-8"?>
<TestRun id="1afc7399-ad9e-4d93-9d2d-2f3baf92c61d" name="@jronehuynhs-MacBook-Pro 2026-07-20 11:29:39" xmlns="http://microsoft.com/schemas/VisualStudio/TeamTest/2010">
  <Times creation="2026-07-20T11:29:39.7968090+07:00" queuing="2026-07-20T11:29:39.7968090+07:00" start="2026-07-20T11:29:33.1569200+07:00" finish="2026-07-20T11:29:44.6235630+07:00" />
  <TestSettings name="default" id="0cdd0576-0fd0-4724-85e8-fa757f67832b">
    <Deployment runDeploymentRoot="_jronehuynhs-MacBook-Pro_2026-07-20_11_29_39" />
  </TestSettings>
  <Results>
    <UnitTestResult executionId="c89b01b6-e524-46cd-a31b-5c9a9bbf33ef" testId="c830a69e-128b-1e9c-02df-3cda70933df7" testName="TaskGenie.Tests.Domain.AiEvidenceDomainTests.TaskEvidence_RejectsUnsafeOrRelativeUrls(url: &quot;javascript:alert(1)&quot;)" computerName="jronehuynhs-MacBook-Pro" duration="00:00:00.0000426" startTime="2026-07-20T11:29:39.8298350+07:00" endTime="2026-07-20T11:29:39.8299240+07:00" testType="13cdc9d9-ddb5-4fa4-a97d-d965ccfc6d4b" outcome="Passed" testListId="8c84fa94-04c1-424b-9868-57a2d4851a1d" relativeResultsDirectory="c89b01b6-e524-46cd-a31b-5c9a9bbf33ef" />
    <UnitTestResult executionId="fdd06233-ac26-4a20-ab24-5de3a67f54d2" testId="5d7a63bf-a727-a38f-9eb2-4d61c2432297" testName="TaskGenie.Tests.AI.RiskScoringEngineTests.Calculate_OverdueTask_DeadlineFactorIsMaximum" computerName="jronehuynhs-MacBook-Pro" duration="00:00:00.0027575" startTime="2026-07-20T11:29:39.7292420+07:00" endTime="2026-07-20T11:29:39.7292910+07:00" testType="13cdc9d9-ddb5-4fa4-a97d-d965ccfc6d4b" outcome="Passed" testListId="8c84fa94-04c1-424b-9868-57a2d4851a1d" relativeResultsDirectory="fdd06233-ac26-4a20-ab24-5de3a67f54d2" />
    <UnitTestResult executionId="92c67afa-f2d8-4d38-af31-fb61fa0a289d" testId="64dbe7ef-03c6-c41e-19d0-b0cb3c129b1e" testName="TaskGenie.Tests.Domain.AiEvidenceDomainTests.TaskEvidence_RejectsUnsafeOrRelativeUrls(url: &quot;relative/path&quot;)" computerName="jronehuynhs-MacBook-Pro" duration="00:00:00.0008901" startTime="2026-07-20T11:29:39.8234310+07:00" endTime="2026-07-20T11:29:39.8235190+07:00" testType="13cdc9d9-ddb5-4fa4-a97d-d965ccfc6d4b" outcome="Passed" testListId="8c84fa94-04c1-424b-9868-57a2d4851a1d" relativeResultsDirectory="92c67afa-f2d8-4d38-af31-fb61fa0a289d" />
    <UnitTestResult executionId="aeaac4bf-fb1d-4156-ba5c-43caa7a44785" testId="dd2d9444-1fa8-9c9d-9a6f-53d2040e04c2" testName="TaskGenie.Tests.AI.AssignmentScoringEngineTests.Calculate_ClampsProviderValuesToValidRange" computerName="jronehuynhs-MacBook-Pro" duration="00:00:00.0082281" startTime="2026-07-20T11:29:40.0157220+07:00" endTime="2026-07-20T11:29:40.0204190+07:00" testType="13cdc9d9-ddb5-4fa4-a97d-d965ccfc6d4b" outcome="Passed" testListId="8c84fa94-04c1-424b-9868-57a2d4851a1d" relativeResultsDirectory="aeaac4bf-fb1d-4156-ba5c-43caa7a44785" />
    <UnitTestResult executionId="0acb8c9f-200d-437e-8a1b-7635dd53f28c" testId="97724db8-2291-13b9-0e83-9e4a96fca6db" testName="TaskGenie.Tests.Application.AnalyzeTaskRiskCommandHandlerTests.Handle_UnknownTask_ReturnsNullWithoutCallingAi" computerName="jronehuynhs-MacBook-Pro" duration="00:00:00.0148610" startTime="2026-07-20T11:29:40.3100340+07:00" endTime="2026-07-20T11:29:40.3233710+07:00" testType="13cdc9d9-ddb5-4fa4-a97d-d965ccfc6d4b" outcome="Passed" testListId="8c84fa94-04c1-424b-9868-57a2d4851a1d" relativeResultsDirectory="0acb8c9f-200d-437e-8a1b-7635dd53f28c" />
    <UnitTestResult executionId="b1e74f07-755b-49a7-ad28-f28e23220cf4" testId="f84fcad3-75ec-2565-ff54-2b70ec6b7203" testName="TaskGenie.Tests.Application.CoreCommandValidatorTests.RecommendationValidator_RequiresTaskAndProject" computerName="jronehuynhs-MacBook-Pro" duration="00:00:00.4606548" startTime="2026-07-20T11:29:39.1919370+07:00" endTime="2026-07-20T11:29:39.7506350+07:00" testType="13cdc9d9-ddb5-4fa4-a97d-d965ccfc6d4b" outcome="Passed" testListId="8c84fa94-04c1-424b-9868-57a2d4851a1d" relativeResultsDirectory="b1e74f07-755b-49a7-ad28-f28e23220cf4" />
    <UnitTestResult executionId="f7771ff0-04d2-4326-a18d-fc14d312c362" testId="d3574e84-0f90-d2d9-defd-389165578fc8" testName="TaskGenie.Tests.AI.RiskScoringEngineTests.Calculate_CustomWeights_AreNormalizedToOne" computerName="jronehuynhs-MacBook-Pro" duration="00:00:00.0068773" startTime="2026-07-20T11:29:39.7273830+07:00" endTime="2026-07-20T11:29:39.7274450+07:00" testType="13cdc9d9-ddb5-4fa4-a97d-d965ccfc6d4b" outcome="Passed" testListId="8c84fa94-04c1-424b-9868-57a2d4851a1d" relativeResultsDirectory="f7771ff0-04d2-4326-a18d-fc14d312c362" />
    <UnitTestResult executionId="c3b5c40d-f95d-445b-a245-cd329557b937" testId="f0c9a006-e20e-9b05-e327-0fc43f2c152d" testName="TaskGenie.Tests.AI.AssignmentScoringEngineTests.Weights_SumToOne" computerName="jronehuynhs-MacBook-Pro" duration="00:00:00.0013477" startTime="2026-07-20T11:29:40.0271670+07:00" endTime="2026-07-20T11:29:40.0272500+07:00" testType="13cdc9d9-ddb5-4fa4-a97d-d965ccfc6d4b" outcome="Passed" testListId="8c84fa94-04c1-424b-9868-57a2d4851a1d" relativeResultsDirectory="c3b5c40d-f95d-445b-a245-cd329557b937" />
    <UnitTestResult executionId="98a8ad89-4337-4e44-98e2-3ba24dacbe21" testId="b9c87edb-0357-bef3-d5e7-0e60f8ef5452" testName="TaskGenie.Tests.Application.CreateTaskEvidenceCommandHandlerTests.Handle_ValidUrlEvidence_PersistsAndReturnsDto" computerName="jronehuynhs-MacBook-Pro" duration="00:00:00.8959526" startTime="2026-07-20T11:29:39.1920070+07:00" endTime="2026-07-20T11:29:39.8821010+07:00" testType="13cdc9d9-ddb5-4fa4-a97d-d965ccfc6d4b" outcome="Passed" testListId="8c84fa94-04c1-424b-9868-57a2d4851a1d" relativeResultsDirectory="98a8ad89-4337-4e44-98e2-3ba24dacbe21" />
    <UnitTestResult executionId="aa8a9532-3e5a-4c30-8482-d6e801b666b7" testId="0e3374fc-6f14-0a88-b184-43fb5c76ce3f" testName="TaskGenie.Tests.AI.AssignmentScoringEngineTests.Calculate_BetterSkillMatch_HasLargestSingleComponentImpact" computerName="jronehuynhs-MacBook-Pro" duration="00:00:00.0012257" startTime="2026-07-20T11:29:40.0309630+07:00" endTime="2026-07-20T11:29:40.0310430+07:00" testType="13cdc9d9-ddb5-4fa4-a97d-d965ccfc6d4b" outcome="Passed" testListId="8c84fa94-04c1-424b-9868-57a2d4851a1d" relativeResultsDirectory="aa8a9532-3e5a-4c30-8482-d6e801b666b7" />
    <UnitTestResult executionId="85940850-d6c4-47d5-85b6-36880bd409c8" testId="03293b4b-554a-73c6-aeda-676046cd6517" testName="TaskGenie.Tests.Domain.AiEvidenceDomainTests.Recommendation_RecordsAcceptDecision" computerName="jronehuynhs-MacBook-Pro" duration="00:00:00.0196334" startTime="2026-07-20T11:29:39.7889730+07:00" endTime="2026-07-20T11:29:39.8070160+07:00" testType="13cdc9d9-ddb5-4fa4-a97d-d965ccfc6d4b" outcome="Passed" testListId="8c84fa94-04c1-424b-9868-57a2d4851a1d" relativeResultsDirectory="85940850-d6c4-47d5-85b6-36880bd409c8" />
    <UnitTestResult executionId="4978ae58-d66d-4ebb-b5b9-52a6d522c065" testId="c21a9b8e-79ce-462b-c8b4-1f218b20e120" testName="TaskGenie.Tests.AI.RiskScoringEngineTests.GetRiskLevel_UsesDocumentedBoundaries(score: 60, expected: &quot;HIGH&quot;)" computerName="jronehuynhs-MacBook-Pro" duration="00:00:00.0000027" startTime="2026-07-20T11:29:39.6522360+07:00" endTime="2026-07-20T11:29:39.6526890+07:00" testType="13cdc9d9-ddb5-4fa4-a97d-d965ccfc6d4b" outcome="Passed" testListId="8c84fa94-04c1-424b-9868-57a2d4851a1d" relativeResultsDirectory="4978ae58-d66d-4ebb-b5b9-52a6d522c065" />
    <UnitTestResult executionId="0bc4a9f1-1b8a-4969-a19f-e03ffed4db25" testId="1f447304-c512-24a7-11b2-312d77f6b7c7" testName="TaskGenie.Tests.Integration.AiCoreApiIntegrationTests.EvidenceEndpoint_ValidatesAndReturnsCreatedUrlEvidence" computerName="jronehuynhs-MacBook-Pro" duration="00:00:01.2236351" startTime="2026-07-20T11:29:39.9365630+07:00" endTime="2026-07-20T11:29:41.1804180+07:00" testType="13cdc9d9-ddb5-4fa4-a97d-d965ccfc6d4b" outcome="Failed" testListId="8c84fa94-04c1-424b-9868-57a2d4851a1d" relativeResultsDirectory="0bc4a9f1-1b8a-4969-a19f-e03ffed4db25">
      <Output>
        <ErrorInfo>
          <Message>System.InvalidOperationException : Services for database providers 'Microsoft.EntityFrameworkCore.SqlServer', 'Microsoft.EntityFrameworkCore.InMemory' have been registered in the service provider. Only a single database provider can be registered in a service provider. If possible, ensure that Entity Framework is managing its service provider by removing the call to 'UseInternalServiceProvider'. Otherwise, consider conditionally registering the database provider, or maintaining one service provider per database provider.</Message>
          <StackTrace>   at Microsoft.EntityFrameworkCore.Internal.DbContextServices.Initialize(IServiceProvider scopedProvider, DbContextOptions contextOptions, DbContext context)
   at Microsoft.EntityFrameworkCore.DbContext.get_ContextServices()
   at Microsoft.EntityFrameworkCore.DbContext.get_InternalServiceProvider()
   at Microsoft.EntityFrameworkCore.DbContext.Microsoft.EntityFrameworkCore.Infrastructure.IInfrastructure&lt;System.IServiceProvider&gt;.get_Instance()
   at Microsoft.EntityFrameworkCore.Infrastructure.Internal.InfrastructureExtensions.GetService(IInfrastructure`1 accessor, Type serviceType)
   at Microsoft.EntityFrameworkCore.Infrastructure.Internal.InfrastructureExtensions.GetService[TService](IInfrastructure`1 accessor)
   at Microsoft.EntityFrameworkCore.Infrastructure.AccessorExtensions.GetService[TService](IInfrastructure`1 accessor)
   at Microsoft.EntityFrameworkCore.Infrastructure.DatabaseFacade.get_Dependencies()
   at Microsoft.EntityFrameworkCore.Infrastructure.DatabaseFacade.EnsureCreatedAsync(CancellationToken cancellationToken)
   at TaskGenie.Tests.Integration.AiCoreApiFactory.SeedTaskAsync(Int32 projectId, Int32 userCount) in /Users/jronehuynh/Downloads/TaskGenieV2-main/tests/TaskGenie.Tests/Integration/AiCoreApiIntegrationTests.cs:line 110
   at TaskGenie.Tests.Integration.AiCoreApiIntegrationTests.EvidenceEndpoint_ValidatesAndReturnsCreatedUrlEvidence() in /Users/jronehuynh/Downloads/TaskGenieV2-main/tests/TaskGenie.Tests/Integration/AiCoreApiIntegrationTests.cs:line 68
   at TaskGenie.Tests.Integration.AiCoreApiIntegrationTests.EvidenceEndpoint_ValidatesAndReturnsCreatedUrlEvidence() in /Users/jronehuynh/Downloads/TaskGenieV2-main/tests/TaskGenie.Tests/Integration/AiCoreApiIntegrationTests.cs:line 82
--- End of stack trace from previous location ---</StackTrace>
        </ErrorInfo>
      </Output>
    </UnitTestResult>
    <UnitTestResult executionId="f8e9b5e1-f2e8-4947-a822-e1caeb377f3b" testId="14aff89c-4711-69bc-6507-12ede3808a80" testName="TaskGenie.Tests.Infrastructure.AppDbContextModelTests.Model_MapsRequiredAiAndEvidenceTables(entityType: typeof(TaskGenie.Domain.Entities.TaskEvidence), expectedTable: &quot;task_evidences&quot;)" computerName="jronehuynhs-MacBook-Pro" duration="00:00:00.0003717" startTime="2026-07-20T11:29:41.9464100+07:00" endTime="2026-07-20T11:29:41.9464620+07:00" testType="13cdc9d9-ddb5-4fa4-a97d-d965ccfc6d4b" outcome="Passed" testListId="8c84fa94-04c1-424b-9868-57a2d4851a1d" relativeResultsDirectory="f8e9b5e1-f2e8-4947-a822-e1caeb377f3b" />
    <UnitTestResult executionId="04cecb5f-64c3-400e-a3dc-859a8f54a547" testId="022fba4d-da5c-5074-9648-baa645d4a225" testName="TaskGenie.Tests.AI.RiskScoringEngineTests.Calculate_MissingDeadline_AppliesUncertaintyScore" computerName="jronehuynhs-MacBook-Pro" duration="00:00:00.0069684" startTime="2026-07-20T11:29:39.7057360+07:00" endTime="2026-07-20T11:29:39.7058160+07:00" testType="13cdc9d9-ddb5-4fa4-a97d-d965ccfc6d4b" outcome="Passed" testListId="8c84fa94-04c1-424b-9868-57a2d4851a1d" relativeResultsDirectory="04cecb5f-64c3-400e-a3dc-859a8f54a547" />
    <UnitTestResult executionId="f206037d-73be-49ce-814c-5f851cbb7bc6" testId="ce80142a-bbfe-51d2-f003-39644233aeb4" testName="TaskGenie.Tests.Application.CoreCommandValidatorTests.EvidenceValidator_RequiresAuthenticatedSubmitterAndSource" computerName="jronehuynhs-MacBook-Pro" duration="00:00:00.3249855" startTime="2026-07-20T11:29:39.7516930+07:00" endTime="2026-07-20T11:29:39.7602530+07:00" testType="13cdc9d9-ddb5-4fa4-a97d-d965ccfc6d4b" outcome="Passed" testListId="8c84fa94-04c1-424b-9868-57a2d4851a1d" relativeResultsDirectory="f206037d-73be-49ce-814c-5f851cbb7bc6" />
    <UnitTestResult executionId="884c8dba-b292-42b2-b0ef-7da4bcb4664d" testId="1f8adff5-8c5b-fdc1-0eec-c7a6f1c60c38" testName="TaskGenie.Tests.Application.AnalyzeTaskRiskCommandHandlerTests.Handle_ProviderFailure_PersistsExplainableFallbackAndUpdatesTask" computerName="jronehuynhs-MacBook-Pro" duration="00:00:01.3338944" startTime="2026-07-20T11:29:39.1709010+07:00" endTime="2026-07-20T11:29:40.3076700+07:00" testType="13cdc9d9-ddb5-4fa4-a97d-d965ccfc6d4b" outcome="Passed" testListId="8c84fa94-04c1-424b-9868-57a2d4851a1d" relativeResultsDirectory="884c8dba-b292-42b2-b0ef-7da4bcb4664d" />
    <UnitTestResult executionId="cf070393-af45-4fc9-a5ff-b206e3acdc10" testId="816c58b9-f887-021a-7eff-f8192e5bcfcc" testName="TaskGenie.Tests.AI.RiskScoringEngineTests.Calculate_AlwaysReturnsFiveExplainableFactors" computerName="jronehuynhs-MacBook-Pro" duration="00:00:00.0153013" startTime="2026-07-20T11:29:39.7287210+07:00" endTime="2026-07-20T11:29:39.7287740+07:00" testType="13cdc9d9-ddb5-4fa4-a97d-d965ccfc6d4b" outcome="Passed" testListId="8c84fa94-04c1-424b-9868-57a2d4851a1d" relativeResultsDirectory="cf070393-af45-4fc9-a5ff-b206e3acdc10" />
    <UnitTestResult executionId="ed5d378a-00eb-4473-a1f1-3fecedd8303d" testId="f0ee0a8c-1a4d-7c83-4560-29a746947783" testName="TaskGenie.Tests.Application.CoreCommandValidatorTests.RiskValidator_RejectsNonPositiveTaskId" computerName="jronehuynhs-MacBook-Pro" duration="00:00:00.0085269" startTime="2026-07-20T11:29:39.7613900+07:00" endTime="2026-07-20T11:29:39.7686230+07:00" testType="13cdc9d9-ddb5-4fa4-a97d-d965ccfc6d4b" outcome="Passed" testListId="8c84fa94-04c1-424b-9868-57a2d4851a1d" relativeResultsDirectory="ed5d378a-00eb-4473-a1f1-3fecedd8303d" />
    <UnitTestResult executionId="f47821c8-99c7-4fe8-93b4-7fe151f78112" testId="2a658927-1306-7850-57b4-fed1b9eaf3ed" testName="TaskGenie.Tests.AI.RiskScoringEngineTests.GetRiskLevel_UsesDocumentedBoundaries(score: 59,990000000000002, expected: &quot;MEDIUM&quot;)" computerName="jronehuynhs-MacBook-Pro" duration="00:00:00.0000019" startTime="2026-07-20T11:29:39.6837850+07:00" endTime="2026-07-20T11:29:39.6838820+07:00" testType="13cdc9d9-ddb5-4fa4-a97d-d965ccfc6d4b" outcome="Passed" testListId="8c84fa94-04c1-424b-9868-57a2d4851a1d" relativeResultsDirectory="f47821c8-99c7-4fe8-93b4-7fe151f78112" />
    <UnitTestResult executionId="a4591746-6d60-406d-adbd-8a8db8fcf5b1" testId="53c04a3a-2855-e4ce-ec76-bfecd6e6694c" testName="TaskGenie.Tests.Infrastructure.AppDbContextModelTests.Model_MapsRequiredAiAndEvidenceTables(entityType: typeof(TaskGenie.Domain.Entities.RiskScoreHistory), expectedTable: &quot;risk_score_history&quot;)" computerName="jronehuynhs-MacBook-Pro" duration="00:00:00.0710424" startTime="2026-07-20T11:29:41.8718670+07:00" endTime="2026-07-20T11:29:41.9397880+07:00" testType="13cdc9d9-ddb5-4fa4-a97d-d965ccfc6d4b" outcome="Passed" testListId="8c84fa94-04c1-424b-9868-57a2d4851a1d" relativeResultsDirectory="a4591746-6d60-406d-adbd-8a8db8fcf5b1" />
    <UnitTestResult executionId="fec90a87-cc0e-403f-810a-799614c4d6b4" testId="c5652504-f09b-8a71-8865-7469edbe8e1b" testName="TaskGenie.Tests.AI.RiskScoringEngineTests.GetRiskLevel_UsesDocumentedBoundaries(score: 29,989999999999998, expected: &quot;LOW&quot;)" computerName="jronehuynhs-MacBook-Pro" duration="00:00:00.0000020" startTime="2026-07-20T11:29:39.6540620+07:00" endTime="2026-07-20T11:29:39.6771520+07:00" testType="13cdc9d9-ddb5-4fa4-a97d-d965ccfc6d4b" outcome="Passed" testListId="8c84fa94-04c1-424b-9868-57a2d4851a1d" relativeResultsDirectory="fec90a87-cc0e-403f-810a-799614c4d6b4" />
    <UnitTestResult executionId="12a43f1b-f037-4133-ab99-f7e8008239f5" testId="4a21f389-3eac-d26d-63a8-709c0f989ee7" testName="TaskGenie.Tests.Application.CreateTaskEvidenceCommandHandlerTests.Handle_DisallowedMimeType_IsRejected" computerName="jronehuynhs-MacBook-Pro" duration="00:00:00.0340909" startTime="2026-07-20T11:29:39.8917140+07:00" endTime="2026-07-20T11:29:39.9040790+07:00" testType="13cdc9d9-ddb5-4fa4-a97d-d965ccfc6d4b" outcome="Passed" testListId="8c84fa94-04c1-424b-9868-57a2d4851a1d" relativeResultsDirectory="12a43f1b-f037-4133-ab99-f7e8008239f5" />
    <UnitTestResult executionId="266efc60-bd77-43ad-97b2-ea568da13eb7" testId="88adb2ee-113b-3f50-89d4-cea8d94cec3c" testName="TaskGenie.Tests.Infrastructure.AppDbContextModelTests.Model_MapsRequiredAiAndEvidenceTables(entityType: typeof(TaskGenie.Domain.Entities.AiExecutionLog), expectedTable: &quot;ai_execution_logs&quot;)" computerName="jronehuynhs-MacBook-Pro" duration="00:00:00.0005751" startTime="2026-07-20T11:29:41.9458200+07:00" endTime="2026-07-20T11:29:41.9458820+07:00" testType="13cdc9d9-ddb5-4fa4-a97d-d965ccfc6d4b" outcome="Passed" testListId="8c84fa94-04c1-424b-9868-57a2d4851a1d" relativeResultsDirectory="266efc60-bd77-43ad-97b2-ea568da13eb7" />
    <UnitTestResult executionId="221cd32b-6b98-4116-a188-bd4bdf00362b" testId="0fba9406-c120-0a8c-5926-7a75abb31506" testName="TaskGenie.Tests.Infrastructure.AppDbContextModelTests.Model_MapsRequiredAiAndEvidenceTables(entityType: typeof(TaskGenie.Domain.Entities.Attachment), expectedTable: &quot;attachments&quot;)" computerName="jronehuynhs-MacBook-Pro" duration="00:00:00.0043099" startTime="2026-07-20T11:29:41.9434490+07:00" endTime="2026-07-20T11:29:41.9441980+07:00" testType="13cdc9d9-ddb5-4fa4-a97d-d965ccfc6d4b" outcome="Passed" testListId="8c84fa94-04c1-424b-9868-57a2d4851a1d" relativeResultsDirectory="221cd32b-6b98-4116-a188-bd4bdf00362b" />
    <UnitTestResult executionId="5405e050-b4c1-443e-88da-2bbeb72b6e75" testId="7e955ce8-8d51-25af-eb8a-dee5c5a79c8b" testName="TaskGenie.Tests.Application.CreateTaskEvidenceCommandHandlerTests.Handle_OversizedAttachment_IsRejected" computerName="jronehuynhs-MacBook-Pro" duration="00:00:00.0235373" startTime="2026-07-20T11:29:39.9136110+07:00" endTime="2026-07-20T11:29:39.9278240+07:00" testType="13cdc9d9-ddb5-4fa4-a97d-d965ccfc6d4b" outcome="Passed" testListId="8c84fa94-04c1-424b-9868-57a2d4851a1d" relativeResultsDirectory="5405e050-b4c1-443e-88da-2bbeb72b6e75" />
    <UnitTestResult executionId="87de9514-1e06-40be-8593-5b44bf90ae0d" testId="bfb568b0-a15f-c961-4cc9-83fa4965bc93" testName="TaskGenie.Tests.Domain.AiEvidenceDomainTests.TaskEvidence_RejectsUnsafeOrRelativeUrls(url: &quot;ftp://example.com/file&quot;)" computerName="jronehuynhs-MacBook-Pro" duration="00:00:00.0101613" startTime="2026-07-20T11:29:39.8090930+07:00" endTime="2026-07-20T11:29:39.8171810+07:00" testType="13cdc9d9-ddb5-4fa4-a97d-d965ccfc6d4b" outcome="Passed" testListId="8c84fa94-04c1-424b-9868-57a2d4851a1d" relativeResultsDirectory="87de9514-1e06-40be-8593-5b44bf90ae0d" />
    <UnitTestResult executionId="16b7036b-886c-4ed0-b8eb-e44c7d2800bf" testId="11b62da1-1640-149a-8fc9-cc296caad299" testName="TaskGenie.Tests.Domain.AiEvidenceDomainTests.Attachment_RejectsNegativeSize" computerName="jronehuynhs-MacBook-Pro" duration="00:00:00.0056640" startTime="2026-07-20T11:29:39.8350600+07:00" endTime="2026-07-20T11:29:39.8353170+07:00" testType="13cdc9d9-ddb5-4fa4-a97d-d965ccfc6d4b" outcome="Passed" testListId="8c84fa94-04c1-424b-9868-57a2d4851a1d" relativeResultsDirectory="16b7036b-886c-4ed0-b8eb-e44c7d2800bf" />
    <UnitTestResult executionId="6fc6c422-05c4-4658-8de4-154802f36163" testId="b14739f2-7b58-8cd9-dddc-3afd3d8dd794" testName="TaskGenie.Tests.AI.RiskScoringEngineTests.Calculate_StaleProgressUpdate_IncreasesProgressRisk" computerName="jronehuynhs-MacBook-Pro" duration="00:00:00.0027413" startTime="2026-07-20T11:29:39.7258750+07:00" endTime="2026-07-20T11:29:39.7259690+07:00" testType="13cdc9d9-ddb5-4fa4-a97d-d965ccfc6d4b" outcome="Passed" testListId="8c84fa94-04c1-424b-9868-57a2d4851a1d" relativeResultsDirectory="6fc6c422-05c4-4658-8de4-154802f36163" />
    <UnitTestResult executionId="6696d9a8-246f-43ec-9d57-578ac4254209" testId="6ecce614-9bde-9507-a4f3-88bcde95b087" testName="TaskGenie.Tests.AI.RiskScoringEngineTests.Calculate_CompletedTask_ReturnsZeroLowRisk" computerName="jronehuynhs-MacBook-Pro" duration="00:00:00.0160130" startTime="2026-07-20T11:29:39.7077480+07:00" endTime="2026-07-20T11:29:39.7078330+07:00" testType="13cdc9d9-ddb5-4fa4-a97d-d965ccfc6d4b" outcome="Passed" testListId="8c84fa94-04c1-424b-9868-57a2d4851a1d" relativeResultsDirectory="6696d9a8-246f-43ec-9d57-578ac4254209" />
    <UnitTestResult executionId="903ce237-b714-4643-9d7a-d49dcffc3dd5" testId="bc4a5ca0-eb7c-9a85-f9e7-90204ea6c38e" testName="TaskGenie.Tests.AI.RiskScoringEngineTests.Calculate_NoHistory_AppliesDocumentedBaseline" computerName="jronehuynhs-MacBook-Pro" duration="00:00:00.0148756" startTime="2026-07-20T11:29:39.7024990+07:00" endTime="2026-07-20T11:29:39.7025730+07:00" testType="13cdc9d9-ddb5-4fa4-a97d-d965ccfc6d4b" outcome="Passed" testListId="8c84fa94-04c1-424b-9868-57a2d4851a1d" relativeResultsDirectory="903ce237-b714-4643-9d7a-d49dcffc3dd5" />
    <UnitTestResult executionId="65a883c2-e2f6-4efe-9b40-fb52cc7f85c1" testId="23642089-a808-2511-97c1-00b67892ba70" testName="TaskGenie.Tests.AI.AssignmentScoringEngineTests.Calculate_WorkloadBreaksTieBetweenOtherwiseEqualCandidates" computerName="jronehuynhs-MacBook-Pro" duration="00:00:00.0006662" startTime="2026-07-20T11:29:40.0326340+07:00" endTime="2026-07-20T11:29:40.0326870+07:00" testType="13cdc9d9-ddb5-4fa4-a97d-d965ccfc6d4b" outcome="Passed" testListId="8c84fa94-04c1-424b-9868-57a2d4851a1d" relativeResultsDirectory="65a883c2-e2f6-4efe-9b40-fb52cc7f85c1" />
    <UnitTestResult executionId="5c3be781-16e8-4619-840d-9cf914465d30" testId="da6d9e8f-91cd-b1f3-b006-20cdbefd9f39" testName="TaskGenie.Tests.Domain.AiEvidenceDomainTests.Task_SetRiskAssessment_NormalizesLevel" computerName="jronehuynhs-MacBook-Pro" duration="00:00:00.0042405" startTime="2026-07-20T11:29:39.8631990+07:00" endTime="2026-07-20T11:29:39.8634500+07:00" testType="13cdc9d9-ddb5-4fa4-a97d-d965ccfc6d4b" outcome="Passed" testListId="8c84fa94-04c1-424b-9868-57a2d4851a1d" relativeResultsDirectory="5c3be781-16e8-4619-840d-9cf914465d30" />
    <UnitTestResult executionId="8dfa365b-64ac-469d-9c44-0280b9869f1d" testId="33a0039c-bfaa-bca8-2800-fecf80a8f7e8" testName="TaskGenie.Tests.Integration.AiCorePersistenceIntegrationTests.UrlEvidence_PersistsAndCanBeQueried" computerName="jronehuynhs-MacBook-Pro" duration="00:00:00.0760040" startTime="2026-07-20T11:29:43.1322670+07:00" endTime="2026-07-20T11:29:43.2074410+07:00" testType="13cdc9d9-ddb5-4fa4-a97d-d965ccfc6d4b" outcome="Passed" testListId="8c84fa94-04c1-424b-9868-57a2d4851a1d" relativeResultsDirectory="8dfa365b-64ac-469d-9c44-0280b9869f1d" />
    <UnitTestResult executionId="a9c14271-1e73-4da8-8039-666a392e68ac" testId="fdcec592-90da-192c-8000-1078aa647385" testName="TaskGenie.Tests.Infrastructure.AppDbContextModelTests.Model_MapsRequiredAiAndEvidenceTables(entityType: typeof(TaskGenie.Domain.Entities.RiskRule), expectedTable: &quot;risk_rules&quot;)" computerName="jronehuynhs-MacBook-Pro" duration="00:00:00.0006183" startTime="2026-07-20T11:29:41.9449660+07:00" endTime="2026-07-20T11:29:41.9450580+07:00" testType="13cdc9d9-ddb5-4fa4-a97d-d965ccfc6d4b" outcome="Passed" testListId="8c84fa94-04c1-424b-9868-57a2d4851a1d" relativeResultsDirectory="a9c14271-1e73-4da8-8039-666a392e68ac" />
    <UnitTestResult executionId="04763e50-ebd0-45e6-a0ac-685a1c096c46" testId="da1919b8-6a53-c48a-cfcd-a6d20c28954a" testName="TaskGenie.Tests.Domain.AiEvidenceDomainTests.RiskRule_RejectsInvalidWeight" computerName="jronehuynhs-MacBook-Pro" duration="00:00:00.0020454" startTime="2026-07-20T11:29:39.8554720+07:00" endTime="2026-07-20T11:29:39.8555510+07:00" testType="13cdc9d9-ddb5-4fa4-a97d-d965ccfc6d4b" outcome="Passed" testListId="8c84fa94-04c1-424b-9868-57a2d4851a1d" relativeResultsDirectory="04763e50-ebd0-45e6-a0ac-685a1c096c46" />
    <UnitTestResult executionId="e45d4bae-9cd7-44b1-8359-bf458cd000b6" testId="e1633008-c891-2dbd-d71b-dcbe4274f498" testName="TaskGenie.Tests.AI.RiskScoringEngineTests.GetRiskLevel_UsesDocumentedBoundaries(score: 79,989999999999995, expected: &quot;HIGH&quot;)" computerName="jronehuynhs-MacBook-Pro" duration="00:00:00.0000960" startTime="2026-07-20T11:29:39.3348180+07:00" endTime="2026-07-20T11:29:39.3352000+07:00" testType="13cdc9d9-ddb5-4fa4-a97d-d965ccfc6d4b" outcome="Passed" testListId="8c84fa94-04c1-424b-9868-57a2d4851a1d" relativeResultsDirectory="e45d4bae-9cd7-44b1-8359-bf458cd000b6" />
    <UnitTestResult executionId="d8d4570e-120b-477a-a9ba-d0fc552c5f72" testId="7f995055-99d4-13d2-5613-69293ff5ce84" testName="TaskGenie.Tests.Application.RecommendationDecisionTests.Accept_AlreadyAssigned_DoesNotToggleAssignmentOff" computerName="jronehuynhs-MacBook-Pro" duration="00:00:00.1574758" startTime="2026-07-20T11:29:39.8708320+07:00" endTime="2026-07-20T11:29:39.9944640+07:00" testType="13cdc9d9-ddb5-4fa4-a97d-d965ccfc6d4b" outcome="Passed" testListId="8c84fa94-04c1-424b-9868-57a2d4851a1d" relativeResultsDirectory="d8d4570e-120b-477a-a9ba-d0fc552c5f72" />
    <UnitTestResult executionId="b2a6ecac-2f99-4c70-98f8-2b2e27b949b8" testId="ee6c371a-13f8-f5b3-601e-0eb06d7909fc" testName="TaskGenie.Tests.Application.RecommendationDecisionTests.Accept_UserOutsideLatestRun_IsRejectedBeforeChangingAssignment" computerName="jronehuynhs-MacBook-Pro" duration="00:00:00.0166423" startTime="2026-07-20T11:29:40.0029890+07:00" endTime="2026-07-20T11:29:40.0112650+07:00" testType="13cdc9d9-ddb5-4fa4-a97d-d965ccfc6d4b" outcome="Passed" testListId="8c84fa94-04c1-424b-9868-57a2d4851a1d" relativeResultsDirectory="b2a6ecac-2f99-4c70-98f8-2b2e27b949b8" />
    <UnitTestResult executionId="af5885a0-6d37-422c-a797-3706f4054909" testId="6180deb2-915a-17c8-9098-52901640b576" testName="TaskGenie.Tests.Domain.AiEvidenceDomainTests.TaskEvidence_RequiresAttachmentOrUrl" computerName="jronehuynhs-MacBook-Pro" duration="00:00:00.0014216" startTime="2026-07-20T11:29:39.8454800+07:00" endTime="2026-07-20T11:29:39.8455740+07:00" testType="13cdc9d9-ddb5-4fa4-a97d-d965ccfc6d4b" outcome="Passed" testListId="8c84fa94-04c1-424b-9868-57a2d4851a1d" relativeResultsDirectory="af5885a0-6d37-422c-a797-3706f4054909" />
    <UnitTestResult executionId="2528e8a9-f258-4c0f-8151-8d50b3f56773" testId="b61a4a90-fa2a-461e-7f14-9233d26ca01b" testName="TaskGenie.Tests.AI.RiskScoringEngineTests.GetRiskLevel_UsesDocumentedBoundaries(score: 0, expected: &quot;LOW&quot;)" computerName="jronehuynhs-MacBook-Pro" duration="00:00:00.0000109" startTime="2026-07-20T11:29:39.6055350+07:00" endTime="2026-07-20T11:29:39.6120350+07:00" testType="13cdc9d9-ddb5-4fa4-a97d-d965ccfc6d4b" outcome="Passed" testListId="8c84fa94-04c1-424b-9868-57a2d4851a1d" relativeResultsDirectory="2528e8a9-f258-4c0f-8151-8d50b3f56773" />
    <UnitTestResult executionId="e67ce724-3a0c-4ba8-8f2c-2e96b596c929" testId="f68d306d-0286-5b9b-35af-3ca8dc8eab66" testName="TaskGenie.Tests.Application.GetAssignmentRecommendationsCommandHandlerTests.Handle_WrongProject_RejectsRequestBeforeScoring" computerName="jronehuynhs-MacBook-Pro" duration="00:00:00.8722851" startTime="2026-07-20T11:29:39.1920350+07:00" endTime="2026-07-20T11:29:39.8709480+07:00" testType="13cdc9d9-ddb5-4fa4-a97d-d965ccfc6d4b" outcome="Passed" testListId="8c84fa94-04c1-424b-9868-57a2d4851a1d" relativeResultsDirectory="e67ce724-3a0c-4ba8-8f2c-2e96b596c929" />
    <UnitTestResult executionId="03d66c10-9a2b-4c75-bdc0-77ddeaf7777b" testId="780171ab-82bb-86e9-20b9-e29136de58b5" testName="TaskGenie.Tests.AI.RiskScoringEngineTests.GetRiskLevel_UsesDocumentedBoundaries(score: 100, expected: &quot;CRITICAL&quot;)" computerName="jronehuynhs-MacBook-Pro" duration="00:00:00.0050370" startTime="2026-07-20T11:29:39.3110870+07:00" endTime="2026-07-20T11:29:39.3144360+07:00" testType="13cdc9d9-ddb5-4fa4-a97d-d965ccfc6d4b" outcome="Passed" testListId="8c84fa94-04c1-424b-9868-57a2d4851a1d" relativeResultsDirectory="03d66c10-9a2b-4c75-bdc0-77ddeaf7777b" />
    <UnitTestResult executionId="1dc5cf91-a40c-401a-8ed0-78944a54c940" testId="85d35fb7-4f9b-591a-d856-2a1b9a5fdee5" testName="TaskGenie.Tests.AI.RiskScoringEngineTests.Calculate_PoorDeadlineHistory_ProducesHighHistoricalFactor" computerName="jronehuynhs-MacBook-Pro" duration="00:00:00.1270223" startTime="2026-07-20T11:29:39.6998990+07:00" endTime="2026-07-20T11:29:39.6999770+07:00" testType="13cdc9d9-ddb5-4fa4-a97d-d965ccfc6d4b" outcome="Passed" testListId="8c84fa94-04c1-424b-9868-57a2d4851a1d" relativeResultsDirectory="1dc5cf91-a40c-401a-8ed0-78944a54c940" />
    <UnitTestResult executionId="d19455af-3704-4b6b-93b7-694b851565bb" testId="a88d0eb4-c3fb-ace5-8746-bb692d219e54" testName="TaskGenie.Tests.AI.RiskScoringEngineTests.GetRiskLevel_UsesDocumentedBoundaries(score: 30, expected: &quot;MEDIUM&quot;)" computerName="jronehuynhs-MacBook-Pro" duration="00:00:00.0271550" startTime="2026-07-20T11:29:39.1915540+07:00" endTime="2026-07-20T11:29:39.2072940+07:00" testType="13cdc9d9-ddb5-4fa4-a97d-d965ccfc6d4b" outcome="Passed" testListId="8c84fa94-04c1-424b-9868-57a2d4851a1d" relativeResultsDirectory="d19455af-3704-4b6b-93b7-694b851565bb" />
    <UnitTestResult executionId="ddefd032-2f78-4bc4-9194-186a59b01a3b" testId="b26402a3-474a-96f0-8562-6ebf5fc70e97" testName="TaskGenie.Tests.AI.RiskScoringEngineTests.Calculate_ReportedBlocker_EscalatesDependencyFactor" computerName="jronehuynhs-MacBook-Pro" duration="00:00:00.0134611" startTime="2026-07-20T11:29:39.7093630+07:00" endTime="2026-07-20T11:29:39.7094400+07:00" testType="13cdc9d9-ddb5-4fa4-a97d-d965ccfc6d4b" outcome="Passed" testListId="8c84fa94-04c1-424b-9868-57a2d4851a1d" relativeResultsDirectory="ddefd032-2f78-4bc4-9194-186a59b01a3b" />
    <UnitTestResult executionId="11adf207-d3f9-48b7-abee-a2acff2da87f" testId="c7b40c4a-5091-2dee-48be-d764bb6a2ac7" testName="TaskGenie.Tests.Application.CoreCommandValidatorTests.EvidenceValidator_AcceptsHttpsEvidence" computerName="jronehuynhs-MacBook-Pro" duration="00:00:00.0142568" startTime="2026-07-20T11:29:39.7732750+07:00" endTime="2026-07-20T11:29:39.7830680+07:00" testType="13cdc9d9-ddb5-4fa4-a97d-d965ccfc6d4b" outcome="Passed" testListId="8c84fa94-04c1-424b-9868-57a2d4851a1d" relativeResultsDirectory="11adf207-d3f9-48b7-abee-a2acff2da87f" />
    <UnitTestResult executionId="63dba748-4b29-4819-8f87-c794d51c3181" testId="2246fae0-6616-efd3-ffe3-f1bbfd28edd3" testName="TaskGenie.Tests.Integration.AiCorePersistenceIntegrationTests.RiskAnalysis_PersistsHistoryFactorsLogAndTaskLevel" computerName="jronehuynhs-MacBook-Pro" duration="00:00:00.2119283" startTime="2026-07-20T11:29:42.9200990+07:00" endTime="2026-07-20T11:29:43.1312210+07:00" testType="13cdc9d9-ddb5-4fa4-a97d-d965ccfc6d4b" outcome="Passed" testListId="8c84fa94-04c1-424b-9868-57a2d4851a1d" relativeResultsDirectory="63dba748-4b29-4819-8f87-c794d51c3181" />
    <UnitTestResult executionId="ebae1bc0-d2a6-4eda-85c7-a2393b4e7b99" testId="e425c92c-aa8d-5ae2-b0ea-2bc152e39a24" testName="TaskGenie.Tests.AI.RiskScoringEngineTests.Calculate_NoAssignee_AppliesWorkloadPenalty" computerName="jronehuynhs-MacBook-Pro" duration="00:00:00.0013395" startTime="2026-07-20T11:29:39.7281440+07:00" endTime="2026-07-20T11:29:39.7282030+07:00" testType="13cdc9d9-ddb5-4fa4-a97d-d965ccfc6d4b" outcome="Passed" testListId="8c84fa94-04c1-424b-9868-57a2d4851a1d" relativeResultsDirectory="ebae1bc0-d2a6-4eda-85c7-a2393b4e7b99" />
    <UnitTestResult executionId="96556b3a-7e0b-4d91-b920-96c58809bb7d" testId="fb6ee4f5-6a6e-a055-cd96-c0a8919b0701" testName="TaskGenie.Tests.Infrastructure.AppDbContextModelTests.Model_MapsRequiredAiAndEvidenceTables(entityType: typeof(TaskGenie.Domain.Entities.RiskFactor), expectedTable: &quot;risk_factors&quot;)" computerName="jronehuynhs-MacBook-Pro" duration="00:00:02.5588498" startTime="2026-07-20T11:29:39.7505590+07:00" endTime="2026-07-20T11:29:41.8688510+07:00" testType="13cdc9d9-ddb5-4fa4-a97d-d965ccfc6d4b" outcome="Passed" testListId="8c84fa94-04c1-424b-9868-57a2d4851a1d" relativeResultsDirectory="96556b3a-7e0b-4d91-b920-96c58809bb7d" />
    <UnitTestResult executionId="1c65ab5f-b77b-4135-b58c-97d3a3953c6f" testId="d83c2dee-9fb1-1070-488c-4599e52d908f" testName="TaskGenie.Tests.Integration.AiCoreApiIntegrationTests.RecommendationEndpoint_ReturnsRankedCandidatesAndAuditLog" computerName="jronehuynhs-MacBook-Pro" duration="00:00:00.1401995" startTime="2026-07-20T11:29:41.4259010+07:00" endTime="2026-07-20T11:29:41.5619630+07:00" testType="13cdc9d9-ddb5-4fa4-a97d-d965ccfc6d4b" outcome="Failed" testListId="8c84fa94-04c1-424b-9868-57a2d4851a1d" relativeResultsDirectory="1c65ab5f-b77b-4135-b58c-97d3a3953c6f">
      <Output>
        <ErrorInfo>
          <Message>System.InvalidOperationException : Services for database providers 'Microsoft.EntityFrameworkCore.SqlServer', 'Microsoft.EntityFrameworkCore.InMemory' have been registered in the service provider. Only a single database provider can be registered in a service provider. If possible, ensure that Entity Framework is managing its service provider by removing the call to 'UseInternalServiceProvider'. Otherwise, consider conditionally registering the database provider, or maintaining one service provider per database provider.</Message>
          <StackTrace>   at Microsoft.EntityFrameworkCore.Internal.DbContextServices.Initialize(IServiceProvider scopedProvider, DbContextOptions contextOptions, DbContext context)
   at Microsoft.EntityFrameworkCore.DbContext.get_ContextServices()
   at Microsoft.EntityFrameworkCore.DbContext.get_InternalServiceProvider()
   at Microsoft.EntityFrameworkCore.DbContext.Microsoft.EntityFrameworkCore.Infrastructure.IInfrastructure&lt;System.IServiceProvider&gt;.get_Instance()
   at Microsoft.EntityFrameworkCore.Infrastructure.Internal.InfrastructureExtensions.GetService(IInfrastructure`1 accessor, Type serviceType)
   at Microsoft.EntityFrameworkCore.Infrastructure.Internal.InfrastructureExtensions.GetService[TService](IInfrastructure`1 accessor)
   at Microsoft.EntityFrameworkCore.Infrastructure.AccessorExtensions.GetService[TService](IInfrastructure`1 accessor)
   at Microsoft.EntityFrameworkCore.Infrastructure.DatabaseFacade.get_Dependencies()
   at Microsoft.EntityFrameworkCore.Infrastructure.DatabaseFacade.EnsureCreatedAsync(CancellationToken cancellationToken)
   at TaskGenie.Tests.Integration.AiCoreApiFactory.SeedTaskAsync(Int32 projectId, Int32 userCount) in /Users/jronehuynh/Downloads/TaskGenieV2-main/tests/TaskGenie.Tests/Integration/AiCoreApiIntegrationTests.cs:line 110
   at TaskGenie.Tests.Integration.AiCoreApiIntegrationTests.RecommendationEndpoint_ReturnsRankedCandidatesAndAuditLog() in /Users/jronehuynh/Downloads/TaskGenieV2-main/tests/TaskGenie.Tests/Integration/AiCoreApiIntegrationTests.cs:line 46
   at TaskGenie.Tests.Integration.AiCoreApiIntegrationTests.RecommendationEndpoint_ReturnsRankedCandidatesAndAuditLog() in /Users/jronehuynh/Downloads/TaskGenieV2-main/tests/TaskGenie.Tests/Integration/AiCoreApiIntegrationTests.cs:line 56
--- End of stack trace from previous location ---</StackTrace>
        </ErrorInfo>
      </Output>
    </UnitTestResult>
    <UnitTestResult executionId="8c56454b-5651-44cc-a131-353282000f02" testId="ca20c685-295d-f817-9db3-ea124b023d2f" testName="TaskGenie.Tests.Infrastructure.AppDbContextModelTests.Model_SeedsFiveActiveRiskRules" computerName="jronehuynhs-MacBook-Pro" duration="00:00:00.5725118" startTime="2026-07-20T11:29:41.9470180+07:00" endTime="2026-07-20T11:29:42.5189750+07:00" testType="13cdc9d9-ddb5-4fa4-a97d-d965ccfc6d4b" outcome="Passed" testListId="8c84fa94-04c1-424b-9868-57a2d4851a1d" relativeResultsDirectory="8c56454b-5651-44cc-a131-353282000f02" />
    <UnitTestResult executionId="95898362-cd07-4528-9b01-b6d1b28cec66" testId="6e92ff45-2c22-e038-d043-fd49168b8462" testName="TaskGenie.Tests.Integration.AiCorePersistenceIntegrationTests.Recommendation_PersistsRunBreakdownAndExecutionAudit" computerName="jronehuynhs-MacBook-Pro" duration="00:00:03.9450473" startTime="2026-07-20T11:29:39.1873790+07:00" endTime="2026-07-20T11:29:42.9190330+07:00" testType="13cdc9d9-ddb5-4fa4-a97d-d965ccfc6d4b" outcome="Passed" testListId="8c84fa94-04c1-424b-9868-57a2d4851a1d" relativeResultsDirectory="95898362-cd07-4528-9b01-b6d1b28cec66" />
    <UnitTestResult executionId="6def8fb0-a49a-4525-8e9b-d25c6ce43d2c" testId="d1a9d34c-475f-5219-b0e6-b0074a066964" testName="TaskGenie.Tests.AI.AssignmentScoringEngineTests.Calculate_UsesDocumentedWeights" computerName="jronehuynhs-MacBook-Pro" duration="00:00:00.0006741" startTime="2026-07-20T11:29:40.0319550+07:00" endTime="2026-07-20T11:29:40.0320240+07:00" testType="13cdc9d9-ddb5-4fa4-a97d-d965ccfc6d4b" outcome="Passed" testListId="8c84fa94-04c1-424b-9868-57a2d4851a1d" relativeResultsDirectory="6def8fb0-a49a-4525-8e9b-d25c6ce43d2c" />
    <UnitTestResult executionId="14349a04-3512-41a1-a768-0abae3ea8aa4" testId="9540abcb-2aab-9f94-738b-1f0a2570982f" testName="TaskGenie.Tests.Integration.AiCoreApiIntegrationTests.RiskEndpoint_ReturnsAssessmentAndPersistsHistory" computerName="jronehuynhs-MacBook-Pro" duration="00:00:00.2404870" startTime="2026-07-20T11:29:41.2097720+07:00" endTime="2026-07-20T11:29:41.4210920+07:00" testType="13cdc9d9-ddb5-4fa4-a97d-d965ccfc6d4b" outcome="Failed" testListId="8c84fa94-04c1-424b-9868-57a2d4851a1d" relativeResultsDirectory="14349a04-3512-41a1-a768-0abae3ea8aa4">
      <Output>
        <ErrorInfo>
          <Message>System.InvalidOperationException : Services for database providers 'Microsoft.EntityFrameworkCore.SqlServer', 'Microsoft.EntityFrameworkCore.InMemory' have been registered in the service provider. Only a single database provider can be registered in a service provider. If possible, ensure that Entity Framework is managing its service provider by removing the call to 'UseInternalServiceProvider'. Otherwise, consider conditionally registering the database provider, or maintaining one service provider per database provider.</Message>
          <StackTrace>   at Microsoft.EntityFrameworkCore.Internal.DbContextServices.Initialize(IServiceProvider scopedProvider, DbContextOptions contextOptions, DbContext context)
   at Microsoft.EntityFrameworkCore.DbContext.get_ContextServices()
   at Microsoft.EntityFrameworkCore.DbContext.get_InternalServiceProvider()
   at Microsoft.EntityFrameworkCore.DbContext.Microsoft.EntityFrameworkCore.Infrastructure.IInfrastructure&lt;System.IServiceProvider&gt;.get_Instance()
   at Microsoft.EntityFrameworkCore.Infrastructure.Internal.InfrastructureExtensions.GetService(IInfrastructure`1 accessor, Type serviceType)
   at Microsoft.EntityFrameworkCore.Infrastructure.Internal.InfrastructureExtensions.GetService[TService](IInfrastructure`1 accessor)
   at Microsoft.EntityFrameworkCore.Infrastructure.AccessorExtensions.GetService[TService](IInfrastructure`1 accessor)
   at Microsoft.EntityFrameworkCore.Infrastructure.DatabaseFacade.get_Dependencies()
   at Microsoft.EntityFrameworkCore.Infrastructure.DatabaseFacade.EnsureCreatedAsync(CancellationToken cancellationToken)
   at TaskGenie.Tests.Integration.AiCoreApiFactory.SeedTaskAsync(Int32 projectId, Int32 userCount) in /Users/jronehuynh/Downloads/TaskGenieV2-main/tests/TaskGenie.Tests/Integration/AiCoreApiIntegrationTests.cs:line 110
   at TaskGenie.Tests.Integration.AiCoreApiIntegrationTests.RiskEndpoint_ReturnsAssessmentAndPersistsHistory() in /Users/jronehuynh/Downloads/TaskGenieV2-main/tests/TaskGenie.Tests/Integration/AiCoreApiIntegrationTests.cs:line 25
   at TaskGenie.Tests.Integration.AiCoreApiIntegrationTests.RiskEndpoint_ReturnsAssessmentAndPersistsHistory() in /Users/jronehuynh/Downloads/TaskGenieV2-main/tests/TaskGenie.Tests/Integration/AiCoreApiIntegrationTests.cs:line 34
--- End of stack trace from previous location ---</StackTrace>
        </ErrorInfo>
      </Output>
    </UnitTestResult>
    <UnitTestResult executionId="e2008c03-1531-4386-a2ca-622fe0682fdc" testId="2dc5d78b-93ef-0de2-517f-f6f8970d8ded" testName="TaskGenie.Tests.Application.GetAssignmentRecommendationsCommandHandlerTests.Handle_RanksCandidatesPersistsBreakdownAndExecutionLog" computerName="jronehuynhs-MacBook-Pro" duration="00:00:00.3799518" startTime="2026-07-20T11:29:39.8819680+07:00" endTime="2026-07-20T11:29:40.2272860+07:00" testType="13cdc9d9-ddb5-4fa4-a97d-d965ccfc6d4b" outcome="Passed" testListId="8c84fa94-04c1-424b-9868-57a2d4851a1d" relativeResultsDirectory="e2008c03-1531-4386-a2ca-622fe0682fdc" />
    <UnitTestResult executionId="22fdcd82-7e39-485c-9ca1-474f2017e746" testId="7290fcdf-d1d6-cee8-dce0-04fc0bbf4be4" testName="TaskGenie.Tests.AI.RiskScoringEngineTests.GetRiskLevel_UsesDocumentedBoundaries(score: 80, expected: &quot;CRITICAL&quot;)" computerName="jronehuynhs-MacBook-Pro" duration="00:00:00.0001091" startTime="2026-07-20T11:29:39.3406360+07:00" endTime="2026-07-20T11:29:39.3407720+07:00" testType="13cdc9d9-ddb5-4fa4-a97d-d965ccfc6d4b" outcome="Passed" testListId="8c84fa94-04c1-424b-9868-57a2d4851a1d" relativeResultsDirectory="22fdcd82-7e39-485c-9ca1-474f2017e746" />
    <UnitTestResult executionId="b1702145-376a-4f5c-849c-7cf2472588e4" testId="441541e7-4993-4353-f01c-d3f92625ef16" testName="TaskGenie.Tests.Domain.AiEvidenceDomainTests.TaskEvidence_AcceptsHttpsUrl" computerName="jronehuynhs-MacBook-Pro" duration="00:00:00.0041069" startTime="2026-07-20T11:29:39.8512360+07:00" endTime="2026-07-20T11:29:39.8513300+07:00" testType="13cdc9d9-ddb5-4fa4-a97d-d965ccfc6d4b" outcome="Passed" testListId="8c84fa94-04c1-424b-9868-57a2d4851a1d" relativeResultsDirectory="b1702145-376a-4f5c-849c-7cf2472588e4" />
  </Results>
  <TestDefinitions>
    <UnitTest name="TaskGenie.Tests.Integration.AiCorePersistenceIntegrationTests.UrlEvidence_PersistsAndCanBeQueried" storage="/users/jronehuynh/downloads/taskgeniev2-main/tests/taskgenie.tests/bin/release/net10.0/taskgenie.tests.dll" id="33a0039c-bfaa-bca8-2800-fecf80a8f7e8">
      <Execution id="8dfa365b-64ac-469d-9c44-0280b9869f1d" />
      <TestMethod codeBase="/Users/jronehuynh/Downloads/TaskGenieV2-main/tests/TaskGenie.Tests/bin/Release/net10.0/TaskGenie.Tests.dll" adapterTypeName="executor://xunit/VsTestRunner3/netcore/" className="TaskGenie.Tests.Integration.AiCorePersistenceIntegrationTests" name="UrlEvidence_PersistsAndCanBeQueried" />
    </UnitTest>
    <UnitTest name="TaskGenie.Tests.Integration.AiCorePersistenceIntegrationTests.RiskAnalysis_PersistsHistoryFactorsLogAndTaskLevel" storage="/users/jronehuynh/downloads/taskgeniev2-main/tests/taskgenie.tests/bin/release/net10.0/taskgenie.tests.dll" id="2246fae0-6616-efd3-ffe3-f1bbfd28edd3">
      <Execution id="63dba748-4b29-4819-8f87-c794d51c3181" />
      <TestMethod codeBase="/Users/jronehuynh/Downloads/TaskGenieV2-main/tests/TaskGenie.Tests/bin/Release/net10.0/TaskGenie.Tests.dll" adapterTypeName="executor://xunit/VsTestRunner3/netcore/" className="TaskGenie.Tests.Integration.AiCorePersistenceIntegrationTests" name="RiskAnalysis_PersistsHistoryFactorsLogAndTaskLevel" />
    </UnitTest>
    <UnitTest name="TaskGenie.Tests.AI.RiskScoringEngineTests.Calculate_PoorDeadlineHistory_ProducesHighHistoricalFactor" storage="/users/jronehuynh/downloads/taskgeniev2-main/tests/taskgenie.tests/bin/release/net10.0/taskgenie.tests.dll" id="85d35fb7-4f9b-591a-d856-2a1b9a5fdee5">
      <Execution id="1dc5cf91-a40c-401a-8ed0-78944a54c940" />
      <TestMethod codeBase="/Users/jronehuynh/Downloads/TaskGenieV2-main/tests/TaskGenie.Tests/bin/Release/net10.0/TaskGenie.Tests.dll" adapterTypeName="executor://xunit/VsTestRunner3/netcore/" className="TaskGenie.Tests.AI.RiskScoringEngineTests" name="Calculate_PoorDeadlineHistory_ProducesHighHistoricalFactor" />
    </UnitTest>
    <UnitTest name="TaskGenie.Tests.AI.RiskScoringEngineTests.GetRiskLevel_UsesDocumentedBoundaries(score: 30, expected: &quot;MEDIUM&quot;)" storage="/users/jronehuynh/downloads/taskgeniev2-main/tests/taskgenie.tests/bin/release/net10.0/taskgenie.tests.dll" id="a88d0eb4-c3fb-ace5-8746-bb692d219e54">
      <Execution id="d19455af-3704-4b6b-93b7-694b851565bb" />
      <TestMethod codeBase="/Users/jronehuynh/Downloads/TaskGenieV2-main/tests/TaskGenie.Tests/bin/Release/net10.0/TaskGenie.Tests.dll" adapterTypeName="executor://xunit/VsTestRunner3/netcore/" className="TaskGenie.Tests.AI.RiskScoringEngineTests" name="GetRiskLevel_UsesDocumentedBoundaries" />
    </UnitTest>
    <UnitTest name="TaskGenie.Tests.Infrastructure.AppDbContextModelTests.Model_MapsRequiredAiAndEvidenceTables(entityType: typeof(TaskGenie.Domain.Entities.RiskFactor), expectedTable: &quot;risk_factors&quot;)" storage="/users/jronehuynh/downloads/taskgeniev2-main/tests/taskgenie.tests/bin/release/net10.0/taskgenie.tests.dll" id="fb6ee4f5-6a6e-a055-cd96-c0a8919b0701">
      <Execution id="96556b3a-7e0b-4d91-b920-96c58809bb7d" />
      <TestMethod codeBase="/Users/jronehuynh/Downloads/TaskGenieV2-main/tests/TaskGenie.Tests/bin/Release/net10.0/TaskGenie.Tests.dll" adapterTypeName="executor://xunit/VsTestRunner3/netcore/" className="TaskGenie.Tests.Infrastructure.AppDbContextModelTests" name="Model_MapsRequiredAiAndEvidenceTables" />
    </UnitTest>
    <UnitTest name="TaskGenie.Tests.Application.CreateTaskEvidenceCommandHandlerTests.Handle_ValidUrlEvidence_PersistsAndReturnsDto" storage="/users/jronehuynh/downloads/taskgeniev2-main/tests/taskgenie.tests/bin/release/net10.0/taskgenie.tests.dll" id="b9c87edb-0357-bef3-d5e7-0e60f8ef5452">
      <Execution id="98a8ad89-4337-4e44-98e2-3ba24dacbe21" />
      <TestMethod codeBase="/Users/jronehuynh/Downloads/TaskGenieV2-main/tests/TaskGenie.Tests/bin/Release/net10.0/TaskGenie.Tests.dll" adapterTypeName="executor://xunit/VsTestRunner3/netcore/" className="TaskGenie.Tests.Application.CreateTaskEvidenceCommandHandlerTests" name="Handle_ValidUrlEvidence_PersistsAndReturnsDto" />
    </UnitTest>
    <UnitTest name="TaskGenie.Tests.Infrastructure.AppDbContextModelTests.Model_MapsRequiredAiAndEvidenceTables(entityType: typeof(TaskGenie.Domain.Entities.Attachment), expectedTable: &quot;attachments&quot;)" storage="/users/jronehuynh/downloads/taskgeniev2-main/tests/taskgenie.tests/bin/release/net10.0/taskgenie.tests.dll" id="0fba9406-c120-0a8c-5926-7a75abb31506">
      <Execution id="221cd32b-6b98-4116-a188-bd4bdf00362b" />
      <TestMethod codeBase="/Users/jronehuynh/Downloads/TaskGenieV2-main/tests/TaskGenie.Tests/bin/Release/net10.0/TaskGenie.Tests.dll" adapterTypeName="executor://xunit/VsTestRunner3/netcore/" className="TaskGenie.Tests.Infrastructure.AppDbContextModelTests" name="Model_MapsRequiredAiAndEvidenceTables" />
    </UnitTest>
    <UnitTest name="TaskGenie.Tests.Integration.AiCoreApiIntegrationTests.EvidenceEndpoint_ValidatesAndReturnsCreatedUrlEvidence" storage="/users/jronehuynh/downloads/taskgeniev2-main/tests/taskgenie.tests/bin/release/net10.0/taskgenie.tests.dll" id="1f447304-c512-24a7-11b2-312d77f6b7c7">
      <Execution id="0bc4a9f1-1b8a-4969-a19f-e03ffed4db25" />
      <TestMethod codeBase="/Users/jronehuynh/Downloads/TaskGenieV2-main/tests/TaskGenie.Tests/bin/Release/net10.0/TaskGenie.Tests.dll" adapterTypeName="executor://xunit/VsTestRunner3/netcore/" className="TaskGenie.Tests.Integration.AiCoreApiIntegrationTests" name="EvidenceEndpoint_ValidatesAndReturnsCreatedUrlEvidence" />
    </UnitTest>
    <UnitTest name="TaskGenie.Tests.AI.RiskScoringEngineTests.Calculate_CompletedTask_ReturnsZeroLowRisk" storage="/users/jronehuynh/downloads/taskgeniev2-main/tests/taskgenie.tests/bin/release/net10.0/taskgenie.tests.dll" id="6ecce614-9bde-9507-a4f3-88bcde95b087">
      <Execution id="6696d9a8-246f-43ec-9d57-578ac4254209" />
      <TestMethod codeBase="/Users/jronehuynh/Downloads/TaskGenieV2-main/tests/TaskGenie.Tests/bin/Release/net10.0/TaskGenie.Tests.dll" adapterTypeName="executor://xunit/VsTestRunner3/netcore/" className="TaskGenie.Tests.AI.RiskScoringEngineTests" name="Calculate_CompletedTask_ReturnsZeroLowRisk" />
    </UnitTest>
    <UnitTest name="TaskGenie.Tests.AI.RiskScoringEngineTests.Calculate_AlwaysReturnsFiveExplainableFactors" storage="/users/jronehuynh/downloads/taskgeniev2-main/tests/taskgenie.tests/bin/release/net10.0/taskgenie.tests.dll" id="816c58b9-f887-021a-7eff-f8192e5bcfcc">
      <Execution id="cf070393-af45-4fc9-a5ff-b206e3acdc10" />
      <TestMethod codeBase="/Users/jronehuynh/Downloads/TaskGenieV2-main/tests/TaskGenie.Tests/bin/Release/net10.0/TaskGenie.Tests.dll" adapterTypeName="executor://xunit/VsTestRunner3/netcore/" className="TaskGenie.Tests.AI.RiskScoringEngineTests" name="Calculate_AlwaysReturnsFiveExplainableFactors" />
    </UnitTest>
    <UnitTest name="TaskGenie.Tests.AI.AssignmentScoringEngineTests.Calculate_WorkloadBreaksTieBetweenOtherwiseEqualCandidates" storage="/users/jronehuynh/downloads/taskgeniev2-main/tests/taskgenie.tests/bin/release/net10.0/taskgenie.tests.dll" id="23642089-a808-2511-97c1-00b67892ba70">
      <Execution id="65a883c2-e2f6-4efe-9b40-fb52cc7f85c1" />
      <TestMethod codeBase="/Users/jronehuynh/Downloads/TaskGenieV2-main/tests/TaskGenie.Tests/bin/Release/net10.0/TaskGenie.Tests.dll" adapterTypeName="executor://xunit/VsTestRunner3/netcore/" className="TaskGenie.Tests.AI.AssignmentScoringEngineTests" name="Calculate_WorkloadBreaksTieBetweenOtherwiseEqualCandidates" />
    </UnitTest>
    <UnitTest name="TaskGenie.Tests.Integration.AiCorePersistenceIntegrationTests.Recommendation_PersistsRunBreakdownAndExecutionAudit" storage="/users/jronehuynh/downloads/taskgeniev2-main/tests/taskgenie.tests/bin/release/net10.0/taskgenie.tests.dll" id="6e92ff45-2c22-e038-d043-fd49168b8462">
      <Execution id="95898362-cd07-4528-9b01-b6d1b28cec66" />
      <TestMethod codeBase="/Users/jronehuynh/Downloads/TaskGenieV2-main/tests/TaskGenie.Tests/bin/Release/net10.0/TaskGenie.Tests.dll" adapterTypeName="executor://xunit/VsTestRunner3/netcore/" className="TaskGenie.Tests.Integration.AiCorePersistenceIntegrationTests" name="Recommendation_PersistsRunBreakdownAndExecutionAudit" />
    </UnitTest>
    <UnitTest name="TaskGenie.Tests.AI.RiskScoringEngineTests.Calculate_ReportedBlocker_EscalatesDependencyFactor" storage="/users/jronehuynh/downloads/taskgeniev2-main/tests/taskgenie.tests/bin/release/net10.0/taskgenie.tests.dll" id="b26402a3-474a-96f0-8562-6ebf5fc70e97">
      <Execution id="ddefd032-2f78-4bc4-9194-186a59b01a3b" />
      <TestMethod codeBase="/Users/jronehuynh/Downloads/TaskGenieV2-main/tests/TaskGenie.Tests/bin/Release/net10.0/TaskGenie.Tests.dll" adapterTypeName="executor://xunit/VsTestRunner3/netcore/" className="TaskGenie.Tests.AI.RiskScoringEngineTests" name="Calculate_ReportedBlocker_EscalatesDependencyFactor" />
    </UnitTest>
    <UnitTest name="TaskGenie.Tests.AI.RiskScoringEngineTests.Calculate_NoHistory_AppliesDocumentedBaseline" storage="/users/jronehuynh/downloads/taskgeniev2-main/tests/taskgenie.tests/bin/release/net10.0/taskgenie.tests.dll" id="bc4a5ca0-eb7c-9a85-f9e7-90204ea6c38e">
      <Execution id="903ce237-b714-4643-9d7a-d49dcffc3dd5" />
      <TestMethod codeBase="/Users/jronehuynh/Downloads/TaskGenieV2-main/tests/TaskGenie.Tests/bin/Release/net10.0/TaskGenie.Tests.dll" adapterTypeName="executor://xunit/VsTestRunner3/netcore/" className="TaskGenie.Tests.AI.RiskScoringEngineTests" name="Calculate_NoHistory_AppliesDocumentedBaseline" />
    </UnitTest>
    <UnitTest name="TaskGenie.Tests.Application.CoreCommandValidatorTests.EvidenceValidator_RequiresAuthenticatedSubmitterAndSource" storage="/users/jronehuynh/downloads/taskgeniev2-main/tests/taskgenie.tests/bin/release/net10.0/taskgenie.tests.dll" id="ce80142a-bbfe-51d2-f003-39644233aeb4">
      <Execution id="f206037d-73be-49ce-814c-5f851cbb7bc6" />
      <TestMethod codeBase="/Users/jronehuynh/Downloads/TaskGenieV2-main/tests/TaskGenie.Tests/bin/Release/net10.0/TaskGenie.Tests.dll" adapterTypeName="executor://xunit/VsTestRunner3/netcore/" className="TaskGenie.Tests.Application.CoreCommandValidatorTests" name="EvidenceValidator_RequiresAuthenticatedSubmitterAndSource" />
    </UnitTest>
    <UnitTest name="TaskGenie.Tests.Application.RecommendationDecisionTests.Accept_AlreadyAssigned_DoesNotToggleAssignmentOff" storage="/users/jronehuynh/downloads/taskgeniev2-main/tests/taskgenie.tests/bin/release/net10.0/taskgenie.tests.dll" id="7f995055-99d4-13d2-5613-69293ff5ce84">
      <Execution id="d8d4570e-120b-477a-a9ba-d0fc552c5f72" />
      <TestMethod codeBase="/Users/jronehuynh/Downloads/TaskGenieV2-main/tests/TaskGenie.Tests/bin/Release/net10.0/TaskGenie.Tests.dll" adapterTypeName="executor://xunit/VsTestRunner3/netcore/" className="TaskGenie.Tests.Application.RecommendationDecisionTests" name="Accept_AlreadyAssigned_DoesNotToggleAssignmentOff" />
    </UnitTest>
    <UnitTest name="TaskGenie.Tests.Domain.AiEvidenceDomainTests.TaskEvidence_RejectsUnsafeOrRelativeUrls(url: &quot;relative/path&quot;)" storage="/users/jronehuynh/downloads/taskgeniev2-main/tests/taskgenie.tests/bin/release/net10.0/taskgenie.tests.dll" id="64dbe7ef-03c6-c41e-19d0-b0cb3c129b1e">
      <Execution id="92c67afa-f2d8-4d38-af31-fb61fa0a289d" />
      <TestMethod codeBase="/Users/jronehuynh/Downloads/TaskGenieV2-main/tests/TaskGenie.Tests/bin/Release/net10.0/TaskGenie.Tests.dll" adapterTypeName="executor://xunit/VsTestRunner3/netcore/" className="TaskGenie.Tests.Domain.AiEvidenceDomainTests" name="TaskEvidence_RejectsUnsafeOrRelativeUrls" />
    </UnitTest>
    <UnitTest name="TaskGenie.Tests.Infrastructure.AppDbContextModelTests.Model_SeedsFiveActiveRiskRules" storage="/users/jronehuynh/downloads/taskgeniev2-main/tests/taskgenie.tests/bin/release/net10.0/taskgenie.tests.dll" id="ca20c685-295d-f817-9db3-ea124b023d2f">
      <Execution id="8c56454b-5651-44cc-a131-353282000f02" />
      <TestMethod codeBase="/Users/jronehuynh/Downloads/TaskGenieV2-main/tests/TaskGenie.Tests/bin/Release/net10.0/TaskGenie.Tests.dll" adapterTypeName="executor://xunit/VsTestRunner3/netcore/" className="TaskGenie.Tests.Infrastructure.AppDbContextModelTests" name="Model_SeedsFiveActiveRiskRules" />
    </UnitTest>
    <UnitTest name="TaskGenie.Tests.Domain.AiEvidenceDomainTests.Task_SetRiskAssessment_NormalizesLevel" storage="/users/jronehuynh/downloads/taskgeniev2-main/tests/taskgenie.tests/bin/release/net10.0/taskgenie.tests.dll" id="da6d9e8f-91cd-b1f3-b006-20cdbefd9f39">
      <Execution id="5c3be781-16e8-4619-840d-9cf914465d30" />
      <TestMethod codeBase="/Users/jronehuynh/Downloads/TaskGenieV2-main/tests/TaskGenie.Tests/bin/Release/net10.0/TaskGenie.Tests.dll" adapterTypeName="executor://xunit/VsTestRunner3/netcore/" className="TaskGenie.Tests.Domain.AiEvidenceDomainTests" name="Task_SetRiskAssessment_NormalizesLevel" />
    </UnitTest>
    <UnitTest name="TaskGenie.Tests.AI.RiskScoringEngineTests.Calculate_OverdueTask_DeadlineFactorIsMaximum" storage="/users/jronehuynh/downloads/taskgeniev2-main/tests/taskgenie.tests/bin/release/net10.0/taskgenie.tests.dll" id="5d7a63bf-a727-a38f-9eb2-4d61c2432297">
      <Execution id="fdd06233-ac26-4a20-ab24-5de3a67f54d2" />
      <TestMethod codeBase="/Users/jronehuynh/Downloads/TaskGenieV2-main/tests/TaskGenie.Tests/bin/Release/net10.0/TaskGenie.Tests.dll" adapterTypeName="executor://xunit/VsTestRunner3/netcore/" className="TaskGenie.Tests.AI.RiskScoringEngineTests" name="Calculate_OverdueTask_DeadlineFactorIsMaximum" />
    </UnitTest>
    <UnitTest name="TaskGenie.Tests.AI.RiskScoringEngineTests.GetRiskLevel_UsesDocumentedBoundaries(score: 0, expected: &quot;LOW&quot;)" storage="/users/jronehuynh/downloads/taskgeniev2-main/tests/taskgenie.tests/bin/release/net10.0/taskgenie.tests.dll" id="b61a4a90-fa2a-461e-7f14-9233d26ca01b">
      <Execution id="2528e8a9-f258-4c0f-8151-8d50b3f56773" />
      <TestMethod codeBase="/Users/jronehuynh/Downloads/TaskGenieV2-main/tests/TaskGenie.Tests/bin/Release/net10.0/TaskGenie.Tests.dll" adapterTypeName="executor://xunit/VsTestRunner3/netcore/" className="TaskGenie.Tests.AI.RiskScoringEngineTests" name="GetRiskLevel_UsesDocumentedBoundaries" />
    </UnitTest>
    <UnitTest name="TaskGenie.Tests.AI.AssignmentScoringEngineTests.Calculate_BetterSkillMatch_HasLargestSingleComponentImpact" storage="/users/jronehuynh/downloads/taskgeniev2-main/tests/taskgenie.tests/bin/release/net10.0/taskgenie.tests.dll" id="0e3374fc-6f14-0a88-b184-43fb5c76ce3f">
      <Execution id="aa8a9532-3e5a-4c30-8482-d6e801b666b7" />
      <TestMethod codeBase="/Users/jronehuynh/Downloads/TaskGenieV2-main/tests/TaskGenie.Tests/bin/Release/net10.0/TaskGenie.Tests.dll" adapterTypeName="executor://xunit/VsTestRunner3/netcore/" className="TaskGenie.Tests.AI.AssignmentScoringEngineTests" name="Calculate_BetterSkillMatch_HasLargestSingleComponentImpact" />
    </UnitTest>
    <UnitTest name="TaskGenie.Tests.Domain.AiEvidenceDomainTests.Attachment_RejectsNegativeSize" storage="/users/jronehuynh/downloads/taskgeniev2-main/tests/taskgenie.tests/bin/release/net10.0/taskgenie.tests.dll" id="11b62da1-1640-149a-8fc9-cc296caad299">
      <Execution id="16b7036b-886c-4ed0-b8eb-e44c7d2800bf" />
      <TestMethod codeBase="/Users/jronehuynh/Downloads/TaskGenieV2-main/tests/TaskGenie.Tests/bin/Release/net10.0/TaskGenie.Tests.dll" adapterTypeName="executor://xunit/VsTestRunner3/netcore/" className="TaskGenie.Tests.Domain.AiEvidenceDomainTests" name="Attachment_RejectsNegativeSize" />
    </UnitTest>
    <UnitTest name="TaskGenie.Tests.Application.CoreCommandValidatorTests.RecommendationValidator_RequiresTaskAndProject" storage="/users/jronehuynh/downloads/taskgeniev2-main/tests/taskgenie.tests/bin/release/net10.0/taskgenie.tests.dll" id="f84fcad3-75ec-2565-ff54-2b70ec6b7203">
      <Execution id="b1e74f07-755b-49a7-ad28-f28e23220cf4" />
      <TestMethod codeBase="/Users/jronehuynh/Downloads/TaskGenieV2-main/tests/TaskGenie.Tests/bin/Release/net10.0/TaskGenie.Tests.dll" adapterTypeName="executor://xunit/VsTestRunner3/netcore/" className="TaskGenie.Tests.Application.CoreCommandValidatorTests" name="RecommendationValidator_RequiresTaskAndProject" />
    </UnitTest>
    <UnitTest name="TaskGenie.Tests.AI.RiskScoringEngineTests.Calculate_CustomWeights_AreNormalizedToOne" storage="/users/jronehuynh/downloads/taskgeniev2-main/tests/taskgenie.tests/bin/release/net10.0/taskgenie.tests.dll" id="d3574e84-0f90-d2d9-defd-389165578fc8">
      <Execution id="f7771ff0-04d2-4326-a18d-fc14d312c362" />
      <TestMethod codeBase="/Users/jronehuynh/Downloads/TaskGenieV2-main/tests/TaskGenie.Tests/bin/Release/net10.0/TaskGenie.Tests.dll" adapterTypeName="executor://xunit/VsTestRunner3/netcore/" className="TaskGenie.Tests.AI.RiskScoringEngineTests" name="Calculate_CustomWeights_AreNormalizedToOne" />
    </UnitTest>
    <UnitTest name="TaskGenie.Tests.Application.RecommendationDecisionTests.Accept_UserOutsideLatestRun_IsRejectedBeforeChangingAssignment" storage="/users/jronehuynh/downloads/taskgeniev2-main/tests/taskgenie.tests/bin/release/net10.0/taskgenie.tests.dll" id="ee6c371a-13f8-f5b3-601e-0eb06d7909fc">
      <Execution id="b2a6ecac-2f99-4c70-98f8-2b2e27b949b8" />
      <TestMethod codeBase="/Users/jronehuynh/Downloads/TaskGenieV2-main/tests/TaskGenie.Tests/bin/Release/net10.0/TaskGenie.Tests.dll" adapterTypeName="executor://xunit/VsTestRunner3/netcore/" className="TaskGenie.Tests.Application.RecommendationDecisionTests" name="Accept_UserOutsideLatestRun_IsRejectedBeforeChangingAssignment" />
    </UnitTest>
    <UnitTest name="TaskGenie.Tests.Infrastructure.AppDbContextModelTests.Model_MapsRequiredAiAndEvidenceTables(entityType: typeof(TaskGenie.Domain.Entities.AiExecutionLog), expectedTable: &quot;ai_execution_logs&quot;)" storage="/users/jronehuynh/downloads/taskgeniev2-main/tests/taskgenie.tests/bin/release/net10.0/taskgenie.tests.dll" id="88adb2ee-113b-3f50-89d4-cea8d94cec3c">
      <Execution id="266efc60-bd77-43ad-97b2-ea568da13eb7" />
      <TestMethod codeBase="/Users/jronehuynh/Downloads/TaskGenieV2-main/tests/TaskGenie.Tests/bin/Release/net10.0/TaskGenie.Tests.dll" adapterTypeName="executor://xunit/VsTestRunner3/netcore/" className="TaskGenie.Tests.Infrastructure.AppDbContextModelTests" name="Model_MapsRequiredAiAndEvidenceTables" />
    </UnitTest>
    <UnitTest name="TaskGenie.Tests.Domain.AiEvidenceDomainTests.TaskEvidence_RejectsUnsafeOrRelativeUrls(url: &quot;ftp://example.com/file&quot;)" storage="/users/jronehuynh/downloads/taskgeniev2-main/tests/taskgenie.tests/bin/release/net10.0/taskgenie.tests.dll" id="bfb568b0-a15f-c961-4cc9-83fa4965bc93">
      <Execution id="87de9514-1e06-40be-8593-5b44bf90ae0d" />
      <TestMethod codeBase="/Users/jronehuynh/Downloads/TaskGenieV2-main/tests/TaskGenie.Tests/bin/Release/net10.0/TaskGenie.Tests.dll" adapterTypeName="executor://xunit/VsTestRunner3/netcore/" className="TaskGenie.Tests.Domain.AiEvidenceDomainTests" name="TaskEvidence_RejectsUnsafeOrRelativeUrls" />
    </UnitTest>
    <UnitTest name="TaskGenie.Tests.AI.RiskScoringEngineTests.GetRiskLevel_UsesDocumentedBoundaries(score: 29,989999999999998, expected: &quot;LOW&quot;)" storage="/users/jronehuynh/downloads/taskgeniev2-main/tests/taskgenie.tests/bin/release/net10.0/taskgenie.tests.dll" id="c5652504-f09b-8a71-8865-7469edbe8e1b">
      <Execution id="fec90a87-cc0e-403f-810a-799614c4d6b4" />
      <TestMethod codeBase="/Users/jronehuynh/Downloads/TaskGenieV2-main/tests/TaskGenie.Tests/bin/Release/net10.0/TaskGenie.Tests.dll" adapterTypeName="executor://xunit/VsTestRunner3/netcore/" className="TaskGenie.Tests.AI.RiskScoringEngineTests" name="GetRiskLevel_UsesDocumentedBoundaries" />
    </UnitTest>
    <UnitTest name="TaskGenie.Tests.Integration.AiCoreApiIntegrationTests.RiskEndpoint_ReturnsAssessmentAndPersistsHistory" storage="/users/jronehuynh/downloads/taskgeniev2-main/tests/taskgenie.tests/bin/release/net10.0/taskgenie.tests.dll" id="9540abcb-2aab-9f94-738b-1f0a2570982f">
      <Execution id="14349a04-3512-41a1-a768-0abae3ea8aa4" />
      <TestMethod codeBase="/Users/jronehuynh/Downloads/TaskGenieV2-main/tests/TaskGenie.Tests/bin/Release/net10.0/TaskGenie.Tests.dll" adapterTypeName="executor://xunit/VsTestRunner3/netcore/" className="TaskGenie.Tests.Integration.AiCoreApiIntegrationTests" name="RiskEndpoint_ReturnsAssessmentAndPersistsHistory" />
    </UnitTest>
    <UnitTest name="TaskGenie.Tests.Infrastructure.AppDbContextModelTests.Model_MapsRequiredAiAndEvidenceTables(entityType: typeof(TaskGenie.Domain.Entities.TaskEvidence), expectedTable: &quot;task_evidences&quot;)" storage="/users/jronehuynh/downloads/taskgeniev2-main/tests/taskgenie.tests/bin/release/net10.0/taskgenie.tests.dll" id="14aff89c-4711-69bc-6507-12ede3808a80">
      <Execution id="f8e9b5e1-f2e8-4947-a822-e1caeb377f3b" />
      <TestMethod codeBase="/Users/jronehuynh/Downloads/TaskGenieV2-main/tests/TaskGenie.Tests/bin/Release/net10.0/TaskGenie.Tests.dll" adapterTypeName="executor://xunit/VsTestRunner3/netcore/" className="TaskGenie.Tests.Infrastructure.AppDbContextModelTests" name="Model_MapsRequiredAiAndEvidenceTables" />
    </UnitTest>
    <UnitTest name="TaskGenie.Tests.AI.RiskScoringEngineTests.GetRiskLevel_UsesDocumentedBoundaries(score: 100, expected: &quot;CRITICAL&quot;)" storage="/users/jronehuynh/downloads/taskgeniev2-main/tests/taskgenie.tests/bin/release/net10.0/taskgenie.tests.dll" id="780171ab-82bb-86e9-20b9-e29136de58b5">
      <Execution id="03d66c10-9a2b-4c75-bdc0-77ddeaf7777b" />
      <TestMethod codeBase="/Users/jronehuynh/Downloads/TaskGenieV2-main/tests/TaskGenie.Tests/bin/Release/net10.0/TaskGenie.Tests.dll" adapterTypeName="executor://xunit/VsTestRunner3/netcore/" className="TaskGenie.Tests.AI.RiskScoringEngineTests" name="GetRiskLevel_UsesDocumentedBoundaries" />
    </UnitTest>
    <UnitTest name="TaskGenie.Tests.Domain.AiEvidenceDomainTests.TaskEvidence_RejectsUnsafeOrRelativeUrls(url: &quot;javascript:alert(1)&quot;)" storage="/users/jronehuynh/downloads/taskgeniev2-main/tests/taskgenie.tests/bin/release/net10.0/taskgenie.tests.dll" id="c830a69e-128b-1e9c-02df-3cda70933df7">
      <Execution id="c89b01b6-e524-46cd-a31b-5c9a9bbf33ef" />
      <TestMethod codeBase="/Users/jronehuynh/Downloads/TaskGenieV2-main/tests/TaskGenie.Tests/bin/Release/net10.0/TaskGenie.Tests.dll" adapterTypeName="executor://xunit/VsTestRunner3/netcore/" className="TaskGenie.Tests.Domain.AiEvidenceDomainTests" name="TaskEvidence_RejectsUnsafeOrRelativeUrls" />
    </UnitTest>
    <UnitTest name="TaskGenie.Tests.Application.AnalyzeTaskRiskCommandHandlerTests.Handle_ProviderFailure_PersistsExplainableFallbackAndUpdatesTask" storage="/users/jronehuynh/downloads/taskgeniev2-main/tests/taskgenie.tests/bin/release/net10.0/taskgenie.tests.dll" id="1f8adff5-8c5b-fdc1-0eec-c7a6f1c60c38">
      <Execution id="884c8dba-b292-42b2-b0ef-7da4bcb4664d" />
      <TestMethod codeBase="/Users/jronehuynh/Downloads/TaskGenieV2-main/tests/TaskGenie.Tests/bin/Release/net10.0/TaskGenie.Tests.dll" adapterTypeName="executor://xunit/VsTestRunner3/netcore/" className="TaskGenie.Tests.Application.AnalyzeTaskRiskCommandHandlerTests" name="Handle_ProviderFailure_PersistsExplainableFallbackAndUpdatesTask" />
    </UnitTest>
    <UnitTest name="TaskGenie.Tests.AI.RiskScoringEngineTests.GetRiskLevel_UsesDocumentedBoundaries(score: 80, expected: &quot;CRITICAL&quot;)" storage="/users/jronehuynh/downloads/taskgeniev2-main/tests/taskgenie.tests/bin/release/net10.0/taskgenie.tests.dll" id="7290fcdf-d1d6-cee8-dce0-04fc0bbf4be4">
      <Execution id="22fdcd82-7e39-485c-9ca1-474f2017e746" />
      <TestMethod codeBase="/Users/jronehuynh/Downloads/TaskGenieV2-main/tests/TaskGenie.Tests/bin/Release/net10.0/TaskGenie.Tests.dll" adapterTypeName="executor://xunit/VsTestRunner3/netcore/" className="TaskGenie.Tests.AI.RiskScoringEngineTests" name="GetRiskLevel_UsesDocumentedBoundaries" />
    </UnitTest>
    <UnitTest name="TaskGenie.Tests.AI.AssignmentScoringEngineTests.Calculate_ClampsProviderValuesToValidRange" storage="/users/jronehuynh/downloads/taskgeniev2-main/tests/taskgenie.tests/bin/release/net10.0/taskgenie.tests.dll" id="dd2d9444-1fa8-9c9d-9a6f-53d2040e04c2">
      <Execution id="aeaac4bf-fb1d-4156-ba5c-43caa7a44785" />
      <TestMethod codeBase="/Users/jronehuynh/Downloads/TaskGenieV2-main/tests/TaskGenie.Tests/bin/Release/net10.0/TaskGenie.Tests.dll" adapterTypeName="executor://xunit/VsTestRunner3/netcore/" className="TaskGenie.Tests.AI.AssignmentScoringEngineTests" name="Calculate_ClampsProviderValuesToValidRange" />
    </UnitTest>
    <UnitTest name="TaskGenie.Tests.AI.AssignmentScoringEngineTests.Weights_SumToOne" storage="/users/jronehuynh/downloads/taskgeniev2-main/tests/taskgenie.tests/bin/release/net10.0/taskgenie.tests.dll" id="f0c9a006-e20e-9b05-e327-0fc43f2c152d">
      <Execution id="c3b5c40d-f95d-445b-a245-cd329557b937" />
      <TestMethod codeBase="/Users/jronehuynh/Downloads/TaskGenieV2-main/tests/TaskGenie.Tests/bin/Release/net10.0/TaskGenie.Tests.dll" adapterTypeName="executor://xunit/VsTestRunner3/netcore/" className="TaskGenie.Tests.AI.AssignmentScoringEngineTests" name="Weights_SumToOne" />
    </UnitTest>
    <UnitTest name="TaskGenie.Tests.AI.RiskScoringEngineTests.Calculate_NoAssignee_AppliesWorkloadPenalty" storage="/users/jronehuynh/downloads/taskgeniev2-main/tests/taskgenie.tests/bin/release/net10.0/taskgenie.tests.dll" id="e425c92c-aa8d-5ae2-b0ea-2bc152e39a24">
      <Execution id="ebae1bc0-d2a6-4eda-85c7-a2393b4e7b99" />
      <TestMethod codeBase="/Users/jronehuynh/Downloads/TaskGenieV2-main/tests/TaskGenie.Tests/bin/Release/net10.0/TaskGenie.Tests.dll" adapterTypeName="executor://xunit/VsTestRunner3/netcore/" className="TaskGenie.Tests.AI.RiskScoringEngineTests" name="Calculate_NoAssignee_AppliesWorkloadPenalty" />
    </UnitTest>
    <UnitTest name="TaskGenie.Tests.AI.AssignmentScoringEngineTests.Calculate_UsesDocumentedWeights" storage="/users/jronehuynh/downloads/taskgeniev2-main/tests/taskgenie.tests/bin/release/net10.0/taskgenie.tests.dll" id="d1a9d34c-475f-5219-b0e6-b0074a066964">
      <Execution id="6def8fb0-a49a-4525-8e9b-d25c6ce43d2c" />
      <TestMethod codeBase="/Users/jronehuynh/Downloads/TaskGenieV2-main/tests/TaskGenie.Tests/bin/Release/net10.0/TaskGenie.Tests.dll" adapterTypeName="executor://xunit/VsTestRunner3/netcore/" className="TaskGenie.Tests.AI.AssignmentScoringEngineTests" name="Calculate_UsesDocumentedWeights" />
    </UnitTest>
    <UnitTest name="TaskGenie.Tests.Application.CreateTaskEvidenceCommandHandlerTests.Handle_DisallowedMimeType_IsRejected" storage="/users/jronehuynh/downloads/taskgeniev2-main/tests/taskgenie.tests/bin/release/net10.0/taskgenie.tests.dll" id="4a21f389-3eac-d26d-63a8-709c0f989ee7">
      <Execution id="12a43f1b-f037-4133-ab99-f7e8008239f5" />
      <TestMethod codeBase="/Users/jronehuynh/Downloads/TaskGenieV2-main/tests/TaskGenie.Tests/bin/Release/net10.0/TaskGenie.Tests.dll" adapterTypeName="executor://xunit/VsTestRunner3/netcore/" className="TaskGenie.Tests.Application.CreateTaskEvidenceCommandHandlerTests" name="Handle_DisallowedMimeType_IsRejected" />
    </UnitTest>
    <UnitTest name="TaskGenie.Tests.Application.AnalyzeTaskRiskCommandHandlerTests.Handle_UnknownTask_ReturnsNullWithoutCallingAi" storage="/users/jronehuynh/downloads/taskgeniev2-main/tests/taskgenie.tests/bin/release/net10.0/taskgenie.tests.dll" id="97724db8-2291-13b9-0e83-9e4a96fca6db">
      <Execution id="0acb8c9f-200d-437e-8a1b-7635dd53f28c" />
      <TestMethod codeBase="/Users/jronehuynh/Downloads/TaskGenieV2-main/tests/TaskGenie.Tests/bin/Release/net10.0/TaskGenie.Tests.dll" adapterTypeName="executor://xunit/VsTestRunner3/netcore/" className="TaskGenie.Tests.Application.AnalyzeTaskRiskCommandHandlerTests" name="Handle_UnknownTask_ReturnsNullWithoutCallingAi" />
    </UnitTest>
    <UnitTest name="TaskGenie.Tests.Application.CoreCommandValidatorTests.EvidenceValidator_AcceptsHttpsEvidence" storage="/users/jronehuynh/downloads/taskgeniev2-main/tests/taskgenie.tests/bin/release/net10.0/taskgenie.tests.dll" id="c7b40c4a-5091-2dee-48be-d764bb6a2ac7">
      <Execution id="11adf207-d3f9-48b7-abee-a2acff2da87f" />
      <TestMethod codeBase="/Users/jronehuynh/Downloads/TaskGenieV2-main/tests/TaskGenie.Tests/bin/Release/net10.0/TaskGenie.Tests.dll" adapterTypeName="executor://xunit/VsTestRunner3/netcore/" className="TaskGenie.Tests.Application.CoreCommandValidatorTests" name="EvidenceValidator_AcceptsHttpsEvidence" />
    </UnitTest>
    <UnitTest name="TaskGenie.Tests.AI.RiskScoringEngineTests.Calculate_MissingDeadline_AppliesUncertaintyScore" storage="/users/jronehuynh/downloads/taskgeniev2-main/tests/taskgenie.tests/bin/release/net10.0/taskgenie.tests.dll" id="022fba4d-da5c-5074-9648-baa645d4a225">
      <Execution id="04cecb5f-64c3-400e-a3dc-859a8f54a547" />
      <TestMethod codeBase="/Users/jronehuynh/Downloads/TaskGenieV2-main/tests/TaskGenie.Tests/bin/Release/net10.0/TaskGenie.Tests.dll" adapterTypeName="executor://xunit/VsTestRunner3/netcore/" className="TaskGenie.Tests.AI.RiskScoringEngineTests" name="Calculate_MissingDeadline_AppliesUncertaintyScore" />
    </UnitTest>
    <UnitTest name="TaskGenie.Tests.Domain.AiEvidenceDomainTests.RiskRule_RejectsInvalidWeight" storage="/users/jronehuynh/downloads/taskgeniev2-main/tests/taskgenie.tests/bin/release/net10.0/taskgenie.tests.dll" id="da1919b8-6a53-c48a-cfcd-a6d20c28954a">
      <Execution id="04763e50-ebd0-45e6-a0ac-685a1c096c46" />
      <TestMethod codeBase="/Users/jronehuynh/Downloads/TaskGenieV2-main/tests/TaskGenie.Tests/bin/Release/net10.0/TaskGenie.Tests.dll" adapterTypeName="executor://xunit/VsTestRunner3/netcore/" className="TaskGenie.Tests.Domain.AiEvidenceDomainTests" name="RiskRule_RejectsInvalidWeight" />
    </UnitTest>
    <UnitTest name="TaskGenie.Tests.Integration.AiCoreApiIntegrationTests.RecommendationEndpoint_ReturnsRankedCandidatesAndAuditLog" storage="/users/jronehuynh/downloads/taskgeniev2-main/tests/taskgenie.tests/bin/release/net10.0/taskgenie.tests.dll" id="d83c2dee-9fb1-1070-488c-4599e52d908f">
      <Execution id="1c65ab5f-b77b-4135-b58c-97d3a3953c6f" />
      <TestMethod codeBase="/Users/jronehuynh/Downloads/TaskGenieV2-main/tests/TaskGenie.Tests/bin/Release/net10.0/TaskGenie.Tests.dll" adapterTypeName="executor://xunit/VsTestRunner3/netcore/" className="TaskGenie.Tests.Integration.AiCoreApiIntegrationTests" name="RecommendationEndpoint_ReturnsRankedCandidatesAndAuditLog" />
    </UnitTest>
    <UnitTest name="TaskGenie.Tests.Domain.AiEvidenceDomainTests.TaskEvidence_RequiresAttachmentOrUrl" storage="/users/jronehuynh/downloads/taskgeniev2-main/tests/taskgenie.tests/bin/release/net10.0/taskgenie.tests.dll" id="6180deb2-915a-17c8-9098-52901640b576">
      <Execution id="af5885a0-6d37-422c-a797-3706f4054909" />
      <TestMethod codeBase="/Users/jronehuynh/Downloads/TaskGenieV2-main/tests/TaskGenie.Tests/bin/Release/net10.0/TaskGenie.Tests.dll" adapterTypeName="executor://xunit/VsTestRunner3/netcore/" className="TaskGenie.Tests.Domain.AiEvidenceDomainTests" name="TaskEvidence_RequiresAttachmentOrUrl" />
    </UnitTest>
    <UnitTest name="TaskGenie.Tests.AI.RiskScoringEngineTests.GetRiskLevel_UsesDocumentedBoundaries(score: 79,989999999999995, expected: &quot;HIGH&quot;)" storage="/users/jronehuynh/downloads/taskgeniev2-main/tests/taskgenie.tests/bin/release/net10.0/taskgenie.tests.dll" id="e1633008-c891-2dbd-d71b-dcbe4274f498">
      <Execution id="e45d4bae-9cd7-44b1-8359-bf458cd000b6" />
      <TestMethod codeBase="/Users/jronehuynh/Downloads/TaskGenieV2-main/tests/TaskGenie.Tests/bin/Release/net10.0/TaskGenie.Tests.dll" adapterTypeName="executor://xunit/VsTestRunner3/netcore/" className="TaskGenie.Tests.AI.RiskScoringEngineTests" name="GetRiskLevel_UsesDocumentedBoundaries" />
    </UnitTest>
    <UnitTest name="TaskGenie.Tests.Application.GetAssignmentRecommendationsCommandHandlerTests.Handle_RanksCandidatesPersistsBreakdownAndExecutionLog" storage="/users/jronehuynh/downloads/taskgeniev2-main/tests/taskgenie.tests/bin/release/net10.0/taskgenie.tests.dll" id="2dc5d78b-93ef-0de2-517f-f6f8970d8ded">
      <Execution id="e2008c03-1531-4386-a2ca-622fe0682fdc" />
      <TestMethod codeBase="/Users/jronehuynh/Downloads/TaskGenieV2-main/tests/TaskGenie.Tests/bin/Release/net10.0/TaskGenie.Tests.dll" adapterTypeName="executor://xunit/VsTestRunner3/netcore/" className="TaskGenie.Tests.Application.GetAssignmentRecommendationsCommandHandlerTests" name="Handle_RanksCandidatesPersistsBreakdownAndExecutionLog" />
    </UnitTest>
    <UnitTest name="TaskGenie.Tests.AI.RiskScoringEngineTests.Calculate_StaleProgressUpdate_IncreasesProgressRisk" storage="/users/jronehuynh/downloads/taskgeniev2-main/tests/taskgenie.tests/bin/release/net10.0/taskgenie.tests.dll" id="b14739f2-7b58-8cd9-dddc-3afd3d8dd794">
      <Execution id="6fc6c422-05c4-4658-8de4-154802f36163" />
      <TestMethod codeBase="/Users/jronehuynh/Downloads/TaskGenieV2-main/tests/TaskGenie.Tests/bin/Release/net10.0/TaskGenie.Tests.dll" adapterTypeName="executor://xunit/VsTestRunner3/netcore/" className="TaskGenie.Tests.AI.RiskScoringEngineTests" name="Calculate_StaleProgressUpdate_IncreasesProgressRisk" />
    </UnitTest>
    <UnitTest name="TaskGenie.Tests.Application.CreateTaskEvidenceCommandHandlerTests.Handle_OversizedAttachment_IsRejected" storage="/users/jronehuynh/downloads/taskgeniev2-main/tests/taskgenie.tests/bin/release/net10.0/taskgenie.tests.dll" id="7e955ce8-8d51-25af-eb8a-dee5c5a79c8b">
      <Execution id="5405e050-b4c1-443e-88da-2bbeb72b6e75" />
      <TestMethod codeBase="/Users/jronehuynh/Downloads/TaskGenieV2-main/tests/TaskGenie.Tests/bin/Release/net10.0/TaskGenie.Tests.dll" adapterTypeName="executor://xunit/VsTestRunner3/netcore/" className="TaskGenie.Tests.Application.CreateTaskEvidenceCommandHandlerTests" name="Handle_OversizedAttachment_IsRejected" />
    </UnitTest>
    <UnitTest name="TaskGenie.Tests.Infrastructure.AppDbContextModelTests.Model_MapsRequiredAiAndEvidenceTables(entityType: typeof(TaskGenie.Domain.Entities.RiskScoreHistory), expectedTable: &quot;risk_score_history&quot;)" storage="/users/jronehuynh/downloads/taskgeniev2-main/tests/taskgenie.tests/bin/release/net10.0/taskgenie.tests.dll" id="53c04a3a-2855-e4ce-ec76-bfecd6e6694c">
      <Execution id="a4591746-6d60-406d-adbd-8a8db8fcf5b1" />
      <TestMethod codeBase="/Users/jronehuynh/Downloads/TaskGenieV2-main/tests/TaskGenie.Tests/bin/Release/net10.0/TaskGenie.Tests.dll" adapterTypeName="executor://xunit/VsTestRunner3/netcore/" className="TaskGenie.Tests.Infrastructure.AppDbContextModelTests" name="Model_MapsRequiredAiAndEvidenceTables" />
    </UnitTest>
    <UnitTest name="TaskGenie.Tests.Domain.AiEvidenceDomainTests.TaskEvidence_AcceptsHttpsUrl" storage="/users/jronehuynh/downloads/taskgeniev2-main/tests/taskgenie.tests/bin/release/net10.0/taskgenie.tests.dll" id="441541e7-4993-4353-f01c-d3f92625ef16">
      <Execution id="b1702145-376a-4f5c-849c-7cf2472588e4" />
      <TestMethod codeBase="/Users/jronehuynh/Downloads/TaskGenieV2-main/tests/TaskGenie.Tests/bin/Release/net10.0/TaskGenie.Tests.dll" adapterTypeName="executor://xunit/VsTestRunner3/netcore/" className="TaskGenie.Tests.Domain.AiEvidenceDomainTests" name="TaskEvidence_AcceptsHttpsUrl" />
    </UnitTest>
    <UnitTest name="TaskGenie.Tests.Application.GetAssignmentRecommendationsCommandHandlerTests.Handle_WrongProject_RejectsRequestBeforeScoring" storage="/users/jronehuynh/downloads/taskgeniev2-main/tests/taskgenie.tests/bin/release/net10.0/taskgenie.tests.dll" id="f68d306d-0286-5b9b-35af-3ca8dc8eab66">
      <Execution id="e67ce724-3a0c-4ba8-8f2c-2e96b596c929" />
      <TestMethod codeBase="/Users/jronehuynh/Downloads/TaskGenieV2-main/tests/TaskGenie.Tests/bin/Release/net10.0/TaskGenie.Tests.dll" adapterTypeName="executor://xunit/VsTestRunner3/netcore/" className="TaskGenie.Tests.Application.GetAssignmentRecommendationsCommandHandlerTests" name="Handle_WrongProject_RejectsRequestBeforeScoring" />
    </UnitTest>
    <UnitTest name="TaskGenie.Tests.AI.RiskScoringEngineTests.GetRiskLevel_UsesDocumentedBoundaries(score: 59,990000000000002, expected: &quot;MEDIUM&quot;)" storage="/users/jronehuynh/downloads/taskgeniev2-main/tests/taskgenie.tests/bin/release/net10.0/taskgenie.tests.dll" id="2a658927-1306-7850-57b4-fed1b9eaf3ed">
      <Execution id="f47821c8-99c7-4fe8-93b4-7fe151f78112" />
      <TestMethod codeBase="/Users/jronehuynh/Downloads/TaskGenieV2-main/tests/TaskGenie.Tests/bin/Release/net10.0/TaskGenie.Tests.dll" adapterTypeName="executor://xunit/VsTestRunner3/netcore/" className="TaskGenie.Tests.AI.RiskScoringEngineTests" name="GetRiskLevel_UsesDocumentedBoundaries" />
    </UnitTest>
    <UnitTest name="TaskGenie.Tests.Infrastructure.AppDbContextModelTests.Model_MapsRequiredAiAndEvidenceTables(entityType: typeof(TaskGenie.Domain.Entities.RiskRule), expectedTable: &quot;risk_rules&quot;)" storage="/users/jronehuynh/downloads/taskgeniev2-main/tests/taskgenie.tests/bin/release/net10.0/taskgenie.tests.dll" id="fdcec592-90da-192c-8000-1078aa647385">
      <Execution id="a9c14271-1e73-4da8-8039-666a392e68ac" />
      <TestMethod codeBase="/Users/jronehuynh/Downloads/TaskGenieV2-main/tests/TaskGenie.Tests/bin/Release/net10.0/TaskGenie.Tests.dll" adapterTypeName="executor://xunit/VsTestRunner3/netcore/" className="TaskGenie.Tests.Infrastructure.AppDbContextModelTests" name="Model_MapsRequiredAiAndEvidenceTables" />
    </UnitTest>
    <UnitTest name="TaskGenie.Tests.AI.RiskScoringEngineTests.GetRiskLevel_UsesDocumentedBoundaries(score: 60, expected: &quot;HIGH&quot;)" storage="/users/jronehuynh/downloads/taskgeniev2-main/tests/taskgenie.tests/bin/release/net10.0/taskgenie.tests.dll" id="c21a9b8e-79ce-462b-c8b4-1f218b20e120">
      <Execution id="4978ae58-d66d-4ebb-b5b9-52a6d522c065" />
      <TestMethod codeBase="/Users/jronehuynh/Downloads/TaskGenieV2-main/tests/TaskGenie.Tests/bin/Release/net10.0/TaskGenie.Tests.dll" adapterTypeName="executor://xunit/VsTestRunner3/netcore/" className="TaskGenie.Tests.AI.RiskScoringEngineTests" name="GetRiskLevel_UsesDocumentedBoundaries" />
    </UnitTest>
[...]
    <TestEntry testId="1f447304-c512-24a7-11b2-312d77f6b7c7" executionId="0bc4a9f1-1b8a-4969-a19f-e03ffed4db25" testListId="8c84fa94-04c1-424b-9868-57a2d4851a1d" />
    <TestEntry testId="14aff89c-4711-69bc-6507-12ede3808a80" executionId="f8e9b5e1-f2e8-4947-a822-e1caeb377f3b" testListId="8c84fa94-04c1-424b-9868-57a2d4851a1d" />
    <TestEntry testId="022fba4d-da5c-5074-9648-baa645d4a225" executionId="04cecb5f-64c3-400e-a3dc-859a8f54a547" testListId="8c84fa94-04c1-424b-9868-57a2d4851a1d" />
    <TestEntry testId="ce80142a-bbfe-51d2-f003-39644233aeb4" executionId="f206037d-73be-49ce-814c-5f851cbb7bc6" testListId="8c84fa94-04c1-424b-9868-57a2d4851a1d" />
    <TestEntry testId="1f8adff5-8c5b-fdc1-0eec-c7a6f1c60c38" executionId="884c8dba-b292-42b2-b0ef-7da4bcb4664d" testListId="8c84fa94-04c1-424b-9868-57a2d4851a1d" />
    <TestEntry testId="816c58b9-f887-021a-7eff-f8192e5bcfcc" executionId="cf070393-af45-4fc9-a5ff-b206e3acdc10" testListId="8c84fa94-04c1-424b-9868-57a2d4851a1d" />
    <TestEntry testId="f0ee0a8c-1a4d-7c83-4560-29a746947783" executionId="ed5d378a-00eb-4473-a1f1-3fecedd8303d" testListId="8c84fa94-04c1-424b-9868-57a2d4851a1d" />
    <TestEntry testId="2a658927-1306-7850-57b4-fed1b9eaf3ed" executionId="f47821c8-99c7-4fe8-93b4-7fe151f78112" testListId="8c84fa94-04c1-424b-9868-57a2d4851a1d" />
    <TestEntry testId="53c04a3a-2855-e4ce-ec76-bfecd6e6694c" executionId="a4591746-6d60-406d-adbd-8a8db8fcf5b1" testListId="8c84fa94-04c1-424b-9868-57a2d4851a1d" />
    <TestEntry testId="c5652504-f09b-8a71-8865-7469edbe8e1b" executionId="fec90a87-cc0e-403f-810a-799614c4d6b4" testListId="8c84fa94-04c1-424b-9868-57a2d4851a1d" />
    <TestEntry testId="4a21f389-3eac-d26d-63a8-709c0f989ee7" executionId="12a43f1b-f037-4133-ab99-f7e8008239f5" testListId="8c84fa94-04c1-424b-9868-57a2d4851a1d" />
    <TestEntry testId="88adb2ee-113b-3f50-89d4-cea8d94cec3c" executionId="266efc60-bd77-43ad-97b2-ea568da13eb7" testListId="8c84fa94-04c1-424b-9868-57a2d4851a1d" />
    <TestEntry testId="0fba9406-c120-0a8c-5926-7a75abb31506" executionId="221cd32b-6b98-4116-a188-bd4bdf00362b" testListId="8c84fa94-04c1-424b-9868-57a2d4851a1d" />
    <TestEntry testId="7e955ce8-8d51-25af-eb8a-dee5c5a79c8b" executionId="5405e050-b4c1-443e-88da-2bbeb72b6e75" testListId="8c84fa94-04c1-424b-9868-57a2d4851a1d" />
    <TestEntry testId="bfb568b0-a15f-c961-4cc9-83fa4965bc93" executionId="87de9514-1e06-40be-8593-5b44bf90ae0d" testListId="8c84fa94-04c1-424b-9868-57a2d4851a1d" />
    <TestEntry testId="11b62da1-1640-149a-8fc9-cc296caad299" executionId="16b7036b-886c-4ed0-b8eb-e44c7d2800bf" testListId="8c84fa94-04c1-424b-9868-57a2d4851a1d" />
    <TestEntry testId="b14739f2-7b58-8cd9-dddc-3afd3d8dd794" executionId="6fc6c422-05c4-4658-8de4-154802f36163" testListId="8c84fa94-04c1-424b-9868-57a2d4851a1d" />
    <TestEntry testId="6ecce614-9bde-9507-a4f3-88bcde95b087" executionId="6696d9a8-246f-43ec-9d57-578ac4254209" testListId="8c84fa94-04c1-424b-9868-57a2d4851a1d" />
    <TestEntry testId="bc4a5ca0-eb7c-9a85-f9e7-90204ea6c38e" executionId="903ce237-b714-4643-9d7a-d49dcffc3dd5" testListId="8c84fa94-04c1-424b-9868-57a2d4851a1d" />
    <TestEntry testId="23642089-a808-2511-97c1-00b67892ba70" executionId="65a883c2-e2f6-4efe-9b40-fb52cc7f85c1" testListId="8c84fa94-04c1-424b-9868-57a2d4851a1d" />
    <TestEntry testId="da6d9e8f-91cd-b1f3-b006-20cdbefd9f39" executionId="5c3be781-16e8-4619-840d-9cf914465d30" testListId="8c84fa94-04c1-424b-9868-57a2d4851a1d" />
    <TestEntry testId="33a0039c-bfaa-bca8-2800-fecf80a8f7e8" executionId="8dfa365b-64ac-469d-9c44-0280b9869f1d" testListId="8c84fa94-04c1-424b-9868-57a2d4851a1d" />
    <TestEntry testId="fdcec592-90da-192c-8000-1078aa647385" executionId="a9c14271-1e73-4da8-8039-666a392e68ac" testListId="8c84fa94-04c1-424b-9868-57a2d4851a1d" />
    <TestEntry testId="da1919b8-6a53-c48a-cfcd-a6d20c28954a" executionId="04763e50-ebd0-45e6-a0ac-685a1c096c46" testListId="8c84fa94-04c1-424b-9868-57a2d4851a1d" />
    <TestEntry testId="e1633008-c891-2dbd-d71b-dcbe4274f498" executionId="e45d4bae-9cd7-44b1-8359-bf458cd000b6" testListId="8c84fa94-04c1-424b-9868-57a2d4851a1d" />
    <TestEntry testId="7f995055-99d4-13d2-5613-69293ff5ce84" executionId="d8d4570e-120b-477a-a9ba-d0fc552c5f72" testListId="8c84fa94-04c1-424b-9868-57a2d4851a1d" />
    <TestEntry testId="ee6c371a-13f8-f5b3-601e-0eb06d7909fc" executionId="b2a6ecac-2f99-4c70-98f8-2b2e27b949b8" testListId="8c84fa94-04c1-424b-9868-57a2d4851a1d" />
    <TestEntry testId="6180deb2-915a-17c8-9098-52901640b576" executionId="af5885a0-6d37-422c-a797-3706f4054909" testListId="8c84fa94-04c1-424b-9868-57a2d4851a1d" />
    <TestEntry testId="b61a4a90-fa2a-461e-7f14-9233d26ca01b" executionId="2528e8a9-f258-4c0f-8151-8d50b3f56773" testListId="8c84fa94-04c1-424b-9868-57a2d4851a1d" />
    <TestEntry testId="f68d306d-0286-5b9b-35af-3ca8dc8eab66" executionId="e67ce724-3a0c-4ba8-8f2c-2e96b596c929" testListId="8c84fa94-04c1-424b-9868-57a2d4851a1d" />
    <TestEntry testId="780171ab-82bb-86e9-20b9-e29136de58b5" executionId="03d66c10-9a2b-4c75-bdc0-77ddeaf7777b" testListId="8c84fa94-04c1-424b-9868-57a2d4851a1d" />
    <TestEntry testId="85d35fb7-4f9b-591a-d856-2a1b9a5fdee5" executionId="1dc5cf91-a40c-401a-8ed0-78944a54c940" testListId="8c84fa94-04c1-424b-9868-57a2d4851a1d" />
    <TestEntry testId="a88d0eb4-c3fb-ace5-8746-bb692d219e54" executionId="d19455af-3704-4b6b-93b7-694b851565bb" testListId="8c84fa94-04c1-424b-9868-57a2d4851a1d" />
    <TestEntry testId="b26402a3-474a-96f0-8562-6ebf5fc70e97" executionId="ddefd032-2f78-4bc4-9194-186a59b01a3b" testListId="8c84fa94-04c1-424b-9868-57a2d4851a1d" />
    <TestEntry testId="c7b40c4a-5091-2dee-48be-d764bb6a2ac7" executionId="11adf207-d3f9-48b7-abee-a2acff2da87f" testListId="8c84fa94-04c1-424b-9868-57a2d4851a1d" />
    <TestEntry testId="2246fae0-6616-efd3-ffe3-f1bbfd28edd3" executionId="63dba748-4b29-4819-8f87-c794d51c3181" testListId="8c84fa94-04c1-424b-9868-57a2d4851a1d" />
    <TestEntry testId="e425c92c-aa8d-5ae2-b0ea-2bc152e39a24" executionId="ebae1bc0-d2a6-4eda-85c7-a2393b4e7b99" testListId="8c84fa94-04c1-424b-9868-57a2d4851a1d" />
    <TestEntry testId="fb6ee4f5-6a6e-a055-cd96-c0a8919b0701" executionId="96556b3a-7e0b-4d91-b920-96c58809bb7d" testListId="8c84fa94-04c1-424b-9868-57a2d4851a1d" />
    <TestEntry testId="d83c2dee-9fb1-1070-488c-4599e52d908f" executionId="1c65ab5f-b77b-4135-b58c-97d3a3953c6f" testListId="8c84fa94-04c1-424b-9868-57a2d4851a1d" />
    <TestEntry testId="ca20c685-295d-f817-9db3-ea124b023d2f" executionId="8c56454b-5651-44cc-a131-353282000f02" testListId="8c84fa94-04c1-424b-9868-57a2d4851a1d" />
    <TestEntry testId="6e92ff45-2c22-e038-d043-fd49168b8462" executionId="95898362-cd07-4528-9b01-b6d1b28cec66" testListId="8c84fa94-04c1-424b-9868-57a2d4851a1d" />
    <TestEntry testId="d1a9d34c-475f-5219-b0e6-b0074a066964" executionId="6def8fb0-a49a-4525-8e9b-d25c6ce43d2c" testListId="8c84fa94-04c1-424b-9868-57a2d4851a1d" />
    <TestEntry testId="9540abcb-2aab-9f94-738b-1f0a2570982f" executionId="14349a04-3512-41a1-a768-0abae3ea8aa4" testListId="8c84fa94-04c1-424b-9868-57a2d4851a1d" />
    <TestEntry testId="2dc5d78b-93ef-0de2-517f-f6f8970d8ded" executionId="e2008c03-1531-4386-a2ca-622fe0682fdc" testListId="8c84fa94-04c1-424b-9868-57a2d4851a1d" />
    <TestEntry testId="7290fcdf-d1d6-cee8-dce0-04fc0bbf4be4" executionId="22fdcd82-7e39-485c-9ca1-474f2017e746" testListId="8c84fa94-04c1-424b-9868-57a2d4851a1d" />
    <TestEntry testId="441541e7-4993-4353-f01c-d3f92625ef16" executionId="b1702145-376a-4f5c-849c-7cf2472588e4" testListId="8c84fa94-04c1-424b-9868-57a2d4851a1d" />
  </TestEntries>
  <TestLists>
    <TestList name="Results Not in a List" id="8c84fa94-04c1-424b-9868-57a2d4851a1d" />
    <TestList name="All Loaded Results" id="19431567-8539-422a-85d7-44ee4e166bda" />
  </TestLists>
  <ResultSummary outcome="Failed">
    <Counters total="58" executed="58" passed="55" failed="3" error="0" timeout="0" aborted="0" inconclusive="0" passedButRunAborted="0" notRunnable="0" notExecuted="0" disconnected="0" warning="0" completed="0" inProgress="0" pending="0" />
    <Output>
      <StdOut>[xUnit.net 00:00:00.00] xUnit.net VSTest Adapter v3.1.5+1b188a7b0a (64-bit .NET 10.0.10)
[xUnit.net 00:00:00.28]   Discovering: TaskGenie.Tests
[xUnit.net 00:00:00.43]   Discovered:  TaskGenie.Tests
[xUnit.net 00:00:00.51]   Starting:    TaskGenie.Tests
warn: Microsoft.AspNetCore.StaticFiles.StaticFileMiddleware[16]
      The WebRootPath was not found: /Users/jronehuynh/Downloads/TaskGenieV2-main/src/TaskGenie.API/wwwroot. Static files may be unavailable.
info: Microsoft.Hosting.Lifetime[0]
      Application started. Press Ctrl+C to shut down.
info: Microsoft.Hosting.Lifetime[0]
      Hosting environment: Testing
info: Microsoft.Hosting.Lifetime[0]
      Content root path: /Users/jronehuynh/Downloads/TaskGenieV2-main/src/TaskGenie.API
info: Microsoft.Hosting.Lifetime[0]
      Application is shutting down...
[xUnit.net 00:00:02.86]       System.InvalidOperationException : Services for database providers 'Microsoft.EntityFrameworkCore.SqlServer', 'Microsoft.EntityFrameworkCore.InMemory' have been registered in the service provider. Only a single database provider can be registered in a service provider. If possible, ensure that Entity Framework is managing its service provider by removing the call to 'UseInternalServiceProvider'. Otherwise, consider conditionally registering the database provider, or maintaining one service provider per database provider.
[xUnit.net 00:00:02.86]       Stack Trace:
[xUnit.net 00:00:02.86]            at Microsoft.EntityFrameworkCore.Internal.DbContextServices.Initialize(IServiceProvider scopedProvider, DbContextOptions contextOptions, DbContext context)
[xUnit.net 00:00:02.86]            at Microsoft.EntityFrameworkCore.DbContext.get_ContextServices()
[xUnit.net 00:00:02.86]            at Microsoft.EntityFrameworkCore.DbContext.get_InternalServiceProvider()
[xUnit.net 00:00:02.86]            at Microsoft.EntityFrameworkCore.DbContext.Microsoft.EntityFrameworkCore.Infrastructure.IInfrastructure&lt;System.IServiceProvider&gt;.get_Instance()
[xUnit.net 00:00:02.86]            at Microsoft.EntityFrameworkCore.Infrastructure.Internal.InfrastructureExtensions.GetService(IInfrastructure`1 accessor, Type serviceType)
[xUnit.net 00:00:02.86]            at Microsoft.EntityFrameworkCore.Infrastructure.Internal.InfrastructureExtensions.GetService[TService](IInfrastructure`1 accessor)
[xUnit.net 00:00:02.86]            at Microsoft.EntityFrameworkCore.Infrastructure.AccessorExtensions.GetService[TService](IInfrastructure`1 accessor)
[xUnit.net 00:00:02.86]            at Microsoft.EntityFrameworkCore.Infrastructure.DatabaseFacade.get_Dependencies()
[xUnit.net 00:00:02.86]            at Microsoft.EntityFrameworkCore.Infrastructure.DatabaseFacade.EnsureCreatedAsync(CancellationToken cancellationToken)
[xUnit.net 00:00:02.86]         /Users/jronehuynh/Downloads/TaskGenieV2-main/tests/TaskGenie.Tests/Integration/AiCoreApiIntegrationTests.cs(110,0): at TaskGenie.Tests.Integration.AiCoreApiFactory.SeedTaskAsync(Int32 projectId, Int32 userCount)
[xUnit.net 00:00:02.86]         /Users/jronehuynh/Downloads/TaskGenieV2-main/tests/TaskGenie.Tests/Integration/AiCoreApiIntegrationTests.cs(68,0): at TaskGenie.Tests.Integration.AiCoreApiIntegrationTests.EvidenceEndpoint_ValidatesAndReturnsCreatedUrlEvidence()
[xUnit.net 00:00:02.86]         /Users/jronehuynh/Downloads/TaskGenieV2-main/tests/TaskGenie.Tests/Integration/AiCoreApiIntegrationTests.cs(82,0): at TaskGenie.Tests.Integration.AiCoreApiIntegrationTests.EvidenceEndpoint_ValidatesAndReturnsCreatedUrlEvidence()
[xUnit.net 00:00:02.86]         --- End of stack trace from previous location ---
warn: Microsoft.AspNetCore.StaticFiles.StaticFileMiddleware[16]
      The WebRootPath was not found: /Users/jronehuynh/Downloads/TaskGenieV2-main/src/TaskGenie.API/wwwroot. Static files may be unavailable.
info: Microsoft.Hosting.Lifetime[0]
      Application started. Press Ctrl+C to shut down.
info: Microsoft.Hosting.Lifetime[0]
      Hosting environment: Testing
info: Microsoft.Hosting.Lifetime[0]
      Content root path: /Users/jronehuynh/Downloads/TaskGenieV2-main/src/TaskGenie.API
info: Microsoft.Hosting.Lifetime[0]
      Application is shutting down...
[xUnit.net 00:00:03.08]       System.InvalidOperationException : Services for database providers 'Microsoft.EntityFrameworkCore.SqlServer', 'Microsoft.EntityFrameworkCore.InMemory' have been registered in the service provider. Only a single database provider can be registered in a service provider. If possible, ensure that Entity Framework is managing its service provider by removing the call to 'UseInternalServiceProvider'. Otherwise, consider conditionally registering the database provider, or maintaining one service provider per database provider.
[xUnit.net 00:00:03.08]       Stack Trace:
[xUnit.net 00:00:03.08]            at Microsoft.EntityFrameworkCore.Internal.DbContextServices.Initialize(IServiceProvider scopedProvider, DbContextOptions contextOptions, DbContext context)
[xUnit.net 00:00:03.08]            at Microsoft.EntityFrameworkCore.DbContext.get_ContextServices()
[xUnit.net 00:00:03.08]            at Microsoft.EntityFrameworkCore.DbContext.get_InternalServiceProvider()
[xUnit.net 00:00:03.08]            at Microsoft.EntityFrameworkCore.DbContext.Microsoft.EntityFrameworkCore.Infrastructure.IInfrastructure&lt;System.IServiceProvider&gt;.get_Instance()
[xUnit.net 00:00:03.08]            at Microsoft.EntityFrameworkCore.Infrastructure.Internal.InfrastructureExtensions.GetService(IInfrastructure`1 accessor, Type serviceType)
[xUnit.net 00:00:03.08]            at Microsoft.EntityFrameworkCore.Infrastructure.Internal.InfrastructureExtensions.GetService[TService](IInfrastructure`1 accessor)
[xUnit.net 00:00:03.08]            at Microsoft.EntityFrameworkCore.Infrastructure.AccessorExtensions.GetService[TService](IInfrastructure`1 accessor)
[xUnit.net 00:00:03.08]            at Microsoft.EntityFrameworkCore.Infrastructure.DatabaseFacade.get_Dependencies()
[xUnit.net 00:00:03.08]            at Microsoft.EntityFrameworkCore.Infrastructure.DatabaseFacade.EnsureCreatedAsync(CancellationToken cancellationToken)
[xUnit.net 00:00:03.08]         /Users/jronehuynh/Downloads/TaskGenieV2-main/tests/TaskGenie.Tests/Integration/AiCoreApiIntegrationTests.cs(110,0): at TaskGenie.Tests.Integration.AiCoreApiFactory.SeedTaskAsync(Int32 projectId, Int32 userCount)
[xUnit.net 00:00:03.08]         /Users/jronehuynh/Downloads/TaskGenieV2-main/tests/TaskGenie.Tests/Integration/AiCoreApiIntegrationTests.cs(25,0): at TaskGenie.Tests.Integration.AiCoreApiIntegrationTests.RiskEndpoint_ReturnsAssessmentAndPersistsHistory()
[xUnit.net 00:00:03.09]         /Users/jronehuynh/Downloads/TaskGenieV2-main/tests/TaskGenie.Tests/Integration/AiCoreApiIntegrationTests.cs(34,0): at TaskGenie.Tests.Integration.AiCoreApiIntegrationTests.RiskEndpoint_ReturnsAssessmentAndPersistsHistory()
[xUnit.net 00:00:03.09]         --- End of stack trace from previous location ---
warn: Microsoft.AspNetCore.StaticFiles.StaticFileMiddleware[16]
      The WebRootPath was not found: /Users/jronehuynh/Downloads/TaskGenieV2-main/src/TaskGenie.API/wwwroot. Static files may be unavailable.
info: Microsoft.Hosting.Lifetime[0]
      Application started. Press Ctrl+C to shut down.
info: Microsoft.Hosting.Lifetime[0]
      Hosting environment: Testing
info: Microsoft.Hosting.Lifetime[0]
      Content root path: /Users/jronehuynh/Downloads/TaskGenieV2-main/src/TaskGenie.API
info: Microsoft.Hosting.Lifetime[0]
      Application is shutting down...
[xUnit.net 00:00:03.22]       System.InvalidOperationException : Services for database providers 'Microsoft.EntityFrameworkCore.SqlServer', 'Microsoft.EntityFrameworkCore.InMemory' have been registered in the service provider. Only a single database provider can be registered in a service provider. If possible, ensure that Entity Framework is managing its service provider by removing the call to 'UseInternalServiceProvider'. Otherwise, consider conditionally registering the database provider, or maintaining one service provider per database provider.
[xUnit.net 00:00:03.22]       Stack Trace:
[xUnit.net 00:00:03.22]            at Microsoft.EntityFrameworkCore.Internal.DbContextServices.Initialize(IServiceProvider scopedProvider, DbContextOptions contextOptions, DbContext context)
[xUnit.net 00:00:03.22]            at Microsoft.EntityFrameworkCore.DbContext.get_ContextServices()
[xUnit.net 00:00:03.22]            at Microsoft.EntityFrameworkCore.DbContext.get_InternalServiceProvider()
[xUnit.net 00:00:03.22]            at Microsoft.EntityFrameworkCore.DbContext.Microsoft.EntityFrameworkCore.Infrastructure.IInfrastructure&lt;System.IServiceProvider&gt;.get_Instance()
[xUnit.net 00:00:03.22]            at Microsoft.EntityFrameworkCore.Infrastructure.Internal.InfrastructureExtensions.GetService(IInfrastructure`1 accessor, Type serviceType)
[xUnit.net 00:00:03.22]            at Microsoft.EntityFrameworkCore.Infrastructure.Internal.InfrastructureExtensions.GetService[TService](IInfrastructure`1 accessor)
[xUnit.net 00:00:03.22]            at Microsoft.EntityFrameworkCore.Infrastructure.AccessorExtensions.GetService[TService](IInfrastructure`1 accessor)
[xUnit.net 00:00:03.22]            at Microsoft.EntityFrameworkCore.Infrastructure.DatabaseFacade.get_Dependencies()
[xUnit.net 00:00:03.22]            at Microsoft.EntityFrameworkCore.Infrastructure.DatabaseFacade.EnsureCreatedAsync(CancellationToken cancellationToken)
[xUnit.net 00:00:03.22]         /Users/jronehuynh/Downloads/TaskGenieV2-main/tests/TaskGenie.Tests/Integration/AiCoreApiIntegrationTests.cs(110,0): at TaskGenie.Tests.Integration.AiCoreApiFactory.SeedTaskAsync(Int32 projectId, Int32 userCount)
[xUnit.net 00:00:03.22]         /Users/jronehuynh/Downloads/TaskGenieV2-main/tests/TaskGenie.Tests/Integration/AiCoreApiIntegrationTests.cs(46,0): at TaskGenie.Tests.Integration.AiCoreApiIntegrationTests.RecommendationEndpoint_ReturnsRankedCandidatesAndAuditLog()
[xUnit.net 00:00:03.22]         /Users/jronehuynh/Downloads/TaskGenieV2-main/tests/TaskGenie.Tests/Integration/AiCoreApiIntegrationTests.cs(56,0): at TaskGenie.Tests.Integration.AiCoreApiIntegrationTests.RecommendationEndpoint_ReturnsRankedCandidatesAndAuditLog()
[xUnit.net 00:00:03.22]         --- End of stack trace from previous location ---
[xUnit.net 00:00:04.88]   Finished:    TaskGenie.Tests
</StdOut>
    </Output>
    <RunInfos>
      <RunInfo computerName="jronehuynhs-MacBook-Pro" outcome="Error" timestamp="2026-07-20T11:29:41.2022900+07:00">
        <Text>[xUnit.net 00:00:02.85]     TaskGenie.Tests.Integration.AiCoreApiIntegrationTests.EvidenceEndpoint_ValidatesAndReturnsCreatedUrlEvidence [FAIL]</Text>
      </RunInfo>
      <RunInfo computerName="jronehuynhs-MacBook-Pro" outcome="Error" timestamp="2026-07-20T11:29:41.4238770+07:00">
        <Text>[xUnit.net 00:00:03.08]     TaskGenie.Tests.Integration.AiCoreApiIntegrationTests.RiskEndpoint_ReturnsAssessmentAndPersistsHistory [FAIL]</Text>
      </RunInfo>
      <RunInfo computerName="jronehuynhs-MacBook-Pro" outcome="Error" timestamp="2026-07-20T11:29:41.5640130+07:00">
        <Text>[xUnit.net 00:00:03.22]     TaskGenie.Tests.Integration.AiCoreApiIntegrationTests.RecommendationEndpoint_ReturnsRankedCandidatesAndAuditLog [FAIL]</Text>
      </RunInfo>
    </RunInfos>
    <CollectorDataEntries>
      <Collector agentName="jronehuynhs-MacBook-Pro" uri="datacollector://microsoft/CoverletCodeCoverage/1.0" collectorDisplayName="XPlat code coverage">
        <UriAttachments>
          <UriAttachment>
            <A href="jronehuynhs-MacBook-Pro/coverage.cobertura.xml"></A>
          </UriAttachment>
        </UriAttachments>
      </Collector>
    </CollectorDataEntries>
  </ResultSummary>
</TestRun>